Copyright 1986-2018 Xilinx, Inc. All Rights Reserved.
--------------------------------------------------------------------------------------
| Tool Version : Vivado v.2018.1 (win64) Build 2188600 Wed Apr  4 18:40:38 MDT 2018
| Date         : Sun Dec  1 17:02:55 2019
| Host         : David-NTU-Desktop running 64-bit major release  (build 9200)
| Command      : report_control_sets -verbose -file gf2mz_top_control_sets_placed.rpt
| Design       : gf2mz_top
| Device       : xc7a100t
--------------------------------------------------------------------------------------

Control Set Information

Table of Contents
-----------------
1. Summary
2. Histogram
3. Flip-Flop Distribution
4. Detailed Control Set Information

1. Summary
----------

+----------------------------------------------------------+-------+
|                          Status                          | Count |
+----------------------------------------------------------+-------+
| Number of unique control sets                            |    16 |
| Unused register locations in slices containing registers |    29 |
+----------------------------------------------------------+-------+


2. Histogram
------------

+--------+--------------+
| Fanout | Control Sets |
+--------+--------------+
|      4 |            2 |
|      8 |            1 |
|    16+ |           13 |
+--------+--------------+


3. Flip-Flop Distribution
-------------------------

+--------------+-----------------------+------------------------+-----------------+--------------+
| Clock Enable | Synchronous Set/Reset | Asynchronous Set/Reset | Total Registers | Total Slices |
+--------------+-----------------------+------------------------+-----------------+--------------+
| No           | No                    | No                     |             727 |          345 |
| No           | No                    | Yes                    |               0 |            0 |
| No           | Yes                   | No                     |             671 |          277 |
| Yes          | No                    | No                     |             253 |          118 |
| Yes          | No                    | Yes                    |               0 |            0 |
| Yes          | Yes                   | No                     |            1264 |          948 |
+--------------+-----------------------+------------------------+-----------------+--------------+


4. Detailed Control Set Information
-----------------------------------

+----------------+-------------------------+-------------------------+------------------+----------------+
|  Clock Signal  |      Enable Signal      |     Set/Reset Signal    | Slice Load Count | Bel Load Count |
+----------------+-------------------------+-------------------------+------------------+----------------+
|  clk_IBUF_BUFG | ctrl/C_addr[3]_i_1_n_0  |                         |                2 |              4 |
|  clk_IBUF_BUFG | ctrl/A_addr[3]_i_1_n_0  |                         |                1 |              4 |
|  clk_IBUF_BUFG | ctrl/B_addrb[3]_i_1_n_0 |                         |                5 |              8 |
|  clk_IBUF_BUFG | mul00/start_en          | ctrl/SR[0]              |               62 |             79 |
|  clk_IBUF_BUFG | mul01/start_en          | ctrl/SR[0]              |               69 |             79 |
|  clk_IBUF_BUFG | mul02/start_en          | ctrl/SR[0]              |               66 |             79 |
|  clk_IBUF_BUFG | mul10/start_en          | ctrl/SR[0]              |               74 |             79 |
|  clk_IBUF_BUFG | mul11/start_en          | ctrl/SR[0]              |               73 |             79 |
|  clk_IBUF_BUFG | mul12/start_en          | ctrl/SR[0]              |               70 |             79 |
|  clk_IBUF_BUFG | mul20/start_en          | ctrl/SR[0]              |               66 |             79 |
|  clk_IBUF_BUFG | mul21/start_en          | ctrl/SR[0]              |               71 |             79 |
|  clk_IBUF_BUFG | mul22/start_en          | ctrl/SR[0]              |               66 |             79 |
|  clk_IBUF_BUFG | ctrl/cache2[78]_i_1_n_0 |                         |              110 |            237 |
|  clk_IBUF_BUFG | ctrl/mul_start          | mul00/start_en_reg_0[0] |              331 |            553 |
|  clk_IBUF_BUFG |                         | mul00/start_en_reg_0[0] |              277 |            671 |
|  clk_IBUF_BUFG |                         |                         |              345 |            727 |
+----------------+-------------------------+-------------------------+------------------+----------------+


