#-----------------------------------------------------------
# Vivado v2018.1 (64-bit)
# SW Build 2188600 on Wed Apr  4 18:40:38 MDT 2018
# IP Build 2185939 on Wed Apr  4 20:55:05 MDT 2018
# Start of session at: Thu Apr  1 10:39:08 2021
# Process ID: 15468
# Current directory: C:/Users/Hu Jingwei/Dropbox/ROLLO/hardware/ROLLO Encrypt/NewParams-notverified/ROLLO-II-Encrypt
# Command line: vivado.exe -gui_launcher_event rodinguilauncherevent22496 C:\Users\Hu Jingwei\Dropbox\ROLLO\hardware\ROLLO Encrypt\NewParams-notverified\ROLLO-II-Encrypt\ROLLO-II-Encrypt.xpr
# Log file: C:/Users/Hu Jingwei/Dropbox/ROLLO/hardware/ROLLO Encrypt/NewParams-notverified/ROLLO-II-Encrypt/vivado.log
# Journal file: C:/Users/Hu Jingwei/Dropbox/ROLLO/hardware/ROLLO Encrypt/NewParams-notverified/ROLLO-II-Encrypt\vivado.jou
#-----------------------------------------------------------
start_gui
open_project {C:/Users/Hu Jingwei/Dropbox/ROLLO/hardware/ROLLO Encrypt/NewParams-notverified/ROLLO-II-Encrypt/ROLLO-II-Encrypt.xpr}
INFO: [ProjectBase 1-489] The host OS only allows 260 characters in a normal path. The project is stored in a path with more than 80 characters. If you experience issues with IP, Block Designs, or files not being found, please consider moving the project to a location with a shorter path. Alternately consider using the OS subst command to map part of the path to a drive letter.
Current project path is 'C:/Users/Hu Jingwei/Dropbox/ROLLO/hardware/ROLLO Encrypt/NewParams-notverified/ROLLO-II-Encrypt'
INFO: [Project 1-313] Project file moved from 'C:/Users/David/Dropbox/ROLLO/hardware/ROLLO Encrypt/NewParams/ROLLO-II-Encrypt' since last save.
Scanning sources...
Finished scanning sources
INFO: [IP_Flow 19-234] Refreshing IP repositories
INFO: [IP_Flow 19-1704] No user IP repositories specified
INFO: [IP_Flow 19-2313] Loaded Vivado IP repository 'D:/Xilinx/Vivado/2018.1/data/ip'.
open_project: Time (s): cpu = 00:00:14 ; elapsed = 00:00:12 . Memory (MB): peak = 892.023 ; gain = 157.465
update_compile_order -fileset sources_1
set_property compxlib.modelsim_compiled_library_dir D:/Xilinx/Vivado/modelsim_lib [current_project]
update_ip_catalog
launch_simulation -install_path D:/modelsim_10.5/win64
INFO: [Vivado 12-5682] Launching behavioral simulation in 'C:/Users/Hu Jingwei/Dropbox/ROLLO/hardware/ROLLO Encrypt/NewParams-notverified/ROLLO-II-Encrypt/ROLLO-II-Encrypt.sim/sim_1/behav/modelsim'
INFO: [USF-ModelSim-47] Finding simulator installation...
INFO: [USF-ModelSim-50] Using simulator executables from 'D:/modelsim_10.5/win64/vsim.exe'
INFO: [SIM-utils-51] Simulation object is 'sim_1'
INFO: [USF-modelsim-7] Finding pre-compiled libraries...
INFO: [USF-modelsim-11] File 'D:/Xilinx/Vivado/modelsim_lib/modelsim.ini' copied to run dir:'C:/Users/Hu Jingwei/Dropbox/ROLLO/hardware/ROLLO Encrypt/NewParams-notverified/ROLLO-II-Encrypt/ROLLO-II-Encrypt.sim/sim_1/behav/modelsim'
INFO: [SIM-utils-54] Inspecting design source files for 'encrypt_top_tb' in fileset 'sim_1'...
INFO: [USF-ModelSim-107] Finding global include files...
INFO: [USF-ModelSim-108] Finding include directories and verilog header directory paths...
INFO: [USF-ModelSim-109] Fetching design files from 'sim_1'...
INFO: [USF-ModelSim-2] ModelSim::Compile design
INFO: [USF-ModelSim-15] Creating automatic 'do' files...
INFO: [USF-ModelSim-69] Executing 'COMPILE and ANALYZE' step in 'C:/Users/Hu Jingwei/Dropbox/ROLLO/hardware/ROLLO Encrypt/NewParams-notverified/ROLLO-II-Encrypt/ROLLO-II-Encrypt.sim/sim_1/behav/modelsim'
Reading D:/modelsim_10.5/tcl/vsim/pref.tcl

# 10.5

# do {encrypt_top_tb_compile.do}
# ** Warning: (vlib-34) Library already exists at "modelsim_lib/work".
# ** Warning: (vlib-34) Library already exists at "modelsim_lib/msim".
# ** Warning: (vlib-34) Library already exists at "modelsim_lib/msim/xil_defaultlib".
# Model Technology ModelSim SE-64 vmap 10.5 Lib Mapping Utility 2016.02 Feb 13 2016
# vmap xil_defaultlib modelsim_lib/msim/xil_defaultlib 
# Modifying modelsim.ini
# ** Warning: (vlog-159) Mode option -64 is not supported in this context and will be ignored.
# Model Technology ModelSim SE-64 vlog 10.5 Compiler 2016.02 Feb 13 2016
# Start time: 10:43:10 on Apr 01,2021
# vlog -64 -incr -work xil_defaultlib C:/Users/Hu Jingwei/Dropbox/ROLLO/hardware/ROLLO Encrypt/NewParams-notverified/ROLLO-II-Encrypt/Verilog/define.v C:/Users/Hu Jingwei/Dropbox/ROLLO/hardware/ROLLO Encrypt/NewParams-notverified/ROLLO-II-Encrypt/Verilog/clog2.v ../../../../Verilog/define.v ../../../../Verilog/clog2.v ../../../../Verilog/K_Gen_Ctrl.v ../../../../Verilog/RegFiles.v ../../../../Verilog/c_Gen_Ctrl.v ../../../../Verilog/Gaussian Elimination/comb_SA.v ../../../../Verilog/encrypt_top.v ../../../../Verilog/SHA3/f_permutation.v ../../../../Verilog/RNG/f_permutation_200.v ../../../../Verilog/GF2mZ Arithmetic/gf2m_mul.v ../../../../Verilog/GF2mZ Arithmetic/gf2mz_top.v ../../../../Verilog/SHA3/keccak.v ../../../../Verilog/mem_dp.v ../../../../Verilog/mem_sp.v ../../../../Verilog/GF2mZ Arithmetic/mul_ctrl.v ../../../../Verilog/Gaussian Elimination/node.v ../../../../Verilog/SHA3/padder.v ../../../../Verilog/RNG/prng.v ../../../../Verilog/SHA3/rconst.v ../../../../Verilog/RNG/rconst_200.v ../../../../Verilog/SHA3/round.v ../../../../Verilog/RNG/round_200.v ../../../../Verilog/encrypt_top_tb.v 
# -- Compiling module K_Gen_Ctrl
# -- Compiling module RegFiles
# -- Compiling module c_Gen_Ctrl
# -- Compiling module comb_SA
# -- Compiling module ROLLO_II_Encrypt
# -- Compiling module f_permutation
# -- Compiling module f_permutation_200
# -- Compiling module gf2m_mul
# -- Compiling module shift_x_by_i
# -- Compiling module gf2mz_top
# -- Compiling module keccak
# -- Compiling module mem_dp
# -- Compiling module mem_sp
# -- Compiling module mul_ctrl
# -- Compiling module processor_AB
# -- Compiling module padder
# -- Compiling module prng
# -- Compiling module rconst
# -- Compiling module rconst_200
# -- Compiling module round
# -- Compiling module round_200
# -- Compiling module encrypt_top_tb
# 
# Top level modules:
# 	encrypt_top_tb
# End time: 10:43:10 on Apr 01,2021, Elapsed time: 0:00:00
# Errors: 0, Warnings: 1
# Model Technology ModelSim SE-64 vlog 10.5 Compiler 2016.02 Feb 13 2016
# Start time: 10:43:10 on Apr 01,2021
# vlog -work xil_defaultlib glbl.v 
# -- Compiling module glbl
# 
# Top level modules:
# 	glbl
# End time: 10:43:10 on Apr 01,2021, Elapsed time: 0:00:00
# Errors: 0, Warnings: 0
INFO: [USF-ModelSim-69] 'compile' step finished in '3' seconds
INFO: [USF-ModelSim-4] ModelSim::Simulate design
INFO: [USF-ModelSim-69] Executing 'SIMULATE' step in 'C:/Users/Hu Jingwei/Dropbox/ROLLO/hardware/ROLLO Encrypt/NewParams-notverified/ROLLO-II-Encrypt/ROLLO-II-Encrypt.sim/sim_1/behav/modelsim'
Program launched (PID=4132)
launch_simulation -install_path D:/modelsim_10.5/win64
INFO: [Vivado 12-5682] Launching behavioral simulation in 'C:/Users/Hu Jingwei/Dropbox/ROLLO/hardware/ROLLO Encrypt/NewParams-notverified/ROLLO-II-Encrypt/ROLLO-II-Encrypt.sim/sim_1/behav/modelsim'
INFO: [USF-ModelSim-47] Finding simulator installation...
INFO: [USF-ModelSim-50] Using simulator executables from 'D:/modelsim_10.5/win64/vsim.exe'
INFO: [SIM-utils-51] Simulation object is 'sim_1'
INFO: [USF-modelsim-7] Finding pre-compiled libraries...
INFO: [USF-modelsim-11] File 'D:/Xilinx/Vivado/modelsim_lib/modelsim.ini' copied to run dir:'C:/Users/Hu Jingwei/Dropbox/ROLLO/hardware/ROLLO Encrypt/NewParams-notverified/ROLLO-II-Encrypt/ROLLO-II-Encrypt.sim/sim_1/behav/modelsim'
INFO: [SIM-utils-54] Inspecting design source files for 'encrypt_top_tb' in fileset 'sim_1'...
INFO: [USF-ModelSim-107] Finding global include files...
INFO: [USF-ModelSim-108] Finding include directories and verilog header directory paths...
INFO: [USF-ModelSim-109] Fetching design files from 'sim_1'...
INFO: [USF-ModelSim-2] ModelSim::Compile design
INFO: [USF-ModelSim-15] Creating automatic 'do' files...
INFO: [USF-ModelSim-69] Executing 'COMPILE and ANALYZE' step in 'C:/Users/Hu Jingwei/Dropbox/ROLLO/hardware/ROLLO Encrypt/NewParams-notverified/ROLLO-II-Encrypt/ROLLO-II-Encrypt.sim/sim_1/behav/modelsim'
Reading D:/modelsim_10.5/tcl/vsim/pref.tcl

# 10.5

# do {encrypt_top_tb_compile.do}
# ** Warning: (vlib-34) Library already exists at "modelsim_lib/work".
# ** Warning: (vlib-34) Library already exists at "modelsim_lib/msim".
# ** Warning: (vlib-34) Library already exists at "modelsim_lib/msim/xil_defaultlib".
# Model Technology ModelSim SE-64 vmap 10.5 Lib Mapping Utility 2016.02 Feb 13 2016
# vmap xil_defaultlib modelsim_lib/msim/xil_defaultlib 
# Modifying modelsim.ini
# ** Warning: (vlog-159) Mode option -64 is not supported in this context and will be ignored.
# Model Technology ModelSim SE-64 vlog 10.5 Compiler 2016.02 Feb 13 2016
# Start time: 10:47:02 on Apr 01,2021
# vlog -64 -incr -work xil_defaultlib C:/Users/Hu Jingwei/Dropbox/ROLLO/hardware/ROLLO Encrypt/NewParams-notverified/ROLLO-II-Encrypt/Verilog/define.v C:/Users/Hu Jingwei/Dropbox/ROLLO/hardware/ROLLO Encrypt/NewParams-notverified/ROLLO-II-Encrypt/Verilog/clog2.v ../../../../Verilog/define.v ../../../../Verilog/clog2.v ../../../../Verilog/K_Gen_Ctrl.v ../../../../Verilog/RegFiles.v ../../../../Verilog/c_Gen_Ctrl.v ../../../../Verilog/Gaussian Elimination/comb_SA.v ../../../../Verilog/encrypt_top.v ../../../../Verilog/SHA3/f_permutation.v ../../../../Verilog/RNG/f_permutation_200.v ../../../../Verilog/GF2mZ Arithmetic/gf2m_mul.v ../../../../Verilog/GF2mZ Arithmetic/gf2mz_top.v ../../../../Verilog/SHA3/keccak.v ../../../../Verilog/mem_dp.v ../../../../Verilog/mem_sp.v ../../../../Verilog/GF2mZ Arithmetic/mul_ctrl.v ../../../../Verilog/Gaussian Elimination/node.v ../../../../Verilog/SHA3/padder.v ../../../../Verilog/RNG/prng.v ../../../../Verilog/SHA3/rconst.v ../../../../Verilog/RNG/rconst_200.v ../../../../Verilog/SHA3/round.v ../../../../Verilog/RNG/round_200.v ../../../../Verilog/encrypt_top_tb.v 
# -- Skipping module K_Gen_Ctrl
# -- Skipping module RegFiles
# -- Skipping module c_Gen_Ctrl
# -- Skipping module comb_SA
# -- Skipping module ROLLO_II_Encrypt
# -- Skipping module f_permutation
# -- Skipping module f_permutation_200
# -- Skipping module gf2m_mul
# -- Skipping module shift_x_by_i
# -- Skipping module gf2mz_top
# -- Skipping module keccak
# -- Skipping module mem_dp
# -- Skipping module mem_sp
# -- Skipping module mul_ctrl
# -- Skipping module processor_AB
# -- Skipping module padder
# -- Skipping module prng
# -- Skipping module rconst
# -- Skipping module rconst_200
# -- Skipping module round
# -- Skipping module round_200
# -- Skipping module encrypt_top_tb
# 
# Top level modules:
# 	encrypt_top_tb
# End time: 10:47:02 on Apr 01,2021, Elapsed time: 0:00:00
# Errors: 0, Warnings: 1
# Model Technology ModelSim SE-64 vlog 10.5 Compiler 2016.02 Feb 13 2016
# Start time: 10:47:02 on Apr 01,2021
# vlog -work xil_defaultlib glbl.v 
# -- Compiling module glbl
# 
# Top level modules:
# 	glbl
# End time: 10:47:02 on Apr 01,2021, Elapsed time: 0:00:00
# Errors: 0, Warnings: 0
INFO: [USF-ModelSim-69] 'compile' step finished in '4' seconds
INFO: [USF-ModelSim-4] ModelSim::Simulate design
INFO: [USF-ModelSim-69] Executing 'SIMULATE' step in 'C:/Users/Hu Jingwei/Dropbox/ROLLO/hardware/ROLLO Encrypt/NewParams-notverified/ROLLO-II-Encrypt/ROLLO-II-Encrypt.sim/sim_1/behav/modelsim'
Program launched (PID=29332)
launch_simulation -install_path D:/modelsim_10.5/win64
INFO: [Vivado 12-5682] Launching behavioral simulation in 'C:/Users/Hu Jingwei/Dropbox/ROLLO/hardware/ROLLO Encrypt/NewParams-notverified/ROLLO-II-Encrypt/ROLLO-II-Encrypt.sim/sim_1/behav/modelsim'
INFO: [USF-ModelSim-47] Finding simulator installation...
INFO: [USF-ModelSim-50] Using simulator executables from 'D:/modelsim_10.5/win64/vsim.exe'
INFO: [SIM-utils-51] Simulation object is 'sim_1'
INFO: [USF-modelsim-7] Finding pre-compiled libraries...
INFO: [USF-modelsim-11] File 'D:/Xilinx/Vivado/modelsim_lib/modelsim.ini' copied to run dir:'C:/Users/Hu Jingwei/Dropbox/ROLLO/hardware/ROLLO Encrypt/NewParams-notverified/ROLLO-II-Encrypt/ROLLO-II-Encrypt.sim/sim_1/behav/modelsim'
INFO: [SIM-utils-54] Inspecting design source files for 'encrypt_top_tb' in fileset 'sim_1'...
INFO: [USF-ModelSim-107] Finding global include files...
INFO: [USF-ModelSim-108] Finding include directories and verilog header directory paths...
INFO: [USF-ModelSim-109] Fetching design files from 'sim_1'...
INFO: [USF-ModelSim-2] ModelSim::Compile design
INFO: [USF-ModelSim-15] Creating automatic 'do' files...
INFO: [USF-ModelSim-69] Executing 'COMPILE and ANALYZE' step in 'C:/Users/Hu Jingwei/Dropbox/ROLLO/hardware/ROLLO Encrypt/NewParams-notverified/ROLLO-II-Encrypt/ROLLO-II-Encrypt.sim/sim_1/behav/modelsim'
Reading D:/modelsim_10.5/tcl/vsim/pref.tcl

# 10.5

# do {encrypt_top_tb_compile.do}
# ** Warning: (vlib-34) Library already exists at "modelsim_lib/work".
# ** Warning: (vlib-34) Library already exists at "modelsim_lib/msim".
# ** Warning: (vlib-34) Library already exists at "modelsim_lib/msim/xil_defaultlib".
# Model Technology ModelSim SE-64 vmap 10.5 Lib Mapping Utility 2016.02 Feb 13 2016
# vmap xil_defaultlib modelsim_lib/msim/xil_defaultlib 
# Modifying modelsim.ini
# ** Warning: (vlog-159) Mode option -64 is not supported in this context and will be ignored.
# Model Technology ModelSim SE-64 vlog 10.5 Compiler 2016.02 Feb 13 2016
# Start time: 11:28:30 on Apr 01,2021
# vlog -64 -incr -work xil_defaultlib C:/Users/Hu Jingwei/Dropbox/ROLLO/hardware/ROLLO Encrypt/NewParams-notverified/ROLLO-II-Encrypt/Verilog/define.v C:/Users/Hu Jingwei/Dropbox/ROLLO/hardware/ROLLO Encrypt/NewParams-notverified/ROLLO-II-Encrypt/Verilog/clog2.v ../../../../Verilog/define.v ../../../../Verilog/clog2.v ../../../../Verilog/K_Gen_Ctrl.v ../../../../Verilog/RegFiles.v ../../../../Verilog/c_Gen_Ctrl.v ../../../../Verilog/Gaussian Elimination/comb_SA.v ../../../../Verilog/encrypt_top.v ../../../../Verilog/SHA3/f_permutation.v ../../../../Verilog/RNG/f_permutation_200.v ../../../../Verilog/GF2mZ Arithmetic/gf2m_mul.v ../../../../Verilog/GF2mZ Arithmetic/gf2mz_top.v ../../../../Verilog/SHA3/keccak.v ../../../../Verilog/mem_dp.v ../../../../Verilog/mem_sp.v ../../../../Verilog/GF2mZ Arithmetic/mul_ctrl.v ../../../../Verilog/Gaussian Elimination/node.v ../../../../Verilog/SHA3/padder.v ../../../../Verilog/RNG/prng.v ../../../../Verilog/SHA3/rconst.v ../../../../Verilog/RNG/rconst_200.v ../../../../Verilog/SHA3/round.v ../../../../Verilog/RNG/round_200.v ../../../../Verilog/encrypt_top_tb.v 
# -- Skipping module K_Gen_Ctrl
# -- Skipping module RegFiles
# -- Skipping module c_Gen_Ctrl
# -- Skipping module comb_SA
# -- Compiling module ROLLO_II_Encrypt
# -- Skipping module f_permutation
# -- Skipping module f_permutation_200
# -- Skipping module gf2m_mul
# -- Skipping module shift_x_by_i
# -- Skipping module gf2mz_top
# -- Skipping module keccak
# -- Skipping module mem_dp
# -- Skipping module mem_sp
# -- Skipping module mul_ctrl
# -- Skipping module processor_AB
# -- Skipping module padder
# -- Skipping module prng
# -- Skipping module rconst
# -- Skipping module rconst_200
# -- Skipping module round
# -- Skipping module round_200
# -- Skipping module encrypt_top_tb
# 
# Top level modules:
# 	encrypt_top_tb
# End time: 11:28:31 on Apr 01,2021, Elapsed time: 0:00:01
# Errors: 0, Warnings: 1
# Model Technology ModelSim SE-64 vlog 10.5 Compiler 2016.02 Feb 13 2016
# Start time: 11:28:31 on Apr 01,2021
# vlog -work xil_defaultlib glbl.v 
# -- Compiling module glbl
# 
# Top level modules:
# 	glbl
# End time: 11:28:31 on Apr 01,2021, Elapsed time: 0:00:00
# Errors: 0, Warnings: 0
INFO: [USF-ModelSim-69] 'compile' step finished in '2' seconds
INFO: [USF-ModelSim-4] ModelSim::Simulate design
INFO: [USF-ModelSim-69] Executing 'SIMULATE' step in 'C:/Users/Hu Jingwei/Dropbox/ROLLO/hardware/ROLLO Encrypt/NewParams-notverified/ROLLO-II-Encrypt/ROLLO-II-Encrypt.sim/sim_1/behav/modelsim'
Program launched (PID=26620)
exit
INFO: [Common 17-206] Exiting Vivado at Thu Apr  1 11:36:07 2021...
