#-----------------------------------------------------------
# Vivado v2018.1 (64-bit)
# SW Build 2188600 on Wed Apr  4 18:40:38 MDT 2018
# IP Build 2185939 on Wed Apr  4 20:55:05 MDT 2018
# Start of session at: Mon May 11 10:45:24 2020
# Process ID: 8744
# Current directory: C:/Users/David/Dropbox/LRPC Code/hardware/ROLLO Encrypt/ROLLO-II-Encrypt
# Command line: vivado.exe -gui_launcher_event rodinguilauncherevent2124 C:\Users\David\Dropbox\LRPC Code\hardware\ROLLO Encrypt\ROLLO-II-Encrypt\ROLLO-II-Encrypt.xpr
# Log file: C:/Users/David/Dropbox/LRPC Code/hardware/ROLLO Encrypt/ROLLO-II-Encrypt/vivado.log
# Journal file: C:/Users/David/Dropbox/LRPC Code/hardware/ROLLO Encrypt/ROLLO-II-Encrypt\vivado.jou
#-----------------------------------------------------------
start_gui
open_project {C:/Users/David/Dropbox/LRPC Code/hardware/ROLLO Encrypt/ROLLO-II-Encrypt/ROLLO-II-Encrypt.xpr}
Scanning sources...
Finished scanning sources
INFO: [IP_Flow 19-234] Refreshing IP repositories
INFO: [IP_Flow 19-1704] No user IP repositories specified
INFO: [IP_Flow 19-2313] Loaded Vivado IP repository 'F:/Xilinx/Vivado/2018.1/data/ip'.
update_compile_order -fileset sources_1
launch_simulation -install_path F:/modelsim64_10.1c/win64
INFO: [Vivado 12-5682] Launching behavioral simulation in 'C:/Users/David/Dropbox/LRPC Code/hardware/ROLLO Encrypt/ROLLO-II-Encrypt/ROLLO-II-Encrypt.sim/sim_1/behav/modelsim'
INFO: [USF-ModelSim-47] Finding simulator installation...
INFO: [USF-ModelSim-50] Using simulator executables from 'F:/modelsim64_10.1c/win64/vsim.exe'
INFO: [SIM-utils-51] Simulation object is 'sim_1'
INFO: [USF-modelsim-7] Finding pre-compiled libraries...
INFO: [USF-modelsim-11] File 'F:/modelsim64_10.1c/Xilinx_lib/64bit_vivado_lib/modelsim.ini' copied to run dir:'C:/Users/David/Dropbox/LRPC Code/hardware/ROLLO Encrypt/ROLLO-II-Encrypt/ROLLO-II-Encrypt.sim/sim_1/behav/modelsim'
INFO: [SIM-utils-54] Inspecting design source files for 'encrypt_top_tb' in fileset 'sim_1'...
INFO: [USF-ModelSim-107] Finding global include files...
INFO: [USF-ModelSim-108] Finding include directories and verilog header directory paths...
INFO: [USF-ModelSim-109] Fetching design files from 'sim_1'...
INFO: [USF-ModelSim-2] ModelSim::Compile design
INFO: [USF-ModelSim-15] Creating automatic 'do' files...
INFO: [USF-ModelSim-69] Executing 'COMPILE and ANALYZE' step in 'C:/Users/David/Dropbox/LRPC Code/hardware/ROLLO Encrypt/ROLLO-II-Encrypt/ROLLO-II-Encrypt.sim/sim_1/behav/modelsim'
Reading F:/modelsim64_10.1c/tcl/vsim/pref.tcl 

# 10.1c

# do {encrypt_top_tb_compile.do} 
# ** Warning: (vlib-34) Library already exists at "modelsim_lib/work".
# 
# ** Warning: (vlib-34) Library already exists at "modelsim_lib/msim".
# 
# ** Warning: (vlib-34) Library already exists at "modelsim_lib/msim/xil_defaultlib".
# 
# Modifying modelsim.ini
# ** Error: Model Technology ModelSim SE-64 vlog 10.1c Compiler 2012.07 Jul 27 2012
# -- Compiling module K_Gen_Ctrl
# -- Skipping module RegFiles
# -- Compiling module c_Gen_Ctrl
# -- Compiling module comb_SA
# -- Compiling module ROLLO_II_Encrypt
# -- Skipping module f_permutation
# -- Skipping module f_permutation_200
# ** Error: ../../../../Verilog/GF2mZ Arithmetic/gf2m_mul.v(3): Cannot find `include file "clog2.v" in directories:
#     F:/modelsim64_10.1c/ovm-2.1.2/../verilog_src/ovm-2.1.2/src, F:/modelsim64_10.1c/uvm-1.1b/../verilog_src/uvm-1.1b/src
# -- Compiling module shift_x_by_i
# -- Compiling module gf2mz_top
# -- Compiling module keccak
# -- Skipping module mem_dp
# -- Skipping module mem_sp
# ** Error: ../../../../Verilog/GF2mZ Arithmetic/mul_ctrl.v(21): Cannot find `include file "define.v" in directories:
#     F:/modelsim64_10.1c/ovm-2.1.2/../verilog_src/ovm-2.1.2/src, F:/modelsim64_10.1c/uvm-1.1b/../verilog_src/uvm-1.1b/src
# ** Error: ../../../../Verilog/GF2mZ Arithmetic/mul_ctrl.v(22): Cannot find `include file "clog2.v" in directories:
#     F:/modelsim64_10.1c/ovm-2.1.2/../verilog_src/ovm-2.1.2/src, F:/modelsim64_10.1c/uvm-1.1b/../verilog_src/uvm-1.1b/src
# -- Skipping module processor_AB
# -- Skipping module padder
# -- Compiling module prng
# -- Skipping module rconst
# -- Skipping module rconst_200
# -- Skipping module round
# -- Skipping module round_200
# -- Skipping module encrypt_top_tb
# child process exited abnormally
# Error in macro ./encrypt_top_tb_compile.do line 40
# Model Technology ModelSim SE-64 vlog 10.1c Compiler 2012.07 Jul 27 2012
# -- Compiling module K_Gen_Ctrl
# -- Skipping module RegFiles
# -- Compiling module c_Gen_Ctrl
# -- Compiling module comb_SA
# -- Compiling module ROLLO_II_Encrypt
# -- Skipping module f_permutation
# -- Skipping module f_permutation_200
# ** Error: ../../../../Verilog/GF2mZ Arithmetic/gf2m_mul.v(3): Cannot find `include file "clog2.v" in directories:
#     F:/modelsim64_10.1c/ovm-2.1.2/../verilog_src/ovm-2.1.2/src, F:/modelsim64_10.1c/uvm-1.1b/../verilog_src/uvm-1.1b/src
# -- Compiling module shift_x_by_i
# -- Compiling module gf2mz_top
# -- Compiling module keccak
# -- Skipping module mem_dp
# -- Skipping module mem_sp
# ** Error: ../../../../Verilog/GF2mZ Arithmetic/mul_ctrl.v(21): Cannot find `include file "define.v" in directories:
#     F:/modelsim64_10.1c/ovm-2.1.2/../verilog_src/ovm-2.1.2/src, F:/modelsim64_10.1c/uvm-1.1b/../verilog_src/uvm-1.1b/src
# ** Error: ../../../../Verilog/GF2mZ Arithmetic/mul_ctrl.v(22): Cannot find `include file "clog2.v" in directories:
#     F:/modelsim64_10.1c/ovm-2.1.2/../verilog_src/ovm-2.1.2/src, F:/modelsim64_10.1c/uvm-1.1b/../verilog_src/uvm-1.1b/src
# -- Skipping module processor_AB
# -- Skipping module padder
# -- Compiling module prng
# -- Skipping module rconst
# -- Skipping module rconst_200
# -- Skipping module round
# -- Skipping module round_200
# -- Skipping module encrypt_top_tb
# child process exited abnormally
#     while executing
# "exec <nul: {F:\modelsim64_10.1c\win64\vlog.EXE} -64 -incr -work xil_defaultlib {C:/Users/David/Dropbox/LRPC Code/hardware/ROLLO Encrypt/ROLLO-II-Encry..."
#     ("uplevel" body line 1)
#     invoked from within
# "uplevel 1 exec $redir $new [lrange $args 1 end]"
#     (procedure "::unknown" line 40)
#     invoked from within
# "F:\\modelsim64_10.1c\\win64\\vlog -64 -incr -work xil_defaultlib "C:/Users/David/Dropbox/LRPC Code/hardware/ROLLO Encrypt/ROLLO-II-Encrypt/Verilog/def..."
ModelSim> INFO: [Common 17-41] Interrupt caught. Command should exit soon.
run_program: Time (s): cpu = 00:00:02 ; elapsed = 00:00:16 . Memory (MB): peak = 890.676 ; gain = 0.000
INFO: [Common 17-344] 'run_program' was cancelled
INFO: [Vivado 12-5357] 'compile' step aborted
launch_simulation: Time (s): cpu = 00:00:03 ; elapsed = 00:00:17 . Memory (MB): peak = 890.676 ; gain = 2.496
INFO: [Common 17-344] 'launch_simulation' was cancelled
launch_simulation -install_path F:/modelsim64_10.1c/win64
INFO: [Vivado 12-5682] Launching behavioral simulation in 'C:/Users/David/Dropbox/LRPC Code/hardware/ROLLO Encrypt/ROLLO-II-Encrypt/ROLLO-II-Encrypt.sim/sim_1/behav/modelsim'
INFO: [USF-ModelSim-47] Finding simulator installation...
INFO: [USF-ModelSim-50] Using simulator executables from 'F:/modelsim64_10.1c/win64/vsim.exe'
INFO: [SIM-utils-51] Simulation object is 'sim_1'
INFO: [USF-modelsim-7] Finding pre-compiled libraries...
INFO: [USF-modelsim-11] File 'F:/modelsim64_10.1c/Xilinx_lib/64bit_vivado_lib/modelsim.ini' copied to run dir:'C:/Users/David/Dropbox/LRPC Code/hardware/ROLLO Encrypt/ROLLO-II-Encrypt/ROLLO-II-Encrypt.sim/sim_1/behav/modelsim'
INFO: [SIM-utils-54] Inspecting design source files for 'encrypt_top_tb' in fileset 'sim_1'...
INFO: [USF-ModelSim-107] Finding global include files...
INFO: [USF-ModelSim-108] Finding include directories and verilog header directory paths...
INFO: [USF-ModelSim-109] Fetching design files from 'sim_1'...
INFO: [USF-ModelSim-2] ModelSim::Compile design
INFO: [USF-ModelSim-15] Creating automatic 'do' files...
INFO: [USF-ModelSim-69] Executing 'COMPILE and ANALYZE' step in 'C:/Users/David/Dropbox/LRPC Code/hardware/ROLLO Encrypt/ROLLO-II-Encrypt/ROLLO-II-Encrypt.sim/sim_1/behav/modelsim'
Reading F:/modelsim64_10.1c/tcl/vsim/pref.tcl 

# 10.1c

# do {encrypt_top_tb_compile.do} 
# ** Warning: (vlib-34) Library already exists at "modelsim_lib/work".
# 
# ** Warning: (vlib-34) Library already exists at "modelsim_lib/msim".
# 
# ** Warning: (vlib-34) Library already exists at "modelsim_lib/msim/xil_defaultlib".
# 
# Modifying modelsim.ini
# Model Technology ModelSim SE-64 vlog 10.1c Compiler 2012.07 Jul 27 2012
# -- Skipping module K_Gen_Ctrl
# -- Skipping module RegFiles
# -- Skipping module c_Gen_Ctrl
# -- Skipping module comb_SA
# -- Skipping module ROLLO_II_Encrypt
# -- Skipping module f_permutation
# -- Skipping module f_permutation_200
# -- Compiling module gf2m_mul
# -- Skipping module shift_x_by_i
# -- Skipping module gf2mz_top
# -- Skipping module keccak
# -- Skipping module mem_dp
# -- Skipping module mem_sp
# -- Compiling module mul_ctrl
# -- Skipping module processor_AB
# -- Skipping module padder
# -- Skipping module prng
# -- Skipping module rconst
# -- Skipping module rconst_200
# -- Skipping module round
# -- Skipping module round_200
# -- Skipping module encrypt_top_tb
# 
# Top level modules:
# 	encrypt_top_tb
# Model Technology ModelSim SE-64 vlog 10.1c Compiler 2012.07 Jul 27 2012
# -- Compiling module glbl
# 
# Top level modules:
# 	glbl
INFO: [USF-ModelSim-69] 'compile' step finished in '4' seconds
INFO: [USF-ModelSim-4] ModelSim::Simulate design
INFO: [USF-ModelSim-69] Executing 'SIMULATE' step in 'C:/Users/David/Dropbox/LRPC Code/hardware/ROLLO Encrypt/ROLLO-II-Encrypt/ROLLO-II-Encrypt.sim/sim_1/behav/modelsim'
Program launched (PID=23124)
launch_simulation -install_path F:/modelsim64_10.1c/win64
INFO: [Vivado 12-5682] Launching behavioral simulation in 'C:/Users/David/Dropbox/LRPC Code/hardware/ROLLO Encrypt/ROLLO-II-Encrypt/ROLLO-II-Encrypt.sim/sim_1/behav/modelsim'
INFO: [USF-ModelSim-47] Finding simulator installation...
INFO: [USF-ModelSim-50] Using simulator executables from 'F:/modelsim64_10.1c/win64/vsim.exe'
INFO: [SIM-utils-51] Simulation object is 'sim_1'
INFO: [USF-modelsim-7] Finding pre-compiled libraries...
INFO: [USF-modelsim-11] File 'F:/modelsim64_10.1c/Xilinx_lib/64bit_vivado_lib/modelsim.ini' copied to run dir:'C:/Users/David/Dropbox/LRPC Code/hardware/ROLLO Encrypt/ROLLO-II-Encrypt/ROLLO-II-Encrypt.sim/sim_1/behav/modelsim'
INFO: [SIM-utils-54] Inspecting design source files for 'encrypt_top_tb' in fileset 'sim_1'...
INFO: [USF-ModelSim-107] Finding global include files...
INFO: [USF-ModelSim-108] Finding include directories and verilog header directory paths...
INFO: [USF-ModelSim-109] Fetching design files from 'sim_1'...
INFO: [USF-ModelSim-2] ModelSim::Compile design
INFO: [USF-ModelSim-15] Creating automatic 'do' files...
INFO: [USF-ModelSim-69] Executing 'COMPILE and ANALYZE' step in 'C:/Users/David/Dropbox/LRPC Code/hardware/ROLLO Encrypt/ROLLO-II-Encrypt/ROLLO-II-Encrypt.sim/sim_1/behav/modelsim'
Reading F:/modelsim64_10.1c/tcl/vsim/pref.tcl 

# 10.1c

# do {encrypt_top_tb_compile.do} 
# ** Warning: (vlib-34) Library already exists at "modelsim_lib/work".
# 
# ** Warning: (vlib-34) Library already exists at "modelsim_lib/msim".
# 
# ** Warning: (vlib-34) Library already exists at "modelsim_lib/msim/xil_defaultlib".
# 
# Modifying modelsim.ini
# Model Technology ModelSim SE-64 vlog 10.1c Compiler 2012.07 Jul 27 2012
# -- Skipping module K_Gen_Ctrl
# -- Compiling module RegFiles
# -- Skipping module c_Gen_Ctrl
# -- Skipping module comb_SA
# -- Skipping module ROLLO_II_Encrypt
# -- Skipping module f_permutation
# -- Skipping module f_permutation_200
# -- Skipping module gf2m_mul
# -- Skipping module shift_x_by_i
# -- Skipping module gf2mz_top
# -- Compiling module keccak
# -- Skipping module mem_dp
# -- Skipping module mem_sp
# -- Skipping module mul_ctrl
# -- Skipping module processor_AB
# -- Skipping module padder
# -- Skipping module prng
# -- Skipping module rconst
# -- Skipping module rconst_200
# -- Skipping module round
# -- Skipping module round_200
# -- Skipping module encrypt_top_tb
# 
# Top level modules:
# 	encrypt_top_tb
# Model Technology ModelSim SE-64 vlog 10.1c Compiler 2012.07 Jul 27 2012
# -- Compiling module glbl
# 
# Top level modules:
# 	glbl
INFO: [USF-ModelSim-69] 'compile' step finished in '4' seconds
INFO: [USF-ModelSim-4] ModelSim::Simulate design
INFO: [USF-ModelSim-69] Executing 'SIMULATE' step in 'C:/Users/David/Dropbox/LRPC Code/hardware/ROLLO Encrypt/ROLLO-II-Encrypt/ROLLO-II-Encrypt.sim/sim_1/behav/modelsim'
Program launched (PID=3436)
launch_simulation -install_path F:/modelsim64_10.1c/win64
INFO: [Vivado 12-5682] Launching behavioral simulation in 'C:/Users/David/Dropbox/LRPC Code/hardware/ROLLO Encrypt/ROLLO-II-Encrypt/ROLLO-II-Encrypt.sim/sim_1/behav/modelsim'
INFO: [USF-ModelSim-47] Finding simulator installation...
INFO: [USF-ModelSim-50] Using simulator executables from 'F:/modelsim64_10.1c/win64/vsim.exe'
INFO: [SIM-utils-51] Simulation object is 'sim_1'
INFO: [USF-modelsim-7] Finding pre-compiled libraries...
INFO: [USF-modelsim-11] File 'F:/modelsim64_10.1c/Xilinx_lib/64bit_vivado_lib/modelsim.ini' copied to run dir:'C:/Users/David/Dropbox/LRPC Code/hardware/ROLLO Encrypt/ROLLO-II-Encrypt/ROLLO-II-Encrypt.sim/sim_1/behav/modelsim'
INFO: [SIM-utils-54] Inspecting design source files for 'encrypt_top_tb' in fileset 'sim_1'...
INFO: [USF-ModelSim-107] Finding global include files...
INFO: [USF-ModelSim-108] Finding include directories and verilog header directory paths...
INFO: [USF-ModelSim-109] Fetching design files from 'sim_1'...
INFO: [USF-ModelSim-2] ModelSim::Compile design
INFO: [USF-ModelSim-15] Creating automatic 'do' files...
INFO: [USF-ModelSim-69] Executing 'COMPILE and ANALYZE' step in 'C:/Users/David/Dropbox/LRPC Code/hardware/ROLLO Encrypt/ROLLO-II-Encrypt/ROLLO-II-Encrypt.sim/sim_1/behav/modelsim'
Reading F:/modelsim64_10.1c/tcl/vsim/pref.tcl 

# 10.1c

# do {encrypt_top_tb_compile.do} 
# ** Warning: (vlib-34) Library already exists at "modelsim_lib/work".
# 
# ** Warning: (vlib-34) Library already exists at "modelsim_lib/msim".
# 
# ** Warning: (vlib-34) Library already exists at "modelsim_lib/msim/xil_defaultlib".
# 
# Modifying modelsim.ini
# Model Technology ModelSim SE-64 vlog 10.1c Compiler 2012.07 Jul 27 2012
# -- Skipping module K_Gen_Ctrl
# -- Skipping module RegFiles
# -- Skipping module c_Gen_Ctrl
# -- Skipping module comb_SA
# -- Skipping module ROLLO_II_Encrypt
# -- Skipping module f_permutation
# -- Skipping module f_permutation_200
# -- Skipping module gf2m_mul
# -- Skipping module shift_x_by_i
# -- Skipping module gf2mz_top
# -- Skipping module keccak
# -- Skipping module mem_dp
# -- Skipping module mem_sp
# -- Skipping module mul_ctrl
# -- Skipping module processor_AB
# -- Skipping module padder
# -- Skipping module prng
# -- Skipping module rconst
# -- Skipping module rconst_200
# -- Skipping module round
# -- Skipping module round_200
# -- Skipping module encrypt_top_tb
# 
# Top level modules:
# 	encrypt_top_tb
# Model Technology ModelSim SE-64 vlog 10.1c Compiler 2012.07 Jul 27 2012
# -- Compiling module glbl
# 
# Top level modules:
# 	glbl
INFO: [USF-ModelSim-69] 'compile' step finished in '4' seconds
INFO: [USF-ModelSim-4] ModelSim::Simulate design
INFO: [USF-ModelSim-69] Executing 'SIMULATE' step in 'C:/Users/David/Dropbox/LRPC Code/hardware/ROLLO Encrypt/ROLLO-II-Encrypt/ROLLO-II-Encrypt.sim/sim_1/behav/modelsim'
Program launched (PID=29332)
launch_simulation -install_path F:/modelsim64_10.1c/win64
INFO: [Vivado 12-5682] Launching behavioral simulation in 'C:/Users/David/Dropbox/LRPC Code/hardware/ROLLO Encrypt/ROLLO-II-Encrypt/ROLLO-II-Encrypt.sim/sim_1/behav/modelsim'
INFO: [USF-ModelSim-47] Finding simulator installation...
INFO: [USF-ModelSim-50] Using simulator executables from 'F:/modelsim64_10.1c/win64/vsim.exe'
INFO: [SIM-utils-51] Simulation object is 'sim_1'
INFO: [USF-modelsim-7] Finding pre-compiled libraries...
INFO: [USF-modelsim-11] File 'F:/modelsim64_10.1c/Xilinx_lib/64bit_vivado_lib/modelsim.ini' copied to run dir:'C:/Users/David/Dropbox/LRPC Code/hardware/ROLLO Encrypt/ROLLO-II-Encrypt/ROLLO-II-Encrypt.sim/sim_1/behav/modelsim'
INFO: [SIM-utils-54] Inspecting design source files for 'encrypt_top_tb' in fileset 'sim_1'...
INFO: [USF-ModelSim-107] Finding global include files...
INFO: [USF-ModelSim-108] Finding include directories and verilog header directory paths...
INFO: [USF-ModelSim-109] Fetching design files from 'sim_1'...
INFO: [USF-ModelSim-2] ModelSim::Compile design
INFO: [USF-ModelSim-15] Creating automatic 'do' files...
INFO: [USF-ModelSim-69] Executing 'COMPILE and ANALYZE' step in 'C:/Users/David/Dropbox/LRPC Code/hardware/ROLLO Encrypt/ROLLO-II-Encrypt/ROLLO-II-Encrypt.sim/sim_1/behav/modelsim'
Reading F:/modelsim64_10.1c/tcl/vsim/pref.tcl 

# 10.1c

# do {encrypt_top_tb_compile.do} 
# ** Warning: (vlib-34) Library already exists at "modelsim_lib/work".
# 
# ** Warning: (vlib-34) Library already exists at "modelsim_lib/msim".
# 
# ** Warning: (vlib-34) Library already exists at "modelsim_lib/msim/xil_defaultlib".
# 
# Modifying modelsim.ini
# Model Technology ModelSim SE-64 vlog 10.1c Compiler 2012.07 Jul 27 2012
# -- Skipping module K_Gen_Ctrl
# -- Skipping module RegFiles
# -- Compiling module c_Gen_Ctrl
# -- Skipping module comb_SA
# -- Skipping module ROLLO_II_Encrypt
# -- Skipping module f_permutation
# -- Skipping module f_permutation_200
# -- Skipping module gf2m_mul
# -- Skipping module shift_x_by_i
# -- Skipping module gf2mz_top
# -- Skipping module keccak
# -- Skipping module mem_dp
# -- Skipping module mem_sp
# -- Skipping module mul_ctrl
# -- Skipping module processor_AB
# -- Skipping module padder
# -- Skipping module prng
# -- Skipping module rconst
# -- Skipping module rconst_200
# -- Skipping module round
# -- Skipping module round_200
# -- Skipping module encrypt_top_tb
# 
# Top level modules:
# 	encrypt_top_tb
# Model Technology ModelSim SE-64 vlog 10.1c Compiler 2012.07 Jul 27 2012
# -- Compiling module glbl
# 
# Top level modules:
# 	glbl
INFO: [USF-ModelSim-69] 'compile' step finished in '3' seconds
INFO: [USF-ModelSim-4] ModelSim::Simulate design
INFO: [USF-ModelSim-69] Executing 'SIMULATE' step in 'C:/Users/David/Dropbox/LRPC Code/hardware/ROLLO Encrypt/ROLLO-II-Encrypt/ROLLO-II-Encrypt.sim/sim_1/behav/modelsim'
Program launched (PID=12704)
launch_runs synth_1 -jobs 8
WARNING: [HDL 9-2994] overwriting previous definition of module comb_SA [C:/Users/David/Dropbox/LRPC Code/hardware/ROLLO Encrypt/ROLLO-II-Encrypt/Verilog/Gaussian Elimination/comb_SA.v:1]
WARNING: [HDL 9-2994] overwriting previous definition of module mem_dp [C:/Users/David/Dropbox/LRPC Code/hardware/ROLLO Encrypt/ROLLO-II-Encrypt/Verilog/mem_dp.v:11]
WARNING: [HDL 9-2994] overwriting previous definition of module mem_sp [C:/Users/David/Dropbox/LRPC Code/hardware/ROLLO Encrypt/ROLLO-II-Encrypt/Verilog/mem_sp.v:11]
WARNING: [filemgmt 20-1318] Duplicate Design Unit 'comb_SA()' found in library 'xil_defaultlib'
Duplicate found at line 1 of file C:/Users/David/Dropbox/LRPC Code/hardware/ROLLO Encrypt/ROLLO-II-Encrypt/Verilog/Gaussian Elimination/comb_SA-Original.v
	(Active) Duplicate found at line 1 of file C:/Users/David/Dropbox/LRPC Code/hardware/ROLLO Encrypt/ROLLO-II-Encrypt/Verilog/Gaussian Elimination/comb_SA.v
WARNING: [filemgmt 20-1318] Duplicate Design Unit 'mem_dp()' found in library 'xil_defaultlib'
Duplicate found at line 11 of file C:/Users/David/Dropbox/LRPC Code/hardware/ROLLO Encrypt/ROLLO-II-Encrypt/Verilog/SHA3/mem_dp.v
	(Active) Duplicate found at line 11 of file C:/Users/David/Dropbox/LRPC Code/hardware/ROLLO Encrypt/ROLLO-II-Encrypt/Verilog/mem_dp.v
WARNING: [filemgmt 20-1318] Duplicate Design Unit 'mem_sp()' found in library 'xil_defaultlib'
Duplicate found at line 11 of file C:/Users/David/Dropbox/LRPC Code/hardware/ROLLO Encrypt/ROLLO-II-Encrypt/Verilog/SHA3/mem_sp.v
	(Active) Duplicate found at line 11 of file C:/Users/David/Dropbox/LRPC Code/hardware/ROLLO Encrypt/ROLLO-II-Encrypt/Verilog/mem_sp.v
INFO: [Common 17-41] Interrupt caught. Command should exit soon.
[Tue May 12 17:10:30 2020] Launched synth_1...
Run output will be captured here: C:/Users/David/Dropbox/LRPC Code/hardware/ROLLO Encrypt/ROLLO-II-Encrypt/ROLLO-II-Encrypt.runs/synth_1/runme.log
launch_runs: Time (s): cpu = 00:00:01 ; elapsed = 00:00:19 . Memory (MB): peak = 942.578 ; gain = 14.879
INFO: [Common 17-344] 'launch_runs' was cancelled
launch_simulation -install_path F:/modelsim64_10.1c/win64
INFO: [Vivado 12-5682] Launching behavioral simulation in 'C:/Users/David/Dropbox/LRPC Code/hardware/ROLLO Encrypt/ROLLO-II-Encrypt/ROLLO-II-Encrypt.sim/sim_1/behav/modelsim'
INFO: [USF-ModelSim-47] Finding simulator installation...
INFO: [USF-ModelSim-50] Using simulator executables from 'F:/modelsim64_10.1c/win64/vsim.exe'
INFO: [SIM-utils-51] Simulation object is 'sim_1'
INFO: [USF-modelsim-7] Finding pre-compiled libraries...
INFO: [USF-modelsim-11] File 'F:/modelsim64_10.1c/Xilinx_lib/64bit_vivado_lib/modelsim.ini' copied to run dir:'C:/Users/David/Dropbox/LRPC Code/hardware/ROLLO Encrypt/ROLLO-II-Encrypt/ROLLO-II-Encrypt.sim/sim_1/behav/modelsim'
INFO: [SIM-utils-54] Inspecting design source files for 'encrypt_top_tb' in fileset 'sim_1'...
INFO: [USF-ModelSim-107] Finding global include files...
INFO: [USF-ModelSim-108] Finding include directories and verilog header directory paths...
INFO: [USF-ModelSim-109] Fetching design files from 'sim_1'...
INFO: [USF-ModelSim-2] ModelSim::Compile design
INFO: [USF-ModelSim-15] Creating automatic 'do' files...
INFO: [USF-ModelSim-69] Executing 'COMPILE and ANALYZE' step in 'C:/Users/David/Dropbox/LRPC Code/hardware/ROLLO Encrypt/ROLLO-II-Encrypt/ROLLO-II-Encrypt.sim/sim_1/behav/modelsim'
Reading F:/modelsim64_10.1c/tcl/vsim/pref.tcl 

# 10.1c

# do {encrypt_top_tb_compile.do} 
# ** Warning: (vlib-34) Library already exists at "modelsim_lib/work".
# 
# ** Warning: (vlib-34) Library already exists at "modelsim_lib/msim".
# 
# ** Warning: (vlib-34) Library already exists at "modelsim_lib/msim/xil_defaultlib".
# 
# Modifying modelsim.ini
# Model Technology ModelSim SE-64 vlog 10.1c Compiler 2012.07 Jul 27 2012
# -- Skipping module K_Gen_Ctrl
# -- Skipping module RegFiles
# -- Compiling module c_Gen_Ctrl
# -- Skipping module comb_SA
# -- Skipping module ROLLO_II_Encrypt
# -- Skipping module f_permutation
# -- Skipping module f_permutation_200
# -- Skipping module gf2m_mul
# -- Skipping module shift_x_by_i
# -- Skipping module gf2mz_top
# -- Skipping module keccak
# -- Skipping module mem_dp
# -- Skipping module mem_sp
# -- Skipping module mul_ctrl
# -- Skipping module processor_AB
# -- Skipping module padder
# -- Skipping module prng
# -- Skipping module rconst
# -- Skipping module rconst_200
# -- Skipping module round
# -- Skipping module round_200
# -- Skipping module encrypt_top_tb
# 
# Top level modules:
# 	encrypt_top_tb
# Model Technology ModelSim SE-64 vlog 10.1c Compiler 2012.07 Jul 27 2012
# -- Compiling module glbl
# 
# Top level modules:
# 	glbl
INFO: [USF-ModelSim-69] 'compile' step finished in '4' seconds
INFO: [USF-ModelSim-4] ModelSim::Simulate design
INFO: [USF-ModelSim-69] Executing 'SIMULATE' step in 'C:/Users/David/Dropbox/LRPC Code/hardware/ROLLO Encrypt/ROLLO-II-Encrypt/ROLLO-II-Encrypt.sim/sim_1/behav/modelsim'
Program launched (PID=28400)
launch_simulation -install_path F:/modelsim64_10.1c/win64
INFO: [Vivado 12-5682] Launching behavioral simulation in 'C:/Users/David/Dropbox/LRPC Code/hardware/ROLLO Encrypt/ROLLO-II-Encrypt/ROLLO-II-Encrypt.sim/sim_1/behav/modelsim'
INFO: [USF-ModelSim-47] Finding simulator installation...
INFO: [USF-ModelSim-50] Using simulator executables from 'F:/modelsim64_10.1c/win64/vsim.exe'
INFO: [SIM-utils-51] Simulation object is 'sim_1'
INFO: [USF-modelsim-7] Finding pre-compiled libraries...
INFO: [USF-modelsim-11] File 'F:/modelsim64_10.1c/Xilinx_lib/64bit_vivado_lib/modelsim.ini' copied to run dir:'C:/Users/David/Dropbox/LRPC Code/hardware/ROLLO Encrypt/ROLLO-II-Encrypt/ROLLO-II-Encrypt.sim/sim_1/behav/modelsim'
INFO: [SIM-utils-54] Inspecting design source files for 'encrypt_top_tb' in fileset 'sim_1'...
INFO: [USF-ModelSim-107] Finding global include files...
INFO: [USF-ModelSim-108] Finding include directories and verilog header directory paths...
INFO: [USF-ModelSim-109] Fetching design files from 'sim_1'...
INFO: [USF-ModelSim-2] ModelSim::Compile design
INFO: [USF-ModelSim-15] Creating automatic 'do' files...
INFO: [USF-ModelSim-69] Executing 'COMPILE and ANALYZE' step in 'C:/Users/David/Dropbox/LRPC Code/hardware/ROLLO Encrypt/ROLLO-II-Encrypt/ROLLO-II-Encrypt.sim/sim_1/behav/modelsim'
Reading F:/modelsim64_10.1c/tcl/vsim/pref.tcl 

# 10.1c

# do {encrypt_top_tb_compile.do} 
# ** Warning: (vlib-34) Library already exists at "modelsim_lib/work".
# 
# ** Warning: (vlib-34) Library already exists at "modelsim_lib/msim".
# 
# ** Warning: (vlib-34) Library already exists at "modelsim_lib/msim/xil_defaultlib".
# 
# Modifying modelsim.ini
# Model Technology ModelSim SE-64 vlog 10.1c Compiler 2012.07 Jul 27 2012
# -- Skipping module K_Gen_Ctrl
# -- Skipping module RegFiles
# -- Compiling module c_Gen_Ctrl
# -- Skipping module comb_SA
# -- Skipping module ROLLO_II_Encrypt
# -- Skipping module f_permutation
# -- Skipping module f_permutation_200
# -- Skipping module gf2m_mul
# -- Skipping module shift_x_by_i
# -- Skipping module gf2mz_top
# -- Skipping module keccak
# -- Skipping module mem_dp
# -- Skipping module mem_sp
# -- Skipping module mul_ctrl
# -- Skipping module processor_AB
# -- Skipping module padder
# -- Skipping module prng
# -- Skipping module rconst
# -- Skipping module rconst_200
# -- Skipping module round
# -- Skipping module round_200
# -- Skipping module encrypt_top_tb
# 
# Top level modules:
# 	encrypt_top_tb
# Model Technology ModelSim SE-64 vlog 10.1c Compiler 2012.07 Jul 27 2012
# -- Compiling module glbl
# 
# Top level modules:
# 	glbl
INFO: [USF-ModelSim-69] 'compile' step finished in '3' seconds
INFO: [USF-ModelSim-4] ModelSim::Simulate design
INFO: [USF-ModelSim-69] Executing 'SIMULATE' step in 'C:/Users/David/Dropbox/LRPC Code/hardware/ROLLO Encrypt/ROLLO-II-Encrypt/ROLLO-II-Encrypt.sim/sim_1/behav/modelsim'
Program launched (PID=24808)
launch_simulation -install_path F:/modelsim64_10.1c/win64
INFO: [Vivado 12-5682] Launching behavioral simulation in 'C:/Users/David/Dropbox/LRPC Code/hardware/ROLLO Encrypt/ROLLO-II-Encrypt/ROLLO-II-Encrypt.sim/sim_1/behav/modelsim'
INFO: [USF-ModelSim-47] Finding simulator installation...
INFO: [USF-ModelSim-50] Using simulator executables from 'F:/modelsim64_10.1c/win64/vsim.exe'
INFO: [SIM-utils-51] Simulation object is 'sim_1'
INFO: [USF-modelsim-7] Finding pre-compiled libraries...
INFO: [USF-modelsim-11] File 'F:/modelsim64_10.1c/Xilinx_lib/64bit_vivado_lib/modelsim.ini' copied to run dir:'C:/Users/David/Dropbox/LRPC Code/hardware/ROLLO Encrypt/ROLLO-II-Encrypt/ROLLO-II-Encrypt.sim/sim_1/behav/modelsim'
INFO: [SIM-utils-54] Inspecting design source files for 'encrypt_top_tb' in fileset 'sim_1'...
INFO: [USF-ModelSim-107] Finding global include files...
INFO: [USF-ModelSim-108] Finding include directories and verilog header directory paths...
INFO: [USF-ModelSim-109] Fetching design files from 'sim_1'...
INFO: [USF-ModelSim-2] ModelSim::Compile design
INFO: [USF-ModelSim-15] Creating automatic 'do' files...
INFO: [USF-ModelSim-69] Executing 'COMPILE and ANALYZE' step in 'C:/Users/David/Dropbox/LRPC Code/hardware/ROLLO Encrypt/ROLLO-II-Encrypt/ROLLO-II-Encrypt.sim/sim_1/behav/modelsim'
Reading F:/modelsim64_10.1c/tcl/vsim/pref.tcl 

# 10.1c

# do {encrypt_top_tb_compile.do} 
# ** Warning: (vlib-34) Library already exists at "modelsim_lib/work".
# 
# ** Warning: (vlib-34) Library already exists at "modelsim_lib/msim".
# 
# ** Warning: (vlib-34) Library already exists at "modelsim_lib/msim/xil_defaultlib".
# 
# Modifying modelsim.ini
# Model Technology ModelSim SE-64 vlog 10.1c Compiler 2012.07 Jul 27 2012
# -- Skipping module K_Gen_Ctrl
# -- Skipping module RegFiles
# -- Compiling module c_Gen_Ctrl
# -- Skipping module comb_SA
# -- Skipping module ROLLO_II_Encrypt
# -- Skipping module f_permutation
# -- Skipping module f_permutation_200
# -- Skipping module gf2m_mul
# -- Skipping module shift_x_by_i
# -- Skipping module gf2mz_top
# -- Skipping module keccak
# -- Skipping module mem_dp
# -- Skipping module mem_sp
# -- Skipping module mul_ctrl
# -- Skipping module processor_AB
# -- Skipping module padder
# -- Skipping module prng
# -- Skipping module rconst
# -- Skipping module rconst_200
# -- Skipping module round
# -- Skipping module round_200
# -- Skipping module encrypt_top_tb
# 
# Top level modules:
# 	encrypt_top_tb
# Model Technology ModelSim SE-64 vlog 10.1c Compiler 2012.07 Jul 27 2012
# -- Compiling module glbl
# 
# Top level modules:
# 	glbl
INFO: [USF-ModelSim-69] 'compile' step finished in '3' seconds
INFO: [USF-ModelSim-4] ModelSim::Simulate design
INFO: [USF-ModelSim-69] Executing 'SIMULATE' step in 'C:/Users/David/Dropbox/LRPC Code/hardware/ROLLO Encrypt/ROLLO-II-Encrypt/ROLLO-II-Encrypt.sim/sim_1/behav/modelsim'
Program launched (PID=15440)
launch_simulation -install_path F:/modelsim64_10.1c/win64
INFO: [Vivado 12-5682] Launching behavioral simulation in 'C:/Users/David/Dropbox/LRPC Code/hardware/ROLLO Encrypt/ROLLO-II-Encrypt/ROLLO-II-Encrypt.sim/sim_1/behav/modelsim'
INFO: [USF-ModelSim-47] Finding simulator installation...
INFO: [USF-ModelSim-50] Using simulator executables from 'F:/modelsim64_10.1c/win64/vsim.exe'
INFO: [SIM-utils-51] Simulation object is 'sim_1'
INFO: [USF-modelsim-7] Finding pre-compiled libraries...
INFO: [USF-modelsim-11] File 'F:/modelsim64_10.1c/Xilinx_lib/64bit_vivado_lib/modelsim.ini' copied to run dir:'C:/Users/David/Dropbox/LRPC Code/hardware/ROLLO Encrypt/ROLLO-II-Encrypt/ROLLO-II-Encrypt.sim/sim_1/behav/modelsim'
INFO: [SIM-utils-54] Inspecting design source files for 'encrypt_top_tb' in fileset 'sim_1'...
INFO: [USF-ModelSim-107] Finding global include files...
INFO: [USF-ModelSim-108] Finding include directories and verilog header directory paths...
INFO: [USF-ModelSim-109] Fetching design files from 'sim_1'...
INFO: [USF-ModelSim-2] ModelSim::Compile design
INFO: [USF-ModelSim-15] Creating automatic 'do' files...
INFO: [USF-ModelSim-69] Executing 'COMPILE and ANALYZE' step in 'C:/Users/David/Dropbox/LRPC Code/hardware/ROLLO Encrypt/ROLLO-II-Encrypt/ROLLO-II-Encrypt.sim/sim_1/behav/modelsim'
Reading F:/modelsim64_10.1c/tcl/vsim/pref.tcl 

# 10.1c

# do {encrypt_top_tb_compile.do} 
# ** Warning: (vlib-34) Library already exists at "modelsim_lib/work".
# 
# ** Warning: (vlib-34) Library already exists at "modelsim_lib/msim".
# 
# ** Warning: (vlib-34) Library already exists at "modelsim_lib/msim/xil_defaultlib".
# 
# Modifying modelsim.ini
# Model Technology ModelSim SE-64 vlog 10.1c Compiler 2012.07 Jul 27 2012
# -- Skipping module K_Gen_Ctrl
# -- Skipping module RegFiles
# -- Compiling module c_Gen_Ctrl
# -- Skipping module comb_SA
# -- Skipping module ROLLO_II_Encrypt
# -- Skipping module f_permutation
# -- Skipping module f_permutation_200
# -- Skipping module gf2m_mul
# -- Skipping module shift_x_by_i
# -- Skipping module gf2mz_top
# -- Skipping module keccak
# -- Skipping module mem_dp
# -- Skipping module mem_sp
# -- Skipping module mul_ctrl
# -- Skipping module processor_AB
# -- Skipping module padder
# -- Skipping module prng
# -- Skipping module rconst
# -- Skipping module rconst_200
# -- Skipping module round
# -- Skipping module round_200
# -- Skipping module encrypt_top_tb
# 
# Top level modules:
# 	encrypt_top_tb
# Model Technology ModelSim SE-64 vlog 10.1c Compiler 2012.07 Jul 27 2012
# -- Compiling module glbl
# 
# Top level modules:
# 	glbl
INFO: [USF-ModelSim-69] 'compile' step finished in '3' seconds
INFO: [USF-ModelSim-4] ModelSim::Simulate design
INFO: [USF-ModelSim-69] Executing 'SIMULATE' step in 'C:/Users/David/Dropbox/LRPC Code/hardware/ROLLO Encrypt/ROLLO-II-Encrypt/ROLLO-II-Encrypt.sim/sim_1/behav/modelsim'
Program launched (PID=28228)
launch_simulation -install_path F:/modelsim64_10.1c/win64
INFO: [Vivado 12-5682] Launching behavioral simulation in 'C:/Users/David/Dropbox/LRPC Code/hardware/ROLLO Encrypt/ROLLO-II-Encrypt/ROLLO-II-Encrypt.sim/sim_1/behav/modelsim'
INFO: [USF-ModelSim-47] Finding simulator installation...
INFO: [USF-ModelSim-50] Using simulator executables from 'F:/modelsim64_10.1c/win64/vsim.exe'
INFO: [SIM-utils-51] Simulation object is 'sim_1'
INFO: [USF-modelsim-7] Finding pre-compiled libraries...
INFO: [USF-modelsim-11] File 'F:/modelsim64_10.1c/Xilinx_lib/64bit_vivado_lib/modelsim.ini' copied to run dir:'C:/Users/David/Dropbox/LRPC Code/hardware/ROLLO Encrypt/ROLLO-II-Encrypt/ROLLO-II-Encrypt.sim/sim_1/behav/modelsim'
INFO: [SIM-utils-54] Inspecting design source files for 'encrypt_top_tb' in fileset 'sim_1'...
INFO: [USF-ModelSim-107] Finding global include files...
INFO: [USF-ModelSim-108] Finding include directories and verilog header directory paths...
INFO: [USF-ModelSim-109] Fetching design files from 'sim_1'...
INFO: [USF-ModelSim-2] ModelSim::Compile design
INFO: [USF-ModelSim-15] Creating automatic 'do' files...
INFO: [USF-ModelSim-69] Executing 'COMPILE and ANALYZE' step in 'C:/Users/David/Dropbox/LRPC Code/hardware/ROLLO Encrypt/ROLLO-II-Encrypt/ROLLO-II-Encrypt.sim/sim_1/behav/modelsim'
Reading F:/modelsim64_10.1c/tcl/vsim/pref.tcl 

# 10.1c

# do {encrypt_top_tb_compile.do} 
# ** Warning: (vlib-34) Library already exists at "modelsim_lib/work".
# 
# ** Warning: (vlib-34) Library already exists at "modelsim_lib/msim".
# 
# ** Warning: (vlib-34) Library already exists at "modelsim_lib/msim/xil_defaultlib".
# 
# Modifying modelsim.ini
# Model Technology ModelSim SE-64 vlog 10.1c Compiler 2012.07 Jul 27 2012
# -- Skipping module K_Gen_Ctrl
# -- Skipping module RegFiles
# -- Compiling module c_Gen_Ctrl
# -- Skipping module comb_SA
# -- Skipping module ROLLO_II_Encrypt
# -- Skipping module f_permutation
# -- Skipping module f_permutation_200
# -- Skipping module gf2m_mul
# -- Skipping module shift_x_by_i
# -- Skipping module gf2mz_top
# -- Skipping module keccak
# -- Skipping module mem_dp
# -- Skipping module mem_sp
# -- Skipping module mul_ctrl
# -- Skipping module processor_AB
# -- Skipping module padder
# -- Skipping module prng
# -- Skipping module rconst
# -- Skipping module rconst_200
# -- Skipping module round
# -- Skipping module round_200
# -- Skipping module encrypt_top_tb
# 
# Top level modules:
# 	encrypt_top_tb
# Model Technology ModelSim SE-64 vlog 10.1c Compiler 2012.07 Jul 27 2012
# -- Compiling module glbl
# 
# Top level modules:
# 	glbl
INFO: [USF-ModelSim-69] 'compile' step finished in '3' seconds
INFO: [USF-ModelSim-4] ModelSim::Simulate design
INFO: [USF-ModelSim-69] Executing 'SIMULATE' step in 'C:/Users/David/Dropbox/LRPC Code/hardware/ROLLO Encrypt/ROLLO-II-Encrypt/ROLLO-II-Encrypt.sim/sim_1/behav/modelsim'
Program launched (PID=27636)
launch_simulation -install_path F:/modelsim64_10.1c/win64
INFO: [Vivado 12-5682] Launching behavioral simulation in 'C:/Users/David/Dropbox/LRPC Code/hardware/ROLLO Encrypt/ROLLO-II-Encrypt/ROLLO-II-Encrypt.sim/sim_1/behav/modelsim'
INFO: [USF-ModelSim-47] Finding simulator installation...
INFO: [USF-ModelSim-50] Using simulator executables from 'F:/modelsim64_10.1c/win64/vsim.exe'
INFO: [SIM-utils-51] Simulation object is 'sim_1'
INFO: [USF-modelsim-7] Finding pre-compiled libraries...
INFO: [USF-modelsim-11] File 'F:/modelsim64_10.1c/Xilinx_lib/64bit_vivado_lib/modelsim.ini' copied to run dir:'C:/Users/David/Dropbox/LRPC Code/hardware/ROLLO Encrypt/ROLLO-II-Encrypt/ROLLO-II-Encrypt.sim/sim_1/behav/modelsim'
INFO: [SIM-utils-54] Inspecting design source files for 'encrypt_top_tb' in fileset 'sim_1'...
INFO: [USF-ModelSim-107] Finding global include files...
INFO: [USF-ModelSim-108] Finding include directories and verilog header directory paths...
INFO: [USF-ModelSim-109] Fetching design files from 'sim_1'...
INFO: [USF-ModelSim-2] ModelSim::Compile design
INFO: [USF-ModelSim-15] Creating automatic 'do' files...
INFO: [USF-ModelSim-69] Executing 'COMPILE and ANALYZE' step in 'C:/Users/David/Dropbox/LRPC Code/hardware/ROLLO Encrypt/ROLLO-II-Encrypt/ROLLO-II-Encrypt.sim/sim_1/behav/modelsim'
Reading F:/modelsim64_10.1c/tcl/vsim/pref.tcl 

# 10.1c

# do {encrypt_top_tb_compile.do} 
# ** Warning: (vlib-34) Library already exists at "modelsim_lib/work".
# 
# ** Warning: (vlib-34) Library already exists at "modelsim_lib/msim".
# 
# ** Warning: (vlib-34) Library already exists at "modelsim_lib/msim/xil_defaultlib".
# 
# Modifying modelsim.ini
# Model Technology ModelSim SE-64 vlog 10.1c Compiler 2012.07 Jul 27 2012
# -- Skipping module K_Gen_Ctrl
# -- Skipping module RegFiles
# -- Compiling module c_Gen_Ctrl
# -- Skipping module comb_SA
# -- Skipping module ROLLO_II_Encrypt
# -- Skipping module f_permutation
# -- Skipping module f_permutation_200
# -- Skipping module gf2m_mul
# -- Skipping module shift_x_by_i
# -- Skipping module gf2mz_top
# -- Skipping module keccak
# -- Skipping module mem_dp
# -- Skipping module mem_sp
# -- Skipping module mul_ctrl
# -- Skipping module processor_AB
# -- Skipping module padder
# -- Skipping module prng
# -- Skipping module rconst
# -- Skipping module rconst_200
# -- Skipping module round
# -- Skipping module round_200
# -- Skipping module encrypt_top_tb
# 
# Top level modules:
# 	encrypt_top_tb
# Model Technology ModelSim SE-64 vlog 10.1c Compiler 2012.07 Jul 27 2012
# -- Compiling module glbl
# 
# Top level modules:
# 	glbl
INFO: [USF-ModelSim-69] 'compile' step finished in '3' seconds
INFO: [USF-ModelSim-4] ModelSim::Simulate design
INFO: [USF-ModelSim-69] Executing 'SIMULATE' step in 'C:/Users/David/Dropbox/LRPC Code/hardware/ROLLO Encrypt/ROLLO-II-Encrypt/ROLLO-II-Encrypt.sim/sim_1/behav/modelsim'
Program launched (PID=4316)
launch_simulation -install_path F:/modelsim64_10.1c/win64
INFO: [Vivado 12-5682] Launching behavioral simulation in 'C:/Users/David/Dropbox/LRPC Code/hardware/ROLLO Encrypt/ROLLO-II-Encrypt/ROLLO-II-Encrypt.sim/sim_1/behav/modelsim'
INFO: [USF-ModelSim-47] Finding simulator installation...
INFO: [USF-ModelSim-50] Using simulator executables from 'F:/modelsim64_10.1c/win64/vsim.exe'
INFO: [SIM-utils-51] Simulation object is 'sim_1'
INFO: [USF-modelsim-7] Finding pre-compiled libraries...
INFO: [USF-modelsim-11] File 'F:/modelsim64_10.1c/Xilinx_lib/64bit_vivado_lib/modelsim.ini' copied to run dir:'C:/Users/David/Dropbox/LRPC Code/hardware/ROLLO Encrypt/ROLLO-II-Encrypt/ROLLO-II-Encrypt.sim/sim_1/behav/modelsim'
INFO: [SIM-utils-54] Inspecting design source files for 'encrypt_top_tb' in fileset 'sim_1'...
INFO: [USF-ModelSim-107] Finding global include files...
INFO: [USF-ModelSim-108] Finding include directories and verilog header directory paths...
INFO: [USF-ModelSim-109] Fetching design files from 'sim_1'...
INFO: [USF-ModelSim-2] ModelSim::Compile design
INFO: [USF-ModelSim-15] Creating automatic 'do' files...
INFO: [USF-ModelSim-69] Executing 'COMPILE and ANALYZE' step in 'C:/Users/David/Dropbox/LRPC Code/hardware/ROLLO Encrypt/ROLLO-II-Encrypt/ROLLO-II-Encrypt.sim/sim_1/behav/modelsim'
Reading F:/modelsim64_10.1c/tcl/vsim/pref.tcl 

# 10.1c

# do {encrypt_top_tb_compile.do} 
# ** Warning: (vlib-34) Library already exists at "modelsim_lib/work".
# 
# ** Warning: (vlib-34) Library already exists at "modelsim_lib/msim".
# 
# ** Warning: (vlib-34) Library already exists at "modelsim_lib/msim/xil_defaultlib".
# 
# Modifying modelsim.ini
# Model Technology ModelSim SE-64 vlog 10.1c Compiler 2012.07 Jul 27 2012
# -- Skipping module K_Gen_Ctrl
# -- Skipping module RegFiles
# -- Compiling module c_Gen_Ctrl
# -- Skipping module comb_SA
# -- Skipping module ROLLO_II_Encrypt
# -- Skipping module f_permutation
# -- Skipping module f_permutation_200
# -- Skipping module gf2m_mul
# -- Skipping module shift_x_by_i
# -- Skipping module gf2mz_top
# -- Skipping module keccak
# -- Skipping module mem_dp
# -- Skipping module mem_sp
# -- Skipping module mul_ctrl
# -- Skipping module processor_AB
# -- Skipping module padder
# -- Skipping module prng
# -- Skipping module rconst
# -- Skipping module rconst_200
# -- Skipping module round
# -- Skipping module round_200
# -- Skipping module encrypt_top_tb
# 
# Top level modules:
# 	encrypt_top_tb
# Model Technology ModelSim SE-64 vlog 10.1c Compiler 2012.07 Jul 27 2012
# -- Compiling module glbl
# 
# Top level modules:
# 	glbl
INFO: [USF-ModelSim-69] 'compile' step finished in '3' seconds
INFO: [USF-ModelSim-4] ModelSim::Simulate design
INFO: [USF-ModelSim-69] Executing 'SIMULATE' step in 'C:/Users/David/Dropbox/LRPC Code/hardware/ROLLO Encrypt/ROLLO-II-Encrypt/ROLLO-II-Encrypt.sim/sim_1/behav/modelsim'
Program launched (PID=26888)
