Copyright 1986-2018 Xilinx, Inc. All Rights Reserved.
-------------------------------------------------------------------------------------------------------------------------------------------------------
| Tool Version     : Vivado v.2018.1 (win64) Build 2188600 Wed Apr  4 18:40:38 MDT 2018
| Date             : Tue Dec 29 14:59:07 2020
| Host             : David-NTU-Desktop running 64-bit major release  (build 9200)
| Command          : report_power -file decrypt_top_power_routed.rpt -pb decrypt_top_power_summary_routed.pb -rpx decrypt_top_power_routed.rpx
| Design           : decrypt_top
| Device           : xc7a200tsbg484-1
| Design State     : routed
| Grade            : commercial
| Process          : typical
| Characterization : Production
-------------------------------------------------------------------------------------------------------------------------------------------------------

Power Report

Table of Contents
-----------------
1. Summary
1.1 On-Chip Components
1.2 Power Supply Summary
1.3 Confidence Level
2. Settings
2.1 Environment
2.2 Clock Constraints
3. Detailed Reports
3.1 By Hierarchy

1. Summary
----------

+--------------------------+--------------+
| Total On-Chip Power (W)  | 1.337        |
| Design Power Budget (W)  | Unspecified* |
| Power Budget Margin (W)  | NA           |
| Dynamic (W)              | 1.198        |
| Device Static (W)        | 0.139        |
| Effective TJA (C/W)      | 3.3          |
| Max Ambient (C)          | 80.6         |
| Junction Temperature (C) | 29.4         |
| Confidence Level         | Medium       |
| Setting File             | ---          |
| Simulation Activity File | ---          |
| Design Nets Matched      | NA           |
+--------------------------+--------------+
* Specify Design Power Budget using, set_operating_conditions -design_power_budget <value in Watts>


1.1 On-Chip Components
----------------------

+--------------------------+-----------+----------+-----------+-----------------+
| On-Chip                  | Power (W) | Used     | Available | Utilization (%) |
+--------------------------+-----------+----------+-----------+-----------------+
| Clocks                   |     0.263 |        3 |       --- |             --- |
| Slice Logic              |     0.335 |    69427 |       --- |             --- |
|   LUT as Logic           |     0.318 |    36025 |    133800 |           26.92 |
|   Register               |     0.012 |    21832 |    267600 |            8.16 |
|   LUT as Shift Register  |     0.004 |      680 |     46200 |            1.47 |
|   F7/F8 Muxes            |    <0.001 |       71 |    133800 |            0.05 |
|   CARRY4                 |    <0.001 |       37 |     33450 |            0.11 |
|   Others                 |     0.000 |     3893 |       --- |             --- |
|   LUT as Distributed RAM |     0.000 |       67 |     46200 |            0.15 |
| Signals                  |     0.430 |    49382 |       --- |             --- |
| Block RAM                |     0.168 |     23.5 |       365 |            6.44 |
| I/O                      |     0.002 |        5 |       285 |            1.75 |
| Static Power             |     0.139 |          |           |                 |
| Total                    |     1.337 |          |           |                 |
+--------------------------+-----------+----------+-----------+-----------------+


1.2 Power Supply Summary
------------------------

+-----------+-------------+-----------+-------------+------------+
| Source    | Voltage (V) | Total (A) | Dynamic (A) | Static (A) |
+-----------+-------------+-----------+-------------+------------+
| Vccint    |       1.000 |     1.221 |       1.185 |      0.036 |
| Vccaux    |       1.800 |     0.031 |       0.000 |      0.031 |
| Vcco33    |       3.300 |     0.000 |       0.000 |      0.000 |
| Vcco25    |       2.500 |     0.000 |       0.000 |      0.000 |
| Vcco18    |       1.800 |     0.006 |       0.001 |      0.005 |
| Vcco15    |       1.500 |     0.000 |       0.000 |      0.000 |
| Vcco135   |       1.350 |     0.000 |       0.000 |      0.000 |
| Vcco12    |       1.200 |     0.000 |       0.000 |      0.000 |
| Vccaux_io |       1.800 |     0.000 |       0.000 |      0.000 |
| Vccbram   |       1.000 |     0.014 |       0.012 |      0.001 |
| MGTAVcc   |       1.000 |     0.000 |       0.000 |      0.000 |
| MGTAVtt   |       1.200 |     0.000 |       0.000 |      0.000 |
| Vccadc    |       1.800 |     0.020 |       0.000 |      0.020 |
+-----------+-------------+-----------+-------------+------------+


1.3 Confidence Level
--------------------

+-----------------------------+------------+-------------------------------------------------------+------------------------------------------------------------------------------------------------------------+
| User Input Data             | Confidence | Details                                               | Action                                                                                                     |
+-----------------------------+------------+-------------------------------------------------------+------------------------------------------------------------------------------------------------------------+
| Design implementation state | High       | Design is routed                                      |                                                                                                            |
| Clock nodes activity        | High       | User specified more than 95% of clocks                |                                                                                                            |
| I/O nodes activity          | Medium     | More than 5% of inputs are missing user specification | Provide missing input activity with simulation results or by editing the "By Resource Type -> I/Os" view   |
| Internal nodes activity     | Medium     | User specified less than 25% of internal nodes        | Provide missing internal nodes activity with simulation results or by editing the "By Resource Type" views |
| Device models               | High       | Device models are Production                          |                                                                                                            |
|                             |            |                                                       |                                                                                                            |
| Overall confidence level    | Medium     |                                                       |                                                                                                            |
+-----------------------------+------------+-------------------------------------------------------+------------------------------------------------------------------------------------------------------------+


2. Settings
-----------

2.1 Environment
---------------

+-----------------------+--------------------------+
| Ambient Temp (C)      | 25.0                     |
| ThetaJA (C/W)         | 3.3                      |
| Airflow (LFM)         | 250                      |
| Heat Sink             | medium (Medium Profile)  |
| ThetaSA (C/W)         | 4.6                      |
| Board Selection       | medium (10"x10")         |
| # of Board Layers     | 12to15 (12 to 15 Layers) |
| Board Temperature (C) | 25.0                     |
+-----------------------+--------------------------+


2.2 Clock Constraints
---------------------

+-------+--------+-----------------+
| Clock | Domain | Constraint (ns) |
+-------+--------+-----------------+
| clk   | clk    |             5.6 |
+-------+--------+-----------------+


3. Detailed Reports
-------------------

3.1 By Hierarchy
----------------

+-----------------------+-----------+
| Name                  | Power (W) |
+-----------------------+-----------+
| decrypt_top           |     1.198 |
|   RSR                 |     0.423 |
|     CTRL              |     0.010 |
|     SA                |     0.413 |
|       AB_0_0          |    <0.001 |
|       AB_0_1          |    <0.001 |
|       AB_0_10         |    <0.001 |
|       AB_0_100        |    <0.001 |
|       AB_0_101        |    <0.001 |
|       AB_0_102        |    <0.001 |
|       AB_0_103        |    <0.001 |
|       AB_0_104        |    <0.001 |
|       AB_0_105        |    <0.001 |
|       AB_0_106        |    <0.001 |
|       AB_0_107        |    <0.001 |
|       AB_0_108        |    <0.001 |
|       AB_0_109        |    <0.001 |
|       AB_0_11         |    <0.001 |
|       AB_0_110        |    <0.001 |
|       AB_0_111        |    <0.001 |
|       AB_0_112        |    <0.001 |
|       AB_0_113        |    <0.001 |
|       AB_0_114        |    <0.001 |
|       AB_0_115        |    <0.001 |
|       AB_0_116        |    <0.001 |
|       AB_0_117        |    <0.001 |
|       AB_0_118        |    <0.001 |
|       AB_0_119        |    <0.001 |
|       AB_0_12         |    <0.001 |
|       AB_0_120        |    <0.001 |
|       AB_0_121        |    <0.001 |
|       AB_0_122        |    <0.001 |
|       AB_0_123        |    <0.001 |
|       AB_0_124        |    <0.001 |
|       AB_0_125        |    <0.001 |
|       AB_0_126        |    <0.001 |
|       AB_0_127        |    <0.001 |
|       AB_0_128        |    <0.001 |
|       AB_0_129        |    <0.001 |
|       AB_0_13         |    <0.001 |
|       AB_0_130        |    <0.001 |
|       AB_0_131        |    <0.001 |
|       AB_0_132        |    <0.001 |
|       AB_0_133        |    <0.001 |
|       AB_0_14         |    <0.001 |
|       AB_0_15         |    <0.001 |
|       AB_0_16         |    <0.001 |
|       AB_0_17         |    <0.001 |
|       AB_0_18         |    <0.001 |
|       AB_0_19         |    <0.001 |
|       AB_0_2          |    <0.001 |
|       AB_0_20         |    <0.001 |
|       AB_0_21         |    <0.001 |
|       AB_0_22         |    <0.001 |
|       AB_0_23         |    <0.001 |
|       AB_0_24         |    <0.001 |
|       AB_0_25         |    <0.001 |
|       AB_0_26         |    <0.001 |
|       AB_0_27         |    <0.001 |
|       AB_0_28         |    <0.001 |
|       AB_0_29         |    <0.001 |
|       AB_0_3          |    <0.001 |
|       AB_0_30         |    <0.001 |
|       AB_0_31         |    <0.001 |
|       AB_0_32         |    <0.001 |
|       AB_0_33         |    <0.001 |
|       AB_0_34         |    <0.001 |
|       AB_0_35         |    <0.001 |
|       AB_0_36         |    <0.001 |
|       AB_0_37         |    <0.001 |
|       AB_0_38         |    <0.001 |
|       AB_0_39         |    <0.001 |
|       AB_0_4          |    <0.001 |
|       AB_0_40         |    <0.001 |
|       AB_0_41         |    <0.001 |
|       AB_0_42         |    <0.001 |
|       AB_0_43         |    <0.001 |
|       AB_0_44         |    <0.001 |
|       AB_0_45         |    <0.001 |
|       AB_0_46         |    <0.001 |
|       AB_0_47         |    <0.001 |
|       AB_0_48         |    <0.001 |
|       AB_0_49         |    <0.001 |
|       AB_0_5          |    <0.001 |
|       AB_0_50         |    <0.001 |
|       AB_0_51         |    <0.001 |
|       AB_0_52         |    <0.001 |
|       AB_0_53         |    <0.001 |
|       AB_0_54         |    <0.001 |
|       AB_0_55         |    <0.001 |
|       AB_0_56         |    <0.001 |
|       AB_0_57         |    <0.001 |
|       AB_0_58         |    <0.001 |
|       AB_0_59         |    <0.001 |
|       AB_0_6          |    <0.001 |
|       AB_0_60         |    <0.001 |
|       AB_0_61         |    <0.001 |
|       AB_0_62         |    <0.001 |
|       AB_0_63         |    <0.001 |
|       AB_0_64         |    <0.001 |
|       AB_0_65         |    <0.001 |
|       AB_0_66         |    <0.001 |
|       AB_0_67         |    <0.001 |
|       AB_0_68         |    <0.001 |
|       AB_0_69         |    <0.001 |
|       AB_0_7          |    <0.001 |
|       AB_0_70         |    <0.001 |
|       AB_0_71         |    <0.001 |
|       AB_0_72         |    <0.001 |
|       AB_0_73         |    <0.001 |
|       AB_0_74         |    <0.001 |
|       AB_0_75         |    <0.001 |
|       AB_0_76         |    <0.001 |
|       AB_0_77         |    <0.001 |
|       AB_0_78         |    <0.001 |
|       AB_0_79         |    <0.001 |
|       AB_0_8          |    <0.001 |
|       AB_0_80         |    <0.001 |
|       AB_0_81         |    <0.001 |
|       AB_0_82         |    <0.001 |
|       AB_0_83         |    <0.001 |
|       AB_0_84         |    <0.001 |
|       AB_0_85         |    <0.001 |
|       AB_0_86         |    <0.001 |
|       AB_0_87         |    <0.001 |
|       AB_0_88         |    <0.001 |
|       AB_0_89         |    <0.001 |
|       AB_0_9          |    <0.001 |
|       AB_0_90         |    <0.001 |
|       AB_0_91         |    <0.001 |
|       AB_0_92         |    <0.001 |
|       AB_0_93         |    <0.001 |
|       AB_0_94         |    <0.001 |
|       AB_0_95         |    <0.001 |
|       AB_0_96         |    <0.001 |
|       AB_0_97         |    <0.001 |
|       AB_0_98         |    <0.001 |
|       AB_0_99         |    <0.001 |
|       AB_10_0         |    <0.001 |
|       AB_10_1         |    <0.001 |
|       AB_10_10        |    <0.001 |
|       AB_10_100       |    <0.001 |
|       AB_10_101       |    <0.001 |
|       AB_10_102       |    <0.001 |
|       AB_10_103       |    <0.001 |
|       AB_10_104       |    <0.001 |
|       AB_10_105       |    <0.001 |
|       AB_10_106       |    <0.001 |
|       AB_10_107       |    <0.001 |
|       AB_10_108       |    <0.001 |
|       AB_10_109       |    <0.001 |
|       AB_10_11        |    <0.001 |
|       AB_10_110       |    <0.001 |
|       AB_10_111       |    <0.001 |
|       AB_10_112       |    <0.001 |
|       AB_10_113       |    <0.001 |
|       AB_10_114       |    <0.001 |
|       AB_10_115       |    <0.001 |
|       AB_10_116       |    <0.001 |
|       AB_10_117       |    <0.001 |
|       AB_10_118       |    <0.001 |
|       AB_10_119       |    <0.001 |
|       AB_10_12        |    <0.001 |
|       AB_10_120       |    <0.001 |
|       AB_10_121       |    <0.001 |
|       AB_10_122       |    <0.001 |
|       AB_10_123       |    <0.001 |
|       AB_10_124       |    <0.001 |
|       AB_10_125       |    <0.001 |
|       AB_10_126       |    <0.001 |
|       AB_10_127       |    <0.001 |
|       AB_10_128       |    <0.001 |
|       AB_10_129       |    <0.001 |
|       AB_10_13        |    <0.001 |
|       AB_10_130       |    <0.001 |
|       AB_10_131       |    <0.001 |
|       AB_10_132       |    <0.001 |
|       AB_10_133       |    <0.001 |
|       AB_10_14        |    <0.001 |
|       AB_10_15        |    <0.001 |
|       AB_10_16        |    <0.001 |
|       AB_10_17        |    <0.001 |
|       AB_10_18        |    <0.001 |
|       AB_10_19        |    <0.001 |
|       AB_10_2         |    <0.001 |
|       AB_10_20        |    <0.001 |
|       AB_10_21        |    <0.001 |
|       AB_10_22        |    <0.001 |
|       AB_10_23        |    <0.001 |
|       AB_10_24        |    <0.001 |
|       AB_10_25        |    <0.001 |
|       AB_10_26        |    <0.001 |
|       AB_10_27        |    <0.001 |
|       AB_10_28        |    <0.001 |
|       AB_10_29        |    <0.001 |
|       AB_10_3         |    <0.001 |
|       AB_10_30        |    <0.001 |
|       AB_10_31        |    <0.001 |
|       AB_10_32        |    <0.001 |
|       AB_10_33        |    <0.001 |
|       AB_10_34        |    <0.001 |
|       AB_10_35        |    <0.001 |
|       AB_10_36        |    <0.001 |
|       AB_10_37        |    <0.001 |
|       AB_10_38        |    <0.001 |
|       AB_10_39        |    <0.001 |
|       AB_10_4         |    <0.001 |
|       AB_10_40        |    <0.001 |
|       AB_10_41        |    <0.001 |
|       AB_10_42        |    <0.001 |
|       AB_10_43        |    <0.001 |
|       AB_10_44        |    <0.001 |
|       AB_10_45        |    <0.001 |
|       AB_10_46        |    <0.001 |
|       AB_10_47        |    <0.001 |
|       AB_10_48        |    <0.001 |
|       AB_10_49        |    <0.001 |
|       AB_10_5         |    <0.001 |
|       AB_10_50        |    <0.001 |
|       AB_10_51        |    <0.001 |
|       AB_10_52        |    <0.001 |
|       AB_10_53        |    <0.001 |
|       AB_10_54        |    <0.001 |
|       AB_10_55        |    <0.001 |
|       AB_10_56        |    <0.001 |
|       AB_10_57        |    <0.001 |
|       AB_10_58        |    <0.001 |
|       AB_10_59        |    <0.001 |
|       AB_10_6         |    <0.001 |
|       AB_10_60        |    <0.001 |
|       AB_10_61        |    <0.001 |
|       AB_10_62        |    <0.001 |
|       AB_10_63        |    <0.001 |
|       AB_10_64        |    <0.001 |
|       AB_10_65        |    <0.001 |
|       AB_10_66        |    <0.001 |
|       AB_10_67        |    <0.001 |
|       AB_10_68        |    <0.001 |
|       AB_10_69        |    <0.001 |
|       AB_10_7         |    <0.001 |
|       AB_10_70        |    <0.001 |
|       AB_10_71        |    <0.001 |
|       AB_10_72        |    <0.001 |
|       AB_10_73        |    <0.001 |
|       AB_10_74        |    <0.001 |
|       AB_10_75        |    <0.001 |
|       AB_10_76        |    <0.001 |
|       AB_10_77        |    <0.001 |
|       AB_10_78        |    <0.001 |
|       AB_10_79        |    <0.001 |
|       AB_10_8         |    <0.001 |
|       AB_10_80        |    <0.001 |
|       AB_10_81        |    <0.001 |
|       AB_10_82        |    <0.001 |
|       AB_10_83        |    <0.001 |
|       AB_10_84        |    <0.001 |
|       AB_10_85        |    <0.001 |
|       AB_10_86        |    <0.001 |
|       AB_10_87        |    <0.001 |
|       AB_10_88        |    <0.001 |
|       AB_10_89        |    <0.001 |
|       AB_10_9         |    <0.001 |
|       AB_10_90        |    <0.001 |
|       AB_10_91        |    <0.001 |
|       AB_10_92        |    <0.001 |
|       AB_10_93        |    <0.001 |
|       AB_10_94        |    <0.001 |
|       AB_10_95        |    <0.001 |
|       AB_10_96        |    <0.001 |
|       AB_10_97        |    <0.001 |
|       AB_10_98        |    <0.001 |
|       AB_10_99        |    <0.001 |
|       AB_11_0         |    <0.001 |
|       AB_11_1         |    <0.001 |
|       AB_11_10        |    <0.001 |
|       AB_11_100       |    <0.001 |
|       AB_11_101       |    <0.001 |
|       AB_11_102       |    <0.001 |
|       AB_11_103       |    <0.001 |
|       AB_11_104       |    <0.001 |
|       AB_11_105       |    <0.001 |
|       AB_11_106       |    <0.001 |
|       AB_11_107       |    <0.001 |
|       AB_11_108       |    <0.001 |
|       AB_11_109       |    <0.001 |
|       AB_11_11        |    <0.001 |
|       AB_11_110       |    <0.001 |
|       AB_11_111       |    <0.001 |
|       AB_11_112       |    <0.001 |
|       AB_11_113       |    <0.001 |
|       AB_11_114       |    <0.001 |
|       AB_11_115       |    <0.001 |
|       AB_11_116       |    <0.001 |
|       AB_11_117       |    <0.001 |
|       AB_11_118       |    <0.001 |
|       AB_11_119       |    <0.001 |
|       AB_11_12        |    <0.001 |
|       AB_11_120       |    <0.001 |
|       AB_11_121       |    <0.001 |
|       AB_11_122       |    <0.001 |
|       AB_11_123       |    <0.001 |
|       AB_11_124       |    <0.001 |
|       AB_11_125       |    <0.001 |
|       AB_11_126       |    <0.001 |
|       AB_11_127       |    <0.001 |
|       AB_11_128       |    <0.001 |
|       AB_11_129       |    <0.001 |
|       AB_11_13        |    <0.001 |
|       AB_11_130       |    <0.001 |
|       AB_11_131       |    <0.001 |
|       AB_11_132       |    <0.001 |
|       AB_11_133       |    <0.001 |
|       AB_11_14        |    <0.001 |
|       AB_11_15        |    <0.001 |
|       AB_11_16        |    <0.001 |
|       AB_11_17        |    <0.001 |
|       AB_11_18        |    <0.001 |
|       AB_11_19        |    <0.001 |
|       AB_11_2         |    <0.001 |
|       AB_11_20        |    <0.001 |
|       AB_11_21        |    <0.001 |
|       AB_11_22        |    <0.001 |
|       AB_11_23        |    <0.001 |
|       AB_11_24        |    <0.001 |
|       AB_11_25        |    <0.001 |
|       AB_11_26        |    <0.001 |
|       AB_11_27        |    <0.001 |
|       AB_11_28        |    <0.001 |
|       AB_11_29        |    <0.001 |
|       AB_11_3         |    <0.001 |
|       AB_11_30        |    <0.001 |
|       AB_11_31        |    <0.001 |
|       AB_11_32        |    <0.001 |
|       AB_11_33        |    <0.001 |
|       AB_11_34        |    <0.001 |
|       AB_11_35        |    <0.001 |
|       AB_11_36        |    <0.001 |
|       AB_11_37        |    <0.001 |
|       AB_11_38        |    <0.001 |
|       AB_11_39        |    <0.001 |
|       AB_11_4         |    <0.001 |
|       AB_11_40        |    <0.001 |
|       AB_11_41        |    <0.001 |
|       AB_11_42        |    <0.001 |
|       AB_11_43        |    <0.001 |
|       AB_11_44        |    <0.001 |
|       AB_11_45        |    <0.001 |
|       AB_11_46        |    <0.001 |
|       AB_11_47        |    <0.001 |
|       AB_11_48        |    <0.001 |
|       AB_11_49        |    <0.001 |
|       AB_11_5         |    <0.001 |
|       AB_11_50        |    <0.001 |
|       AB_11_51        |    <0.001 |
|       AB_11_52        |    <0.001 |
|       AB_11_53        |    <0.001 |
|       AB_11_54        |    <0.001 |
|       AB_11_55        |    <0.001 |
|       AB_11_56        |    <0.001 |
|       AB_11_57        |    <0.001 |
|       AB_11_58        |    <0.001 |
|       AB_11_59        |    <0.001 |
|       AB_11_6         |    <0.001 |
|       AB_11_60        |    <0.001 |
|       AB_11_61        |    <0.001 |
|       AB_11_62        |    <0.001 |
|       AB_11_63        |    <0.001 |
|       AB_11_64        |    <0.001 |
|       AB_11_65        |    <0.001 |
|       AB_11_66        |    <0.001 |
|       AB_11_67        |    <0.001 |
|       AB_11_68        |    <0.001 |
|       AB_11_69        |    <0.001 |
|       AB_11_7         |    <0.001 |
|       AB_11_70        |    <0.001 |
|       AB_11_71        |    <0.001 |
|       AB_11_72        |    <0.001 |
|       AB_11_73        |    <0.001 |
|       AB_11_74        |    <0.001 |
|       AB_11_75        |    <0.001 |
|       AB_11_76        |    <0.001 |
|       AB_11_77        |    <0.001 |
|       AB_11_78        |    <0.001 |
|       AB_11_79        |    <0.001 |
|       AB_11_8         |    <0.001 |
|       AB_11_80        |    <0.001 |
|       AB_11_81        |    <0.001 |
|       AB_11_82        |    <0.001 |
|       AB_11_83        |    <0.001 |
|       AB_11_84        |    <0.001 |
|       AB_11_85        |    <0.001 |
|       AB_11_86        |    <0.001 |
|       AB_11_87        |    <0.001 |
|       AB_11_88        |    <0.001 |
|       AB_11_89        |    <0.001 |
|       AB_11_9         |    <0.001 |
|       AB_11_90        |    <0.001 |
|       AB_11_91        |    <0.001 |
|       AB_11_92        |    <0.001 |
|       AB_11_93        |    <0.001 |
|       AB_11_94        |    <0.001 |
|       AB_11_95        |    <0.001 |
|       AB_11_96        |    <0.001 |
|       AB_11_97        |    <0.001 |
|       AB_11_98        |    <0.001 |
|       AB_11_99        |    <0.001 |
|       AB_12_0         |    <0.001 |
|       AB_12_1         |    <0.001 |
|       AB_12_10        |    <0.001 |
|       AB_12_100       |    <0.001 |
|       AB_12_101       |    <0.001 |
|       AB_12_102       |    <0.001 |
|       AB_12_103       |    <0.001 |
|       AB_12_104       |    <0.001 |
|       AB_12_105       |    <0.001 |
|       AB_12_106       |    <0.001 |
|       AB_12_107       |    <0.001 |
|       AB_12_108       |    <0.001 |
|       AB_12_109       |    <0.001 |
|       AB_12_11        |    <0.001 |
|       AB_12_110       |    <0.001 |
|       AB_12_111       |    <0.001 |
|       AB_12_112       |    <0.001 |
|       AB_12_113       |    <0.001 |
|       AB_12_114       |    <0.001 |
|       AB_12_115       |    <0.001 |
|       AB_12_116       |    <0.001 |
|       AB_12_117       |    <0.001 |
|       AB_12_118       |    <0.001 |
|       AB_12_119       |    <0.001 |
|       AB_12_12        |    <0.001 |
|       AB_12_120       |    <0.001 |
|       AB_12_121       |    <0.001 |
|       AB_12_122       |    <0.001 |
|       AB_12_123       |    <0.001 |
|       AB_12_124       |    <0.001 |
|       AB_12_125       |    <0.001 |
|       AB_12_126       |    <0.001 |
|       AB_12_127       |    <0.001 |
|       AB_12_128       |    <0.001 |
|       AB_12_129       |    <0.001 |
|       AB_12_13        |    <0.001 |
|       AB_12_130       |    <0.001 |
|       AB_12_131       |    <0.001 |
|       AB_12_132       |    <0.001 |
|       AB_12_133       |    <0.001 |
|       AB_12_14        |    <0.001 |
|       AB_12_15        |    <0.001 |
|       AB_12_16        |    <0.001 |
|       AB_12_17        |    <0.001 |
|       AB_12_18        |    <0.001 |
|       AB_12_19        |    <0.001 |
|       AB_12_2         |    <0.001 |
|       AB_12_20        |    <0.001 |
|       AB_12_21        |    <0.001 |
|       AB_12_22        |    <0.001 |
|       AB_12_23        |    <0.001 |
|       AB_12_24        |    <0.001 |
|       AB_12_25        |    <0.001 |
|       AB_12_26        |    <0.001 |
|       AB_12_27        |    <0.001 |
|       AB_12_28        |    <0.001 |
|       AB_12_29        |    <0.001 |
|       AB_12_3         |    <0.001 |
|       AB_12_30        |    <0.001 |
|       AB_12_31        |    <0.001 |
|       AB_12_32        |    <0.001 |
|       AB_12_33        |    <0.001 |
|       AB_12_34        |    <0.001 |
|       AB_12_35        |    <0.001 |
|       AB_12_36        |    <0.001 |
|       AB_12_37        |    <0.001 |
|       AB_12_38        |    <0.001 |
|       AB_12_39        |    <0.001 |
|       AB_12_4         |    <0.001 |
|       AB_12_40        |    <0.001 |
|       AB_12_41        |    <0.001 |
|       AB_12_42        |    <0.001 |
|       AB_12_43        |    <0.001 |
|       AB_12_44        |    <0.001 |
|       AB_12_45        |    <0.001 |
|       AB_12_46        |    <0.001 |
|       AB_12_47        |    <0.001 |
|       AB_12_48        |    <0.001 |
|       AB_12_49        |    <0.001 |
|       AB_12_5         |    <0.001 |
|       AB_12_50        |    <0.001 |
|       AB_12_51        |    <0.001 |
|       AB_12_52        |    <0.001 |
|       AB_12_53        |    <0.001 |
|       AB_12_54        |    <0.001 |
|       AB_12_55        |    <0.001 |
|       AB_12_56        |    <0.001 |
|       AB_12_57        |    <0.001 |
|       AB_12_58        |    <0.001 |
|       AB_12_59        |    <0.001 |
|       AB_12_6         |    <0.001 |
|       AB_12_60        |    <0.001 |
|       AB_12_61        |    <0.001 |
|       AB_12_62        |    <0.001 |
|       AB_12_63        |    <0.001 |
|       AB_12_64        |    <0.001 |
|       AB_12_65        |    <0.001 |
|       AB_12_66        |    <0.001 |
|       AB_12_67        |    <0.001 |
|       AB_12_68        |    <0.001 |
|       AB_12_69        |    <0.001 |
|       AB_12_7         |    <0.001 |
|       AB_12_70        |    <0.001 |
|       AB_12_71        |    <0.001 |
|       AB_12_72        |    <0.001 |
|       AB_12_73        |    <0.001 |
|       AB_12_74        |    <0.001 |
|       AB_12_75        |    <0.001 |
|       AB_12_76        |    <0.001 |
|       AB_12_77        |    <0.001 |
|       AB_12_78        |    <0.001 |
|       AB_12_79        |    <0.001 |
|       AB_12_8         |    <0.001 |
|       AB_12_80        |    <0.001 |
|       AB_12_81        |    <0.001 |
|       AB_12_82        |    <0.001 |
|       AB_12_83        |    <0.001 |
|       AB_12_84        |    <0.001 |
|       AB_12_85        |    <0.001 |
|       AB_12_86        |    <0.001 |
|       AB_12_87        |    <0.001 |
|       AB_12_88        |    <0.001 |
|       AB_12_89        |    <0.001 |
|       AB_12_9         |    <0.001 |
|       AB_12_90        |    <0.001 |
|       AB_12_91        |    <0.001 |
|       AB_12_92        |    <0.001 |
|       AB_12_93        |    <0.001 |
|       AB_12_94        |    <0.001 |
|       AB_12_95        |    <0.001 |
|       AB_12_96        |    <0.001 |
|       AB_12_97        |    <0.001 |
|       AB_12_98        |    <0.001 |
|       AB_12_99        |    <0.001 |
|       AB_13_0         |    <0.001 |
|       AB_13_1         |    <0.001 |
|       AB_13_10        |    <0.001 |
|       AB_13_100       |    <0.001 |
|       AB_13_101       |    <0.001 |
|       AB_13_102       |    <0.001 |
|       AB_13_103       |    <0.001 |
|       AB_13_104       |    <0.001 |
|       AB_13_105       |    <0.001 |
|       AB_13_106       |    <0.001 |
|       AB_13_107       |    <0.001 |
|       AB_13_108       |    <0.001 |
|       AB_13_109       |    <0.001 |
|       AB_13_11        |    <0.001 |
|       AB_13_110       |    <0.001 |
|       AB_13_111       |    <0.001 |
|       AB_13_112       |    <0.001 |
|       AB_13_113       |    <0.001 |
|       AB_13_114       |    <0.001 |
|       AB_13_115       |    <0.001 |
|       AB_13_116       |    <0.001 |
|       AB_13_117       |    <0.001 |
|       AB_13_118       |    <0.001 |
|       AB_13_119       |    <0.001 |
|       AB_13_12        |    <0.001 |
|       AB_13_120       |    <0.001 |
|       AB_13_121       |    <0.001 |
|       AB_13_122       |    <0.001 |
|       AB_13_123       |    <0.001 |
|       AB_13_124       |    <0.001 |
|       AB_13_125       |    <0.001 |
|       AB_13_126       |    <0.001 |
|       AB_13_127       |    <0.001 |
|       AB_13_128       |    <0.001 |
|       AB_13_129       |    <0.001 |
|       AB_13_13        |    <0.001 |
|       AB_13_130       |    <0.001 |
|       AB_13_131       |    <0.001 |
|       AB_13_132       |    <0.001 |
|       AB_13_133       |    <0.001 |
|       AB_13_14        |    <0.001 |
|       AB_13_15        |    <0.001 |
|       AB_13_16        |    <0.001 |
|       AB_13_17        |    <0.001 |
|       AB_13_18        |    <0.001 |
|       AB_13_19        |    <0.001 |
|       AB_13_2         |    <0.001 |
|       AB_13_20        |    <0.001 |
|       AB_13_21        |    <0.001 |
|       AB_13_22        |    <0.001 |
|       AB_13_23        |    <0.001 |
|       AB_13_24        |    <0.001 |
|       AB_13_25        |    <0.001 |
|       AB_13_26        |    <0.001 |
|       AB_13_27        |    <0.001 |
|       AB_13_28        |    <0.001 |
|       AB_13_29        |    <0.001 |
|       AB_13_3         |    <0.001 |
|       AB_13_30        |    <0.001 |
|       AB_13_31        |    <0.001 |
|       AB_13_32        |    <0.001 |
|       AB_13_33        |    <0.001 |
|       AB_13_34        |    <0.001 |
|       AB_13_35        |    <0.001 |
|       AB_13_36        |    <0.001 |
|       AB_13_37        |    <0.001 |
|       AB_13_38        |    <0.001 |
|       AB_13_39        |    <0.001 |
|       AB_13_4         |    <0.001 |
|       AB_13_40        |    <0.001 |
|       AB_13_41        |    <0.001 |
|       AB_13_42        |    <0.001 |
|       AB_13_43        |    <0.001 |
|       AB_13_44        |    <0.001 |
|       AB_13_45        |    <0.001 |
|       AB_13_46        |    <0.001 |
|       AB_13_47        |    <0.001 |
|       AB_13_48        |    <0.001 |
|       AB_13_49        |    <0.001 |
|       AB_13_5         |    <0.001 |
|       AB_13_50        |    <0.001 |
|       AB_13_51        |    <0.001 |
|       AB_13_52        |    <0.001 |
|       AB_13_53        |    <0.001 |
|       AB_13_54        |    <0.001 |
|       AB_13_55        |    <0.001 |
|       AB_13_56        |    <0.001 |
|       AB_13_57        |    <0.001 |
|       AB_13_58        |    <0.001 |
|       AB_13_59        |    <0.001 |
|       AB_13_6         |    <0.001 |
|       AB_13_60        |    <0.001 |
|       AB_13_61        |    <0.001 |
|       AB_13_62        |    <0.001 |
|       AB_13_63        |    <0.001 |
|       AB_13_64        |    <0.001 |
|       AB_13_65        |    <0.001 |
|       AB_13_66        |    <0.001 |
|       AB_13_67        |    <0.001 |
|       AB_13_68        |    <0.001 |
|       AB_13_69        |    <0.001 |
|       AB_13_7         |    <0.001 |
|       AB_13_70        |    <0.001 |
|       AB_13_71        |    <0.001 |
|       AB_13_72        |    <0.001 |
|       AB_13_73        |    <0.001 |
|       AB_13_74        |    <0.001 |
|       AB_13_75        |    <0.001 |
|       AB_13_76        |    <0.001 |
|       AB_13_77        |    <0.001 |
|       AB_13_78        |    <0.001 |
|       AB_13_79        |    <0.001 |
|       AB_13_8         |    <0.001 |
|       AB_13_80        |    <0.001 |
|       AB_13_81        |    <0.001 |
|       AB_13_82        |    <0.001 |
|       AB_13_83        |    <0.001 |
|       AB_13_84        |    <0.001 |
|       AB_13_85        |    <0.001 |
|       AB_13_86        |    <0.001 |
|       AB_13_87        |    <0.001 |
|       AB_13_88        |    <0.001 |
|       AB_13_89        |    <0.001 |
|       AB_13_9         |    <0.001 |
|       AB_13_90        |    <0.001 |
|       AB_13_91        |    <0.001 |
|       AB_13_92        |    <0.001 |
|       AB_13_93        |    <0.001 |
|       AB_13_94        |    <0.001 |
|       AB_13_95        |    <0.001 |
|       AB_13_96        |    <0.001 |
|       AB_13_97        |    <0.001 |
|       AB_13_98        |    <0.001 |
|       AB_13_99        |    <0.001 |
|       AB_14_0         |    <0.001 |
|       AB_14_1         |    <0.001 |
|       AB_14_10        |    <0.001 |
|       AB_14_100       |    <0.001 |
|       AB_14_101       |    <0.001 |
|       AB_14_102       |    <0.001 |
|       AB_14_103       |    <0.001 |
|       AB_14_104       |    <0.001 |
|       AB_14_105       |    <0.001 |
|       AB_14_106       |    <0.001 |
|       AB_14_107       |    <0.001 |
|       AB_14_108       |    <0.001 |
|       AB_14_109       |    <0.001 |
|       AB_14_11        |    <0.001 |
|       AB_14_110       |    <0.001 |
|       AB_14_111       |    <0.001 |
|       AB_14_112       |    <0.001 |
|       AB_14_113       |    <0.001 |
|       AB_14_114       |    <0.001 |
|       AB_14_115       |    <0.001 |
|       AB_14_116       |    <0.001 |
|       AB_14_117       |    <0.001 |
|       AB_14_118       |    <0.001 |
|       AB_14_119       |    <0.001 |
|       AB_14_12        |    <0.001 |
|       AB_14_120       |    <0.001 |
|       AB_14_121       |    <0.001 |
|       AB_14_122       |    <0.001 |
|       AB_14_123       |    <0.001 |
|       AB_14_124       |    <0.001 |
|       AB_14_125       |    <0.001 |
|       AB_14_126       |    <0.001 |
|       AB_14_127       |    <0.001 |
|       AB_14_128       |    <0.001 |
|       AB_14_129       |    <0.001 |
|       AB_14_13        |    <0.001 |
|       AB_14_130       |    <0.001 |
|       AB_14_131       |    <0.001 |
|       AB_14_132       |    <0.001 |
|       AB_14_133       |    <0.001 |
|       AB_14_14        |    <0.001 |
|       AB_14_15        |    <0.001 |
|       AB_14_16        |    <0.001 |
|       AB_14_17        |    <0.001 |
|       AB_14_18        |    <0.001 |
|       AB_14_19        |    <0.001 |
|       AB_14_2         |    <0.001 |
|       AB_14_20        |    <0.001 |
|       AB_14_21        |    <0.001 |
|       AB_14_22        |    <0.001 |
|       AB_14_23        |    <0.001 |
|       AB_14_24        |    <0.001 |
|       AB_14_25        |    <0.001 |
|       AB_14_26        |    <0.001 |
|       AB_14_27        |    <0.001 |
|       AB_14_28        |    <0.001 |
|       AB_14_29        |    <0.001 |
|       AB_14_3         |    <0.001 |
|       AB_14_30        |    <0.001 |
|       AB_14_31        |    <0.001 |
|       AB_14_32        |    <0.001 |
|       AB_14_33        |    <0.001 |
|       AB_14_34        |    <0.001 |
|       AB_14_35        |    <0.001 |
|       AB_14_36        |    <0.001 |
|       AB_14_37        |    <0.001 |
|       AB_14_38        |    <0.001 |
|       AB_14_39        |    <0.001 |
|       AB_14_4         |    <0.001 |
|       AB_14_40        |    <0.001 |
|       AB_14_41        |    <0.001 |
|       AB_14_42        |    <0.001 |
|       AB_14_43        |    <0.001 |
|       AB_14_44        |    <0.001 |
|       AB_14_45        |    <0.001 |
|       AB_14_46        |    <0.001 |
|       AB_14_47        |    <0.001 |
|       AB_14_48        |    <0.001 |
|       AB_14_49        |    <0.001 |
|       AB_14_5         |    <0.001 |
|       AB_14_50        |    <0.001 |
|       AB_14_51        |    <0.001 |
|       AB_14_52        |    <0.001 |
|       AB_14_53        |    <0.001 |
|       AB_14_54        |    <0.001 |
|       AB_14_55        |    <0.001 |
|       AB_14_56        |    <0.001 |
|       AB_14_57        |    <0.001 |
|       AB_14_58        |    <0.001 |
|       AB_14_59        |    <0.001 |
|       AB_14_6         |    <0.001 |
|       AB_14_60        |    <0.001 |
|       AB_14_61        |    <0.001 |
|       AB_14_62        |    <0.001 |
|       AB_14_63        |    <0.001 |
|       AB_14_64        |    <0.001 |
|       AB_14_65        |    <0.001 |
|       AB_14_66        |    <0.001 |
|       AB_14_67        |    <0.001 |
|       AB_14_68        |    <0.001 |
|       AB_14_69        |    <0.001 |
|       AB_14_7         |    <0.001 |
|       AB_14_70        |    <0.001 |
|       AB_14_71        |    <0.001 |
|       AB_14_72        |    <0.001 |
|       AB_14_73        |    <0.001 |
|       AB_14_74        |    <0.001 |
|       AB_14_75        |    <0.001 |
|       AB_14_76        |    <0.001 |
|       AB_14_77        |    <0.001 |
|       AB_14_78        |    <0.001 |
|       AB_14_79        |    <0.001 |
|       AB_14_8         |    <0.001 |
|       AB_14_80        |    <0.001 |
|       AB_14_81        |    <0.001 |
|       AB_14_82        |    <0.001 |
|       AB_14_83        |    <0.001 |
|       AB_14_84        |    <0.001 |
|       AB_14_85        |    <0.001 |
|       AB_14_86        |    <0.001 |
|       AB_14_87        |    <0.001 |
|       AB_14_88        |    <0.001 |
|       AB_14_89        |    <0.001 |
|       AB_14_9         |    <0.001 |
|       AB_14_90        |    <0.001 |
|       AB_14_91        |    <0.001 |
|       AB_14_92        |    <0.001 |
|       AB_14_93        |    <0.001 |
|       AB_14_94        |    <0.001 |
|       AB_14_95        |    <0.001 |
|       AB_14_96        |    <0.001 |
|       AB_14_97        |    <0.001 |
|       AB_14_98        |    <0.001 |
|       AB_14_99        |    <0.001 |
|       AB_15_0         |    <0.001 |
|       AB_15_1         |    <0.001 |
|       AB_15_10        |    <0.001 |
|       AB_15_100       |    <0.001 |
|       AB_15_101       |    <0.001 |
|       AB_15_102       |    <0.001 |
|       AB_15_103       |    <0.001 |
|       AB_15_104       |    <0.001 |
|       AB_15_105       |    <0.001 |
|       AB_15_106       |    <0.001 |
|       AB_15_107       |    <0.001 |
|       AB_15_108       |    <0.001 |
|       AB_15_109       |    <0.001 |
|       AB_15_11        |    <0.001 |
|       AB_15_110       |    <0.001 |
|       AB_15_111       |    <0.001 |
|       AB_15_112       |    <0.001 |
|       AB_15_113       |    <0.001 |
|       AB_15_114       |    <0.001 |
|       AB_15_115       |    <0.001 |
|       AB_15_116       |    <0.001 |
|       AB_15_117       |    <0.001 |
|       AB_15_118       |    <0.001 |
|       AB_15_119       |    <0.001 |
|       AB_15_12        |    <0.001 |
|       AB_15_120       |    <0.001 |
|       AB_15_121       |    <0.001 |
|       AB_15_122       |    <0.001 |
|       AB_15_123       |    <0.001 |
|       AB_15_124       |    <0.001 |
|       AB_15_125       |    <0.001 |
|       AB_15_126       |    <0.001 |
|       AB_15_127       |    <0.001 |
|       AB_15_128       |    <0.001 |
|       AB_15_129       |    <0.001 |
|       AB_15_13        |    <0.001 |
|       AB_15_130       |    <0.001 |
|       AB_15_131       |    <0.001 |
|       AB_15_132       |    <0.001 |
|       AB_15_133       |    <0.001 |
|       AB_15_14        |    <0.001 |
|       AB_15_15        |    <0.001 |
|       AB_15_16        |    <0.001 |
|       AB_15_17        |    <0.001 |
|       AB_15_18        |    <0.001 |
|       AB_15_19        |    <0.001 |
|       AB_15_2         |    <0.001 |
|       AB_15_20        |    <0.001 |
|       AB_15_21        |    <0.001 |
|       AB_15_22        |    <0.001 |
|       AB_15_23        |    <0.001 |
|       AB_15_24        |    <0.001 |
|       AB_15_25        |    <0.001 |
|       AB_15_26        |    <0.001 |
|       AB_15_27        |    <0.001 |
|       AB_15_28        |    <0.001 |
|       AB_15_29        |    <0.001 |
|       AB_15_3         |    <0.001 |
|       AB_15_30        |    <0.001 |
|       AB_15_31        |    <0.001 |
|       AB_15_32        |    <0.001 |
|       AB_15_33        |    <0.001 |
|       AB_15_34        |    <0.001 |
|       AB_15_35        |    <0.001 |
|       AB_15_36        |    <0.001 |
|       AB_15_37        |    <0.001 |
|       AB_15_38        |    <0.001 |
|       AB_15_39        |    <0.001 |
|       AB_15_4         |    <0.001 |
|       AB_15_40        |    <0.001 |
|       AB_15_41        |    <0.001 |
|       AB_15_42        |    <0.001 |
|       AB_15_43        |    <0.001 |
|       AB_15_44        |    <0.001 |
|       AB_15_45        |    <0.001 |
|       AB_15_46        |    <0.001 |
|       AB_15_47        |    <0.001 |
|       AB_15_48        |    <0.001 |
|       AB_15_49        |    <0.001 |
|       AB_15_5         |    <0.001 |
|       AB_15_50        |    <0.001 |
|       AB_15_51        |    <0.001 |
|       AB_15_52        |    <0.001 |
|       AB_15_53        |    <0.001 |
|       AB_15_54        |    <0.001 |
|       AB_15_55        |    <0.001 |
|       AB_15_56        |    <0.001 |
|       AB_15_57        |    <0.001 |
|       AB_15_58        |    <0.001 |
|       AB_15_59        |    <0.001 |
|       AB_15_6         |    <0.001 |
|       AB_15_60        |    <0.001 |
|       AB_15_61        |    <0.001 |
|       AB_15_62        |    <0.001 |
|       AB_15_63        |    <0.001 |
|       AB_15_64        |    <0.001 |
|       AB_15_65        |    <0.001 |
|       AB_15_66        |    <0.001 |
|       AB_15_67        |    <0.001 |
|       AB_15_68        |    <0.001 |
|       AB_15_69        |    <0.001 |
|       AB_15_7         |    <0.001 |
|       AB_15_70        |    <0.001 |
|       AB_15_71        |    <0.001 |
|       AB_15_72        |    <0.001 |
|       AB_15_73        |    <0.001 |
|       AB_15_74        |    <0.001 |
|       AB_15_75        |    <0.001 |
|       AB_15_76        |    <0.001 |
|       AB_15_77        |    <0.001 |
|       AB_15_78        |    <0.001 |
|       AB_15_79        |    <0.001 |
|       AB_15_8         |    <0.001 |
|       AB_15_80        |    <0.001 |
|       AB_15_81        |    <0.001 |
|       AB_15_82        |    <0.001 |
|       AB_15_83        |    <0.001 |
|       AB_15_84        |    <0.001 |
|       AB_15_85        |    <0.001 |
|       AB_15_86        |    <0.001 |
|       AB_15_87        |    <0.001 |
|       AB_15_88        |    <0.001 |
|       AB_15_89        |    <0.001 |
|       AB_15_9         |    <0.001 |
|       AB_15_90        |    <0.001 |
|       AB_15_91        |    <0.001 |
|       AB_15_92        |    <0.001 |
|       AB_15_93        |    <0.001 |
|       AB_15_94        |    <0.001 |
|       AB_15_95        |    <0.001 |
|       AB_15_96        |    <0.001 |
|       AB_15_97        |    <0.001 |
|       AB_15_98        |    <0.001 |
|       AB_15_99        |    <0.001 |
|       AB_1_0          |    <0.001 |
|       AB_1_1          |    <0.001 |
|       AB_1_10         |    <0.001 |
|       AB_1_100        |    <0.001 |
|       AB_1_101        |    <0.001 |
|       AB_1_102        |    <0.001 |
|       AB_1_103        |    <0.001 |
|       AB_1_104        |    <0.001 |
|       AB_1_105        |    <0.001 |
|       AB_1_106        |    <0.001 |
|       AB_1_107        |    <0.001 |
|       AB_1_108        |    <0.001 |
|       AB_1_109        |    <0.001 |
|       AB_1_11         |    <0.001 |
|       AB_1_110        |    <0.001 |
|       AB_1_111        |    <0.001 |
|       AB_1_112        |    <0.001 |
|       AB_1_113        |    <0.001 |
|       AB_1_114        |    <0.001 |
|       AB_1_115        |    <0.001 |
|       AB_1_116        |    <0.001 |
|       AB_1_117        |    <0.001 |
|       AB_1_118        |    <0.001 |
|       AB_1_119        |    <0.001 |
|       AB_1_12         |    <0.001 |
|       AB_1_120        |    <0.001 |
|       AB_1_121        |    <0.001 |
|       AB_1_122        |    <0.001 |
|       AB_1_123        |    <0.001 |
|       AB_1_124        |    <0.001 |
|       AB_1_125        |    <0.001 |
|       AB_1_126        |    <0.001 |
|       AB_1_127        |    <0.001 |
|       AB_1_128        |    <0.001 |
|       AB_1_129        |    <0.001 |
|       AB_1_13         |    <0.001 |
|       AB_1_130        |    <0.001 |
|       AB_1_131        |    <0.001 |
|       AB_1_132        |    <0.001 |
|       AB_1_133        |    <0.001 |
|       AB_1_14         |    <0.001 |
|       AB_1_15         |    <0.001 |
|       AB_1_16         |    <0.001 |
|       AB_1_17         |    <0.001 |
|       AB_1_18         |    <0.001 |
|       AB_1_19         |    <0.001 |
|       AB_1_2          |    <0.001 |
|       AB_1_20         |    <0.001 |
|       AB_1_21         |    <0.001 |
|       AB_1_22         |    <0.001 |
|       AB_1_23         |    <0.001 |
|       AB_1_24         |    <0.001 |
|       AB_1_25         |    <0.001 |
|       AB_1_26         |    <0.001 |
|       AB_1_27         |    <0.001 |
|       AB_1_28         |    <0.001 |
|       AB_1_29         |    <0.001 |
|       AB_1_3          |    <0.001 |
|       AB_1_30         |    <0.001 |
|       AB_1_31         |    <0.001 |
|       AB_1_32         |    <0.001 |
|       AB_1_33         |    <0.001 |
|       AB_1_34         |    <0.001 |
|       AB_1_35         |    <0.001 |
|       AB_1_36         |    <0.001 |
|       AB_1_37         |    <0.001 |
|       AB_1_38         |    <0.001 |
|       AB_1_39         |    <0.001 |
|       AB_1_4          |    <0.001 |
|       AB_1_40         |    <0.001 |
|       AB_1_41         |    <0.001 |
|       AB_1_42         |    <0.001 |
|       AB_1_43         |    <0.001 |
|       AB_1_44         |    <0.001 |
|       AB_1_45         |    <0.001 |
|       AB_1_46         |    <0.001 |
|       AB_1_47         |    <0.001 |
|       AB_1_48         |    <0.001 |
|       AB_1_49         |    <0.001 |
|       AB_1_5          |    <0.001 |
|       AB_1_50         |    <0.001 |
|       AB_1_51         |    <0.001 |
|       AB_1_52         |    <0.001 |
|       AB_1_53         |    <0.001 |
|       AB_1_54         |    <0.001 |
|       AB_1_55         |    <0.001 |
|       AB_1_56         |    <0.001 |
|       AB_1_57         |    <0.001 |
|       AB_1_58         |    <0.001 |
|       AB_1_59         |    <0.001 |
|       AB_1_6          |    <0.001 |
|       AB_1_60         |    <0.001 |
|       AB_1_61         |    <0.001 |
|       AB_1_62         |    <0.001 |
|       AB_1_63         |    <0.001 |
|       AB_1_64         |    <0.001 |
|       AB_1_65         |    <0.001 |
|       AB_1_66         |    <0.001 |
|       AB_1_67         |    <0.001 |
|       AB_1_68         |    <0.001 |
|       AB_1_69         |    <0.001 |
|       AB_1_7          |    <0.001 |
|       AB_1_70         |    <0.001 |
|       AB_1_71         |    <0.001 |
|       AB_1_72         |    <0.001 |
|       AB_1_73         |    <0.001 |
|       AB_1_74         |    <0.001 |
|       AB_1_75         |    <0.001 |
|       AB_1_76         |    <0.001 |
|       AB_1_77         |    <0.001 |
|       AB_1_78         |    <0.001 |
|       AB_1_79         |    <0.001 |
|       AB_1_8          |    <0.001 |
|       AB_1_80         |    <0.001 |
|       AB_1_81         |    <0.001 |
|       AB_1_82         |    <0.001 |
|       AB_1_83         |    <0.001 |
|       AB_1_84         |    <0.001 |
|       AB_1_85         |    <0.001 |
|       AB_1_86         |    <0.001 |
|       AB_1_87         |    <0.001 |
|       AB_1_88         |    <0.001 |
|       AB_1_89         |    <0.001 |
|       AB_1_9          |    <0.001 |
|       AB_1_90         |    <0.001 |
|       AB_1_91         |    <0.001 |
|       AB_1_92         |    <0.001 |
|       AB_1_93         |    <0.001 |
|       AB_1_94         |    <0.001 |
|       AB_1_95         |    <0.001 |
|       AB_1_96         |    <0.001 |
|       AB_1_97         |    <0.001 |
|       AB_1_98         |    <0.001 |
|       AB_1_99         |    <0.001 |
|       AB_2_0          |    <0.001 |
|       AB_2_1          |    <0.001 |
|       AB_2_10         |    <0.001 |
|       AB_2_100        |    <0.001 |
|       AB_2_101        |    <0.001 |
|       AB_2_102        |    <0.001 |
|       AB_2_103        |    <0.001 |
|       AB_2_104        |    <0.001 |
|       AB_2_105        |    <0.001 |
|       AB_2_106        |    <0.001 |
|       AB_2_107        |    <0.001 |
|       AB_2_108        |    <0.001 |
|       AB_2_109        |    <0.001 |
|       AB_2_11         |    <0.001 |
|       AB_2_110        |    <0.001 |
|       AB_2_111        |    <0.001 |
|       AB_2_112        |    <0.001 |
|       AB_2_113        |    <0.001 |
|       AB_2_114        |    <0.001 |
|       AB_2_115        |    <0.001 |
|       AB_2_116        |    <0.001 |
|       AB_2_117        |    <0.001 |
|       AB_2_118        |    <0.001 |
|       AB_2_119        |    <0.001 |
|       AB_2_12         |    <0.001 |
|       AB_2_120        |    <0.001 |
|       AB_2_121        |    <0.001 |
|       AB_2_122        |    <0.001 |
|       AB_2_123        |    <0.001 |
|       AB_2_124        |    <0.001 |
|       AB_2_125        |    <0.001 |
|       AB_2_126        |    <0.001 |
|       AB_2_127        |    <0.001 |
|       AB_2_128        |    <0.001 |
|       AB_2_129        |    <0.001 |
|       AB_2_13         |    <0.001 |
|       AB_2_130        |    <0.001 |
|       AB_2_131        |    <0.001 |
|       AB_2_132        |    <0.001 |
|       AB_2_133        |    <0.001 |
|       AB_2_14         |    <0.001 |
|       AB_2_15         |    <0.001 |
|       AB_2_16         |    <0.001 |
|       AB_2_17         |    <0.001 |
|       AB_2_18         |    <0.001 |
|       AB_2_19         |    <0.001 |
|       AB_2_2          |    <0.001 |
|       AB_2_20         |    <0.001 |
|       AB_2_21         |    <0.001 |
|       AB_2_22         |    <0.001 |
|       AB_2_23         |    <0.001 |
|       AB_2_24         |    <0.001 |
|       AB_2_25         |    <0.001 |
|       AB_2_26         |    <0.001 |
|       AB_2_27         |    <0.001 |
|       AB_2_28         |    <0.001 |
|       AB_2_29         |    <0.001 |
|       AB_2_3          |    <0.001 |
|       AB_2_30         |    <0.001 |
|       AB_2_31         |    <0.001 |
|       AB_2_32         |    <0.001 |
|       AB_2_33         |    <0.001 |
|       AB_2_34         |    <0.001 |
|       AB_2_35         |    <0.001 |
|       AB_2_36         |    <0.001 |
|       AB_2_37         |    <0.001 |
|       AB_2_38         |    <0.001 |
|       AB_2_39         |    <0.001 |
|       AB_2_4          |    <0.001 |
|       AB_2_40         |    <0.001 |
|       AB_2_41         |    <0.001 |
|       AB_2_42         |    <0.001 |
|       AB_2_43         |    <0.001 |
|       AB_2_44         |    <0.001 |
|       AB_2_45         |    <0.001 |
|       AB_2_46         |    <0.001 |
|       AB_2_47         |    <0.001 |
|       AB_2_48         |    <0.001 |
|       AB_2_49         |    <0.001 |
|       AB_2_5          |    <0.001 |
|       AB_2_50         |    <0.001 |
|       AB_2_51         |    <0.001 |
|       AB_2_52         |    <0.001 |
|       AB_2_53         |    <0.001 |
|       AB_2_54         |    <0.001 |
|       AB_2_55         |    <0.001 |
|       AB_2_56         |    <0.001 |
|       AB_2_57         |    <0.001 |
|       AB_2_58         |    <0.001 |
|       AB_2_59         |    <0.001 |
|       AB_2_6          |    <0.001 |
|       AB_2_60         |    <0.001 |
|       AB_2_61         |    <0.001 |
|       AB_2_62         |    <0.001 |
|       AB_2_63         |    <0.001 |
|       AB_2_64         |    <0.001 |
|       AB_2_65         |    <0.001 |
|       AB_2_66         |    <0.001 |
|       AB_2_67         |    <0.001 |
|       AB_2_68         |    <0.001 |
|       AB_2_69         |    <0.001 |
|       AB_2_7          |    <0.001 |
|       AB_2_70         |    <0.001 |
|       AB_2_71         |    <0.001 |
|       AB_2_72         |    <0.001 |
|       AB_2_73         |    <0.001 |
|       AB_2_74         |    <0.001 |
|       AB_2_75         |    <0.001 |
|       AB_2_76         |    <0.001 |
|       AB_2_77         |    <0.001 |
|       AB_2_78         |    <0.001 |
|       AB_2_79         |    <0.001 |
|       AB_2_8          |    <0.001 |
|       AB_2_80         |    <0.001 |
|       AB_2_81         |    <0.001 |
|       AB_2_82         |    <0.001 |
|       AB_2_83         |    <0.001 |
|       AB_2_84         |    <0.001 |
|       AB_2_85         |    <0.001 |
|       AB_2_86         |    <0.001 |
|       AB_2_87         |    <0.001 |
|       AB_2_88         |    <0.001 |
|       AB_2_89         |    <0.001 |
|       AB_2_9          |    <0.001 |
|       AB_2_90         |    <0.001 |
|       AB_2_91         |    <0.001 |
|       AB_2_92         |    <0.001 |
|       AB_2_93         |    <0.001 |
|       AB_2_94         |    <0.001 |
|       AB_2_95         |    <0.001 |
|       AB_2_96         |    <0.001 |
|       AB_2_97         |    <0.001 |
|       AB_2_98         |    <0.001 |
|       AB_2_99         |    <0.001 |
|       AB_3_0          |    <0.001 |
|       AB_3_1          |    <0.001 |
|       AB_3_10         |    <0.001 |
|       AB_3_100        |    <0.001 |
|       AB_3_101        |    <0.001 |
|       AB_3_102        |    <0.001 |
|       AB_3_103        |    <0.001 |
|       AB_3_104        |    <0.001 |
|       AB_3_105        |    <0.001 |
|       AB_3_106        |    <0.001 |
|       AB_3_107        |    <0.001 |
|       AB_3_108        |    <0.001 |
|       AB_3_109        |    <0.001 |
|       AB_3_11         |    <0.001 |
|       AB_3_110        |    <0.001 |
|       AB_3_111        |    <0.001 |
|       AB_3_112        |    <0.001 |
|       AB_3_113        |    <0.001 |
|       AB_3_114        |    <0.001 |
|       AB_3_115        |    <0.001 |
|       AB_3_116        |    <0.001 |
|       AB_3_117        |    <0.001 |
|       AB_3_118        |    <0.001 |
|       AB_3_119        |    <0.001 |
|       AB_3_12         |    <0.001 |
|       AB_3_120        |    <0.001 |
|       AB_3_121        |    <0.001 |
|       AB_3_122        |    <0.001 |
|       AB_3_123        |    <0.001 |
|       AB_3_124        |    <0.001 |
|       AB_3_125        |    <0.001 |
|       AB_3_126        |    <0.001 |
|       AB_3_127        |    <0.001 |
|       AB_3_128        |    <0.001 |
|       AB_3_129        |    <0.001 |
|       AB_3_13         |    <0.001 |
|       AB_3_130        |    <0.001 |
|       AB_3_131        |    <0.001 |
|       AB_3_132        |    <0.001 |
|       AB_3_133        |    <0.001 |
|       AB_3_14         |    <0.001 |
|       AB_3_15         |    <0.001 |
|       AB_3_16         |    <0.001 |
|       AB_3_17         |    <0.001 |
|       AB_3_18         |    <0.001 |
|       AB_3_19         |    <0.001 |
|       AB_3_2          |    <0.001 |
|       AB_3_20         |    <0.001 |
|       AB_3_21         |    <0.001 |
|       AB_3_22         |    <0.001 |
|       AB_3_23         |    <0.001 |
|       AB_3_24         |    <0.001 |
|       AB_3_25         |    <0.001 |
|       AB_3_26         |    <0.001 |
|       AB_3_27         |    <0.001 |
|       AB_3_28         |    <0.001 |
|       AB_3_29         |    <0.001 |
|       AB_3_3          |    <0.001 |
|       AB_3_30         |    <0.001 |
|       AB_3_31         |    <0.001 |
|       AB_3_32         |    <0.001 |
|       AB_3_33         |    <0.001 |
|       AB_3_34         |    <0.001 |
|       AB_3_35         |    <0.001 |
|       AB_3_36         |    <0.001 |
|       AB_3_37         |    <0.001 |
|       AB_3_38         |    <0.001 |
|       AB_3_39         |    <0.001 |
|       AB_3_4          |    <0.001 |
|       AB_3_40         |    <0.001 |
|       AB_3_41         |    <0.001 |
|       AB_3_42         |    <0.001 |
|       AB_3_43         |    <0.001 |
|       AB_3_44         |    <0.001 |
|       AB_3_45         |    <0.001 |
|       AB_3_46         |    <0.001 |
|       AB_3_47         |    <0.001 |
|       AB_3_48         |    <0.001 |
|       AB_3_49         |    <0.001 |
|       AB_3_5          |    <0.001 |
|       AB_3_50         |    <0.001 |
|       AB_3_51         |    <0.001 |
|       AB_3_52         |    <0.001 |
|       AB_3_53         |    <0.001 |
|       AB_3_54         |    <0.001 |
|       AB_3_55         |    <0.001 |
|       AB_3_56         |    <0.001 |
|       AB_3_57         |    <0.001 |
|       AB_3_58         |    <0.001 |
|       AB_3_59         |    <0.001 |
|       AB_3_6          |    <0.001 |
|       AB_3_60         |    <0.001 |
|       AB_3_61         |    <0.001 |
|       AB_3_62         |    <0.001 |
|       AB_3_63         |    <0.001 |
|       AB_3_64         |    <0.001 |
|       AB_3_65         |    <0.001 |
|       AB_3_66         |    <0.001 |
|       AB_3_67         |    <0.001 |
|       AB_3_68         |    <0.001 |
|       AB_3_69         |    <0.001 |
|       AB_3_7          |    <0.001 |
|       AB_3_70         |    <0.001 |
|       AB_3_71         |    <0.001 |
|       AB_3_72         |    <0.001 |
|       AB_3_73         |    <0.001 |
|       AB_3_74         |    <0.001 |
|       AB_3_75         |    <0.001 |
|       AB_3_76         |    <0.001 |
|       AB_3_77         |    <0.001 |
|       AB_3_78         |    <0.001 |
|       AB_3_79         |    <0.001 |
|       AB_3_8          |    <0.001 |
|       AB_3_80         |    <0.001 |
|       AB_3_81         |    <0.001 |
|       AB_3_82         |    <0.001 |
|       AB_3_83         |    <0.001 |
|       AB_3_84         |    <0.001 |
|       AB_3_85         |    <0.001 |
|       AB_3_86         |    <0.001 |
|       AB_3_87         |    <0.001 |
|       AB_3_88         |    <0.001 |
|       AB_3_89         |    <0.001 |
|       AB_3_9          |    <0.001 |
|       AB_3_90         |    <0.001 |
|       AB_3_91         |    <0.001 |
|       AB_3_92         |    <0.001 |
|       AB_3_93         |    <0.001 |
|       AB_3_94         |    <0.001 |
|       AB_3_95         |    <0.001 |
|       AB_3_96         |    <0.001 |
|       AB_3_97         |    <0.001 |
|       AB_3_98         |    <0.001 |
|       AB_3_99         |    <0.001 |
|       AB_4_0          |    <0.001 |
|       AB_4_1          |    <0.001 |
|       AB_4_10         |    <0.001 |
|       AB_4_100        |    <0.001 |
|       AB_4_101        |    <0.001 |
|       AB_4_102        |    <0.001 |
|       AB_4_103        |    <0.001 |
|       AB_4_104        |    <0.001 |
|       AB_4_105        |    <0.001 |
|       AB_4_106        |    <0.001 |
|       AB_4_107        |    <0.001 |
|       AB_4_108        |    <0.001 |
|       AB_4_109        |    <0.001 |
|       AB_4_11         |    <0.001 |
|       AB_4_110        |    <0.001 |
|       AB_4_111        |    <0.001 |
|       AB_4_112        |    <0.001 |
|       AB_4_113        |    <0.001 |
|       AB_4_114        |    <0.001 |
|       AB_4_115        |    <0.001 |
|       AB_4_116        |    <0.001 |
|       AB_4_117        |    <0.001 |
|       AB_4_118        |    <0.001 |
|       AB_4_119        |    <0.001 |
|       AB_4_12         |    <0.001 |
|       AB_4_120        |    <0.001 |
|       AB_4_121        |    <0.001 |
|       AB_4_122        |    <0.001 |
|       AB_4_123        |    <0.001 |
|       AB_4_124        |    <0.001 |
|       AB_4_125        |    <0.001 |
|       AB_4_126        |    <0.001 |
|       AB_4_127        |    <0.001 |
|       AB_4_128        |    <0.001 |
|       AB_4_129        |    <0.001 |
|       AB_4_13         |    <0.001 |
|       AB_4_130        |    <0.001 |
|       AB_4_131        |    <0.001 |
|       AB_4_132        |    <0.001 |
|       AB_4_133        |    <0.001 |
|       AB_4_14         |    <0.001 |
|       AB_4_15         |    <0.001 |
|       AB_4_16         |    <0.001 |
|       AB_4_17         |    <0.001 |
|       AB_4_18         |    <0.001 |
|       AB_4_19         |    <0.001 |
|       AB_4_2          |    <0.001 |
|       AB_4_20         |    <0.001 |
|       AB_4_21         |    <0.001 |
|       AB_4_22         |    <0.001 |
|       AB_4_23         |    <0.001 |
|       AB_4_24         |    <0.001 |
|       AB_4_25         |    <0.001 |
|       AB_4_26         |    <0.001 |
|       AB_4_27         |    <0.001 |
|       AB_4_28         |    <0.001 |
|       AB_4_29         |    <0.001 |
|       AB_4_3          |    <0.001 |
|       AB_4_30         |    <0.001 |
|       AB_4_31         |    <0.001 |
|       AB_4_32         |    <0.001 |
|       AB_4_33         |    <0.001 |
|       AB_4_34         |    <0.001 |
|       AB_4_35         |    <0.001 |
|       AB_4_36         |    <0.001 |
|       AB_4_37         |    <0.001 |
|       AB_4_38         |    <0.001 |
|       AB_4_39         |    <0.001 |
|       AB_4_4          |    <0.001 |
|       AB_4_40         |    <0.001 |
|       AB_4_41         |    <0.001 |
|       AB_4_42         |    <0.001 |
|       AB_4_43         |    <0.001 |
|       AB_4_44         |    <0.001 |
|       AB_4_45         |    <0.001 |
|       AB_4_46         |    <0.001 |
|       AB_4_47         |    <0.001 |
|       AB_4_48         |    <0.001 |
|       AB_4_49         |    <0.001 |
|       AB_4_5          |    <0.001 |
|       AB_4_50         |    <0.001 |
|       AB_4_51         |    <0.001 |
|       AB_4_52         |    <0.001 |
|       AB_4_53         |    <0.001 |
|       AB_4_54         |    <0.001 |
|       AB_4_55         |    <0.001 |
|       AB_4_56         |    <0.001 |
|       AB_4_57         |    <0.001 |
|       AB_4_58         |    <0.001 |
|       AB_4_59         |    <0.001 |
|       AB_4_6          |    <0.001 |
|       AB_4_60         |    <0.001 |
|       AB_4_61         |    <0.001 |
|       AB_4_62         |    <0.001 |
|       AB_4_63         |    <0.001 |
|       AB_4_64         |    <0.001 |
|       AB_4_65         |    <0.001 |
|       AB_4_66         |    <0.001 |
|       AB_4_67         |    <0.001 |
|       AB_4_68         |    <0.001 |
|       AB_4_69         |    <0.001 |
|       AB_4_7          |    <0.001 |
|       AB_4_70         |    <0.001 |
|       AB_4_71         |    <0.001 |
|       AB_4_72         |    <0.001 |
|       AB_4_73         |    <0.001 |
|       AB_4_74         |    <0.001 |
|       AB_4_75         |    <0.001 |
|       AB_4_76         |    <0.001 |
|       AB_4_77         |    <0.001 |
|       AB_4_78         |    <0.001 |
|       AB_4_79         |    <0.001 |
|       AB_4_8          |    <0.001 |
|       AB_4_80         |    <0.001 |
|       AB_4_81         |    <0.001 |
|       AB_4_82         |    <0.001 |
|       AB_4_83         |    <0.001 |
|       AB_4_84         |    <0.001 |
|       AB_4_85         |    <0.001 |
|       AB_4_86         |    <0.001 |
|       AB_4_87         |    <0.001 |
|       AB_4_88         |    <0.001 |
|       AB_4_89         |    <0.001 |
|       AB_4_9          |    <0.001 |
|       AB_4_90         |    <0.001 |
|       AB_4_91         |    <0.001 |
|       AB_4_92         |    <0.001 |
|       AB_4_93         |    <0.001 |
|       AB_4_94         |    <0.001 |
|       AB_4_95         |    <0.001 |
|       AB_4_96         |    <0.001 |
|       AB_4_97         |    <0.001 |
|       AB_4_98         |    <0.001 |
|       AB_4_99         |    <0.001 |
|       AB_5_0          |    <0.001 |
|       AB_5_1          |    <0.001 |
|       AB_5_10         |    <0.001 |
|       AB_5_100        |    <0.001 |
|       AB_5_101        |    <0.001 |
|       AB_5_102        |    <0.001 |
|       AB_5_103        |    <0.001 |
|       AB_5_104        |    <0.001 |
|       AB_5_105        |    <0.001 |
|       AB_5_106        |    <0.001 |
|       AB_5_107        |    <0.001 |
|       AB_5_108        |    <0.001 |
|       AB_5_109        |    <0.001 |
|       AB_5_11         |    <0.001 |
|       AB_5_110        |    <0.001 |
|       AB_5_111        |    <0.001 |
|       AB_5_112        |    <0.001 |
|       AB_5_113        |    <0.001 |
|       AB_5_114        |    <0.001 |
|       AB_5_115        |    <0.001 |
|       AB_5_116        |    <0.001 |
|       AB_5_117        |    <0.001 |
|       AB_5_118        |    <0.001 |
|       AB_5_119        |    <0.001 |
|       AB_5_12         |    <0.001 |
|       AB_5_120        |    <0.001 |
|       AB_5_121        |    <0.001 |
|       AB_5_122        |    <0.001 |
|       AB_5_123        |    <0.001 |
|       AB_5_124        |    <0.001 |
|       AB_5_125        |    <0.001 |
|       AB_5_126        |    <0.001 |
|       AB_5_127        |    <0.001 |
|       AB_5_128        |    <0.001 |
|       AB_5_129        |    <0.001 |
|       AB_5_13         |    <0.001 |
|       AB_5_130        |    <0.001 |
|       AB_5_131        |    <0.001 |
|       AB_5_132        |    <0.001 |
|       AB_5_133        |    <0.001 |
|       AB_5_14         |    <0.001 |
|       AB_5_15         |    <0.001 |
|       AB_5_16         |    <0.001 |
|       AB_5_17         |    <0.001 |
|       AB_5_18         |    <0.001 |
|       AB_5_19         |    <0.001 |
|       AB_5_2          |    <0.001 |
|       AB_5_20         |    <0.001 |
|       AB_5_21         |    <0.001 |
|       AB_5_22         |    <0.001 |
|       AB_5_23         |    <0.001 |
|       AB_5_24         |    <0.001 |
|       AB_5_25         |    <0.001 |
|       AB_5_26         |    <0.001 |
|       AB_5_27         |    <0.001 |
|       AB_5_28         |    <0.001 |
|       AB_5_29         |    <0.001 |
|       AB_5_3          |    <0.001 |
|       AB_5_30         |    <0.001 |
|       AB_5_31         |    <0.001 |
|       AB_5_32         |    <0.001 |
|       AB_5_33         |    <0.001 |
|       AB_5_34         |    <0.001 |
|       AB_5_35         |    <0.001 |
|       AB_5_36         |    <0.001 |
|       AB_5_37         |    <0.001 |
|       AB_5_38         |    <0.001 |
|       AB_5_39         |    <0.001 |
|       AB_5_4          |    <0.001 |
|       AB_5_40         |    <0.001 |
|       AB_5_41         |    <0.001 |
|       AB_5_42         |    <0.001 |
|       AB_5_43         |    <0.001 |
|       AB_5_44         |    <0.001 |
|       AB_5_45         |    <0.001 |
|       AB_5_46         |    <0.001 |
|       AB_5_47         |    <0.001 |
|       AB_5_48         |    <0.001 |
|       AB_5_49         |    <0.001 |
|       AB_5_5          |    <0.001 |
|       AB_5_50         |    <0.001 |
|       AB_5_51         |    <0.001 |
|       AB_5_52         |    <0.001 |
|       AB_5_53         |    <0.001 |
|       AB_5_54         |    <0.001 |
|       AB_5_55         |    <0.001 |
|       AB_5_56         |    <0.001 |
|       AB_5_57         |    <0.001 |
|       AB_5_58         |    <0.001 |
|       AB_5_59         |    <0.001 |
|       AB_5_6          |    <0.001 |
|       AB_5_60         |    <0.001 |
|       AB_5_61         |    <0.001 |
|       AB_5_62         |    <0.001 |
|       AB_5_63         |    <0.001 |
|       AB_5_64         |    <0.001 |
|       AB_5_65         |    <0.001 |
|       AB_5_66         |    <0.001 |
|       AB_5_67         |    <0.001 |
|       AB_5_68         |    <0.001 |
|       AB_5_69         |    <0.001 |
|       AB_5_7          |    <0.001 |
|       AB_5_70         |    <0.001 |
|       AB_5_71         |    <0.001 |
|       AB_5_72         |    <0.001 |
|       AB_5_73         |    <0.001 |
|       AB_5_74         |    <0.001 |
|       AB_5_75         |    <0.001 |
|       AB_5_76         |    <0.001 |
|       AB_5_77         |    <0.001 |
|       AB_5_78         |    <0.001 |
|       AB_5_79         |    <0.001 |
|       AB_5_8          |    <0.001 |
|       AB_5_80         |    <0.001 |
|       AB_5_81         |    <0.001 |
|       AB_5_82         |    <0.001 |
|       AB_5_83         |    <0.001 |
|       AB_5_84         |    <0.001 |
|       AB_5_85         |    <0.001 |
|       AB_5_86         |    <0.001 |
|       AB_5_87         |    <0.001 |
|       AB_5_88         |    <0.001 |
|       AB_5_89         |    <0.001 |
|       AB_5_9          |    <0.001 |
|       AB_5_90         |    <0.001 |
|       AB_5_91         |    <0.001 |
|       AB_5_92         |    <0.001 |
|       AB_5_93         |    <0.001 |
|       AB_5_94         |    <0.001 |
|       AB_5_95         |    <0.001 |
|       AB_5_96         |    <0.001 |
|       AB_5_97         |    <0.001 |
|       AB_5_98         |    <0.001 |
|       AB_5_99         |    <0.001 |
|       AB_6_0          |    <0.001 |
|       AB_6_1          |    <0.001 |
|       AB_6_10         |    <0.001 |
|       AB_6_100        |    <0.001 |
|       AB_6_101        |    <0.001 |
|       AB_6_102        |    <0.001 |
|       AB_6_103        |    <0.001 |
|       AB_6_104        |    <0.001 |
|       AB_6_105        |    <0.001 |
|       AB_6_106        |    <0.001 |
|       AB_6_107        |    <0.001 |
|       AB_6_108        |    <0.001 |
|       AB_6_109        |    <0.001 |
|       AB_6_11         |    <0.001 |
|       AB_6_110        |    <0.001 |
|       AB_6_111        |    <0.001 |
|       AB_6_112        |    <0.001 |
|       AB_6_113        |    <0.001 |
|       AB_6_114        |    <0.001 |
|       AB_6_115        |    <0.001 |
|       AB_6_116        |    <0.001 |
|       AB_6_117        |    <0.001 |
|       AB_6_118        |    <0.001 |
|       AB_6_119        |    <0.001 |
|       AB_6_12         |    <0.001 |
|       AB_6_120        |    <0.001 |
|       AB_6_121        |    <0.001 |
|       AB_6_122        |    <0.001 |
|       AB_6_123        |    <0.001 |
|       AB_6_124        |    <0.001 |
|       AB_6_125        |    <0.001 |
|       AB_6_126        |    <0.001 |
|       AB_6_127        |    <0.001 |
|       AB_6_128        |    <0.001 |
|       AB_6_129        |    <0.001 |
|       AB_6_13         |    <0.001 |
|       AB_6_130        |    <0.001 |
|       AB_6_131        |    <0.001 |
|       AB_6_132        |    <0.001 |
|       AB_6_133        |    <0.001 |
|       AB_6_14         |    <0.001 |
|       AB_6_15         |    <0.001 |
|       AB_6_16         |    <0.001 |
|       AB_6_17         |    <0.001 |
|       AB_6_18         |    <0.001 |
|       AB_6_19         |    <0.001 |
|       AB_6_2          |    <0.001 |
|       AB_6_20         |    <0.001 |
|       AB_6_21         |    <0.001 |
|       AB_6_22         |    <0.001 |
|       AB_6_23         |    <0.001 |
|       AB_6_24         |    <0.001 |
|       AB_6_25         |    <0.001 |
|       AB_6_26         |    <0.001 |
|       AB_6_27         |    <0.001 |
|       AB_6_28         |    <0.001 |
|       AB_6_29         |    <0.001 |
|       AB_6_3          |    <0.001 |
|       AB_6_30         |    <0.001 |
|       AB_6_31         |    <0.001 |
|       AB_6_32         |    <0.001 |
|       AB_6_33         |    <0.001 |
|       AB_6_34         |    <0.001 |
|       AB_6_35         |    <0.001 |
|       AB_6_36         |    <0.001 |
|       AB_6_37         |    <0.001 |
|       AB_6_38         |    <0.001 |
|       AB_6_39         |    <0.001 |
|       AB_6_4          |    <0.001 |
|       AB_6_40         |    <0.001 |
|       AB_6_41         |    <0.001 |
|       AB_6_42         |    <0.001 |
|       AB_6_43         |    <0.001 |
|       AB_6_44         |    <0.001 |
|       AB_6_45         |    <0.001 |
|       AB_6_46         |    <0.001 |
|       AB_6_47         |    <0.001 |
|       AB_6_48         |    <0.001 |
|       AB_6_49         |    <0.001 |
|       AB_6_5          |    <0.001 |
|       AB_6_50         |    <0.001 |
|       AB_6_51         |    <0.001 |
|       AB_6_52         |    <0.001 |
|       AB_6_53         |    <0.001 |
|       AB_6_54         |    <0.001 |
|       AB_6_55         |    <0.001 |
|       AB_6_56         |    <0.001 |
|       AB_6_57         |    <0.001 |
|       AB_6_58         |    <0.001 |
|       AB_6_59         |    <0.001 |
|       AB_6_6          |    <0.001 |
|       AB_6_60         |    <0.001 |
|       AB_6_61         |    <0.001 |
|       AB_6_62         |    <0.001 |
|       AB_6_63         |    <0.001 |
|       AB_6_64         |    <0.001 |
|       AB_6_65         |    <0.001 |
|       AB_6_66         |    <0.001 |
|       AB_6_67         |    <0.001 |
|       AB_6_68         |    <0.001 |
|       AB_6_69         |    <0.001 |
|       AB_6_7          |    <0.001 |
|       AB_6_70         |    <0.001 |
|       AB_6_71         |    <0.001 |
|       AB_6_72         |    <0.001 |
|       AB_6_73         |    <0.001 |
|       AB_6_74         |    <0.001 |
|       AB_6_75         |    <0.001 |
|       AB_6_76         |    <0.001 |
|       AB_6_77         |    <0.001 |
|       AB_6_78         |    <0.001 |
|       AB_6_79         |    <0.001 |
|       AB_6_8          |    <0.001 |
|       AB_6_80         |    <0.001 |
|       AB_6_81         |    <0.001 |
|       AB_6_82         |    <0.001 |
|       AB_6_83         |    <0.001 |
|       AB_6_84         |    <0.001 |
|       AB_6_85         |    <0.001 |
|       AB_6_86         |    <0.001 |
|       AB_6_87         |    <0.001 |
|       AB_6_88         |    <0.001 |
|       AB_6_89         |    <0.001 |
|       AB_6_9          |    <0.001 |
|       AB_6_90         |    <0.001 |
|       AB_6_91         |    <0.001 |
|       AB_6_92         |    <0.001 |
|       AB_6_93         |    <0.001 |
|       AB_6_94         |    <0.001 |
|       AB_6_95         |    <0.001 |
|       AB_6_96         |    <0.001 |
|       AB_6_97         |    <0.001 |
|       AB_6_98         |    <0.001 |
|       AB_6_99         |    <0.001 |
|       AB_7_0          |    <0.001 |
|       AB_7_1          |    <0.001 |
|       AB_7_10         |    <0.001 |
|       AB_7_100        |    <0.001 |
|       AB_7_101        |    <0.001 |
|       AB_7_102        |    <0.001 |
|       AB_7_103        |    <0.001 |
|       AB_7_104        |    <0.001 |
|       AB_7_105        |    <0.001 |
|       AB_7_106        |    <0.001 |
|       AB_7_107        |    <0.001 |
|       AB_7_108        |    <0.001 |
|       AB_7_109        |    <0.001 |
|       AB_7_11         |    <0.001 |
|       AB_7_110        |    <0.001 |
|       AB_7_111        |    <0.001 |
|       AB_7_112        |    <0.001 |
|       AB_7_113        |    <0.001 |
|       AB_7_114        |    <0.001 |
|       AB_7_115        |    <0.001 |
|       AB_7_116        |    <0.001 |
|       AB_7_117        |    <0.001 |
|       AB_7_118        |    <0.001 |
|       AB_7_119        |    <0.001 |
|       AB_7_12         |    <0.001 |
|       AB_7_120        |    <0.001 |
|       AB_7_121        |    <0.001 |
|       AB_7_122        |    <0.001 |
|       AB_7_123        |    <0.001 |
|       AB_7_124        |    <0.001 |
|       AB_7_125        |    <0.001 |
|       AB_7_126        |    <0.001 |
|       AB_7_127        |    <0.001 |
|       AB_7_128        |    <0.001 |
|       AB_7_129        |    <0.001 |
|       AB_7_13         |    <0.001 |
|       AB_7_130        |    <0.001 |
|       AB_7_131        |    <0.001 |
|       AB_7_132        |    <0.001 |
|       AB_7_133        |    <0.001 |
|       AB_7_14         |    <0.001 |
|       AB_7_15         |    <0.001 |
|       AB_7_16         |    <0.001 |
|       AB_7_17         |    <0.001 |
|       AB_7_18         |    <0.001 |
|       AB_7_19         |    <0.001 |
|       AB_7_2          |    <0.001 |
|       AB_7_20         |    <0.001 |
|       AB_7_21         |    <0.001 |
|       AB_7_22         |    <0.001 |
|       AB_7_23         |    <0.001 |
|       AB_7_24         |    <0.001 |
|       AB_7_25         |    <0.001 |
|       AB_7_26         |    <0.001 |
|       AB_7_27         |    <0.001 |
|       AB_7_28         |    <0.001 |
|       AB_7_29         |    <0.001 |
|       AB_7_3          |    <0.001 |
|       AB_7_30         |    <0.001 |
|       AB_7_31         |    <0.001 |
|       AB_7_32         |    <0.001 |
|       AB_7_33         |    <0.001 |
|       AB_7_34         |    <0.001 |
|       AB_7_35         |    <0.001 |
|       AB_7_36         |    <0.001 |
|       AB_7_37         |    <0.001 |
|       AB_7_38         |    <0.001 |
|       AB_7_39         |    <0.001 |
|       AB_7_4          |    <0.001 |
|       AB_7_40         |    <0.001 |
|       AB_7_41         |    <0.001 |
|       AB_7_42         |    <0.001 |
|       AB_7_43         |    <0.001 |
|       AB_7_44         |    <0.001 |
|       AB_7_45         |    <0.001 |
|       AB_7_46         |    <0.001 |
|       AB_7_47         |    <0.001 |
|       AB_7_48         |    <0.001 |
|       AB_7_49         |    <0.001 |
|       AB_7_5          |    <0.001 |
|       AB_7_50         |    <0.001 |
|       AB_7_51         |    <0.001 |
|       AB_7_52         |    <0.001 |
|       AB_7_53         |    <0.001 |
|       AB_7_54         |    <0.001 |
|       AB_7_55         |    <0.001 |
|       AB_7_56         |    <0.001 |
|       AB_7_57         |    <0.001 |
|       AB_7_58         |    <0.001 |
|       AB_7_59         |    <0.001 |
|       AB_7_6          |    <0.001 |
|       AB_7_60         |    <0.001 |
|       AB_7_61         |    <0.001 |
|       AB_7_62         |    <0.001 |
|       AB_7_63         |    <0.001 |
|       AB_7_64         |    <0.001 |
|       AB_7_65         |    <0.001 |
|       AB_7_66         |    <0.001 |
|       AB_7_67         |    <0.001 |
|       AB_7_68         |    <0.001 |
|       AB_7_69         |    <0.001 |
|       AB_7_7          |    <0.001 |
|       AB_7_70         |    <0.001 |
|       AB_7_71         |    <0.001 |
|       AB_7_72         |    <0.001 |
|       AB_7_73         |    <0.001 |
|       AB_7_74         |    <0.001 |
|       AB_7_75         |    <0.001 |
|       AB_7_76         |    <0.001 |
|       AB_7_77         |    <0.001 |
|       AB_7_78         |    <0.001 |
|       AB_7_79         |    <0.001 |
|       AB_7_8          |    <0.001 |
|       AB_7_80         |    <0.001 |
|       AB_7_81         |    <0.001 |
|       AB_7_82         |    <0.001 |
|       AB_7_83         |    <0.001 |
|       AB_7_84         |    <0.001 |
|       AB_7_85         |    <0.001 |
|       AB_7_86         |    <0.001 |
|       AB_7_87         |    <0.001 |
|       AB_7_88         |    <0.001 |
|       AB_7_89         |    <0.001 |
|       AB_7_9          |    <0.001 |
|       AB_7_90         |    <0.001 |
|       AB_7_91         |    <0.001 |
|       AB_7_92         |    <0.001 |
|       AB_7_93         |    <0.001 |
|       AB_7_94         |    <0.001 |
|       AB_7_95         |    <0.001 |
|       AB_7_96         |    <0.001 |
|       AB_7_97         |    <0.001 |
|       AB_7_98         |    <0.001 |
|       AB_7_99         |    <0.001 |
|       AB_8_0          |    <0.001 |
|       AB_8_1          |    <0.001 |
|       AB_8_10         |    <0.001 |
|       AB_8_100        |    <0.001 |
|       AB_8_101        |    <0.001 |
|       AB_8_102        |    <0.001 |
|       AB_8_103        |    <0.001 |
|       AB_8_104        |    <0.001 |
|       AB_8_105        |    <0.001 |
|       AB_8_106        |    <0.001 |
|       AB_8_107        |    <0.001 |
|       AB_8_108        |    <0.001 |
|       AB_8_109        |    <0.001 |
|       AB_8_11         |    <0.001 |
|       AB_8_110        |    <0.001 |
|       AB_8_111        |    <0.001 |
|       AB_8_112        |    <0.001 |
|       AB_8_113        |    <0.001 |
|       AB_8_114        |    <0.001 |
|       AB_8_115        |    <0.001 |
|       AB_8_116        |    <0.001 |
|       AB_8_117        |    <0.001 |
|       AB_8_118        |    <0.001 |
|       AB_8_119        |    <0.001 |
|       AB_8_12         |    <0.001 |
|       AB_8_120        |    <0.001 |
|       AB_8_121        |    <0.001 |
|       AB_8_122        |    <0.001 |
|       AB_8_123        |    <0.001 |
|       AB_8_124        |    <0.001 |
|       AB_8_125        |    <0.001 |
|       AB_8_126        |    <0.001 |
|       AB_8_127        |    <0.001 |
|       AB_8_128        |    <0.001 |
|       AB_8_129        |    <0.001 |
|       AB_8_13         |    <0.001 |
|       AB_8_130        |    <0.001 |
|       AB_8_131        |    <0.001 |
|       AB_8_132        |    <0.001 |
|       AB_8_133        |    <0.001 |
|       AB_8_14         |    <0.001 |
|       AB_8_15         |    <0.001 |
|       AB_8_16         |    <0.001 |
|       AB_8_17         |    <0.001 |
|       AB_8_18         |    <0.001 |
|       AB_8_19         |    <0.001 |
|       AB_8_2          |    <0.001 |
|       AB_8_20         |    <0.001 |
|       AB_8_21         |    <0.001 |
|       AB_8_22         |    <0.001 |
|       AB_8_23         |    <0.001 |
|       AB_8_24         |    <0.001 |
|       AB_8_25         |    <0.001 |
|       AB_8_26         |    <0.001 |
|       AB_8_27         |    <0.001 |
|       AB_8_28         |    <0.001 |
|       AB_8_29         |    <0.001 |
|       AB_8_3          |    <0.001 |
|       AB_8_30         |    <0.001 |
|       AB_8_31         |    <0.001 |
|       AB_8_32         |    <0.001 |
|       AB_8_33         |    <0.001 |
|       AB_8_34         |    <0.001 |
|       AB_8_35         |    <0.001 |
|       AB_8_36         |    <0.001 |
|       AB_8_37         |    <0.001 |
|       AB_8_38         |    <0.001 |
|       AB_8_39         |    <0.001 |
|       AB_8_4          |    <0.001 |
|       AB_8_40         |    <0.001 |
|       AB_8_41         |    <0.001 |
|       AB_8_42         |    <0.001 |
|       AB_8_43         |    <0.001 |
|       AB_8_44         |    <0.001 |
|       AB_8_45         |    <0.001 |
|       AB_8_46         |    <0.001 |
|       AB_8_47         |    <0.001 |
|       AB_8_48         |    <0.001 |
|       AB_8_49         |    <0.001 |
|       AB_8_5          |    <0.001 |
|       AB_8_50         |    <0.001 |
|       AB_8_51         |    <0.001 |
|       AB_8_52         |    <0.001 |
|       AB_8_53         |    <0.001 |
|       AB_8_54         |    <0.001 |
|       AB_8_55         |    <0.001 |
|       AB_8_56         |    <0.001 |
|       AB_8_57         |    <0.001 |
|       AB_8_58         |    <0.001 |
|       AB_8_59         |    <0.001 |
|       AB_8_6          |    <0.001 |
|       AB_8_60         |    <0.001 |
|       AB_8_61         |    <0.001 |
|       AB_8_62         |    <0.001 |
|       AB_8_63         |    <0.001 |
|       AB_8_64         |    <0.001 |
|       AB_8_65         |    <0.001 |
|       AB_8_66         |    <0.001 |
|       AB_8_67         |    <0.001 |
|       AB_8_68         |    <0.001 |
|       AB_8_69         |    <0.001 |
|       AB_8_7          |    <0.001 |
|       AB_8_70         |    <0.001 |
|       AB_8_71         |    <0.001 |
|       AB_8_72         |    <0.001 |
|       AB_8_73         |    <0.001 |
|       AB_8_74         |    <0.001 |
|       AB_8_75         |    <0.001 |
|       AB_8_76         |    <0.001 |
|       AB_8_77         |    <0.001 |
|       AB_8_78         |    <0.001 |
|       AB_8_79         |    <0.001 |
|       AB_8_8          |    <0.001 |
|       AB_8_80         |    <0.001 |
|       AB_8_81         |    <0.001 |
|       AB_8_82         |    <0.001 |
|       AB_8_83         |    <0.001 |
|       AB_8_84         |    <0.001 |
|       AB_8_85         |    <0.001 |
|       AB_8_86         |    <0.001 |
|       AB_8_87         |    <0.001 |
|       AB_8_88         |    <0.001 |
|       AB_8_89         |    <0.001 |
|       AB_8_9          |    <0.001 |
|       AB_8_90         |    <0.001 |
|       AB_8_91         |    <0.001 |
|       AB_8_92         |    <0.001 |
|       AB_8_93         |    <0.001 |
|       AB_8_94         |    <0.001 |
|       AB_8_95         |    <0.001 |
|       AB_8_96         |    <0.001 |
|       AB_8_97         |    <0.001 |
|       AB_8_98         |    <0.001 |
|       AB_8_99         |    <0.001 |
|       AB_9_0          |    <0.001 |
|       AB_9_1          |    <0.001 |
|       AB_9_10         |    <0.001 |
|       AB_9_100        |    <0.001 |
|       AB_9_101        |    <0.001 |
|       AB_9_102        |    <0.001 |
|       AB_9_103        |    <0.001 |
|       AB_9_104        |    <0.001 |
|       AB_9_105        |    <0.001 |
|       AB_9_106        |    <0.001 |
|       AB_9_107        |    <0.001 |
|       AB_9_108        |    <0.001 |
|       AB_9_109        |    <0.001 |
|       AB_9_11         |    <0.001 |
|       AB_9_110        |    <0.001 |
|       AB_9_111        |    <0.001 |
|       AB_9_112        |    <0.001 |
|       AB_9_113        |    <0.001 |
|       AB_9_114        |    <0.001 |
|       AB_9_115        |    <0.001 |
|       AB_9_116        |    <0.001 |
|       AB_9_117        |    <0.001 |
|       AB_9_118        |    <0.001 |
|       AB_9_119        |    <0.001 |
|       AB_9_12         |    <0.001 |
|       AB_9_120        |    <0.001 |
|       AB_9_121        |    <0.001 |
|       AB_9_122        |    <0.001 |
|       AB_9_123        |    <0.001 |
|       AB_9_124        |    <0.001 |
|       AB_9_125        |    <0.001 |
|       AB_9_126        |    <0.001 |
|       AB_9_127        |    <0.001 |
|       AB_9_128        |    <0.001 |
|       AB_9_129        |    <0.001 |
|       AB_9_13         |    <0.001 |
|       AB_9_130        |    <0.001 |
|       AB_9_131        |    <0.001 |
|       AB_9_132        |    <0.001 |
|       AB_9_133        |    <0.001 |
|       AB_9_14         |    <0.001 |
|       AB_9_15         |    <0.001 |
|       AB_9_16         |    <0.001 |
|       AB_9_17         |    <0.001 |
|       AB_9_18         |    <0.001 |
|       AB_9_19         |    <0.001 |
|       AB_9_2          |    <0.001 |
|       AB_9_20         |    <0.001 |
|       AB_9_21         |    <0.001 |
|       AB_9_22         |    <0.001 |
|       AB_9_23         |    <0.001 |
|       AB_9_24         |    <0.001 |
|       AB_9_25         |    <0.001 |
|       AB_9_26         |    <0.001 |
|       AB_9_27         |    <0.001 |
|       AB_9_28         |    <0.001 |
|       AB_9_29         |    <0.001 |
|       AB_9_3          |    <0.001 |
|       AB_9_30         |    <0.001 |
|       AB_9_31         |    <0.001 |
|       AB_9_32         |    <0.001 |
|       AB_9_33         |    <0.001 |
|       AB_9_34         |    <0.001 |
|       AB_9_35         |    <0.001 |
|       AB_9_36         |    <0.001 |
|       AB_9_37         |    <0.001 |
|       AB_9_38         |    <0.001 |
|       AB_9_39         |    <0.001 |
|       AB_9_4          |    <0.001 |
|       AB_9_40         |    <0.001 |
|       AB_9_41         |    <0.001 |
|       AB_9_42         |    <0.001 |
|       AB_9_43         |    <0.001 |
|       AB_9_44         |    <0.001 |
|       AB_9_45         |    <0.001 |
|       AB_9_46         |    <0.001 |
|       AB_9_47         |    <0.001 |
|       AB_9_48         |    <0.001 |
|       AB_9_49         |    <0.001 |
|       AB_9_5          |    <0.001 |
|       AB_9_50         |    <0.001 |
|       AB_9_51         |    <0.001 |
|       AB_9_52         |    <0.001 |
|       AB_9_53         |    <0.001 |
|       AB_9_54         |    <0.001 |
|       AB_9_55         |    <0.001 |
|       AB_9_56         |    <0.001 |
|       AB_9_57         |    <0.001 |
|       AB_9_58         |    <0.001 |
|       AB_9_59         |    <0.001 |
|       AB_9_6          |    <0.001 |
|       AB_9_60         |    <0.001 |
|       AB_9_61         |    <0.001 |
|       AB_9_62         |    <0.001 |
|       AB_9_63         |    <0.001 |
|       AB_9_64         |    <0.001 |
|       AB_9_65         |    <0.001 |
|       AB_9_66         |    <0.001 |
|       AB_9_67         |    <0.001 |
|       AB_9_68         |    <0.001 |
|       AB_9_69         |    <0.001 |
|       AB_9_7          |    <0.001 |
|       AB_9_70         |    <0.001 |
|       AB_9_71         |    <0.001 |
|       AB_9_72         |    <0.001 |
|       AB_9_73         |    <0.001 |
|       AB_9_74         |    <0.001 |
|       AB_9_75         |    <0.001 |
|       AB_9_76         |    <0.001 |
|       AB_9_77         |    <0.001 |
|       AB_9_78         |    <0.001 |
|       AB_9_79         |    <0.001 |
|       AB_9_8          |    <0.001 |
|       AB_9_80         |    <0.001 |
|       AB_9_81         |    <0.001 |
|       AB_9_82         |    <0.001 |
|       AB_9_83         |    <0.001 |
|       AB_9_84         |    <0.001 |
|       AB_9_85         |    <0.001 |
|       AB_9_86         |    <0.001 |
|       AB_9_87         |    <0.001 |
|       AB_9_88         |    <0.001 |
|       AB_9_89         |    <0.001 |
|       AB_9_9          |    <0.001 |
|       AB_9_90         |    <0.001 |
|       AB_9_91         |    <0.001 |
|       AB_9_92         |    <0.001 |
|       AB_9_93         |    <0.001 |
|       AB_9_94         |    <0.001 |
|       AB_9_95         |    <0.001 |
|       AB_9_96         |    <0.001 |
|       AB_9_97         |    <0.001 |
|       AB_9_98         |    <0.001 |
|       AB_9_99         |    <0.001 |
|   S1S2gen             |     0.013 |
|     mul               |     0.005 |
|   SHA3                |     0.286 |
|     f_permutation_    |     0.283 |
|     padder_           |     0.003 |
|   ctrl_top            |     0.001 |
|   gf2mz               |     0.278 |
|     ctrl              |     0.085 |
|     mul00             |     0.004 |
|     mul01             |     0.009 |
|     mul02             |     0.007 |
|     mul03             |     0.004 |
|     mul04             |     0.007 |
|     mul10             |     0.004 |
|     mul11             |     0.006 |
|     mul12             |     0.004 |
|     mul13             |     0.004 |
|     mul14             |     0.008 |
|     mul20             |     0.017 |
|     mul21             |     0.008 |
|     mul22             |     0.013 |
|     mul23             |     0.007 |
|     mul24             |     0.008 |
|     mul30             |     0.009 |
|     mul31             |     0.007 |
|     mul32             |     0.008 |
|     mul33             |     0.009 |
|     mul34             |     0.009 |
|     mul40             |     0.008 |
|     mul41             |     0.006 |
|     mul42             |     0.009 |
|     mul43             |     0.013 |
|     mul44             |     0.004 |
|   mem_S               |     0.042 |
|   mem_S1S2            |     0.017 |
|   mem_c               |     0.043 |
|   mem_finv            |     0.002 |
|     mem_reg_0_7_0_0   |    <0.001 |
|     mem_reg_0_7_10_10 |    <0.001 |
|     mem_reg_0_7_11_11 |    <0.001 |
|     mem_reg_0_7_12_12 |    <0.001 |
|     mem_reg_0_7_13_13 |    <0.001 |
|     mem_reg_0_7_14_14 |    <0.001 |
|     mem_reg_0_7_15_15 |    <0.001 |
|     mem_reg_0_7_16_16 |    <0.001 |
|     mem_reg_0_7_17_17 |    <0.001 |
|     mem_reg_0_7_18_18 |    <0.001 |
|     mem_reg_0_7_19_19 |    <0.001 |
|     mem_reg_0_7_1_1   |    <0.001 |
|     mem_reg_0_7_20_20 |    <0.001 |
|     mem_reg_0_7_21_21 |    <0.001 |
|     mem_reg_0_7_22_22 |    <0.001 |
|     mem_reg_0_7_23_23 |    <0.001 |
|     mem_reg_0_7_24_24 |    <0.001 |
|     mem_reg_0_7_25_25 |    <0.001 |
|     mem_reg_0_7_26_26 |    <0.001 |
|     mem_reg_0_7_27_27 |    <0.001 |
|     mem_reg_0_7_28_28 |    <0.001 |
|     mem_reg_0_7_29_29 |    <0.001 |
|     mem_reg_0_7_2_2   |    <0.001 |
|     mem_reg_0_7_30_30 |    <0.001 |
|     mem_reg_0_7_31_31 |    <0.001 |
|     mem_reg_0_7_32_32 |    <0.001 |
|     mem_reg_0_7_33_33 |    <0.001 |
|     mem_reg_0_7_34_34 |    <0.001 |
|     mem_reg_0_7_35_35 |    <0.001 |
|     mem_reg_0_7_36_36 |    <0.001 |
|     mem_reg_0_7_37_37 |    <0.001 |
|     mem_reg_0_7_38_38 |    <0.001 |
|     mem_reg_0_7_39_39 |    <0.001 |
|     mem_reg_0_7_3_3   |    <0.001 |
|     mem_reg_0_7_40_40 |    <0.001 |
|     mem_reg_0_7_41_41 |    <0.001 |
|     mem_reg_0_7_42_42 |    <0.001 |
|     mem_reg_0_7_43_43 |    <0.001 |
|     mem_reg_0_7_44_44 |    <0.001 |
|     mem_reg_0_7_45_45 |    <0.001 |
|     mem_reg_0_7_46_46 |    <0.001 |
|     mem_reg_0_7_47_47 |    <0.001 |
|     mem_reg_0_7_48_48 |    <0.001 |
|     mem_reg_0_7_49_49 |    <0.001 |
|     mem_reg_0_7_4_4   |    <0.001 |
|     mem_reg_0_7_50_50 |    <0.001 |
|     mem_reg_0_7_51_51 |    <0.001 |
|     mem_reg_0_7_52_52 |    <0.001 |
|     mem_reg_0_7_53_53 |    <0.001 |
|     mem_reg_0_7_54_54 |    <0.001 |
|     mem_reg_0_7_55_55 |    <0.001 |
|     mem_reg_0_7_56_56 |    <0.001 |
|     mem_reg_0_7_57_57 |    <0.001 |
|     mem_reg_0_7_58_58 |    <0.001 |
|     mem_reg_0_7_59_59 |    <0.001 |
|     mem_reg_0_7_5_5   |    <0.001 |
|     mem_reg_0_7_60_60 |    <0.001 |
|     mem_reg_0_7_61_61 |    <0.001 |
|     mem_reg_0_7_62_62 |    <0.001 |
|     mem_reg_0_7_63_63 |    <0.001 |
|     mem_reg_0_7_64_64 |    <0.001 |
|     mem_reg_0_7_65_65 |    <0.001 |
|     mem_reg_0_7_66_66 |    <0.001 |
|     mem_reg_0_7_6_6   |    <0.001 |
|     mem_reg_0_7_7_7   |    <0.001 |
|     mem_reg_0_7_8_8   |    <0.001 |
|     mem_reg_0_7_9_9   |    <0.001 |
|   mem_x               |     0.087 |
+-----------------------+-----------+


