# //  ModelSim SE-64 10.1c Jul 28 2012 
# //
# //  Copyright 1991-2012 Mentor Graphics Corporation
# //  All Rights Reserved.
# //
# //  THIS WORK CONTAINS TRADE SECRET AND PROPRIETARY INFORMATION
# //  WHICH IS THE PROPERTY OF MENTOR GRAPHICS CORPORATION OR ITS
# //  LICENSORS AND IS SUBJECT TO LICENSE TERMS.
# //
# do {gf2mz_top_tb_simulate.do} 
# vsim -L xil_defaultlib -L unisims_ver -L unimacro_ver -L secureip -lib xil_defaultlib -voptargs=\"+acc\" xil_defaultlib.gf2mz_top_tb xil_defaultlib.glbl 
# ** Note: (vsim-3813) Design is being optimized due to module recompilation...
# 
# ** Error: ../../../../Improve-I.srcs/sources_1/new/mul_ctrl.v(253): Bounds of part-select into 'cache' are reversed.
# ** Error: ../../../../Improve-I.srcs/sources_1/new/mul_ctrl.v(253): LSB of part-select into 'cache' is out of bounds.
# ** Error: ../../../../Improve-I.srcs/sources_1/new/gf2mz_top.v(185): (vopt-2884) Out of bounds access.  Bit number -1 of part-select into 'C_di' is out of bounds.
# 
# ** Error: ../../../../Improve-I.srcs/sources_1/new/gf2mz_top.v(185): LSB of part-select into 'C_di' is out of bounds.
# ** Error: ../../../../Improve-I.srcs/sources_1/new/gf2mz_top.v(185): (vopt-2884) Out of bounds access.  Bit number -80 of part-select into 'C_di' is out of bounds.
# 
# ** Error: ../../../../Improve-I.srcs/sources_1/new/gf2mz_top.v(185): LSB of part-select into 'C_di' is out of bounds.
# Error loading design
# Error: Error loading design 
#        Pausing macro execution 
# MACRO ./gf2mz_top_tb_simulate.do PAUSED at line 9
