# do {keccak_tb_compile.do} 
# ** Warning: (vlib-34) Library already exists at "modelsim_lib/work".
# 
# ** Warning: (vlib-34) Library already exists at "modelsim_lib/msim".
# 
# ** Warning: (vlib-34) Library already exists at "modelsim_lib/msim/xil_defaultlib".
# 
# Modifying modelsim.ini
# Model Technology ModelSim SE-64 vlog 10.1c Compiler 2012.07 Jul 27 2012
# -- Skipping module f_permutation
# -- Compiling module keccak
# -- Skipping module mem_sp
# -- Skipping module padder
# -- Skipping module rconst
# -- Skipping module round
# -- Skipping module keccak_tb
# 
# Top level modules:
# 	keccak_tb
# Model Technology ModelSim SE-64 vlog 10.1c Compiler 2012.07 Jul 27 2012
# -- Compiling module glbl
# 
# Top level modules:
# 	glbl
