# //  ModelSim SE-64 10.1c Jul 28 2012 
# //
# //  Copyright 1991-2012 Mentor Graphics Corporation
# //  All Rights Reserved.
# //
# //  THIS WORK CONTAINS TRADE SECRET AND PROPRIETARY INFORMATION
# //  WHICH IS THE PROPERTY OF MENTOR GRAPHICS CORPORATION OR ITS
# //  LICENSORS AND IS SUBJECT TO LICENSE TERMS.
# //
# do {keccak_tb_simulate.do} 
# vsim -L xil_defaultlib -L unisims_ver -L unimacro_ver -L secureip -lib xil_defaultlib -voptargs=\"+acc\" xil_defaultlib.keccak_tb xil_defaultlib.glbl 
# ** Note: (vsim-3812) Design is being optimized...
# 
# Loading work.keccak_tb(fast)
# Loading work.keccak(fast)
# Loading work.padder(fast)
# Loading work.f_permutation(fast)
# Loading work.rconst(fast)
# Loading work.round(fast)
# Loading work.mem_sp(fast)
# Loading work.glbl(fast)
# 1
# 1
# .main_pane.wave.interior.cs.body.pw.wf
# .main_pane.structure.interior.cs.body.struct
# .main_pane.objects.interior.cs.body.tree
# starting computation
# 
do wave.do
run 10us
# runtime: 125 cycles
# 
