Copyright 1986-2018 Xilinx, Inc. All Rights Reserved.
-------------------------------------------------------------------------------------------------------------------------------------------------------------------
| Tool Version     : Vivado v.2018.1 (win64) Build 2188600 Wed Apr  4 18:40:38 MDT 2018
| Date             : Fri Dec 11 21:20:26 2020
| Host             : DESKTOP-AN42RLU running 64-bit major release  (build 9200)
| Command          : report_power -file ROLLO_I_Encrypt_power_routed.rpt -pb ROLLO_I_Encrypt_power_summary_routed.pb -rpx ROLLO_I_Encrypt_power_routed.rpx
| Design           : ROLLO_I_Encrypt
| Device           : xc7a200tsbv484-1
| Design State     : routed
| Grade            : commercial
| Process          : typical
| Characterization : Production
-------------------------------------------------------------------------------------------------------------------------------------------------------------------

Power Report

Table of Contents
-----------------
1. Summary
1.1 On-Chip Components
1.2 Power Supply Summary
1.3 Confidence Level
2. Settings
2.1 Environment
2.2 Clock Constraints
3. Detailed Reports
3.1 By Hierarchy

1. Summary
----------

+--------------------------+--------------+
| Total On-Chip Power (W)  | 0.863        |
| Design Power Budget (W)  | Unspecified* |
| Power Budget Margin (W)  | NA           |
| Dynamic (W)              | 0.727        |
| Device Static (W)        | 0.136        |
| Effective TJA (C/W)      | 2.6          |
| Max Ambient (C)          | 82.8         |
| Junction Temperature (C) | 27.2         |
| Confidence Level         | Medium       |
| Setting File             | ---          |
| Simulation Activity File | ---          |
| Design Nets Matched      | NA           |
+--------------------------+--------------+
* Specify Design Power Budget using, set_operating_conditions -design_power_budget <value in Watts>


1.1 On-Chip Components
----------------------

+-------------------------+-----------+----------+-----------+-----------------+
| On-Chip                 | Power (W) | Used     | Available | Utilization (%) |
+-------------------------+-----------+----------+-----------+-----------------+
| Clocks                  |     0.163 |        3 |       --- |             --- |
| Slice Logic             |     0.115 |    56130 |       --- |             --- |
|   LUT as Logic          |     0.108 |    29941 |    133800 |           22.38 |
|   Register              |     0.005 |    16017 |    267600 |            5.99 |
|   LUT as Shift Register |     0.001 |      190 |     46200 |            0.41 |
|   F7/F8 Muxes           |    <0.001 |      760 |    133800 |            0.57 |
|   CARRY4                |    <0.001 |       16 |     33450 |            0.05 |
|   Others                |     0.000 |     1706 |       --- |             --- |
| Signals                 |     0.182 |    42865 |       --- |             --- |
| Block RAM               |     0.249 |     34.5 |       365 |            9.45 |
| I/O                     |     0.019 |       36 |       285 |           12.63 |
| Static Power            |     0.136 |          |           |                 |
| Total                   |     0.863 |          |           |                 |
+-------------------------+-----------+----------+-----------+-----------------+


1.2 Power Supply Summary
------------------------

+-----------+-------------+-----------+-------------+------------+
| Source    | Voltage (V) | Total (A) | Dynamic (A) | Static (A) |
+-----------+-------------+-----------+-------------+------------+
| Vccint    |       1.000 |     0.724 |       0.690 |      0.034 |
| Vccaux    |       1.800 |     0.032 |       0.002 |      0.031 |
| Vcco33    |       3.300 |     0.000 |       0.000 |      0.000 |
| Vcco25    |       2.500 |     0.000 |       0.000 |      0.000 |
| Vcco18    |       1.800 |     0.014 |       0.009 |      0.005 |
| Vcco15    |       1.500 |     0.000 |       0.000 |      0.000 |
| Vcco135   |       1.350 |     0.000 |       0.000 |      0.000 |
| Vcco12    |       1.200 |     0.000 |       0.000 |      0.000 |
| Vccaux_io |       1.800 |     0.000 |       0.000 |      0.000 |
| Vccbram   |       1.000 |     0.020 |       0.018 |      0.002 |
| MGTAVcc   |       1.000 |     0.000 |       0.000 |      0.000 |
| MGTAVtt   |       1.200 |     0.000 |       0.000 |      0.000 |
| Vccadc    |       1.800 |     0.020 |       0.000 |      0.020 |
+-----------+-------------+-----------+-------------+------------+


1.3 Confidence Level
--------------------

+-----------------------------+------------+-------------------------------------------------------+------------------------------------------------------------------------------------------------------------+
| User Input Data             | Confidence | Details                                               | Action                                                                                                     |
+-----------------------------+------------+-------------------------------------------------------+------------------------------------------------------------------------------------------------------------+
| Design implementation state | High       | Design is routed                                      |                                                                                                            |
| Clock nodes activity        | High       | User specified more than 95% of clocks                |                                                                                                            |
| I/O nodes activity          | Medium     | More than 5% of inputs are missing user specification | Provide missing input activity with simulation results or by editing the "By Resource Type -> I/Os" view   |
| Internal nodes activity     | Medium     | User specified less than 25% of internal nodes        | Provide missing internal nodes activity with simulation results or by editing the "By Resource Type" views |
| Device models               | High       | Device models are Production                          |                                                                                                            |
|                             |            |                                                       |                                                                                                            |
| Overall confidence level    | Medium     |                                                       |                                                                                                            |
+-----------------------------+------------+-------------------------------------------------------+------------------------------------------------------------------------------------------------------------+


2. Settings
-----------

2.1 Environment
---------------

+-----------------------+--------------------------+
| Ambient Temp (C)      | 25.0                     |
| ThetaJA (C/W)         | 2.6                      |
| Airflow (LFM)         | 250                      |
| Heat Sink             | medium (Medium Profile)  |
| ThetaSA (C/W)         | 4.6                      |
| Board Selection       | medium (10"x10")         |
| # of Board Layers     | 12to15 (12 to 15 Layers) |
| Board Temperature (C) | 25.0                     |
+-----------------------+--------------------------+


2.2 Clock Constraints
---------------------

+-------+--------+-----------------+
| Clock | Domain | Constraint (ns) |
+-------+--------+-----------------+
| clk   | clk    |             5.9 |
+-------+--------+-----------------+


3. Detailed Reports
-------------------

3.1 By Hierarchy
----------------

+--------------------+-----------+
| Name               | Power (W) |
+--------------------+-----------+
| ROLLO_I_Encrypt    |     0.727 |
|   E                |     0.017 |
|   GS               |     0.090 |
|     AB_0_1         |    <0.001 |
|     AB_0_10        |    <0.001 |
|     AB_0_11        |    <0.001 |
|     AB_0_12        |    <0.001 |
|     AB_0_13        |    <0.001 |
|     AB_0_14        |    <0.001 |
|     AB_0_15        |    <0.001 |
|     AB_0_16        |    <0.001 |
|     AB_0_17        |    <0.001 |
|     AB_0_18        |    <0.001 |
|     AB_0_19        |    <0.001 |
|     AB_0_2         |    <0.001 |
|     AB_0_20        |    <0.001 |
|     AB_0_21        |    <0.001 |
|     AB_0_22        |    <0.001 |
|     AB_0_23        |    <0.001 |
|     AB_0_24        |    <0.001 |
|     AB_0_25        |    <0.001 |
|     AB_0_26        |    <0.001 |
|     AB_0_27        |    <0.001 |
|     AB_0_28        |    <0.001 |
|     AB_0_29        |    <0.001 |
|     AB_0_3         |    <0.001 |
|     AB_0_30        |    <0.001 |
|     AB_0_31        |    <0.001 |
|     AB_0_32        |    <0.001 |
|     AB_0_33        |    <0.001 |
|     AB_0_34        |    <0.001 |
|     AB_0_35        |    <0.001 |
|     AB_0_36        |    <0.001 |
|     AB_0_37        |    <0.001 |
|     AB_0_38        |    <0.001 |
|     AB_0_39        |    <0.001 |
|     AB_0_4         |    <0.001 |
|     AB_0_40        |    <0.001 |
|     AB_0_41        |    <0.001 |
|     AB_0_42        |    <0.001 |
|     AB_0_43        |    <0.001 |
|     AB_0_44        |    <0.001 |
|     AB_0_45        |    <0.001 |
|     AB_0_46        |    <0.001 |
|     AB_0_47        |    <0.001 |
|     AB_0_48        |    <0.001 |
|     AB_0_49        |    <0.001 |
|     AB_0_5         |    <0.001 |
|     AB_0_50        |    <0.001 |
|     AB_0_51        |    <0.001 |
|     AB_0_52        |    <0.001 |
|     AB_0_53        |    <0.001 |
|     AB_0_54        |    <0.001 |
|     AB_0_55        |    <0.001 |
|     AB_0_56        |    <0.001 |
|     AB_0_57        |    <0.001 |
|     AB_0_58        |    <0.001 |
|     AB_0_59        |    <0.001 |
|     AB_0_6         |    <0.001 |
|     AB_0_60        |    <0.001 |
|     AB_0_61        |    <0.001 |
|     AB_0_62        |    <0.001 |
|     AB_0_63        |    <0.001 |
|     AB_0_64        |    <0.001 |
|     AB_0_65        |    <0.001 |
|     AB_0_66        |    <0.001 |
|     AB_0_67        |    <0.001 |
|     AB_0_68        |    <0.001 |
|     AB_0_69        |    <0.001 |
|     AB_0_7         |    <0.001 |
|     AB_0_70        |    <0.001 |
|     AB_0_71        |    <0.001 |
|     AB_0_72        |    <0.001 |
|     AB_0_73        |    <0.001 |
|     AB_0_74        |    <0.001 |
|     AB_0_75        |    <0.001 |
|     AB_0_76        |    <0.001 |
|     AB_0_77        |    <0.001 |
|     AB_0_78        |    <0.001 |
|     AB_0_79        |    <0.001 |
|     AB_0_8         |    <0.001 |
|     AB_0_80        |    <0.001 |
|     AB_0_81        |    <0.001 |
|     AB_0_82        |    <0.001 |
|     AB_0_83        |    <0.001 |
|     AB_0_84        |    <0.001 |
|     AB_0_85        |    <0.001 |
|     AB_0_86        |    <0.001 |
|     AB_0_87        |    <0.001 |
|     AB_0_88        |    <0.001 |
|     AB_0_89        |    <0.001 |
|     AB_0_9         |    <0.001 |
|     AB_0_90        |    <0.001 |
|     AB_0_91        |    <0.001 |
|     AB_0_92        |    <0.001 |
|     AB_0_93        |    <0.001 |
|     AB_0_94        |    <0.001 |
|     AB_0_95        |    <0.001 |
|     AB_0_96        |    <0.001 |
|     AB_1_1         |    <0.001 |
|     AB_1_10        |    <0.001 |
|     AB_1_11        |    <0.001 |
|     AB_1_12        |    <0.001 |
|     AB_1_13        |    <0.001 |
|     AB_1_14        |    <0.001 |
|     AB_1_15        |    <0.001 |
|     AB_1_16        |    <0.001 |
|     AB_1_17        |    <0.001 |
|     AB_1_18        |    <0.001 |
|     AB_1_19        |    <0.001 |
|     AB_1_2         |    <0.001 |
|     AB_1_20        |    <0.001 |
|     AB_1_21        |    <0.001 |
|     AB_1_22        |    <0.001 |
|     AB_1_23        |    <0.001 |
|     AB_1_24        |    <0.001 |
|     AB_1_25        |    <0.001 |
|     AB_1_26        |    <0.001 |
|     AB_1_27        |    <0.001 |
|     AB_1_28        |    <0.001 |
|     AB_1_29        |    <0.001 |
|     AB_1_3         |    <0.001 |
|     AB_1_30        |    <0.001 |
|     AB_1_31        |    <0.001 |
|     AB_1_32        |    <0.001 |
|     AB_1_33        |    <0.001 |
|     AB_1_34        |    <0.001 |
|     AB_1_35        |    <0.001 |
|     AB_1_36        |    <0.001 |
|     AB_1_37        |    <0.001 |
|     AB_1_38        |    <0.001 |
|     AB_1_39        |    <0.001 |
|     AB_1_4         |    <0.001 |
|     AB_1_40        |    <0.001 |
|     AB_1_41        |    <0.001 |
|     AB_1_42        |    <0.001 |
|     AB_1_43        |    <0.001 |
|     AB_1_44        |    <0.001 |
|     AB_1_45        |    <0.001 |
|     AB_1_46        |    <0.001 |
|     AB_1_47        |    <0.001 |
|     AB_1_48        |    <0.001 |
|     AB_1_49        |    <0.001 |
|     AB_1_5         |    <0.001 |
|     AB_1_50        |    <0.001 |
|     AB_1_51        |    <0.001 |
|     AB_1_52        |    <0.001 |
|     AB_1_53        |    <0.001 |
|     AB_1_54        |    <0.001 |
|     AB_1_55        |    <0.001 |
|     AB_1_56        |    <0.001 |
|     AB_1_57        |    <0.001 |
|     AB_1_58        |    <0.001 |
|     AB_1_59        |    <0.001 |
|     AB_1_6         |    <0.001 |
|     AB_1_60        |    <0.001 |
|     AB_1_61        |    <0.001 |
|     AB_1_62        |    <0.001 |
|     AB_1_63        |    <0.001 |
|     AB_1_64        |    <0.001 |
|     AB_1_65        |    <0.001 |
|     AB_1_66        |    <0.001 |
|     AB_1_67        |    <0.001 |
|     AB_1_68        |    <0.001 |
|     AB_1_69        |    <0.001 |
|     AB_1_7         |    <0.001 |
|     AB_1_70        |    <0.001 |
|     AB_1_71        |    <0.001 |
|     AB_1_72        |    <0.001 |
|     AB_1_73        |    <0.001 |
|     AB_1_74        |    <0.001 |
|     AB_1_75        |    <0.001 |
|     AB_1_76        |    <0.001 |
|     AB_1_77        |    <0.001 |
|     AB_1_78        |    <0.001 |
|     AB_1_79        |    <0.001 |
|     AB_1_8         |    <0.001 |
|     AB_1_80        |    <0.001 |
|     AB_1_81        |    <0.001 |
|     AB_1_82        |    <0.001 |
|     AB_1_83        |    <0.001 |
|     AB_1_84        |    <0.001 |
|     AB_1_85        |    <0.001 |
|     AB_1_86        |    <0.001 |
|     AB_1_87        |    <0.001 |
|     AB_1_88        |    <0.001 |
|     AB_1_89        |    <0.001 |
|     AB_1_9         |    <0.001 |
|     AB_1_90        |    <0.001 |
|     AB_1_91        |    <0.001 |
|     AB_1_92        |    <0.001 |
|     AB_1_93        |    <0.001 |
|     AB_1_94        |    <0.001 |
|     AB_1_95        |    <0.001 |
|     AB_1_96        |    <0.001 |
|     AB_2_1         |    <0.001 |
|     AB_2_10        |    <0.001 |
|     AB_2_11        |    <0.001 |
|     AB_2_12        |    <0.001 |
|     AB_2_13        |    <0.001 |
|     AB_2_14        |    <0.001 |
|     AB_2_15        |    <0.001 |
|     AB_2_16        |    <0.001 |
|     AB_2_17        |    <0.001 |
|     AB_2_18        |    <0.001 |
|     AB_2_19        |    <0.001 |
|     AB_2_2         |    <0.001 |
|     AB_2_20        |    <0.001 |
|     AB_2_21        |    <0.001 |
|     AB_2_22        |    <0.001 |
|     AB_2_23        |    <0.001 |
|     AB_2_24        |    <0.001 |
|     AB_2_25        |    <0.001 |
|     AB_2_26        |    <0.001 |
|     AB_2_27        |    <0.001 |
|     AB_2_28        |    <0.001 |
|     AB_2_29        |    <0.001 |
|     AB_2_3         |    <0.001 |
|     AB_2_30        |    <0.001 |
|     AB_2_31        |    <0.001 |
|     AB_2_32        |    <0.001 |
|     AB_2_33        |    <0.001 |
|     AB_2_34        |    <0.001 |
|     AB_2_35        |    <0.001 |
|     AB_2_36        |    <0.001 |
|     AB_2_37        |    <0.001 |
|     AB_2_38        |    <0.001 |
|     AB_2_39        |    <0.001 |
|     AB_2_4         |    <0.001 |
|     AB_2_40        |    <0.001 |
|     AB_2_41        |    <0.001 |
|     AB_2_42        |    <0.001 |
|     AB_2_43        |    <0.001 |
|     AB_2_44        |    <0.001 |
|     AB_2_45        |    <0.001 |
|     AB_2_46        |    <0.001 |
|     AB_2_47        |    <0.001 |
|     AB_2_48        |    <0.001 |
|     AB_2_49        |    <0.001 |
|     AB_2_5         |    <0.001 |
|     AB_2_50        |    <0.001 |
|     AB_2_51        |    <0.001 |
|     AB_2_52        |    <0.001 |
|     AB_2_53        |    <0.001 |
|     AB_2_54        |    <0.001 |
|     AB_2_55        |    <0.001 |
|     AB_2_56        |    <0.001 |
|     AB_2_57        |    <0.001 |
|     AB_2_58        |    <0.001 |
|     AB_2_59        |    <0.001 |
|     AB_2_6         |    <0.001 |
|     AB_2_60        |    <0.001 |
|     AB_2_61        |    <0.001 |
|     AB_2_62        |    <0.001 |
|     AB_2_63        |    <0.001 |
|     AB_2_64        |    <0.001 |
|     AB_2_65        |    <0.001 |
|     AB_2_66        |    <0.001 |
|     AB_2_67        |    <0.001 |
|     AB_2_68        |    <0.001 |
|     AB_2_69        |    <0.001 |
|     AB_2_7         |    <0.001 |
|     AB_2_70        |    <0.001 |
|     AB_2_71        |    <0.001 |
|     AB_2_72        |    <0.001 |
|     AB_2_73        |    <0.001 |
|     AB_2_74        |    <0.001 |
|     AB_2_75        |    <0.001 |
|     AB_2_76        |    <0.001 |
|     AB_2_77        |    <0.001 |
|     AB_2_78        |    <0.001 |
|     AB_2_79        |    <0.001 |
|     AB_2_8         |    <0.001 |
|     AB_2_80        |    <0.001 |
|     AB_2_81        |    <0.001 |
|     AB_2_82        |    <0.001 |
|     AB_2_83        |    <0.001 |
|     AB_2_84        |    <0.001 |
|     AB_2_85        |    <0.001 |
|     AB_2_86        |    <0.001 |
|     AB_2_87        |    <0.001 |
|     AB_2_88        |    <0.001 |
|     AB_2_89        |    <0.001 |
|     AB_2_9         |    <0.001 |
|     AB_2_90        |    <0.001 |
|     AB_2_91        |    <0.001 |
|     AB_2_92        |    <0.001 |
|     AB_2_93        |    <0.001 |
|     AB_2_94        |    <0.001 |
|     AB_2_95        |    <0.001 |
|     AB_2_96        |    <0.001 |
|     AB_3_1         |    <0.001 |
|     AB_3_10        |    <0.001 |
|     AB_3_11        |    <0.001 |
|     AB_3_12        |    <0.001 |
|     AB_3_13        |    <0.001 |
|     AB_3_14        |    <0.001 |
|     AB_3_15        |    <0.001 |
|     AB_3_16        |    <0.001 |
|     AB_3_17        |    <0.001 |
|     AB_3_18        |    <0.001 |
|     AB_3_19        |    <0.001 |
|     AB_3_2         |    <0.001 |
|     AB_3_20        |    <0.001 |
|     AB_3_21        |    <0.001 |
|     AB_3_22        |    <0.001 |
|     AB_3_23        |    <0.001 |
|     AB_3_24        |    <0.001 |
|     AB_3_25        |    <0.001 |
|     AB_3_26        |    <0.001 |
|     AB_3_27        |    <0.001 |
|     AB_3_28        |    <0.001 |
|     AB_3_29        |    <0.001 |
|     AB_3_3         |    <0.001 |
|     AB_3_30        |    <0.001 |
|     AB_3_31        |    <0.001 |
|     AB_3_32        |    <0.001 |
|     AB_3_33        |    <0.001 |
|     AB_3_34        |    <0.001 |
|     AB_3_35        |    <0.001 |
|     AB_3_36        |    <0.001 |
|     AB_3_37        |    <0.001 |
|     AB_3_38        |    <0.001 |
|     AB_3_39        |    <0.001 |
|     AB_3_4         |    <0.001 |
|     AB_3_40        |    <0.001 |
|     AB_3_41        |    <0.001 |
|     AB_3_42        |    <0.001 |
|     AB_3_43        |    <0.001 |
|     AB_3_44        |    <0.001 |
|     AB_3_45        |    <0.001 |
|     AB_3_46        |    <0.001 |
|     AB_3_47        |    <0.001 |
|     AB_3_48        |    <0.001 |
|     AB_3_49        |    <0.001 |
|     AB_3_5         |    <0.001 |
|     AB_3_50        |    <0.001 |
|     AB_3_51        |    <0.001 |
|     AB_3_52        |    <0.001 |
|     AB_3_53        |    <0.001 |
|     AB_3_54        |    <0.001 |
|     AB_3_55        |    <0.001 |
|     AB_3_56        |    <0.001 |
|     AB_3_57        |    <0.001 |
|     AB_3_58        |    <0.001 |
|     AB_3_59        |    <0.001 |
|     AB_3_6         |    <0.001 |
|     AB_3_60        |    <0.001 |
|     AB_3_61        |    <0.001 |
|     AB_3_62        |    <0.001 |
|     AB_3_63        |    <0.001 |
|     AB_3_64        |    <0.001 |
|     AB_3_65        |    <0.001 |
|     AB_3_66        |    <0.001 |
|     AB_3_67        |    <0.001 |
|     AB_3_68        |    <0.001 |
|     AB_3_69        |    <0.001 |
|     AB_3_7         |    <0.001 |
|     AB_3_70        |    <0.001 |
|     AB_3_71        |    <0.001 |
|     AB_3_72        |    <0.001 |
|     AB_3_73        |    <0.001 |
|     AB_3_74        |    <0.001 |
|     AB_3_75        |    <0.001 |
|     AB_3_76        |    <0.001 |
|     AB_3_77        |    <0.001 |
|     AB_3_78        |    <0.001 |
|     AB_3_79        |    <0.001 |
|     AB_3_8         |    <0.001 |
|     AB_3_80        |    <0.001 |
|     AB_3_81        |    <0.001 |
|     AB_3_82        |    <0.001 |
|     AB_3_83        |    <0.001 |
|     AB_3_84        |    <0.001 |
|     AB_3_85        |    <0.001 |
|     AB_3_86        |    <0.001 |
|     AB_3_87        |    <0.001 |
|     AB_3_88        |    <0.001 |
|     AB_3_89        |    <0.001 |
|     AB_3_9         |    <0.001 |
|     AB_3_90        |    <0.001 |
|     AB_3_91        |    <0.001 |
|     AB_3_92        |    <0.001 |
|     AB_3_93        |    <0.001 |
|     AB_3_94        |    <0.001 |
|     AB_3_95        |    <0.001 |
|     AB_3_96        |    <0.001 |
|     AB_4_1         |    <0.001 |
|     AB_4_10        |    <0.001 |
|     AB_4_11        |    <0.001 |
|     AB_4_12        |    <0.001 |
|     AB_4_13        |    <0.001 |
|     AB_4_14        |    <0.001 |
|     AB_4_15        |    <0.001 |
|     AB_4_16        |    <0.001 |
|     AB_4_17        |    <0.001 |
|     AB_4_18        |    <0.001 |
|     AB_4_19        |    <0.001 |
|     AB_4_2         |    <0.001 |
|     AB_4_20        |    <0.001 |
|     AB_4_21        |    <0.001 |
|     AB_4_22        |    <0.001 |
|     AB_4_23        |    <0.001 |
|     AB_4_24        |    <0.001 |
|     AB_4_25        |    <0.001 |
|     AB_4_26        |    <0.001 |
|     AB_4_27        |    <0.001 |
|     AB_4_28        |    <0.001 |
|     AB_4_29        |    <0.001 |
|     AB_4_3         |    <0.001 |
|     AB_4_30        |    <0.001 |
|     AB_4_31        |    <0.001 |
|     AB_4_32        |    <0.001 |
|     AB_4_33        |    <0.001 |
|     AB_4_34        |    <0.001 |
|     AB_4_35        |    <0.001 |
|     AB_4_36        |    <0.001 |
|     AB_4_37        |    <0.001 |
|     AB_4_38        |    <0.001 |
|     AB_4_39        |    <0.001 |
|     AB_4_4         |    <0.001 |
|     AB_4_40        |    <0.001 |
|     AB_4_41        |    <0.001 |
|     AB_4_42        |    <0.001 |
|     AB_4_43        |    <0.001 |
|     AB_4_44        |    <0.001 |
|     AB_4_45        |    <0.001 |
|     AB_4_46        |    <0.001 |
|     AB_4_47        |    <0.001 |
|     AB_4_48        |    <0.001 |
|     AB_4_49        |    <0.001 |
|     AB_4_5         |    <0.001 |
|     AB_4_50        |    <0.001 |
|     AB_4_51        |    <0.001 |
|     AB_4_52        |    <0.001 |
|     AB_4_53        |    <0.001 |
|     AB_4_54        |    <0.001 |
|     AB_4_55        |    <0.001 |
|     AB_4_56        |    <0.001 |
|     AB_4_57        |    <0.001 |
|     AB_4_58        |    <0.001 |
|     AB_4_59        |    <0.001 |
|     AB_4_6         |    <0.001 |
|     AB_4_60        |    <0.001 |
|     AB_4_61        |    <0.001 |
|     AB_4_62        |    <0.001 |
|     AB_4_63        |    <0.001 |
|     AB_4_64        |    <0.001 |
|     AB_4_65        |    <0.001 |
|     AB_4_66        |    <0.001 |
|     AB_4_67        |    <0.001 |
|     AB_4_68        |    <0.001 |
|     AB_4_69        |    <0.001 |
|     AB_4_7         |    <0.001 |
|     AB_4_70        |    <0.001 |
|     AB_4_71        |    <0.001 |
|     AB_4_72        |    <0.001 |
|     AB_4_73        |    <0.001 |
|     AB_4_74        |    <0.001 |
|     AB_4_75        |    <0.001 |
|     AB_4_76        |    <0.001 |
|     AB_4_77        |    <0.001 |
|     AB_4_78        |    <0.001 |
|     AB_4_79        |    <0.001 |
|     AB_4_8         |    <0.001 |
|     AB_4_80        |    <0.001 |
|     AB_4_81        |    <0.001 |
|     AB_4_82        |    <0.001 |
|     AB_4_83        |    <0.001 |
|     AB_4_84        |    <0.001 |
|     AB_4_85        |    <0.001 |
|     AB_4_86        |    <0.001 |
|     AB_4_87        |    <0.001 |
|     AB_4_88        |    <0.001 |
|     AB_4_89        |    <0.001 |
|     AB_4_9         |    <0.001 |
|     AB_4_90        |    <0.001 |
|     AB_4_91        |    <0.001 |
|     AB_4_92        |    <0.001 |
|     AB_4_93        |    <0.001 |
|     AB_4_94        |    <0.001 |
|     AB_4_95        |    <0.001 |
|     AB_4_96        |    <0.001 |
|     AB_5_1         |    <0.001 |
|     AB_5_10        |    <0.001 |
|     AB_5_11        |    <0.001 |
|     AB_5_12        |    <0.001 |
|     AB_5_13        |    <0.001 |
|     AB_5_14        |    <0.001 |
|     AB_5_15        |    <0.001 |
|     AB_5_16        |    <0.001 |
|     AB_5_17        |    <0.001 |
|     AB_5_18        |    <0.001 |
|     AB_5_19        |    <0.001 |
|     AB_5_2         |    <0.001 |
|     AB_5_20        |    <0.001 |
|     AB_5_21        |    <0.001 |
|     AB_5_22        |    <0.001 |
|     AB_5_23        |    <0.001 |
|     AB_5_24        |    <0.001 |
|     AB_5_25        |    <0.001 |
|     AB_5_26        |    <0.001 |
|     AB_5_27        |    <0.001 |
|     AB_5_28        |    <0.001 |
|     AB_5_29        |    <0.001 |
|     AB_5_3         |    <0.001 |
|     AB_5_30        |    <0.001 |
|     AB_5_31        |    <0.001 |
|     AB_5_32        |    <0.001 |
|     AB_5_33        |    <0.001 |
|     AB_5_34        |    <0.001 |
|     AB_5_35        |    <0.001 |
|     AB_5_36        |    <0.001 |
|     AB_5_37        |    <0.001 |
|     AB_5_38        |    <0.001 |
|     AB_5_39        |    <0.001 |
|     AB_5_4         |    <0.001 |
|     AB_5_40        |    <0.001 |
|     AB_5_41        |    <0.001 |
|     AB_5_42        |    <0.001 |
|     AB_5_43        |    <0.001 |
|     AB_5_44        |    <0.001 |
|     AB_5_45        |    <0.001 |
|     AB_5_46        |    <0.001 |
|     AB_5_47        |    <0.001 |
|     AB_5_48        |    <0.001 |
|     AB_5_49        |    <0.001 |
|     AB_5_5         |    <0.001 |
|     AB_5_50        |    <0.001 |
|     AB_5_51        |    <0.001 |
|     AB_5_52        |    <0.001 |
|     AB_5_53        |    <0.001 |
|     AB_5_54        |    <0.001 |
|     AB_5_55        |    <0.001 |
|     AB_5_56        |    <0.001 |
|     AB_5_57        |    <0.001 |
|     AB_5_58        |    <0.001 |
|     AB_5_59        |    <0.001 |
|     AB_5_6         |    <0.001 |
|     AB_5_60        |    <0.001 |
|     AB_5_61        |    <0.001 |
|     AB_5_62        |    <0.001 |
|     AB_5_63        |    <0.001 |
|     AB_5_64        |    <0.001 |
|     AB_5_65        |    <0.001 |
|     AB_5_66        |    <0.001 |
|     AB_5_67        |    <0.001 |
|     AB_5_68        |    <0.001 |
|     AB_5_69        |    <0.001 |
|     AB_5_7         |    <0.001 |
|     AB_5_70        |    <0.001 |
|     AB_5_71        |    <0.001 |
|     AB_5_72        |    <0.001 |
|     AB_5_73        |    <0.001 |
|     AB_5_74        |    <0.001 |
|     AB_5_75        |    <0.001 |
|     AB_5_76        |    <0.001 |
|     AB_5_77        |    <0.001 |
|     AB_5_78        |    <0.001 |
|     AB_5_79        |    <0.001 |
|     AB_5_8         |    <0.001 |
|     AB_5_80        |    <0.001 |
|     AB_5_81        |    <0.001 |
|     AB_5_82        |    <0.001 |
|     AB_5_83        |    <0.001 |
|     AB_5_84        |    <0.001 |
|     AB_5_85        |    <0.001 |
|     AB_5_86        |    <0.001 |
|     AB_5_87        |    <0.001 |
|     AB_5_88        |    <0.001 |
|     AB_5_89        |    <0.001 |
|     AB_5_9         |    <0.001 |
|     AB_5_90        |    <0.001 |
|     AB_5_91        |    <0.001 |
|     AB_5_92        |    <0.001 |
|     AB_5_93        |    <0.001 |
|     AB_5_94        |    <0.001 |
|     AB_5_95        |    <0.001 |
|     AB_5_96        |    <0.001 |
|     AB_6_1         |    <0.001 |
|     AB_6_10        |    <0.001 |
|     AB_6_11        |    <0.001 |
|     AB_6_12        |    <0.001 |
|     AB_6_13        |    <0.001 |
|     AB_6_14        |    <0.001 |
|     AB_6_15        |    <0.001 |
|     AB_6_16        |    <0.001 |
|     AB_6_17        |    <0.001 |
|     AB_6_18        |    <0.001 |
|     AB_6_19        |    <0.001 |
|     AB_6_2         |    <0.001 |
|     AB_6_20        |    <0.001 |
|     AB_6_21        |    <0.001 |
|     AB_6_22        |    <0.001 |
|     AB_6_23        |    <0.001 |
|     AB_6_24        |    <0.001 |
|     AB_6_25        |    <0.001 |
|     AB_6_26        |    <0.001 |
|     AB_6_27        |    <0.001 |
|     AB_6_28        |    <0.001 |
|     AB_6_29        |    <0.001 |
|     AB_6_3         |    <0.001 |
|     AB_6_30        |    <0.001 |
|     AB_6_31        |    <0.001 |
|     AB_6_32        |    <0.001 |
|     AB_6_33        |    <0.001 |
|     AB_6_34        |    <0.001 |
|     AB_6_35        |    <0.001 |
|     AB_6_36        |    <0.001 |
|     AB_6_37        |    <0.001 |
|     AB_6_38        |    <0.001 |
|     AB_6_39        |    <0.001 |
|     AB_6_4         |    <0.001 |
|     AB_6_40        |    <0.001 |
|     AB_6_41        |    <0.001 |
|     AB_6_42        |    <0.001 |
|     AB_6_43        |    <0.001 |
|     AB_6_44        |    <0.001 |
|     AB_6_45        |    <0.001 |
|     AB_6_46        |    <0.001 |
|     AB_6_47        |    <0.001 |
|     AB_6_48        |    <0.001 |
|     AB_6_49        |    <0.001 |
|     AB_6_5         |    <0.001 |
|     AB_6_50        |    <0.001 |
|     AB_6_51        |    <0.001 |
|     AB_6_52        |    <0.001 |
|     AB_6_53        |    <0.001 |
|     AB_6_54        |    <0.001 |
|     AB_6_55        |    <0.001 |
|     AB_6_56        |    <0.001 |
|     AB_6_57        |    <0.001 |
|     AB_6_58        |    <0.001 |
|     AB_6_59        |    <0.001 |
|     AB_6_6         |    <0.001 |
|     AB_6_60        |    <0.001 |
|     AB_6_61        |    <0.001 |
|     AB_6_62        |    <0.001 |
|     AB_6_63        |    <0.001 |
|     AB_6_64        |    <0.001 |
|     AB_6_65        |    <0.001 |
|     AB_6_66        |    <0.001 |
|     AB_6_67        |    <0.001 |
|     AB_6_68        |    <0.001 |
|     AB_6_69        |    <0.001 |
|     AB_6_7         |    <0.001 |
|     AB_6_70        |    <0.001 |
|     AB_6_71        |    <0.001 |
|     AB_6_72        |    <0.001 |
|     AB_6_73        |    <0.001 |
|     AB_6_74        |    <0.001 |
|     AB_6_75        |    <0.001 |
|     AB_6_76        |    <0.001 |
|     AB_6_77        |    <0.001 |
|     AB_6_78        |    <0.001 |
|     AB_6_79        |    <0.001 |
|     AB_6_8         |    <0.001 |
|     AB_6_80        |    <0.001 |
|     AB_6_81        |    <0.001 |
|     AB_6_82        |    <0.001 |
|     AB_6_83        |    <0.001 |
|     AB_6_84        |    <0.001 |
|     AB_6_85        |    <0.001 |
|     AB_6_86        |    <0.001 |
|     AB_6_87        |    <0.001 |
|     AB_6_88        |    <0.001 |
|     AB_6_89        |    <0.001 |
|     AB_6_9         |    <0.001 |
|     AB_6_90        |    <0.001 |
|     AB_6_91        |    <0.001 |
|     AB_6_92        |    <0.001 |
|     AB_6_93        |    <0.001 |
|     AB_6_94        |    <0.001 |
|     AB_6_95        |    <0.001 |
|     AB_6_96        |    <0.001 |
|     AB_7_1         |    <0.001 |
|     AB_7_10        |    <0.001 |
|     AB_7_11        |    <0.001 |
|     AB_7_12        |    <0.001 |
|     AB_7_13        |    <0.001 |
|     AB_7_14        |    <0.001 |
|     AB_7_15        |    <0.001 |
|     AB_7_16        |    <0.001 |
|     AB_7_17        |    <0.001 |
|     AB_7_18        |    <0.001 |
|     AB_7_19        |    <0.001 |
|     AB_7_2         |    <0.001 |
|     AB_7_20        |    <0.001 |
|     AB_7_21        |    <0.001 |
|     AB_7_22        |    <0.001 |
|     AB_7_23        |    <0.001 |
|     AB_7_24        |    <0.001 |
|     AB_7_25        |    <0.001 |
|     AB_7_26        |    <0.001 |
|     AB_7_27        |    <0.001 |
|     AB_7_28        |    <0.001 |
|     AB_7_29        |    <0.001 |
|     AB_7_3         |    <0.001 |
|     AB_7_30        |    <0.001 |
|     AB_7_31        |    <0.001 |
|     AB_7_32        |    <0.001 |
|     AB_7_33        |    <0.001 |
|     AB_7_34        |    <0.001 |
|     AB_7_35        |    <0.001 |
|     AB_7_36        |    <0.001 |
|     AB_7_37        |    <0.001 |
|     AB_7_38        |    <0.001 |
|     AB_7_39        |    <0.001 |
|     AB_7_4         |    <0.001 |
|     AB_7_40        |    <0.001 |
|     AB_7_41        |    <0.001 |
|     AB_7_42        |    <0.001 |
|     AB_7_43        |    <0.001 |
|     AB_7_44        |    <0.001 |
|     AB_7_45        |    <0.001 |
|     AB_7_46        |    <0.001 |
|     AB_7_47        |    <0.001 |
|     AB_7_48        |    <0.001 |
|     AB_7_49        |    <0.001 |
|     AB_7_5         |    <0.001 |
|     AB_7_50        |    <0.001 |
|     AB_7_51        |    <0.001 |
|     AB_7_52        |    <0.001 |
|     AB_7_53        |    <0.001 |
|     AB_7_54        |    <0.001 |
|     AB_7_55        |    <0.001 |
|     AB_7_56        |    <0.001 |
|     AB_7_57        |    <0.001 |
|     AB_7_58        |    <0.001 |
|     AB_7_59        |    <0.001 |
|     AB_7_6         |    <0.001 |
|     AB_7_60        |    <0.001 |
|     AB_7_61        |    <0.001 |
|     AB_7_62        |    <0.001 |
|     AB_7_63        |    <0.001 |
|     AB_7_64        |    <0.001 |
|     AB_7_65        |    <0.001 |
|     AB_7_66        |    <0.001 |
|     AB_7_67        |    <0.001 |
|     AB_7_68        |    <0.001 |
|     AB_7_69        |    <0.001 |
|     AB_7_7         |    <0.001 |
|     AB_7_70        |    <0.001 |
|     AB_7_71        |    <0.001 |
|     AB_7_72        |    <0.001 |
|     AB_7_73        |    <0.001 |
|     AB_7_74        |    <0.001 |
|     AB_7_75        |    <0.001 |
|     AB_7_76        |    <0.001 |
|     AB_7_77        |    <0.001 |
|     AB_7_78        |    <0.001 |
|     AB_7_79        |    <0.001 |
|     AB_7_8         |    <0.001 |
|     AB_7_80        |    <0.001 |
|     AB_7_81        |    <0.001 |
|     AB_7_82        |    <0.001 |
|     AB_7_83        |    <0.001 |
|     AB_7_84        |    <0.001 |
|     AB_7_85        |    <0.001 |
|     AB_7_86        |    <0.001 |
|     AB_7_87        |    <0.001 |
|     AB_7_88        |    <0.001 |
|     AB_7_89        |    <0.001 |
|     AB_7_9         |    <0.001 |
|     AB_7_90        |    <0.001 |
|     AB_7_91        |    <0.001 |
|     AB_7_92        |    <0.001 |
|     AB_7_93        |    <0.001 |
|     AB_7_94        |    <0.001 |
|     AB_7_95        |    <0.001 |
|     AB_7_96        |    <0.001 |
|     AB_8_1         |    <0.001 |
|     AB_8_10        |    <0.001 |
|     AB_8_11        |    <0.001 |
|     AB_8_12        |    <0.001 |
|     AB_8_13        |    <0.001 |
|     AB_8_14        |    <0.001 |
|     AB_8_15        |    <0.001 |
|     AB_8_16        |    <0.001 |
|     AB_8_17        |    <0.001 |
|     AB_8_18        |    <0.001 |
|     AB_8_19        |    <0.001 |
|     AB_8_2         |    <0.001 |
|     AB_8_20        |    <0.001 |
|     AB_8_21        |    <0.001 |
|     AB_8_22        |    <0.001 |
|     AB_8_23        |    <0.001 |
|     AB_8_24        |    <0.001 |
|     AB_8_25        |    <0.001 |
|     AB_8_26        |    <0.001 |
|     AB_8_27        |    <0.001 |
|     AB_8_28        |    <0.001 |
|     AB_8_29        |    <0.001 |
|     AB_8_3         |    <0.001 |
|     AB_8_30        |    <0.001 |
|     AB_8_31        |    <0.001 |
|     AB_8_32        |    <0.001 |
|     AB_8_33        |    <0.001 |
|     AB_8_34        |    <0.001 |
|     AB_8_35        |    <0.001 |
|     AB_8_36        |    <0.001 |
|     AB_8_37        |    <0.001 |
|     AB_8_38        |    <0.001 |
|     AB_8_39        |    <0.001 |
|     AB_8_4         |    <0.001 |
|     AB_8_40        |    <0.001 |
|     AB_8_41        |    <0.001 |
|     AB_8_42        |    <0.001 |
|     AB_8_43        |    <0.001 |
|     AB_8_44        |    <0.001 |
|     AB_8_45        |    <0.001 |
|     AB_8_46        |    <0.001 |
|     AB_8_47        |    <0.001 |
|     AB_8_48        |    <0.001 |
|     AB_8_49        |    <0.001 |
|     AB_8_5         |    <0.001 |
|     AB_8_50        |    <0.001 |
|     AB_8_51        |    <0.001 |
|     AB_8_52        |    <0.001 |
|     AB_8_53        |    <0.001 |
|     AB_8_54        |    <0.001 |
|     AB_8_55        |    <0.001 |
|     AB_8_56        |    <0.001 |
|     AB_8_57        |    <0.001 |
|     AB_8_58        |    <0.001 |
|     AB_8_59        |    <0.001 |
|     AB_8_6         |    <0.001 |
|     AB_8_60        |    <0.001 |
|     AB_8_61        |    <0.001 |
|     AB_8_62        |    <0.001 |
|     AB_8_63        |    <0.001 |
|     AB_8_64        |    <0.001 |
|     AB_8_65        |    <0.001 |
|     AB_8_66        |    <0.001 |
|     AB_8_67        |    <0.001 |
|     AB_8_68        |    <0.001 |
|     AB_8_69        |    <0.001 |
|     AB_8_7         |    <0.001 |
|     AB_8_70        |    <0.001 |
|     AB_8_71        |    <0.001 |
|     AB_8_72        |    <0.001 |
|     AB_8_73        |    <0.001 |
|     AB_8_74        |    <0.001 |
|     AB_8_75        |    <0.001 |
|     AB_8_76        |    <0.001 |
|     AB_8_77        |    <0.001 |
|     AB_8_78        |    <0.001 |
|     AB_8_79        |    <0.001 |
|     AB_8_8         |    <0.001 |
|     AB_8_80        |    <0.001 |
|     AB_8_81        |    <0.001 |
|     AB_8_82        |    <0.001 |
|     AB_8_83        |    <0.001 |
|     AB_8_84        |    <0.001 |
|     AB_8_85        |    <0.001 |
|     AB_8_86        |    <0.001 |
|     AB_8_87        |    <0.001 |
|     AB_8_88        |    <0.001 |
|     AB_8_89        |    <0.001 |
|     AB_8_9         |    <0.001 |
|     AB_8_90        |    <0.001 |
|     AB_8_91        |    <0.001 |
|     AB_8_92        |    <0.001 |
|     AB_8_93        |    <0.001 |
|     AB_8_94        |    <0.001 |
|     AB_8_95        |    <0.001 |
|     AB_8_96        |    <0.001 |
|   K_Gen_Ctrl       |     0.009 |
|   RNG              |     0.040 |
|     f_permutation_ |     0.040 |
|   SHA3             |    <0.001 |
|     f_permutation_ |    <0.001 |
|     padder_        |    <0.001 |
|   c_Gen_Ctrl       |     0.033 |
|   ct               |     0.057 |
|   e1               |     0.052 |
|   e2               |     0.049 |
|   gf2mz            |     0.248 |
|     ctrl           |     0.047 |
|     mul00          |     0.010 |
|     mul01          |     0.008 |
|     mul02          |     0.007 |
|     mul03          |     0.009 |
|     mul04          |     0.007 |
|     mul10          |     0.006 |
|     mul11          |     0.004 |
|     mul12          |     0.004 |
|     mul13          |     0.008 |
|     mul14          |     0.005 |
|     mul20          |     0.006 |
|     mul21          |     0.008 |
|     mul22          |     0.004 |
|     mul23          |     0.008 |
|     mul24          |     0.004 |
|     mul30          |     0.008 |
|     mul31          |     0.006 |
|     mul32          |     0.008 |
|     mul33          |     0.009 |
|     mul34          |     0.004 |
|     mul40          |     0.016 |
|     mul41          |     0.007 |
|     mul42          |     0.014 |
|     mul43          |     0.007 |
|     mul44          |     0.010 |
|   h                |     0.112 |
+--------------------+-----------+


