#-----------------------------------------------------------
# Vivado v2018.1 (64-bit)
# SW Build 2188600 on Wed Apr  4 18:40:38 MDT 2018
# IP Build 2185939 on Wed Apr  4 20:55:05 MDT 2018
# Start of session at: Wed Aug 14 11:21:49 2019
# Process ID: 38780
# Current directory: C:/Users/David/Dropbox/LRPC Code/hardware/GF2m Arithmetic/GF2m_multiplier
# Command line: vivado.exe -gui_launcher_event rodinguilauncherevent12184 C:\Users\David\Dropbox\LRPC Code\hardware\GF2m Arithmetic\GF2m_multiplier\GF2m_multiplier.xpr
# Log file: C:/Users/David/Dropbox/LRPC Code/hardware/GF2m Arithmetic/GF2m_multiplier/vivado.log
# Journal file: C:/Users/David/Dropbox/LRPC Code/hardware/GF2m Arithmetic/GF2m_multiplier\vivado.jou
#-----------------------------------------------------------
start_gui
open_project {C:/Users/David/Dropbox/LRPC Code/hardware/GF2m Arithmetic/GF2m_multiplier/GF2m_multiplier.xpr}
Scanning sources...
Finished scanning sources
INFO: [IP_Flow 19-234] Refreshing IP repositories
INFO: [IP_Flow 19-1704] No user IP repositories specified
INFO: [IP_Flow 19-2313] Loaded Vivado IP repository 'F:/Xilinx/Vivado/2018.1/data/ip'.
open_project: Time (s): cpu = 00:00:09 ; elapsed = 00:00:09 . Memory (MB): peak = 822.859 ; gain = 115.566
update_compile_order -fileset sources_1
launch_simulation -install_path F:/modelsim64_10.5/win64
INFO: [Vivado 12-5682] Launching behavioral simulation in 'C:/Users/David/Dropbox/LRPC Code/hardware/GF2m Arithmetic/GF2m_multiplier/GF2m_multiplier.sim/sim_1/behav/modelsim'
INFO: [USF-ModelSim-47] Finding simulator installation...
INFO: [USF-ModelSim-50] Using simulator executables from 'F:/modelsim64_10.5/win64/vsim.exe'
INFO: [SIM-utils-51] Simulation object is 'sim_1'
INFO: [USF-modelsim-7] Finding pre-compiled libraries...
INFO: [USF-modelsim-11] File 'F:/modelsim64_10.1c/Xilinx_lib/64bit_vivado_lib/modelsim.ini' copied to run dir:'C:/Users/David/Dropbox/LRPC Code/hardware/GF2m Arithmetic/GF2m_multiplier/GF2m_multiplier.sim/sim_1/behav/modelsim'
INFO: [SIM-utils-54] Inspecting design source files for 'GF2m_mul_tb' in fileset 'sim_1'...
INFO: [USF-ModelSim-107] Finding global include files...
INFO: [USF-ModelSim-108] Finding include directories and verilog header directory paths...
INFO: [USF-ModelSim-109] Fetching design files from 'sim_1'...
INFO: [USF-ModelSim-2] ModelSim::Compile design
INFO: [USF-ModelSim-15] Creating automatic 'do' files...
INFO: [USF-ModelSim-69] Executing 'COMPILE and ANALYZE' step in 'C:/Users/David/Dropbox/LRPC Code/hardware/GF2m Arithmetic/GF2m_multiplier/GF2m_multiplier.sim/sim_1/behav/modelsim'
Reading F:/modelsim64_10.5/tcl/vsim/pref.tcl

# 10.5

# do {GF2m_mul_tb_compile.do}
# ** Warning: (vlib-34) Library already exists at "modelsim_lib/work".
# ** Warning: (vlib-34) Library already exists at "modelsim_lib/msim".
# ** Warning: (vlib-34) Library already exists at "modelsim_lib/msim/xil_defaultlib".
# Model Technology ModelSim SE-64 vmap 10.5 Lib Mapping Utility 2016.02 Feb 13 2016
# vmap xil_defaultlib modelsim_lib/msim/xil_defaultlib 
# Modifying modelsim.ini
# ** Warning: (vlog-159) Mode option -64 is not supported in this context and will be ignored.
# Model Technology ModelSim SE-64 vlog 10.5 Compiler 2016.02 Feb 13 2016
# Start time: 11:23:07 on Aug 14,2019
# vlog -64 -incr -work xil_defaultlib ../../../../GF2m_multiplier.srcs/sources_1/new/GF2m_mul.v ../../../../GF2m_multiplier.srcs/sources_1/new/GF2m_mul_tb.v 
# -- Compiling module GF2m_mul
# -- Skipping module GF2m_mul_tb
# 
# Top level modules:
# 	GF2m_mul_tb
# End time: 11:23:07 on Aug 14,2019, Elapsed time: 0:00:00
# Errors: 0, Warnings: 1
# Model Technology ModelSim SE-64 vlog 10.5 Compiler 2016.02 Feb 13 2016
# Start time: 11:23:07 on Aug 14,2019
# vlog -work xil_defaultlib glbl.v 
# -- Compiling module glbl
# 
# Top level modules:
# 	glbl
# End time: 11:23:08 on Aug 14,2019, Elapsed time: 0:00:01
# Errors: 0, Warnings: 0
INFO: [USF-ModelSim-69] 'compile' step finished in '2' seconds
INFO: [USF-ModelSim-4] ModelSim::Simulate design
INFO: [USF-ModelSim-69] Executing 'SIMULATE' step in 'C:/Users/David/Dropbox/LRPC Code/hardware/GF2m Arithmetic/GF2m_multiplier/GF2m_multiplier.sim/sim_1/behav/modelsim'
Program launched (PID=35164)
reset_run synth_1
WARNING: [Vivado 12-1017] Problems encountered:
1. Failed to delete one or more files in run directory C:/Users/David/Dropbox/LRPC Code/hardware/GF2m Arithmetic/GF2m_multiplier/GF2m_multiplier.runs/synth_1

launch_runs synth_1 -jobs 8
[Wed Aug 14 11:42:08 2019] Launched synth_1...
Run output will be captured here: C:/Users/David/Dropbox/LRPC Code/hardware/GF2m Arithmetic/GF2m_multiplier/GF2m_multiplier.runs/synth_1/runme.log
launch_runs: Time (s): cpu = 00:00:03 ; elapsed = 00:00:19 . Memory (MB): peak = 866.613 ; gain = 10.172
open_run synth_1 -name synth_1
Design is defaulting to impl run constrset: constrs_1
Design is defaulting to synth run part: xc7a50tifgg484-1L
INFO: [Netlist 29-17] Analyzing 161 Unisim elements for replacement
INFO: [Netlist 29-28] Unisim Transformation completed in 0 CPU seconds
INFO: [Project 1-479] Netlist was created with Vivado 2018.1
INFO: [Device 21-403] Loading part xc7a50tifgg484-1L
INFO: [Project 1-570] Preparing netlist for logic optimization
INFO: [Opt 31-138] Pushed 0 inverter(s) to 0 load pin(s).
INFO: [Project 1-111] Unisim Transformation Summary:
No Unisim elements were transformed.

open_run: Time (s): cpu = 00:00:12 ; elapsed = 00:00:23 . Memory (MB): peak = 1246.570 ; gain = 379.957
create_clock -period 10.000 -name clk -waveform {0.000 5.000} [get_ports clk]
file mkdir {C:/Users/David/Dropbox/LRPC Code/hardware/GF2m Arithmetic/GF2m_multiplier/GF2m_multiplier.srcs/constrs_1/new}
close [ open {C:/Users/David/Dropbox/LRPC Code/hardware/GF2m Arithmetic/GF2m_multiplier/GF2m_multiplier.srcs/constrs_1/new/usr_constrain.xdc} w ]
add_files -fileset constrs_1 {{C:/Users/David/Dropbox/LRPC Code/hardware/GF2m Arithmetic/GF2m_multiplier/GF2m_multiplier.srcs/constrs_1/new/usr_constrain.xdc}}
set_property target_constrs_file {C:/Users/David/Dropbox/LRPC Code/hardware/GF2m Arithmetic/GF2m_multiplier/GF2m_multiplier.srcs/constrs_1/new/usr_constrain.xdc} [current_fileset -constrset]
save_constraints -force
reset_run synth_1
WARNING: [Vivado 12-1017] Problems encountered:
1. Failed to delete one or more files in run directory C:/Users/David/Dropbox/LRPC Code/hardware/GF2m Arithmetic/GF2m_multiplier/GF2m_multiplier.runs/synth_1

launch_runs synth_1 -jobs 8
[Wed Aug 14 11:46:25 2019] Launched synth_1...
Run output will be captured here: C:/Users/David/Dropbox/LRPC Code/hardware/GF2m Arithmetic/GF2m_multiplier/GF2m_multiplier.runs/synth_1/runme.log
launch_runs: Time (s): cpu = 00:00:01 ; elapsed = 00:00:18 . Memory (MB): peak = 1708.277 ; gain = 0.000
refresh_design
INFO: [Netlist 29-17] Analyzing 161 Unisim elements for replacement
INFO: [Netlist 29-28] Unisim Transformation completed in 0 CPU seconds
INFO: [Project 1-479] Netlist was created with Vivado 2018.1
INFO: [Project 1-570] Preparing netlist for logic optimization
Parsing XDC File [C:/Users/David/Dropbox/LRPC Code/hardware/GF2m Arithmetic/GF2m_multiplier/GF2m_multiplier.srcs/constrs_1/new/usr_constrain.xdc]
Finished Parsing XDC File [C:/Users/David/Dropbox/LRPC Code/hardware/GF2m Arithmetic/GF2m_multiplier/GF2m_multiplier.srcs/constrs_1/new/usr_constrain.xdc]
INFO: [Opt 31-138] Pushed 0 inverter(s) to 0 load pin(s).
launch_runs impl_1 -jobs 8
INFO: [Timing 38-480] Writing timing data to binary archive.
[Wed Aug 14 11:56:30 2019] Launched impl_1...
Run output will be captured here: C:/Users/David/Dropbox/LRPC Code/hardware/GF2m Arithmetic/GF2m_multiplier/GF2m_multiplier.runs/impl_1/runme.log
launch_runs: Time (s): cpu = 00:00:00 ; elapsed = 00:00:19 . Memory (MB): peak = 1750.195 ; gain = 5.156
