Copyright 1986-2018 Xilinx, Inc. All Rights Reserved.
-------------------------------------------------------------------------------------------------------------------------------------------------------------------------
| Tool Version     : Vivado v.2018.1 (win64) Build 2188600 Wed Apr  4 18:40:38 MDT 2018
| Date             : Tue May 26 10:46:01 2020
| Host             : David-NTU-Desktop running 64-bit major release  (build 9200)
| Command          : report_power -file ROLLO_III_Encrypt_power_routed.rpt -pb ROLLO_III_Encrypt_power_summary_routed.pb -rpx ROLLO_III_Encrypt_power_routed.rpx
| Design           : ROLLO_III_Encrypt
| Device           : xc7a200tsbv484-1
| Design State     : routed
| Grade            : commercial
| Process          : typical
| Characterization : Production
-------------------------------------------------------------------------------------------------------------------------------------------------------------------------

Power Report

Table of Contents
-----------------
1. Summary
1.1 On-Chip Components
1.2 Power Supply Summary
1.3 Confidence Level
2. Settings
2.1 Environment
2.2 Clock Constraints
3. Detailed Reports
3.1 By Hierarchy

1. Summary
----------

+--------------------------+--------------+
| Total On-Chip Power (W)  | 1.536        |
| Design Power Budget (W)  | Unspecified* |
| Power Budget Margin (W)  | NA           |
| Dynamic (W)              | 1.395        |
| Device Static (W)        | 0.141        |
| Effective TJA (C/W)      | 2.6          |
| Max Ambient (C)          | 81.0         |
| Junction Temperature (C) | 29.0         |
| Confidence Level         | Medium       |
| Setting File             | ---          |
| Simulation Activity File | ---          |
| Design Nets Matched      | NA           |
+--------------------------+--------------+
* Specify Design Power Budget using, set_operating_conditions -design_power_budget <value in Watts>


1.1 On-Chip Components
----------------------

+-------------------------+-----------+----------+-----------+-----------------+
| On-Chip                 | Power (W) | Used     | Available | Utilization (%) |
+-------------------------+-----------+----------+-----------+-----------------+
| Clocks                  |     0.280 |        3 |       --- |             --- |
| Slice Logic             |     0.207 |   130181 |       --- |             --- |
|   LUT as Logic          |     0.199 |    77515 |    133800 |           57.93 |
|   Register              |     0.008 |    30578 |    267600 |           11.43 |
|   LUT as Shift Register |    <0.001 |      205 |     46200 |            0.44 |
|   F7/F8 Muxes           |    <0.001 |      512 |    133800 |            0.38 |
|   CARRY4                |    <0.001 |        8 |     33450 |            0.02 |
|   Others                |     0.000 |     1238 |       --- |             --- |
| Signals                 |     0.391 |   107813 |       --- |             --- |
| Block RAM               |     0.489 |     76.5 |       365 |           20.96 |
| I/O                     |     0.027 |       36 |       285 |           12.63 |
| Static Power            |     0.141 |          |           |                 |
| Total                   |     1.536 |          |           |                 |
+-------------------------+-----------+----------+-----------+-----------------+


1.2 Power Supply Summary
------------------------

+-----------+-------------+-----------+-------------+------------+
| Source    | Voltage (V) | Total (A) | Dynamic (A) | Static (A) |
+-----------+-------------+-----------+-------------+------------+
| Vccint    |       1.000 |     1.371 |       1.333 |      0.038 |
| Vccaux    |       1.800 |     0.033 |       0.002 |      0.031 |
| Vcco33    |       3.300 |     0.000 |       0.000 |      0.000 |
| Vcco25    |       2.500 |     0.000 |       0.000 |      0.000 |
| Vcco18    |       1.800 |     0.018 |       0.013 |      0.005 |
| Vcco15    |       1.500 |     0.000 |       0.000 |      0.000 |
| Vcco135   |       1.350 |     0.000 |       0.000 |      0.000 |
| Vcco12    |       1.200 |     0.000 |       0.000 |      0.000 |
| Vccaux_io |       1.800 |     0.000 |       0.000 |      0.000 |
| Vccbram   |       1.000 |     0.038 |       0.035 |      0.003 |
| MGTAVcc   |       1.000 |     0.000 |       0.000 |      0.000 |
| MGTAVtt   |       1.200 |     0.000 |       0.000 |      0.000 |
| Vccadc    |       1.800 |     0.020 |       0.000 |      0.020 |
+-----------+-------------+-----------+-------------+------------+


1.3 Confidence Level
--------------------

+-----------------------------+------------+-------------------------------------------------------+------------------------------------------------------------------------------------------------------------+
| User Input Data             | Confidence | Details                                               | Action                                                                                                     |
+-----------------------------+------------+-------------------------------------------------------+------------------------------------------------------------------------------------------------------------+
| Design implementation state | High       | Design is routed                                      |                                                                                                            |
| Clock nodes activity        | High       | User specified more than 95% of clocks                |                                                                                                            |
| I/O nodes activity          | Medium     | More than 5% of inputs are missing user specification | Provide missing input activity with simulation results or by editing the "By Resource Type -> I/Os" view   |
| Internal nodes activity     | Medium     | User specified less than 25% of internal nodes        | Provide missing internal nodes activity with simulation results or by editing the "By Resource Type" views |
| Device models               | High       | Device models are Production                          |                                                                                                            |
|                             |            |                                                       |                                                                                                            |
| Overall confidence level    | Medium     |                                                       |                                                                                                            |
+-----------------------------+------------+-------------------------------------------------------+------------------------------------------------------------------------------------------------------------+


2. Settings
-----------

2.1 Environment
---------------

+-----------------------+--------------------------+
| Ambient Temp (C)      | 25.0                     |
| ThetaJA (C/W)         | 2.6                      |
| Airflow (LFM)         | 250                      |
| Heat Sink             | medium (Medium Profile)  |
| ThetaSA (C/W)         | 4.6                      |
| Board Selection       | medium (10"x10")         |
| # of Board Layers     | 12to15 (12 to 15 Layers) |
| Board Temperature (C) | 25.0                     |
+-----------------------+--------------------------+


2.2 Clock Constraints
---------------------

+-------+--------+-----------------+
| Clock | Domain | Constraint (ns) |
+-------+--------+-----------------+
| clk   | clk    |             6.9 |
+-------+--------+-----------------+


3. Detailed Reports
-------------------

3.1 By Hierarchy
----------------

+--------------------+-----------+
| Name               | Power (W) |
+--------------------+-----------+
| ROLLO_III_Encrypt  |     1.395 |
|   E                |     0.018 |
|   GS               |     0.052 |
|     AB_0_0         |    <0.001 |
|     AB_0_1         |    <0.001 |
|     AB_0_10        |    <0.001 |
|     AB_0_100       |    <0.001 |
|     AB_0_11        |    <0.001 |
|     AB_0_12        |    <0.001 |
|     AB_0_13        |    <0.001 |
|     AB_0_14        |    <0.001 |
|     AB_0_15        |    <0.001 |
|     AB_0_16        |    <0.001 |
|     AB_0_17        |    <0.001 |
|     AB_0_18        |    <0.001 |
|     AB_0_19        |    <0.001 |
|     AB_0_2         |    <0.001 |
|     AB_0_20        |    <0.001 |
|     AB_0_21        |    <0.001 |
|     AB_0_22        |    <0.001 |
|     AB_0_23        |    <0.001 |
|     AB_0_24        |    <0.001 |
|     AB_0_25        |    <0.001 |
|     AB_0_26        |    <0.001 |
|     AB_0_27        |    <0.001 |
|     AB_0_28        |    <0.001 |
|     AB_0_29        |    <0.001 |
|     AB_0_3         |    <0.001 |
|     AB_0_30        |    <0.001 |
|     AB_0_31        |    <0.001 |
|     AB_0_32        |    <0.001 |
|     AB_0_33        |    <0.001 |
|     AB_0_34        |    <0.001 |
|     AB_0_35        |    <0.001 |
|     AB_0_36        |    <0.001 |
|     AB_0_37        |    <0.001 |
|     AB_0_38        |    <0.001 |
|     AB_0_39        |    <0.001 |
|     AB_0_4         |    <0.001 |
|     AB_0_40        |    <0.001 |
|     AB_0_41        |    <0.001 |
|     AB_0_42        |    <0.001 |
|     AB_0_43        |    <0.001 |
|     AB_0_44        |    <0.001 |
|     AB_0_45        |    <0.001 |
|     AB_0_46        |    <0.001 |
|     AB_0_47        |    <0.001 |
|     AB_0_48        |    <0.001 |
|     AB_0_49        |    <0.001 |
|     AB_0_5         |    <0.001 |
|     AB_0_50        |    <0.001 |
|     AB_0_51        |    <0.001 |
|     AB_0_52        |    <0.001 |
|     AB_0_53        |    <0.001 |
|     AB_0_54        |    <0.001 |
|     AB_0_55        |    <0.001 |
|     AB_0_56        |    <0.001 |
|     AB_0_57        |    <0.001 |
|     AB_0_58        |    <0.001 |
|     AB_0_59        |    <0.001 |
|     AB_0_6         |    <0.001 |
|     AB_0_60        |    <0.001 |
|     AB_0_61        |    <0.001 |
|     AB_0_62        |    <0.001 |
|     AB_0_63        |    <0.001 |
|     AB_0_64        |    <0.001 |
|     AB_0_65        |    <0.001 |
|     AB_0_66        |    <0.001 |
|     AB_0_67        |    <0.001 |
|     AB_0_68        |    <0.001 |
|     AB_0_69        |    <0.001 |
|     AB_0_7         |    <0.001 |
|     AB_0_70        |    <0.001 |
|     AB_0_71        |    <0.001 |
|     AB_0_72        |    <0.001 |
|     AB_0_73        |    <0.001 |
|     AB_0_74        |    <0.001 |
|     AB_0_75        |    <0.001 |
|     AB_0_76        |    <0.001 |
|     AB_0_77        |    <0.001 |
|     AB_0_78        |    <0.001 |
|     AB_0_79        |    <0.001 |
|     AB_0_8         |    <0.001 |
|     AB_0_80        |    <0.001 |
|     AB_0_81        |    <0.001 |
|     AB_0_82        |    <0.001 |
|     AB_0_83        |    <0.001 |
|     AB_0_84        |    <0.001 |
|     AB_0_85        |    <0.001 |
|     AB_0_86        |    <0.001 |
|     AB_0_87        |    <0.001 |
|     AB_0_88        |    <0.001 |
|     AB_0_89        |    <0.001 |
|     AB_0_9         |    <0.001 |
|     AB_0_90        |    <0.001 |
|     AB_0_91        |    <0.001 |
|     AB_0_92        |    <0.001 |
|     AB_0_93        |    <0.001 |
|     AB_0_94        |    <0.001 |
|     AB_0_95        |    <0.001 |
|     AB_0_96        |    <0.001 |
|     AB_0_97        |    <0.001 |
|     AB_0_98        |    <0.001 |
|     AB_0_99        |    <0.001 |
|     AB_1_0         |    <0.001 |
|     AB_1_1         |    <0.001 |
|     AB_1_10        |    <0.001 |
|     AB_1_100       |    <0.001 |
|     AB_1_11        |    <0.001 |
|     AB_1_12        |    <0.001 |
|     AB_1_13        |    <0.001 |
|     AB_1_14        |    <0.001 |
|     AB_1_15        |    <0.001 |
|     AB_1_16        |    <0.001 |
|     AB_1_17        |    <0.001 |
|     AB_1_18        |    <0.001 |
|     AB_1_19        |    <0.001 |
|     AB_1_2         |    <0.001 |
|     AB_1_20        |    <0.001 |
|     AB_1_21        |    <0.001 |
|     AB_1_22        |    <0.001 |
|     AB_1_23        |    <0.001 |
|     AB_1_24        |    <0.001 |
|     AB_1_25        |    <0.001 |
|     AB_1_26        |    <0.001 |
|     AB_1_27        |    <0.001 |
|     AB_1_28        |    <0.001 |
|     AB_1_29        |    <0.001 |
|     AB_1_3         |    <0.001 |
|     AB_1_30        |    <0.001 |
|     AB_1_31        |    <0.001 |
|     AB_1_32        |    <0.001 |
|     AB_1_33        |    <0.001 |
|     AB_1_34        |    <0.001 |
|     AB_1_35        |    <0.001 |
|     AB_1_36        |    <0.001 |
|     AB_1_37        |    <0.001 |
|     AB_1_38        |    <0.001 |
|     AB_1_39        |    <0.001 |
|     AB_1_4         |    <0.001 |
|     AB_1_40        |    <0.001 |
|     AB_1_41        |    <0.001 |
|     AB_1_42        |    <0.001 |
|     AB_1_43        |    <0.001 |
|     AB_1_44        |    <0.001 |
|     AB_1_45        |    <0.001 |
|     AB_1_46        |    <0.001 |
|     AB_1_47        |    <0.001 |
|     AB_1_48        |    <0.001 |
|     AB_1_49        |    <0.001 |
|     AB_1_5         |    <0.001 |
|     AB_1_50        |    <0.001 |
|     AB_1_51        |    <0.001 |
|     AB_1_52        |    <0.001 |
|     AB_1_53        |    <0.001 |
|     AB_1_54        |    <0.001 |
|     AB_1_55        |    <0.001 |
|     AB_1_56        |    <0.001 |
|     AB_1_57        |    <0.001 |
|     AB_1_58        |    <0.001 |
|     AB_1_59        |    <0.001 |
|     AB_1_6         |    <0.001 |
|     AB_1_60        |    <0.001 |
|     AB_1_61        |    <0.001 |
|     AB_1_62        |    <0.001 |
|     AB_1_63        |    <0.001 |
|     AB_1_64        |    <0.001 |
|     AB_1_65        |    <0.001 |
|     AB_1_66        |    <0.001 |
|     AB_1_67        |    <0.001 |
|     AB_1_68        |    <0.001 |
|     AB_1_69        |    <0.001 |
|     AB_1_7         |    <0.001 |
|     AB_1_70        |    <0.001 |
|     AB_1_71        |    <0.001 |
|     AB_1_72        |    <0.001 |
|     AB_1_73        |    <0.001 |
|     AB_1_74        |    <0.001 |
|     AB_1_75        |    <0.001 |
|     AB_1_76        |    <0.001 |
|     AB_1_77        |    <0.001 |
|     AB_1_78        |    <0.001 |
|     AB_1_79        |    <0.001 |
|     AB_1_8         |    <0.001 |
|     AB_1_80        |    <0.001 |
|     AB_1_81        |    <0.001 |
|     AB_1_82        |    <0.001 |
|     AB_1_83        |    <0.001 |
|     AB_1_84        |    <0.001 |
|     AB_1_85        |    <0.001 |
|     AB_1_86        |    <0.001 |
|     AB_1_87        |    <0.001 |
|     AB_1_88        |    <0.001 |
|     AB_1_89        |    <0.001 |
|     AB_1_9         |    <0.001 |
|     AB_1_90        |    <0.001 |
|     AB_1_91        |    <0.001 |
|     AB_1_92        |    <0.001 |
|     AB_1_93        |    <0.001 |
|     AB_1_94        |    <0.001 |
|     AB_1_95        |    <0.001 |
|     AB_1_96        |    <0.001 |
|     AB_1_97        |    <0.001 |
|     AB_1_98        |    <0.001 |
|     AB_1_99        |    <0.001 |
|     AB_2_0         |    <0.001 |
|     AB_2_1         |    <0.001 |
|     AB_2_10        |    <0.001 |
|     AB_2_100       |    <0.001 |
|     AB_2_11        |    <0.001 |
|     AB_2_12        |    <0.001 |
|     AB_2_13        |    <0.001 |
|     AB_2_14        |    <0.001 |
|     AB_2_15        |    <0.001 |
|     AB_2_16        |    <0.001 |
|     AB_2_17        |    <0.001 |
|     AB_2_18        |    <0.001 |
|     AB_2_19        |    <0.001 |
|     AB_2_2         |    <0.001 |
|     AB_2_20        |    <0.001 |
|     AB_2_21        |    <0.001 |
|     AB_2_22        |    <0.001 |
|     AB_2_23        |    <0.001 |
|     AB_2_24        |    <0.001 |
|     AB_2_25        |    <0.001 |
|     AB_2_26        |    <0.001 |
|     AB_2_27        |    <0.001 |
|     AB_2_28        |    <0.001 |
|     AB_2_29        |    <0.001 |
|     AB_2_3         |    <0.001 |
|     AB_2_30        |    <0.001 |
|     AB_2_31        |    <0.001 |
|     AB_2_32        |    <0.001 |
|     AB_2_33        |    <0.001 |
|     AB_2_34        |    <0.001 |
|     AB_2_35        |    <0.001 |
|     AB_2_36        |    <0.001 |
|     AB_2_37        |    <0.001 |
|     AB_2_38        |    <0.001 |
|     AB_2_39        |    <0.001 |
|     AB_2_4         |    <0.001 |
|     AB_2_40        |    <0.001 |
|     AB_2_41        |    <0.001 |
|     AB_2_42        |    <0.001 |
|     AB_2_43        |    <0.001 |
|     AB_2_44        |    <0.001 |
|     AB_2_45        |    <0.001 |
|     AB_2_46        |    <0.001 |
|     AB_2_47        |    <0.001 |
|     AB_2_48        |    <0.001 |
|     AB_2_49        |    <0.001 |
|     AB_2_5         |    <0.001 |
|     AB_2_50        |    <0.001 |
|     AB_2_51        |    <0.001 |
|     AB_2_52        |    <0.001 |
|     AB_2_53        |    <0.001 |
|     AB_2_54        |    <0.001 |
|     AB_2_55        |    <0.001 |
|     AB_2_56        |    <0.001 |
|     AB_2_57        |    <0.001 |
|     AB_2_58        |    <0.001 |
|     AB_2_59        |    <0.001 |
|     AB_2_6         |    <0.001 |
|     AB_2_60        |    <0.001 |
|     AB_2_61        |    <0.001 |
|     AB_2_62        |    <0.001 |
|     AB_2_63        |    <0.001 |
|     AB_2_64        |    <0.001 |
|     AB_2_65        |    <0.001 |
|     AB_2_66        |    <0.001 |
|     AB_2_67        |    <0.001 |
|     AB_2_68        |    <0.001 |
|     AB_2_69        |    <0.001 |
|     AB_2_7         |    <0.001 |
|     AB_2_70        |    <0.001 |
|     AB_2_71        |    <0.001 |
|     AB_2_72        |    <0.001 |
|     AB_2_73        |    <0.001 |
|     AB_2_74        |    <0.001 |
|     AB_2_75        |    <0.001 |
|     AB_2_76        |    <0.001 |
|     AB_2_77        |    <0.001 |
|     AB_2_78        |    <0.001 |
|     AB_2_79        |    <0.001 |
|     AB_2_8         |    <0.001 |
|     AB_2_80        |    <0.001 |
|     AB_2_81        |    <0.001 |
|     AB_2_82        |    <0.001 |
|     AB_2_83        |    <0.001 |
|     AB_2_84        |    <0.001 |
|     AB_2_85        |    <0.001 |
|     AB_2_86        |    <0.001 |
|     AB_2_87        |    <0.001 |
|     AB_2_88        |    <0.001 |
|     AB_2_89        |    <0.001 |
|     AB_2_9         |    <0.001 |
|     AB_2_90        |    <0.001 |
|     AB_2_91        |    <0.001 |
|     AB_2_92        |    <0.001 |
|     AB_2_93        |    <0.001 |
|     AB_2_94        |    <0.001 |
|     AB_2_95        |    <0.001 |
|     AB_2_96        |    <0.001 |
|     AB_2_97        |    <0.001 |
|     AB_2_98        |    <0.001 |
|     AB_2_99        |    <0.001 |
|     AB_3_0         |    <0.001 |
|     AB_3_1         |    <0.001 |
|     AB_3_10        |    <0.001 |
|     AB_3_100       |    <0.001 |
|     AB_3_11        |    <0.001 |
|     AB_3_12        |    <0.001 |
|     AB_3_13        |    <0.001 |
|     AB_3_14        |    <0.001 |
|     AB_3_15        |    <0.001 |
|     AB_3_16        |    <0.001 |
|     AB_3_17        |    <0.001 |
|     AB_3_18        |    <0.001 |
|     AB_3_19        |    <0.001 |
|     AB_3_2         |    <0.001 |
|     AB_3_20        |    <0.001 |
|     AB_3_21        |    <0.001 |
|     AB_3_22        |    <0.001 |
|     AB_3_23        |    <0.001 |
|     AB_3_24        |    <0.001 |
|     AB_3_25        |    <0.001 |
|     AB_3_26        |    <0.001 |
|     AB_3_27        |    <0.001 |
|     AB_3_28        |    <0.001 |
|     AB_3_29        |    <0.001 |
|     AB_3_3         |    <0.001 |
|     AB_3_30        |    <0.001 |
|     AB_3_31        |    <0.001 |
|     AB_3_32        |    <0.001 |
|     AB_3_33        |    <0.001 |
|     AB_3_34        |    <0.001 |
|     AB_3_35        |    <0.001 |
|     AB_3_36        |    <0.001 |
|     AB_3_37        |    <0.001 |
|     AB_3_38        |    <0.001 |
|     AB_3_39        |    <0.001 |
|     AB_3_4         |    <0.001 |
|     AB_3_40        |    <0.001 |
|     AB_3_41        |    <0.001 |
|     AB_3_42        |    <0.001 |
|     AB_3_43        |    <0.001 |
|     AB_3_44        |    <0.001 |
|     AB_3_45        |    <0.001 |
|     AB_3_46        |    <0.001 |
|     AB_3_47        |    <0.001 |
|     AB_3_48        |    <0.001 |
|     AB_3_49        |    <0.001 |
|     AB_3_5         |    <0.001 |
|     AB_3_50        |    <0.001 |
|     AB_3_51        |    <0.001 |
|     AB_3_52        |    <0.001 |
|     AB_3_53        |    <0.001 |
|     AB_3_54        |    <0.001 |
|     AB_3_55        |    <0.001 |
|     AB_3_56        |    <0.001 |
|     AB_3_57        |    <0.001 |
|     AB_3_58        |    <0.001 |
|     AB_3_59        |    <0.001 |
|     AB_3_6         |    <0.001 |
|     AB_3_60        |    <0.001 |
|     AB_3_61        |    <0.001 |
|     AB_3_62        |    <0.001 |
|     AB_3_63        |    <0.001 |
|     AB_3_64        |    <0.001 |
|     AB_3_65        |    <0.001 |
|     AB_3_66        |    <0.001 |
|     AB_3_67        |    <0.001 |
|     AB_3_68        |    <0.001 |
|     AB_3_69        |    <0.001 |
|     AB_3_7         |    <0.001 |
|     AB_3_70        |    <0.001 |
|     AB_3_71        |    <0.001 |
|     AB_3_72        |    <0.001 |
|     AB_3_73        |    <0.001 |
|     AB_3_74        |    <0.001 |
|     AB_3_75        |    <0.001 |
|     AB_3_76        |    <0.001 |
|     AB_3_77        |    <0.001 |
|     AB_3_78        |    <0.001 |
|     AB_3_79        |    <0.001 |
|     AB_3_8         |    <0.001 |
|     AB_3_80        |    <0.001 |
|     AB_3_81        |    <0.001 |
|     AB_3_82        |    <0.001 |
|     AB_3_83        |    <0.001 |
|     AB_3_84        |    <0.001 |
|     AB_3_85        |    <0.001 |
|     AB_3_86        |    <0.001 |
|     AB_3_87        |    <0.001 |
|     AB_3_88        |    <0.001 |
|     AB_3_89        |    <0.001 |
|     AB_3_9         |    <0.001 |
|     AB_3_90        |    <0.001 |
|     AB_3_91        |    <0.001 |
|     AB_3_92        |    <0.001 |
|     AB_3_93        |    <0.001 |
|     AB_3_94        |    <0.001 |
|     AB_3_95        |    <0.001 |
|     AB_3_96        |    <0.001 |
|     AB_3_97        |    <0.001 |
|     AB_3_98        |    <0.001 |
|     AB_3_99        |    <0.001 |
|     AB_4_0         |    <0.001 |
|     AB_4_1         |    <0.001 |
|     AB_4_10        |    <0.001 |
|     AB_4_100       |    <0.001 |
|     AB_4_11        |    <0.001 |
|     AB_4_12        |    <0.001 |
|     AB_4_13        |    <0.001 |
|     AB_4_14        |    <0.001 |
|     AB_4_15        |    <0.001 |
|     AB_4_16        |    <0.001 |
|     AB_4_17        |    <0.001 |
|     AB_4_18        |    <0.001 |
|     AB_4_19        |    <0.001 |
|     AB_4_2         |    <0.001 |
|     AB_4_20        |    <0.001 |
|     AB_4_21        |    <0.001 |
|     AB_4_22        |    <0.001 |
|     AB_4_23        |    <0.001 |
|     AB_4_24        |    <0.001 |
|     AB_4_25        |    <0.001 |
|     AB_4_26        |    <0.001 |
|     AB_4_27        |    <0.001 |
|     AB_4_28        |    <0.001 |
|     AB_4_29        |    <0.001 |
|     AB_4_3         |    <0.001 |
|     AB_4_30        |    <0.001 |
|     AB_4_31        |    <0.001 |
|     AB_4_32        |    <0.001 |
|     AB_4_33        |    <0.001 |
|     AB_4_34        |    <0.001 |
|     AB_4_35        |    <0.001 |
|     AB_4_36        |    <0.001 |
|     AB_4_37        |    <0.001 |
|     AB_4_38        |    <0.001 |
|     AB_4_39        |    <0.001 |
|     AB_4_4         |    <0.001 |
|     AB_4_40        |    <0.001 |
|     AB_4_41        |    <0.001 |
|     AB_4_42        |    <0.001 |
|     AB_4_43        |    <0.001 |
|     AB_4_44        |    <0.001 |
|     AB_4_45        |    <0.001 |
|     AB_4_46        |    <0.001 |
|     AB_4_47        |    <0.001 |
|     AB_4_48        |    <0.001 |
|     AB_4_49        |    <0.001 |
|     AB_4_5         |    <0.001 |
|     AB_4_50        |    <0.001 |
|     AB_4_51        |    <0.001 |
|     AB_4_52        |    <0.001 |
|     AB_4_53        |    <0.001 |
|     AB_4_54        |    <0.001 |
|     AB_4_55        |    <0.001 |
|     AB_4_56        |    <0.001 |
|     AB_4_57        |    <0.001 |
|     AB_4_58        |    <0.001 |
|     AB_4_59        |    <0.001 |
|     AB_4_6         |    <0.001 |
|     AB_4_60        |    <0.001 |
|     AB_4_61        |    <0.001 |
|     AB_4_62        |    <0.001 |
|     AB_4_63        |    <0.001 |
|     AB_4_64        |    <0.001 |
|     AB_4_65        |    <0.001 |
|     AB_4_66        |    <0.001 |
|     AB_4_67        |    <0.001 |
|     AB_4_68        |    <0.001 |
|     AB_4_69        |    <0.001 |
|     AB_4_7         |    <0.001 |
|     AB_4_70        |    <0.001 |
|     AB_4_71        |    <0.001 |
|     AB_4_72        |    <0.001 |
|     AB_4_73        |    <0.001 |
|     AB_4_74        |    <0.001 |
|     AB_4_75        |    <0.001 |
|     AB_4_76        |    <0.001 |
|     AB_4_77        |    <0.001 |
|     AB_4_78        |    <0.001 |
|     AB_4_79        |    <0.001 |
|     AB_4_8         |    <0.001 |
|     AB_4_80        |    <0.001 |
|     AB_4_81        |    <0.001 |
|     AB_4_82        |    <0.001 |
|     AB_4_83        |    <0.001 |
|     AB_4_84        |    <0.001 |
|     AB_4_85        |    <0.001 |
|     AB_4_86        |    <0.001 |
|     AB_4_87        |    <0.001 |
|     AB_4_88        |    <0.001 |
|     AB_4_89        |    <0.001 |
|     AB_4_9         |    <0.001 |
|     AB_4_90        |    <0.001 |
|     AB_4_91        |    <0.001 |
|     AB_4_92        |    <0.001 |
|     AB_4_93        |    <0.001 |
|     AB_4_94        |    <0.001 |
|     AB_4_95        |    <0.001 |
|     AB_4_96        |    <0.001 |
|     AB_4_97        |    <0.001 |
|     AB_4_98        |    <0.001 |
|     AB_4_99        |    <0.001 |
|     AB_5_0         |    <0.001 |
|     AB_5_1         |    <0.001 |
|     AB_5_10        |    <0.001 |
|     AB_5_100       |    <0.001 |
|     AB_5_11        |    <0.001 |
|     AB_5_12        |    <0.001 |
|     AB_5_13        |    <0.001 |
|     AB_5_14        |    <0.001 |
|     AB_5_15        |    <0.001 |
|     AB_5_16        |    <0.001 |
|     AB_5_17        |    <0.001 |
|     AB_5_18        |    <0.001 |
|     AB_5_19        |    <0.001 |
|     AB_5_2         |    <0.001 |
|     AB_5_20        |    <0.001 |
|     AB_5_21        |    <0.001 |
|     AB_5_22        |    <0.001 |
|     AB_5_23        |    <0.001 |
|     AB_5_24        |    <0.001 |
|     AB_5_25        |    <0.001 |
|     AB_5_26        |    <0.001 |
|     AB_5_27        |    <0.001 |
|     AB_5_28        |    <0.001 |
|     AB_5_29        |    <0.001 |
|     AB_5_3         |    <0.001 |
|     AB_5_30        |    <0.001 |
|     AB_5_31        |    <0.001 |
|     AB_5_32        |    <0.001 |
|     AB_5_33        |    <0.001 |
|     AB_5_34        |    <0.001 |
|     AB_5_35        |    <0.001 |
|     AB_5_36        |    <0.001 |
|     AB_5_37        |    <0.001 |
|     AB_5_38        |    <0.001 |
|     AB_5_39        |    <0.001 |
|     AB_5_4         |    <0.001 |
|     AB_5_40        |    <0.001 |
|     AB_5_41        |    <0.001 |
|     AB_5_42        |    <0.001 |
|     AB_5_43        |    <0.001 |
|     AB_5_44        |    <0.001 |
|     AB_5_45        |    <0.001 |
|     AB_5_46        |    <0.001 |
|     AB_5_47        |    <0.001 |
|     AB_5_48        |    <0.001 |
|     AB_5_49        |    <0.001 |
|     AB_5_5         |    <0.001 |
|     AB_5_50        |    <0.001 |
|     AB_5_51        |    <0.001 |
|     AB_5_52        |    <0.001 |
|     AB_5_53        |    <0.001 |
|     AB_5_54        |    <0.001 |
|     AB_5_55        |    <0.001 |
|     AB_5_56        |    <0.001 |
|     AB_5_57        |    <0.001 |
|     AB_5_58        |    <0.001 |
|     AB_5_59        |    <0.001 |
|     AB_5_6         |    <0.001 |
|     AB_5_60        |    <0.001 |
|     AB_5_61        |    <0.001 |
|     AB_5_62        |    <0.001 |
|     AB_5_63        |    <0.001 |
|     AB_5_64        |    <0.001 |
|     AB_5_65        |    <0.001 |
|     AB_5_66        |    <0.001 |
|     AB_5_67        |    <0.001 |
|     AB_5_68        |    <0.001 |
|     AB_5_69        |    <0.001 |
|     AB_5_7         |    <0.001 |
|     AB_5_70        |    <0.001 |
|     AB_5_71        |    <0.001 |
|     AB_5_72        |    <0.001 |
|     AB_5_73        |    <0.001 |
|     AB_5_74        |    <0.001 |
|     AB_5_75        |    <0.001 |
|     AB_5_76        |    <0.001 |
|     AB_5_77        |    <0.001 |
|     AB_5_78        |    <0.001 |
|     AB_5_79        |    <0.001 |
|     AB_5_8         |    <0.001 |
|     AB_5_80        |    <0.001 |
|     AB_5_81        |    <0.001 |
|     AB_5_82        |    <0.001 |
|     AB_5_83        |    <0.001 |
|     AB_5_84        |    <0.001 |
|     AB_5_85        |    <0.001 |
|     AB_5_86        |    <0.001 |
|     AB_5_87        |    <0.001 |
|     AB_5_88        |    <0.001 |
|     AB_5_89        |    <0.001 |
|     AB_5_9         |    <0.001 |
|     AB_5_90        |    <0.001 |
|     AB_5_91        |    <0.001 |
|     AB_5_92        |    <0.001 |
|     AB_5_93        |    <0.001 |
|     AB_5_94        |    <0.001 |
|     AB_5_95        |    <0.001 |
|     AB_5_96        |    <0.001 |
|     AB_5_97        |    <0.001 |
|     AB_5_98        |    <0.001 |
|     AB_5_99        |    <0.001 |
|   K_Gen_Ctrl       |     0.006 |
|   RNG              |     0.047 |
|     f_permutation_ |     0.047 |
|   SHA3             |    <0.001 |
|     f_permutation_ |    <0.001 |
|     padder_        |    <0.001 |
|   c_Gen_Ctrl       |     0.054 |
|   ct0              |     0.059 |
|   ct1              |     0.060 |
|   er               |     0.055 |
|   gf2mz_one        |     0.313 |
|     ctrl           |     0.053 |
|     mul00          |     0.004 |
|     mul01          |     0.010 |
|     mul02          |     0.009 |
|     mul03          |     0.010 |
|     mul04          |     0.008 |
|     mul05          |     0.006 |
|     mul10          |     0.004 |
|     mul11          |     0.008 |
|     mul12          |     0.004 |
|     mul13          |     0.004 |
|     mul14          |     0.007 |
|     mul15          |     0.012 |
|     mul20          |     0.004 |
|     mul21          |     0.007 |
|     mul22          |     0.004 |
|     mul23          |     0.004 |
|     mul24          |     0.004 |
|     mul25          |     0.006 |
|     mul30          |     0.009 |
|     mul31          |     0.004 |
|     mul32          |     0.009 |
|     mul33          |     0.012 |
|     mul34          |     0.004 |
|     mul35          |     0.006 |
|     mul40          |     0.004 |
|     mul41          |     0.009 |
|     mul42          |     0.011 |
|     mul43          |     0.006 |
|     mul44          |     0.003 |
|     mul45          |     0.006 |
|     mul50          |     0.006 |
|     mul51          |     0.009 |
|     mul52          |     0.005 |
|     mul53          |     0.004 |
|     mul54          |     0.013 |
|     mul55          |     0.007 |
|   gf2mz_two        |     0.325 |
|     ctrl           |     0.051 |
|     mul00          |     0.004 |
|     mul01          |     0.011 |
|     mul02          |     0.009 |
|     mul03          |     0.016 |
|     mul04          |     0.008 |
|     mul05          |     0.006 |
|     mul10          |     0.004 |
|     mul11          |     0.016 |
|     mul12          |     0.004 |
|     mul13          |     0.004 |
|     mul14          |     0.004 |
|     mul15          |     0.010 |
|     mul20          |     0.004 |
|     mul21          |     0.020 |
|     mul22          |     0.003 |
|     mul23          |     0.004 |
|     mul24          |     0.004 |
|     mul25          |     0.006 |
|     mul30          |     0.009 |
|     mul31          |     0.011 |
|     mul32          |     0.005 |
|     mul33          |     0.011 |
|     mul34          |     0.004 |
|     mul35          |     0.006 |
|     mul40          |     0.004 |
|     mul41          |     0.009 |
|     mul42          |     0.005 |
|     mul43          |     0.006 |
|     mul44          |     0.003 |
|     mul45          |     0.006 |
|     mul50          |     0.006 |
|     mul51          |     0.008 |
|     mul52          |     0.005 |
|     mul53          |     0.005 |
|     mul54          |     0.010 |
|     mul55          |     0.006 |
|   h                |     0.136 |
|   r1               |     0.055 |
|   r2               |     0.055 |
|   s                |     0.132 |
+--------------------+-----------+


