#-----------------------------------------------------------
# Vivado v2018.1 (64-bit)
# SW Build 2188600 on Wed Apr  4 18:40:38 MDT 2018
# IP Build 2185939 on Wed Apr  4 20:55:05 MDT 2018
# Start of session at: Thu Dec 24 14:54:11 2020
# Process ID: 8332
# Current directory: C:/Users/David/Dropbox/ROLLO/hardware/ROLLO Decrypt/NewParam/ROLLO-I-Decrypt
# Command line: vivado.exe -gui_launcher_event rodinguilauncherevent12812 C:\Users\David\Dropbox\ROLLO\hardware\ROLLO Decrypt\NewParam\ROLLO-I-Decrypt\ROLLO-I-Decrypt.xpr
# Log file: C:/Users/David/Dropbox/ROLLO/hardware/ROLLO Decrypt/NewParam/ROLLO-I-Decrypt/vivado.log
# Journal file: C:/Users/David/Dropbox/ROLLO/hardware/ROLLO Decrypt/NewParam/ROLLO-I-Decrypt\vivado.jou
#-----------------------------------------------------------
start_gui
open_project {C:/Users/David/Dropbox/ROLLO/hardware/ROLLO Decrypt/NewParam/ROLLO-I-Decrypt/ROLLO-I-Decrypt.xpr}
INFO: [Project 1-313] Project file moved from 'C:/Users/David/Dropbox/LRPC Code/hardware/ROLLO Decrypt/ROLLO-I-Decrypt' since last save.
Scanning sources...
Finished scanning sources
INFO: [IP_Flow 19-234] Refreshing IP repositories
INFO: [IP_Flow 19-1704] No user IP repositories specified
INFO: [IP_Flow 19-2313] Loaded Vivado IP repository 'F:/Xilinx/Vivado/2018.1/data/ip'.
open_project: Time (s): cpu = 00:00:11 ; elapsed = 00:00:08 . Memory (MB): peak = 907.246 ; gain = 151.699
launch_simulation -install_path F:/modelsim64_10.1c/win64 -simset sim_decrypt
INFO: [Vivado 12-5682] Launching behavioral simulation in 'C:/Users/David/Dropbox/ROLLO/hardware/ROLLO Decrypt/NewParam/ROLLO-I-Decrypt/ROLLO-I-Decrypt.sim/sim_decrypt/behav/modelsim'
INFO: [USF-ModelSim-47] Finding simulator installation...
INFO: [USF-ModelSim-50] Using simulator executables from 'F:/modelsim64_10.1c/win64/vsim.exe'
INFO: [SIM-utils-51] Simulation object is 'sim_decrypt'
INFO: [USF-modelsim-7] Finding pre-compiled libraries...
INFO: [USF-modelsim-11] File 'F:/modelsim64_10.1c/Xilinx_lib/64bit_vivado_lib/modelsim.ini' copied to run dir:'C:/Users/David/Dropbox/ROLLO/hardware/ROLLO Decrypt/NewParam/ROLLO-I-Decrypt/ROLLO-I-Decrypt.sim/sim_decrypt/behav/modelsim'
INFO: [SIM-utils-54] Inspecting design source files for 'decrypt_top_tb' in fileset 'sim_decrypt'...
INFO: [USF-ModelSim-107] Finding global include files...
INFO: [USF-ModelSim-108] Finding include directories and verilog header directory paths...
INFO: [USF-ModelSim-110] Fetching design files from 'sources_1'...(this may take a while)...
INFO: [USF-ModelSim-111] Fetching design files from 'sim_decrypt'...
INFO: [USF-ModelSim-2] ModelSim::Compile design
INFO: [USF-ModelSim-15] Creating automatic 'do' files...
INFO: [USF-ModelSim-69] Executing 'COMPILE and ANALYZE' step in 'C:/Users/David/Dropbox/ROLLO/hardware/ROLLO Decrypt/NewParam/ROLLO-I-Decrypt/ROLLO-I-Decrypt.sim/sim_decrypt/behav/modelsim'
Reading F:/modelsim64_10.1c/tcl/vsim/pref.tcl 

# 10.1c

# do {decrypt_top_tb_compile.do} 
# ** Warning: (vlib-34) Library already exists at "modelsim_lib/work".
# 
# ** Warning: (vlib-34) Library already exists at "modelsim_lib/msim".
# 
# ** Warning: (vlib-34) Library already exists at "modelsim_lib/msim/xil_defaultlib".
# 
# Modifying modelsim.ini
# ** Error: Model Technology ModelSim SE-64 vlog 10.1c Compiler 2012.07 Jul 27 2012
# ** Error: ../../../../Verilog/S1S2_gen.v(196): near "||": syntax error, unexpected ||
# -- Skipping module gf2m_mul
# -- Skipping module shift_x_by_i
# -- Skipping module mul_ctrl
# -- Skipping module gf2mz_top
# -- Skipping module mem_dp
# -- Compiling module decrypt_top
# -- Skipping module ctrl_top
# -- Skipping module mem_sp
# -- Skipping module gs_elim_ctrl
# -- Skipping module comb_SA
# -- Compiling module gs_elim_top
# -- Skipping module processor_AB
# -- Skipping module padder
# -- Skipping module keccak
# -- Skipping module padder1
# -- Skipping module rconst
# -- Skipping module round
# -- Skipping module f_permutation
# -- Skipping module gf2mz_top_tb
# -- Skipping module S1S2_gen_tb
# -- Skipping module decrypt_top_tb
# child process exited abnormally
# Error in macro ./decrypt_top_tb_compile.do line 40
# Model Technology ModelSim SE-64 vlog 10.1c Compiler 2012.07 Jul 27 2012
# ** Error: ../../../../Verilog/S1S2_gen.v(196): near "||": syntax error, unexpected ||
# -- Skipping module gf2m_mul
# -- Skipping module shift_x_by_i
# -- Skipping module mul_ctrl
# -- Skipping module gf2mz_top
# -- Skipping module mem_dp
# -- Compiling module decrypt_top
# -- Skipping module ctrl_top
# -- Skipping module mem_sp
# -- Skipping module gs_elim_ctrl
# -- Skipping module comb_SA
# -- Compiling module gs_elim_top
# -- Skipping module processor_AB
# -- Skipping module padder
# -- Skipping module keccak
# -- Skipping module padder1
# -- Skipping module rconst
# -- Skipping module round
# -- Skipping module f_permutation
# -- Skipping module gf2mz_top_tb
# -- Skipping module S1S2_gen_tb
# -- Skipping module decrypt_top_tb
# child process exited abnormally
#     while executing
# "exec <nul: {F:\modelsim64_10.1c\win64\vlog.EXE} -64 -incr -work xil_defaultlib +incdir+../../../../Verilog ../../../../Verilog/S1S2_gen.v ../../../../..."
#     ("uplevel" body line 1)
#     invoked from within
# "uplevel 1 exec $redir $new [lrange $args 1 end]"
#     (procedure "::unknown" line 40)
#     invoked from within
# "F:\\modelsim64_10.1c\\win64\\vlog -64 -incr -work xil_defaultlib  "+incdir+../../../../Verilog" \
# "../../../../Verilog/S1S2_gen.v" \
# "../../../../Veri..."
ModelSim> INFO: [Common 17-41] Interrupt caught. Command should exit soon.
run_program: Time (s): cpu = 00:00:01 ; elapsed = 00:00:16 . Memory (MB): peak = 938.293 ; gain = 0.000
INFO: [Common 17-344] 'run_program' was cancelled
INFO: [Vivado 12-5357] 'compile' step aborted
launch_simulation: Time (s): cpu = 00:00:02 ; elapsed = 00:00:17 . Memory (MB): peak = 938.293 ; gain = 0.000
INFO: [Common 17-344] 'launch_simulation' was cancelled
launch_simulation -install_path F:/modelsim64_10.1c/win64 -simset sim_decrypt
INFO: [Vivado 12-5682] Launching behavioral simulation in 'C:/Users/David/Dropbox/ROLLO/hardware/ROLLO Decrypt/NewParam/ROLLO-I-Decrypt/ROLLO-I-Decrypt.sim/sim_decrypt/behav/modelsim'
INFO: [USF-ModelSim-47] Finding simulator installation...
INFO: [USF-ModelSim-50] Using simulator executables from 'F:/modelsim64_10.1c/win64/vsim.exe'
INFO: [SIM-utils-51] Simulation object is 'sim_decrypt'
INFO: [USF-modelsim-7] Finding pre-compiled libraries...
INFO: [USF-modelsim-11] File 'F:/modelsim64_10.1c/Xilinx_lib/64bit_vivado_lib/modelsim.ini' copied to run dir:'C:/Users/David/Dropbox/ROLLO/hardware/ROLLO Decrypt/NewParam/ROLLO-I-Decrypt/ROLLO-I-Decrypt.sim/sim_decrypt/behav/modelsim'
INFO: [SIM-utils-54] Inspecting design source files for 'decrypt_top_tb' in fileset 'sim_decrypt'...
INFO: [USF-ModelSim-107] Finding global include files...
INFO: [USF-ModelSim-108] Finding include directories and verilog header directory paths...
INFO: [USF-ModelSim-110] Fetching design files from 'sources_1'...(this may take a while)...
INFO: [USF-ModelSim-111] Fetching design files from 'sim_decrypt'...
INFO: [USF-ModelSim-2] ModelSim::Compile design
INFO: [USF-ModelSim-15] Creating automatic 'do' files...
INFO: [USF-ModelSim-69] Executing 'COMPILE and ANALYZE' step in 'C:/Users/David/Dropbox/ROLLO/hardware/ROLLO Decrypt/NewParam/ROLLO-I-Decrypt/ROLLO-I-Decrypt.sim/sim_decrypt/behav/modelsim'
Reading F:/modelsim64_10.1c/tcl/vsim/pref.tcl 

# 10.1c

# do {decrypt_top_tb_compile.do} 
# ** Warning: (vlib-34) Library already exists at "modelsim_lib/work".
# 
# ** Warning: (vlib-34) Library already exists at "modelsim_lib/msim".
# 
# ** Warning: (vlib-34) Library already exists at "modelsim_lib/msim/xil_defaultlib".
# 
# Modifying modelsim.ini
# Model Technology ModelSim SE-64 vlog 10.1c Compiler 2012.07 Jul 27 2012
# -- Compiling module S1S2_gen
# -- Skipping module gf2m_mul
# -- Skipping module shift_x_by_i
# -- Skipping module mul_ctrl
# -- Skipping module gf2mz_top
# -- Skipping module mem_dp
# -- Skipping module decrypt_top
# -- Skipping module ctrl_top
# -- Skipping module mem_sp
# -- Skipping module gs_elim_ctrl
# -- Skipping module comb_SA
# -- Skipping module gs_elim_top
# -- Skipping module processor_AB
# -- Skipping module padder
# -- Skipping module keccak
# -- Skipping module padder1
# -- Skipping module rconst
# -- Skipping module round
# -- Skipping module f_permutation
# -- Skipping module gf2mz_top_tb
# -- Skipping module S1S2_gen_tb
# -- Skipping module decrypt_top_tb
# 
# Top level modules:
# 	padder1
# 	gf2mz_top_tb
# 	S1S2_gen_tb
# 	decrypt_top_tb
# Model Technology ModelSim SE-64 vlog 10.1c Compiler 2012.07 Jul 27 2012
# -- Compiling module glbl
# 
# Top level modules:
# 	glbl
INFO: [USF-ModelSim-69] 'compile' step finished in '4' seconds
INFO: [USF-ModelSim-4] ModelSim::Simulate design
INFO: [USF-ModelSim-69] Executing 'SIMULATE' step in 'C:/Users/David/Dropbox/ROLLO/hardware/ROLLO Decrypt/NewParam/ROLLO-I-Decrypt/ROLLO-I-Decrypt.sim/sim_decrypt/behav/modelsim'
Program launched (PID=16196)
launch_simulation -install_path F:/modelsim64_10.1c/win64 -simset sim_decrypt
INFO: [Vivado 12-5682] Launching behavioral simulation in 'C:/Users/David/Dropbox/ROLLO/hardware/ROLLO Decrypt/NewParam/ROLLO-I-Decrypt/ROLLO-I-Decrypt.sim/sim_decrypt/behav/modelsim'
INFO: [USF-ModelSim-47] Finding simulator installation...
INFO: [USF-ModelSim-50] Using simulator executables from 'F:/modelsim64_10.1c/win64/vsim.exe'
INFO: [SIM-utils-51] Simulation object is 'sim_decrypt'
INFO: [USF-modelsim-7] Finding pre-compiled libraries...
INFO: [USF-modelsim-11] File 'F:/modelsim64_10.1c/Xilinx_lib/64bit_vivado_lib/modelsim.ini' copied to run dir:'C:/Users/David/Dropbox/ROLLO/hardware/ROLLO Decrypt/NewParam/ROLLO-I-Decrypt/ROLLO-I-Decrypt.sim/sim_decrypt/behav/modelsim'
INFO: [SIM-utils-54] Inspecting design source files for 'decrypt_top_tb' in fileset 'sim_decrypt'...
INFO: [USF-ModelSim-107] Finding global include files...
INFO: [USF-ModelSim-108] Finding include directories and verilog header directory paths...
INFO: [USF-ModelSim-110] Fetching design files from 'sources_1'...(this may take a while)...
INFO: [USF-ModelSim-111] Fetching design files from 'sim_decrypt'...
INFO: [USF-ModelSim-2] ModelSim::Compile design
INFO: [USF-ModelSim-15] Creating automatic 'do' files...
INFO: [USF-ModelSim-69] Executing 'COMPILE and ANALYZE' step in 'C:/Users/David/Dropbox/ROLLO/hardware/ROLLO Decrypt/NewParam/ROLLO-I-Decrypt/ROLLO-I-Decrypt.sim/sim_decrypt/behav/modelsim'
Reading F:/modelsim64_10.1c/tcl/vsim/pref.tcl 

# 10.1c

# do {decrypt_top_tb_compile.do} 
# ** Warning: (vlib-34) Library already exists at "modelsim_lib/work".
# 
# ** Warning: (vlib-34) Library already exists at "modelsim_lib/msim".
# 
# ** Warning: (vlib-34) Library already exists at "modelsim_lib/msim/xil_defaultlib".
# 
# Modifying modelsim.ini
# Model Technology ModelSim SE-64 vlog 10.1c Compiler 2012.07 Jul 27 2012
# -- Skipping module S1S2_gen
# -- Skipping module gf2m_mul
# -- Skipping module shift_x_by_i
# -- Skipping module mul_ctrl
# -- Skipping module gf2mz_top
# -- Skipping module mem_dp
# -- Compiling module decrypt_top
# -- Skipping module ctrl_top
# -- Skipping module mem_sp
# -- Skipping module gs_elim_ctrl
# -- Skipping module comb_SA
# -- Skipping module gs_elim_top
# -- Skipping module processor_AB
# -- Skipping module padder
# -- Skipping module keccak
# -- Skipping module padder1
# -- Skipping module rconst
# -- Skipping module round
# -- Skipping module f_permutation
# -- Skipping module gf2mz_top_tb
# -- Skipping module S1S2_gen_tb
# -- Skipping module decrypt_top_tb
# 
# Top level modules:
# 	padder1
# 	gf2mz_top_tb
# 	S1S2_gen_tb
# 	decrypt_top_tb
# Model Technology ModelSim SE-64 vlog 10.1c Compiler 2012.07 Jul 27 2012
# -- Compiling module glbl
# 
# Top level modules:
# 	glbl
INFO: [USF-ModelSim-69] 'compile' step finished in '3' seconds
INFO: [USF-ModelSim-4] ModelSim::Simulate design
INFO: [USF-ModelSim-69] Executing 'SIMULATE' step in 'C:/Users/David/Dropbox/ROLLO/hardware/ROLLO Decrypt/NewParam/ROLLO-I-Decrypt/ROLLO-I-Decrypt.sim/sim_decrypt/behav/modelsim'
Program launched (PID=7716)
launch_simulation -install_path F:/modelsim64_10.1c/win64 -simset sim_decrypt
INFO: [Vivado 12-5682] Launching behavioral simulation in 'C:/Users/David/Dropbox/ROLLO/hardware/ROLLO Decrypt/NewParam/ROLLO-I-Decrypt/ROLLO-I-Decrypt.sim/sim_decrypt/behav/modelsim'
INFO: [USF-ModelSim-47] Finding simulator installation...
INFO: [USF-ModelSim-50] Using simulator executables from 'F:/modelsim64_10.1c/win64/vsim.exe'
INFO: [SIM-utils-51] Simulation object is 'sim_decrypt'
INFO: [USF-modelsim-7] Finding pre-compiled libraries...
INFO: [USF-modelsim-11] File 'F:/modelsim64_10.1c/Xilinx_lib/64bit_vivado_lib/modelsim.ini' copied to run dir:'C:/Users/David/Dropbox/ROLLO/hardware/ROLLO Decrypt/NewParam/ROLLO-I-Decrypt/ROLLO-I-Decrypt.sim/sim_decrypt/behav/modelsim'
INFO: [SIM-utils-54] Inspecting design source files for 'decrypt_top_tb' in fileset 'sim_decrypt'...
INFO: [USF-ModelSim-107] Finding global include files...
INFO: [USF-ModelSim-108] Finding include directories and verilog header directory paths...
INFO: [USF-ModelSim-110] Fetching design files from 'sources_1'...(this may take a while)...
INFO: [USF-ModelSim-111] Fetching design files from 'sim_decrypt'...
INFO: [USF-ModelSim-2] ModelSim::Compile design
INFO: [USF-ModelSim-15] Creating automatic 'do' files...
INFO: [USF-ModelSim-69] Executing 'COMPILE and ANALYZE' step in 'C:/Users/David/Dropbox/ROLLO/hardware/ROLLO Decrypt/NewParam/ROLLO-I-Decrypt/ROLLO-I-Decrypt.sim/sim_decrypt/behav/modelsim'
Reading F:/modelsim64_10.1c/tcl/vsim/pref.tcl 

# 10.1c

# do {decrypt_top_tb_compile.do} 
# ** Warning: (vlib-34) Library already exists at "modelsim_lib/work".
# 
# ** Warning: (vlib-34) Library already exists at "modelsim_lib/msim".
# 
# ** Warning: (vlib-34) Library already exists at "modelsim_lib/msim/xil_defaultlib".
# 
# Modifying modelsim.ini
# Model Technology ModelSim SE-64 vlog 10.1c Compiler 2012.07 Jul 27 2012
# -- Skipping module S1S2_gen
# -- Skipping module gf2m_mul
# -- Skipping module shift_x_by_i
# -- Skipping module mul_ctrl
# -- Skipping module gf2mz_top
# -- Skipping module mem_dp
# -- Compiling module decrypt_top
# -- Skipping module ctrl_top
# -- Skipping module mem_sp
# -- Skipping module gs_elim_ctrl
# -- Skipping module comb_SA
# -- Skipping module gs_elim_top
# -- Skipping module processor_AB
# -- Skipping module padder
# -- Skipping module keccak
# -- Skipping module padder1
# -- Skipping module rconst
# -- Skipping module round
# -- Skipping module f_permutation
# -- Skipping module gf2mz_top_tb
# -- Skipping module S1S2_gen_tb
# -- Skipping module decrypt_top_tb
# 
# Top level modules:
# 	padder1
# 	gf2mz_top_tb
# 	S1S2_gen_tb
# 	decrypt_top_tb
# Model Technology ModelSim SE-64 vlog 10.1c Compiler 2012.07 Jul 27 2012
# -- Compiling module glbl
# 
# Top level modules:
# 	glbl
INFO: [USF-ModelSim-69] 'compile' step finished in '3' seconds
INFO: [USF-ModelSim-4] ModelSim::Simulate design
INFO: [USF-ModelSim-69] Executing 'SIMULATE' step in 'C:/Users/David/Dropbox/ROLLO/hardware/ROLLO Decrypt/NewParam/ROLLO-I-Decrypt/ROLLO-I-Decrypt.sim/sim_decrypt/behav/modelsim'
Program launched (PID=13400)
launch_simulation -install_path F:/modelsim64_10.1c/win64 -simset sim_decrypt
INFO: [Vivado 12-5682] Launching behavioral simulation in 'C:/Users/David/Dropbox/ROLLO/hardware/ROLLO Decrypt/NewParam/ROLLO-I-Decrypt/ROLLO-I-Decrypt.sim/sim_decrypt/behav/modelsim'
INFO: [USF-ModelSim-47] Finding simulator installation...
INFO: [USF-ModelSim-50] Using simulator executables from 'F:/modelsim64_10.1c/win64/vsim.exe'
INFO: [SIM-utils-51] Simulation object is 'sim_decrypt'
INFO: [USF-modelsim-7] Finding pre-compiled libraries...
INFO: [USF-modelsim-11] File 'F:/modelsim64_10.1c/Xilinx_lib/64bit_vivado_lib/modelsim.ini' copied to run dir:'C:/Users/David/Dropbox/ROLLO/hardware/ROLLO Decrypt/NewParam/ROLLO-I-Decrypt/ROLLO-I-Decrypt.sim/sim_decrypt/behav/modelsim'
INFO: [SIM-utils-54] Inspecting design source files for 'decrypt_top_tb' in fileset 'sim_decrypt'...
INFO: [USF-ModelSim-107] Finding global include files...
INFO: [USF-ModelSim-108] Finding include directories and verilog header directory paths...
INFO: [USF-ModelSim-110] Fetching design files from 'sources_1'...(this may take a while)...
INFO: [USF-ModelSim-111] Fetching design files from 'sim_decrypt'...
INFO: [USF-ModelSim-2] ModelSim::Compile design
INFO: [USF-ModelSim-15] Creating automatic 'do' files...
INFO: [USF-ModelSim-69] Executing 'COMPILE and ANALYZE' step in 'C:/Users/David/Dropbox/ROLLO/hardware/ROLLO Decrypt/NewParam/ROLLO-I-Decrypt/ROLLO-I-Decrypt.sim/sim_decrypt/behav/modelsim'
Reading F:/modelsim64_10.1c/tcl/vsim/pref.tcl 

# 10.1c

# do {decrypt_top_tb_compile.do} 
# ** Warning: (vlib-34) Library already exists at "modelsim_lib/work".
# 
# ** Warning: (vlib-34) Library already exists at "modelsim_lib/msim".
# 
# ** Warning: (vlib-34) Library already exists at "modelsim_lib/msim/xil_defaultlib".
# 
# Modifying modelsim.ini
# ** Error: Model Technology ModelSim SE-64 vlog 10.1c Compiler 2012.07 Jul 27 2012
# -- Skipping module S1S2_gen
# -- Compiling module gf2m_mul
# -- Compiling module shift_x_by_i
# -- Compiling module mul_ctrl
# -- Compiling module gf2mz_top
# -- Skipping module mem_dp
# -- Compiling module decrypt_top
# -- Skipping module ctrl_top
# -- Skipping module mem_sp
# -- Skipping module gs_elim_ctrl
# -- Skipping module comb_SA
# -- Compiling module gs_elim_top
# -- Skipping module processor_AB
# -- Skipping module padder
# -- Compiling module keccak
# -- Skipping module padder1
# -- Skipping module rconst
# -- Skipping module round
# -- Skipping module f_permutation
# ** Error: (vlog-7) Failed to open design unit file "../../../../Verilog/gf2mz_top_tb.v" in read mode.
# 
# No such file or directory. (errno = ENOENT)
# -- Skipping module decrypt_top_tb
# child process exited abnormally
# Error in macro ./decrypt_top_tb_compile.do line 40
# Model Technology ModelSim SE-64 vlog 10.1c Compiler 2012.07 Jul 27 2012
# -- Skipping module S1S2_gen
# -- Compiling module gf2m_mul
# -- Compiling module shift_x_by_i
# -- Compiling module mul_ctrl
# -- Compiling module gf2mz_top
# -- Skipping module mem_dp
# -- Compiling module decrypt_top
# -- Skipping module ctrl_top
# -- Skipping module mem_sp
# -- Skipping module gs_elim_ctrl
# -- Skipping module comb_SA
# -- Compiling module gs_elim_top
# -- Skipping module processor_AB
# -- Skipping module padder
# -- Compiling module keccak
# -- Skipping module padder1
# -- Skipping module rconst
# -- Skipping module round
# -- Skipping module f_permutation
# ** Error: (vlog-7) Failed to open design unit file "../../../../Verilog/gf2mz_top_tb.v" in read mode.
# 
# No such file or directory. (errno = ENOENT)
# -- Skipping module decrypt_top_tb
# child process exited abnormally
#     while executing
# "exec <nul: {F:\modelsim64_10.1c\win64\vlog.EXE} -64 -incr -work xil_defaultlib +incdir+../../../../Verilog ../../../../Verilog/S1S2_gen.v ../../../../..."
#     ("uplevel" body line 1)
#     invoked from within
# "uplevel 1 exec $redir $new [lrange $args 1 end]"
#     (procedure "::unknown" line 40)
#     invoked from within
# "F:\\modelsim64_10.1c\\win64\\vlog -64 -incr -work xil_defaultlib  "+incdir+../../../../Verilog" \
# "../../../../Verilog/S1S2_gen.v" \
# "../../../../Veri..."
ModelSim> INFO: [Common 17-41] Interrupt caught. Command should exit soon.
run_program: Time (s): cpu = 00:00:01 ; elapsed = 00:00:10 . Memory (MB): peak = 977.922 ; gain = 0.000
INFO: [Common 17-344] 'run_program' was cancelled
INFO: [Vivado 12-5357] 'compile' step aborted
launch_simulation: Time (s): cpu = 00:00:01 ; elapsed = 00:00:10 . Memory (MB): peak = 977.922 ; gain = 0.000
INFO: [Common 17-344] 'launch_simulation' was cancelled
delete_fileset sim_1
ERROR: [Vivado 12-106] *** Exception: java.lang.ArrayIndexOutOfBoundsException: 2 >= 2 (See C:/Users/David/Dropbox/ROLLO/hardware/ROLLO Decrypt/NewParam/ROLLO-I-Decrypt/vivado_pid8332.debug)
ERROR: [Common 17-39] 'delete_fileset' failed due to earlier errors.
exit
INFO: [Common 17-206] Exiting Vivado at Thu Dec 24 17:37:58 2020...
