# do {decrypt_top_tb_compile.do}
# ** Warning: (vlib-34) Library already exists at "modelsim_lib/work".
# ** Warning: (vlib-34) Library already exists at "modelsim_lib/msim".
# ** Warning: (vlib-34) Library already exists at "modelsim_lib/msim/xil_defaultlib".
# Model Technology ModelSim SE-64 vmap 10.5 Lib Mapping Utility 2016.02 Feb 13 2016
# vmap xil_defaultlib modelsim_lib/msim/xil_defaultlib 
# Modifying modelsim.ini
# ** Warning: (vlog-159) Mode option -64 is not supported in this context and will be ignored.
# Model Technology ModelSim SE-64 vlog 10.5 Compiler 2016.02 Feb 13 2016
# Start time: 13:51:18 on Apr 13,2021
# vlog -64 -incr -work xil_defaultlib "+incdir+../../../../Verilog" ../../../../Verilog/S1S2_gen.v ../../../../Verilog/gf2m_mul.v ../../../../Verilog/clog2.v ../../../../Verilog/mul_ctrl.v ../../../../Verilog/gf2mz_top.v ../../../../Verilog/mem_dp.v ../../../../Verilog/define.v ../../../../Verilog/decrypt_top.v ../../../../Verilog/ctrl_top.v ../../../../Verilog/mem_sp.v ../../../../Verilog/comb_SA.v ../../../../Verilog/gs_elim_top.v ../../../../Verilog/node.v ../../../../Verilog/padder.v ../../../../Verilog/keccak.v ../../../../Verilog/padder1.v ../../../../Verilog/rconst.v ../../../../Verilog/round.v ../../../../Verilog/f_permutation.v ../../../../Verilog/gs_elim_ctrl-thin.v ../../../../Verilog/gf2mz_top_tb.v ../../../../Verilog/S1S2_gen_tb.v ../../../../Verilog/decrypt_top_tb.v 
# -- Skipping module S1S2_gen
# -- Skipping module gf2m_mul
# -- Skipping module shift_x_by_i
# -- Skipping module mul_ctrl
# -- Skipping module gf2mz_top
# -- Skipping module mem_dp
# -- Skipping module decrypt_top
# -- Skipping module ctrl_top
# -- Skipping module mem_sp
# -- Skipping module comb_SA
# -- Skipping module gs_elim_top
# -- Skipping module processor_AB
# -- Skipping module padder
# -- Skipping module keccak
# -- Skipping module padder1
# -- Skipping module rconst
# -- Skipping module round
# -- Skipping module f_permutation
# -- Skipping module gs_elim_ctrl
# -- Skipping module gf2mz_top_tb
# -- Skipping module S1S2_gen_tb
# -- Skipping module decrypt_top_tb
# 
# Top level modules:
# 	padder1
# 	gf2mz_top_tb
# 	S1S2_gen_tb
# 	decrypt_top_tb
# End time: 13:51:18 on Apr 13,2021, Elapsed time: 0:00:00
# Errors: 0, Warnings: 1
# Model Technology ModelSim SE-64 vlog 10.5 Compiler 2016.02 Feb 13 2016
# Start time: 13:51:18 on Apr 13,2021
# vlog -work xil_defaultlib glbl.v 
# -- Compiling module glbl
# 
# Top level modules:
# 	glbl
# End time: 13:51:18 on Apr 13,2021, Elapsed time: 0:00:00
# Errors: 0, Warnings: 0
