#-----------------------------------------------------------
# Vivado v2018.1 (64-bit)
# SW Build 2188600 on Wed Apr  4 18:40:38 MDT 2018
# IP Build 2185939 on Wed Apr  4 20:55:05 MDT 2018
# Start of session at: Mon Mar 29 19:52:56 2021
# Process ID: 24684
# Current directory: C:/Users/Hu Jingwei/Dropbox/ROLLO/hardware/ROLLO Decrypt/NewParam/ROLLO-II-Decrypt
# Command line: vivado.exe -gui_launcher_event rodinguilauncherevent25248 C:\Users\Hu Jingwei\Dropbox\ROLLO\hardware\ROLLO Decrypt\NewParam\ROLLO-II-Decrypt\ROLLO-II-Decrypt.xpr
# Log file: C:/Users/Hu Jingwei/Dropbox/ROLLO/hardware/ROLLO Decrypt/NewParam/ROLLO-II-Decrypt/vivado.log
# Journal file: C:/Users/Hu Jingwei/Dropbox/ROLLO/hardware/ROLLO Decrypt/NewParam/ROLLO-II-Decrypt\vivado.jou
#-----------------------------------------------------------
start_gui
open_project {C:/Users/Hu Jingwei/Dropbox/ROLLO/hardware/ROLLO Decrypt/NewParam/ROLLO-II-Decrypt/ROLLO-II-Decrypt.xpr}
INFO: [ProjectBase 1-489] The host OS only allows 260 characters in a normal path. The project is stored in a path with more than 80 characters. If you experience issues with IP, Block Designs, or files not being found, please consider moving the project to a location with a shorter path. Alternately consider using the OS subst command to map part of the path to a drive letter.
Current project path is 'C:/Users/Hu Jingwei/Dropbox/ROLLO/hardware/ROLLO Decrypt/NewParam/ROLLO-II-Decrypt'
INFO: [Project 1-313] Project file moved from 'C:/Users/David/Dropbox/ROLLO/hardware/ROLLO Decrypt/NewParam/ROLLO-II-Decrypt' since last save.
Scanning sources...
Finished scanning sources
INFO: [IP_Flow 19-234] Refreshing IP repositories
INFO: [IP_Flow 19-1704] No user IP repositories specified
INFO: [IP_Flow 19-2313] Loaded Vivado IP repository 'D:/Xilinx/Vivado/2018.1/data/ip'.
open_project: Time (s): cpu = 00:00:15 ; elapsed = 00:00:10 . Memory (MB): peak = 978.652 ; gain = 234.723
set_property compxlib.modelsim_compiled_library_dir D:/Xilinx/Vivado/modelsim_lib [current_project]
update_ip_catalog
launch_simulation -install_path D:/modelsim_10.5/win64 -simset sim_decrypt
INFO: [Vivado 12-5682] Launching behavioral simulation in 'C:/Users/Hu Jingwei/Dropbox/ROLLO/hardware/ROLLO Decrypt/NewParam/ROLLO-II-Decrypt/ROLLO-II-Decrypt.sim/sim_decrypt/behav/modelsim'
INFO: [USF-ModelSim-47] Finding simulator installation...
INFO: [USF-ModelSim-50] Using simulator executables from 'D:/modelsim_10.5/win64/vsim.exe'
INFO: [SIM-utils-51] Simulation object is 'sim_decrypt'
INFO: [USF-modelsim-7] Finding pre-compiled libraries...
INFO: [USF-modelsim-11] File 'D:/Xilinx/Vivado/modelsim_lib/modelsim.ini' copied to run dir:'C:/Users/Hu Jingwei/Dropbox/ROLLO/hardware/ROLLO Decrypt/NewParam/ROLLO-II-Decrypt/ROLLO-II-Decrypt.sim/sim_decrypt/behav/modelsim'
INFO: [SIM-utils-54] Inspecting design source files for 'decrypt_top_tb' in fileset 'sim_decrypt'...
INFO: [USF-ModelSim-107] Finding global include files...
INFO: [USF-ModelSim-108] Finding include directories and verilog header directory paths...
INFO: [USF-ModelSim-110] Fetching design files from 'sources_1'...(this may take a while)...
INFO: [USF-ModelSim-111] Fetching design files from 'sim_decrypt'...
INFO: [USF-ModelSim-2] ModelSim::Compile design
INFO: [USF-ModelSim-15] Creating automatic 'do' files...
INFO: [USF-ModelSim-69] Executing 'COMPILE and ANALYZE' step in 'C:/Users/Hu Jingwei/Dropbox/ROLLO/hardware/ROLLO Decrypt/NewParam/ROLLO-II-Decrypt/ROLLO-II-Decrypt.sim/sim_decrypt/behav/modelsim'
Reading D:/modelsim_10.5/tcl/vsim/pref.tcl

# 10.5

# do {decrypt_top_tb_compile.do}
# ** Warning: (vlib-34) Library already exists at "modelsim_lib/work".
# ** Warning: (vlib-34) Library already exists at "modelsim_lib/msim".
# ** Warning: (vlib-34) Library already exists at "modelsim_lib/msim/xil_defaultlib".
# Model Technology ModelSim SE-64 vmap 10.5 Lib Mapping Utility 2016.02 Feb 13 2016
# vmap xil_defaultlib modelsim_lib/msim/xil_defaultlib 
# Modifying modelsim.ini
# ** Warning: (vlog-159) Mode option -64 is not supported in this context and will be ignored.
# Model Technology ModelSim SE-64 vlog 10.5 Compiler 2016.02 Feb 13 2016
# Start time: 20:01:54 on Mar 29,2021
# vlog -64 -incr -work xil_defaultlib "+incdir+../../../../Verilog" ../../../../Verilog/S1S2_gen.v ../../../../Verilog/gf2m_mul.v ../../../../Verilog/clog2.v ../../../../Verilog/mul_ctrl.v ../../../../Verilog/gf2mz_top.v ../../../../Verilog/mem_dp.v ../../../../Verilog/define.v ../../../../Verilog/decrypt_top.v ../../../../Verilog/ctrl_top.v ../../../../Verilog/mem_sp.v ../../../../Verilog/comb_SA.v ../../../../Verilog/gs_elim_top.v ../../../../Verilog/node.v ../../../../Verilog/padder.v ../../../../Verilog/keccak.v ../../../../Verilog/padder1.v ../../../../Verilog/rconst.v ../../../../Verilog/round.v ../../../../Verilog/f_permutation.v ../../../../Verilog/gs_elim_ctrl-thin.v ../../../../Verilog/gf2mz_top_tb.v ../../../../Verilog/S1S2_gen_tb.v ../../../../Verilog/decrypt_top_tb.v 
# -- Compiling module S1S2_gen
# -- Compiling module gf2m_mul
# -- Compiling module shift_x_by_i
# -- Compiling module mul_ctrl
# -- Compiling module gf2mz_top
# -- Compiling module mem_dp
# -- Compiling module decrypt_top
# -- Compiling module ctrl_top
# -- Compiling module mem_sp
# -- Compiling module comb_SA
# -- Compiling module gs_elim_top
# -- Compiling module processor_AB
# -- Compiling module padder
# -- Compiling module keccak
# -- Compiling module padder1
# -- Compiling module rconst
# -- Compiling module round
# -- Compiling module f_permutation
# -- Compiling module gs_elim_ctrl
# -- Compiling module gf2mz_top_tb
# -- Compiling module S1S2_gen_tb
# -- Compiling module decrypt_top_tb
# 
# Top level modules:
# 	padder1
# 	gf2mz_top_tb
# 	S1S2_gen_tb
# 	decrypt_top_tb
# End time: 20:01:56 on Mar 29,2021, Elapsed time: 0:00:02
# Errors: 0, Warnings: 1
# Model Technology ModelSim SE-64 vlog 10.5 Compiler 2016.02 Feb 13 2016
# Start time: 20:01:56 on Mar 29,2021
# vlog -work xil_defaultlib glbl.v 
# -- Compiling module glbl
# 
# Top level modules:
# 	glbl
# End time: 20:01:56 on Mar 29,2021, Elapsed time: 0:00:00
# Errors: 0, Warnings: 0
INFO: [USF-ModelSim-69] 'compile' step finished in '3' seconds
INFO: [USF-ModelSim-4] ModelSim::Simulate design
INFO: [USF-ModelSim-69] Executing 'SIMULATE' step in 'C:/Users/Hu Jingwei/Dropbox/ROLLO/hardware/ROLLO Decrypt/NewParam/ROLLO-II-Decrypt/ROLLO-II-Decrypt.sim/sim_decrypt/behav/modelsim'
Program launched (PID=24316)
exit
INFO: [Common 17-206] Exiting Vivado at Mon Mar 29 20:48:45 2021...
