#-----------------------------------------------------------
# Vivado v2018.1 (64-bit)
# SW Build 2188600 on Wed Apr  4 18:40:38 MDT 2018
# IP Build 2185939 on Wed Apr  4 20:55:05 MDT 2018
# Start of session at: Wed Dec 30 17:57:42 2020
# Process ID: 18688
# Current directory: C:/Users/David/Dropbox/ROLLO/hardware/ROLLO Decrypt/NewParam/ROLLO-II-Decrypt
# Command line: vivado.exe -gui_launcher_event rodinguilauncherevent23452 C:\Users\David\Dropbox\ROLLO\hardware\ROLLO Decrypt\NewParam\ROLLO-II-Decrypt\ROLLO-II-Decrypt.xpr
# Log file: C:/Users/David/Dropbox/ROLLO/hardware/ROLLO Decrypt/NewParam/ROLLO-II-Decrypt/vivado.log
# Journal file: C:/Users/David/Dropbox/ROLLO/hardware/ROLLO Decrypt/NewParam/ROLLO-II-Decrypt\vivado.jou
#-----------------------------------------------------------
start_gui
open_project {C:/Users/David/Dropbox/ROLLO/hardware/ROLLO Decrypt/NewParam/ROLLO-II-Decrypt/ROLLO-II-Decrypt.xpr}
Scanning sources...
Finished scanning sources
INFO: [IP_Flow 19-234] Refreshing IP repositories
INFO: [IP_Flow 19-1704] No user IP repositories specified
INFO: [IP_Flow 19-2313] Loaded Vivado IP repository 'F:/Xilinx/Vivado/2018.1/data/ip'.
open_project: Time (s): cpu = 00:00:09 ; elapsed = 00:00:05 . Memory (MB): peak = 876.871 ; gain = 119.840
exit
INFO: [Common 17-206] Exiting Vivado at Wed Dec 30 17:58:50 2020...
