# do {gs_elim_top_tb_compile.do} 
# ** Warning: (vlib-34) Library already exists at "modelsim_lib/work".
# 
# ** Warning: (vlib-34) Library already exists at "modelsim_lib/msim".
# 
# ** Warning: (vlib-34) Library already exists at "modelsim_lib/msim/xil_defaultlib".
# 
# Modifying modelsim.ini
# ** Warning: (vmap-31) Unable to unlink file "modelsim.ini_lock".
# 
# Permission denied. (errno = EACCES)
# Model Technology ModelSim SE-64 vlog 10.1c Compiler 2012.07 Jul 27 2012
# -- Compiling module comb_SA
# -- Skipping module gs_elim_ctrl
# -- Compiling module gs_elim_top
# -- Skipping module mem_dp
# -- Skipping module processor_AB
# -- Compiling module gs_elim_top_tb
# 
# Top level modules:
# 	gs_elim_top_tb
# Model Technology ModelSim SE-64 vlog 10.1c Compiler 2012.07 Jul 27 2012
# -- Compiling module glbl
# 
# Top level modules:
# 	glbl
