# do {encrypt_top_tb_compile.do}
# ** Warning: (vlib-34) Library already exists at "modelsim_lib/work".
# ** Warning: (vlib-34) Library already exists at "modelsim_lib/msim".
# ** Warning: (vlib-34) Library already exists at "modelsim_lib/msim/xil_defaultlib".
# Model Technology ModelSim SE-64 vmap 10.5 Lib Mapping Utility 2016.02 Feb 13 2016
# vmap xil_defaultlib modelsim_lib/msim/xil_defaultlib 
# Modifying modelsim.ini
# ** Warning: (vlog-159) Mode option -64 is not supported in this context and will be ignored.
# Model Technology ModelSim SE-64 vlog 10.5 Compiler 2016.02 Feb 13 2016
# Start time: 11:18:06 on Nov 20,2020
# vlog -64 -incr -work xil_defaultlib C:/Users/Hu Jingwei/Dropbox/LRPC Code/hardware/ROLLO Encrypt/ROLLO-I-Encrypt/Verilog/define.v C:/Users/Hu Jingwei/Dropbox/LRPC Code/hardware/ROLLO Encrypt/ROLLO-I-Encrypt/Verilog/clog2.v "+incdir+../../../../Verilog" "+incdir+../../../../Verilog/RNG" ../../../../Verilog/K_Gen_Ctrl.v ../../../../Verilog/RegFiles.v ../../../../Verilog/c_Gen_Ctrl.v ../../../../Verilog/Gaussian Elimination/comb_SA.v ../../../../Verilog/encrypt_top.v ../../../../Verilog/SHA3/f_permutation.v ../../../../Verilog/RNG/f_permutation_200.v ../../../../Verilog/GF2mZ Arithmetic/gf2m_mul.v ../../../../Verilog/GF2mZ Arithmetic/gf2mz_top.v ../../../../Verilog/SHA3/keccak.v ../../../../Verilog/mem_dp.v ../../../../Verilog/mem_sp.v ../../../../Verilog/GF2mZ Arithmetic/mul_ctrl.v ../../../../Verilog/Gaussian Elimination/node.v ../../../../Verilog/SHA3/padder.v ../../../../Verilog/RNG/prng.v ../../../../Verilog/SHA3/rconst.v ../../../../Verilog/RNG/rconst_200.v ../../../../Verilog/SHA3/round.v ../../../../Verilog/RNG/round_200.v ../../../../Verilog/encrypt_top_tb.v 
# -- Compiling module K_Gen_Ctrl
# -- Compiling module RegFiles
# -- Compiling module c_Gen_Ctrl
# -- Compiling module comb_SA
# -- Compiling module ROLLO_I_Encrypt
# -- Compiling module f_permutation
# -- Compiling module f_permutation_200
# -- Compiling module gf2m_mul
# -- Compiling module shift_x_by_i
# -- Compiling module gf2mz_top
# -- Compiling module keccak
# -- Compiling module mem_dp
# -- Compiling module mem_sp
# -- Compiling module mul_ctrl
# -- Compiling module processor_AB
# -- Compiling module padder
# -- Compiling module prng
# -- Compiling module rconst
# -- Compiling module rconst_200
# -- Compiling module round
# -- Compiling module round_200
# -- Compiling module encrypt_top_tb
# 
# Top level modules:
# 	encrypt_top_tb
# End time: 11:18:06 on Nov 20,2020, Elapsed time: 0:00:00
# Errors: 0, Warnings: 1
# Model Technology ModelSim SE-64 vlog 10.5 Compiler 2016.02 Feb 13 2016
# Start time: 11:18:06 on Nov 20,2020
# vlog -work xil_defaultlib glbl.v 
# -- Compiling module glbl
# 
# Top level modules:
# 	glbl
# End time: 11:18:06 on Nov 20,2020, Elapsed time: 0:00:00
# Errors: 0, Warnings: 0
