# do {GF2m_mul_penta_tb_compile.do}
# ** Warning: (vlib-34) Library already exists at "modelsim_lib/work".
# ** Warning: (vlib-34) Library already exists at "modelsim_lib/msim".
# ** Warning: (vlib-34) Library already exists at "modelsim_lib/msim/xil_defaultlib".
# Model Technology ModelSim SE-64 vmap 10.5 Lib Mapping Utility 2016.02 Feb 13 2016
# vmap xil_defaultlib modelsim_lib/msim/xil_defaultlib 
# Modifying modelsim.ini
# ** Warning: (vlog-159) Mode option -64 is not supported in this context and will be ignored.
# Model Technology ModelSim SE-64 vlog 10.5 Compiler 2016.02 Feb 13 2016
# Start time: 19:18:54 on Aug 22,2019
# vlog -64 -incr -work xil_defaultlib ../../../../GF2m_multiplier.srcs/sources_1/new/GF2m_mul_penta.v ../../../../GF2m_multiplier.srcs/sources_1/new/GF2m_mul_penta_tb.v 
# -- Compiling module GF2m_mul_penta
# -- Compiling module GF2m_mul_penta_tb
# ** Warning: (vlog-2121) ../../../../GF2m_multiplier.srcs/sources_1/new/GF2m_mul_penta_tb.v(58): Illegal concatenation of an unsized constant. Will treat it as a 32-bit value.
# ** Warning: (vlog-2121) ../../../../GF2m_multiplier.srcs/sources_1/new/GF2m_mul_penta_tb.v(59): Illegal concatenation of an unsized constant. Will treat it as a 32-bit value.
# ** Warning: (vlog-2121) ../../../../GF2m_multiplier.srcs/sources_1/new/GF2m_mul_penta_tb.v(68): Illegal concatenation of an unsized constant. Will treat it as a 32-bit value.
# ** Warning: (vlog-2121) ../../../../GF2m_multiplier.srcs/sources_1/new/GF2m_mul_penta_tb.v(69): Illegal concatenation of an unsized constant. Will treat it as a 32-bit value.
# ** Warning: (vlog-2121) ../../../../GF2m_multiplier.srcs/sources_1/new/GF2m_mul_penta_tb.v(75): Illegal concatenation of an unsized constant. Will treat it as a 32-bit value.
# ** Warning: (vlog-2121) ../../../../GF2m_multiplier.srcs/sources_1/new/GF2m_mul_penta_tb.v(76): Illegal concatenation of an unsized constant. Will treat it as a 32-bit value.
# 
# Top level modules:
# 	GF2m_mul_penta_tb
# End time: 19:18:54 on Aug 22,2019, Elapsed time: 0:00:00
# Errors: 0, Warnings: 7
# Model Technology ModelSim SE-64 vlog 10.5 Compiler 2016.02 Feb 13 2016
# Start time: 19:18:54 on Aug 22,2019
# vlog -work xil_defaultlib glbl.v 
# -- Compiling module glbl
# 
# Top level modules:
# 	glbl
# End time: 19:18:54 on Aug 22,2019, Elapsed time: 0:00:00
# Errors: 0, Warnings: 0
