# A bookmarks file was found in the current directory with 1 bookmark
# //  ModelSim SE-64 10.5 Feb 13 2016 
# //
# //  Copyright 1991-2016 Mentor Graphics Corporation
# //  All Rights Reserved.
# //
# //  ModelSim SE-64 and its associated documentation contain trade
# //  secrets and commercial or financial information that are the property of
# //  Mentor Graphics Corporation and are privileged, confidential,
# //  and exempt from disclosure under the Freedom of Information Act,
# //  5 U.S.C. Section 552. Furthermore, this information
# //  is prohibited from disclosure under the Trade Secrets Act,
# //  18 U.S.C. Section 1905.
# //
# do {GF2m_mul_penta_tb_simulate.do}
# vsim -voptargs=""+acc"" -L xil_defaultlib -L unisims_ver -L unimacro_ver -L secureip -lib xil_defaultlib xil_defaultlib.GF2m_mul_penta_tb xil_defaultlib.glbl 
# Start time: 19:19:02 on Aug 22,2019
# ** Note: (vsim-3812) Design is being optimized...
# ** Warning: (vopt-2121) ../../../../GF2m_multiplier.srcs/sources_1/new/GF2m_mul_penta_tb.v(58): Illegal concatenation of an unsized constant. Will treat it as a 32-bit value.
# ** Warning: (vopt-2121) ../../../../GF2m_multiplier.srcs/sources_1/new/GF2m_mul_penta_tb.v(59): Illegal concatenation of an unsized constant. Will treat it as a 32-bit value.
# ** Warning: (vopt-2121) ../../../../GF2m_multiplier.srcs/sources_1/new/GF2m_mul_penta_tb.v(68): Illegal concatenation of an unsized constant. Will treat it as a 32-bit value.
# ** Warning: (vopt-2121) ../../../../GF2m_multiplier.srcs/sources_1/new/GF2m_mul_penta_tb.v(69): Illegal concatenation of an unsized constant. Will treat it as a 32-bit value.
# ** Warning: (vopt-2121) ../../../../GF2m_multiplier.srcs/sources_1/new/GF2m_mul_penta_tb.v(75): Illegal concatenation of an unsized constant. Will treat it as a 32-bit value.
# ** Warning: (vopt-2121) ../../../../GF2m_multiplier.srcs/sources_1/new/GF2m_mul_penta_tb.v(76): Illegal concatenation of an unsized constant. Will treat it as a 32-bit value.
# Loading work.GF2m_mul_penta_tb(fast)
# Loading work.GF2m_mul_penta(fast)
# Loading work.glbl(fast)
# A bookmarks file was found in the current directory with 1 bookmark
# 1
# 1
# Bookmark(s) were restored for window "Wave"
# ** Warning: (vsim-WLF-5000) WLF file currently in use: vsim.wlf
#           File in use by: David  Hostname: DAVID-NTU-DESKT  ProcessID: 9292
#           Attempting to use alternate WLF file "./wlft36bbta".
# ** Warning: (vsim-WLF-5001) Could not open WLF file: vsim.wlf
#           Using alternate file: ./wlft36bbta
# .main_pane.wave.interior.cs.body.pw.wf
# .main_pane.structure.interior.cs.body.struct
# .main_pane.objects.interior.cs.body.tree
restart
# ** Note: (vsim-8009) Loading existing optimized design _opt
# Loading work.GF2m_mul_penta_tb(fast)
# Loading work.GF2m_mul_penta(fast)
# Loading work.glbl(fast)
do wave.do
# ** Error: (vish-4014) No objects found matching '/GF2m_mul_tb/DUT/clk'.
# Executing ONERROR command at macro ./wave.do line 3
# ** Error: (vish-4014) No objects found matching '/GF2m_mul_tb/DUT/rst_b'.
# Executing ONERROR command at macro ./wave.do line 5
# ** Error: (vish-4014) No objects found matching '/GF2m_mul_tb/DUT/start'.
# Executing ONERROR command at macro ./wave.do line 7
# ** Error: (vish-4014) No objects found matching '/GF2m_mul_tb/DUT/done'.
# Executing ONERROR command at macro ./wave.do line 9
# ** Error: (vish-4014) No objects found matching '/GF2m_mul_tb/DUT/op_a'.
# Executing ONERROR command at macro ./wave.do line 11
# ** Error: (vish-4014) No objects found matching '/GF2m_mul_tb/DUT/op_b'.
# Executing ONERROR command at macro ./wave.do line 13
# ** Error: (vish-4014) No objects found matching '/GF2m_mul_tb/DUT/op_c'.
# Executing ONERROR command at macro ./wave.do line 15
# ** Error: (vish-4014) No objects found matching '/GF2m_mul_tb/DUT/cx1'.
# Executing ONERROR command at macro ./wave.do line 17
# ** Error: (vish-4014) No objects found matching '/GF2m_mul_tb/DUT/cx'.
# Executing ONERROR command at macro ./wave.do line 19
# ** Error: (vish-4014) No objects found matching '/GF2m_mul_tb/DUT/a'.
# Executing ONERROR command at macro ./wave.do line 21
# ** Error: (vish-4014) No objects found matching '/GF2m_mul_tb/DUT/b'.
# Executing ONERROR command at macro ./wave.do line 23
# ** Error: (vish-4014) No objects found matching '/GF2m_mul_tb/DUT/c'.
# Executing ONERROR command at macro ./wave.do line 25
# ** Error: (vish-4014) No objects found matching '/GF2m_mul_tb/DUT/start_en'.
# Executing ONERROR command at macro ./wave.do line 27
# ** Error: (vish-4014) No objects found matching '/GF2m_mul_tb/DUT/cnt'.
# Executing ONERROR command at macro ./wave.do line 29
add wave -r sim:/GF2m_mul_penta_tb/DUT/*
restart
# ** Note: (vsim-8009) Loading existing optimized design _opt
# Loading work.GF2m_mul_penta_tb(fast)
# Loading work.GF2m_mul_penta(fast)
# Loading work.glbl(fast)
run 1ms
# ** Note: $finish    : ../../../../GF2m_multiplier.srcs/sources_1/new/GF2m_mul_penta_tb.v(82)
#    Time: 3180 ns  Iteration: 0  Instance: /GF2m_mul_penta_tb
# 1
# Break in Module GF2m_mul_penta_tb at ../../../../GF2m_multiplier.srcs/sources_1/new/GF2m_mul_penta_tb.v line 82
# End time: 19:24:16 on Aug 22,2019, Elapsed time: 0:05:14
# Errors: 42, Warnings: 20
