# do {encrypt_top_tb_compile.do}
# ** Warning: (vlib-34) Library already exists at "modelsim_lib/work".
# ** Warning: (vlib-34) Library already exists at "modelsim_lib/msim".
# ** Warning: (vlib-34) Library already exists at "modelsim_lib/msim/xil_defaultlib".
# Model Technology ModelSim SE-64 vmap 10.5 Lib Mapping Utility 2016.02 Feb 13 2016
# vmap xil_defaultlib modelsim_lib/msim/xil_defaultlib 
# Modifying modelsim.ini
# ** Warning: (vlog-159) Mode option -64 is not supported in this context and will be ignored.
# Model Technology ModelSim SE-64 vlog 10.5 Compiler 2016.02 Feb 13 2016
# Start time: 13:49:30 on Apr 13,2021
# vlog -64 -incr -work xil_defaultlib C:/Users/Hu Jingwei/Dropbox/ROLLO/hardware/ROLLO Encrypt/NewParams-notverified/ROLLO-II-Encrypt/Verilog/define.v C:/Users/Hu Jingwei/Dropbox/ROLLO/hardware/ROLLO Encrypt/NewParams-notverified/ROLLO-II-Encrypt/Verilog/clog2.v ../../../../Verilog/define.v ../../../../Verilog/clog2.v ../../../../Verilog/K_Gen_Ctrl.v ../../../../Verilog/RegFiles.v ../../../../Verilog/c_Gen_Ctrl.v ../../../../Verilog/Gaussian Elimination/comb_SA.v ../../../../Verilog/encrypt_top.v ../../../../Verilog/SHA3/f_permutation.v ../../../../Verilog/RNG/f_permutation_200.v ../../../../Verilog/GF2mZ Arithmetic/gf2m_mul.v ../../../../Verilog/GF2mZ Arithmetic/gf2mz_top.v ../../../../Verilog/SHA3/keccak.v ../../../../Verilog/mem_dp.v ../../../../Verilog/mem_sp.v ../../../../Verilog/GF2mZ Arithmetic/mul_ctrl.v ../../../../Verilog/Gaussian Elimination/node.v ../../../../Verilog/SHA3/padder.v ../../../../Verilog/RNG/prng.v ../../../../Verilog/SHA3/rconst.v ../../../../Verilog/RNG/rconst_200.v ../../../../Verilog/SHA3/round.v ../../../../Verilog/RNG/round_200.v ../../../../Verilog/encrypt_top_tb.v 
# -- Skipping module K_Gen_Ctrl
# -- Skipping module RegFiles
# -- Skipping module c_Gen_Ctrl
# -- Skipping module comb_SA
# -- Skipping module ROLLO_II_Encrypt
# -- Skipping module f_permutation
# -- Skipping module f_permutation_200
# -- Skipping module gf2m_mul
# -- Skipping module shift_x_by_i
# -- Skipping module gf2mz_top
# -- Skipping module keccak
# -- Skipping module mem_dp
# -- Skipping module mem_sp
# -- Skipping module mul_ctrl
# -- Skipping module processor_AB
# -- Skipping module padder
# -- Skipping module prng
# -- Skipping module rconst
# -- Skipping module rconst_200
# -- Skipping module round
# -- Skipping module round_200
# -- Skipping module encrypt_top_tb
# 
# Top level modules:
# 	encrypt_top_tb
# End time: 13:49:31 on Apr 13,2021, Elapsed time: 0:00:01
# Errors: 0, Warnings: 1
# Model Technology ModelSim SE-64 vlog 10.5 Compiler 2016.02 Feb 13 2016
# Start time: 13:49:31 on Apr 13,2021
# vlog -work xil_defaultlib glbl.v 
# -- Compiling module glbl
# 
# Top level modules:
# 	glbl
# End time: 13:49:31 on Apr 13,2021, Elapsed time: 0:00:00
# Errors: 0, Warnings: 0
