
*** Running vivado
    with args -log keccak.vdi -applog -m64 -product Vivado -messageDb vivado.pb -mode batch -source keccak.tcl -notrace


****** Vivado v2018.1 (64-bit)
  **** SW Build 2188600 on Wed Apr  4 18:40:38 MDT 2018
  **** IP Build 2185939 on Wed Apr  4 20:55:05 MDT 2018
    ** Copyright 1986-2018 Xilinx, Inc. All Rights Reserved.

source keccak.tcl -notrace
Command: open_checkpoint {C:/Users/david/Dropbox/LRPC Code/hardware/sha3-512-low/sha3-512-low.runs/impl_1/keccak.dcp}

Starting open_checkpoint Task

Time (s): cpu = 00:00:00 ; elapsed = 00:00:00.033 . Memory (MB): peak = 241.809 ; gain = 0.000
INFO: [Netlist 29-17] Analyzing 38 Unisim elements for replacement
INFO: [Netlist 29-28] Unisim Transformation completed in 0 CPU seconds
INFO: [Project 1-479] Netlist was created with Vivado 2018.1
INFO: [Device 21-403] Loading part xc7a200tfbg676-2
INFO: [Project 1-570] Preparing netlist for logic optimization
INFO: [Timing 38-478] Restoring timing data from binary archive.
INFO: [Timing 38-479] Binary timing data restore complete.
INFO: [Project 1-856] Restoring constraints from binary archive.
INFO: [Project 1-853] Binary constraint restore complete.
INFO: [Project 1-111] Unisim Transformation Summary:
No Unisim elements were transformed.

INFO: [Project 1-604] Checkpoint was created with Vivado v2018.1 (64-bit) build 2188600
open_checkpoint: Time (s): cpu = 00:00:26 ; elapsed = 00:00:30 . Memory (MB): peak = 1200.578 ; gain = 968.168
Command: opt_design
Attempting to get a license for feature 'Implementation' and/or device 'xc7a200t'
INFO: [Common 17-349] Got license for feature 'Implementation' and/or device 'xc7a200t'
Running DRC as a precondition to command opt_design

Starting DRC Task
INFO: [DRC 23-27] Running DRC with 2 threads
INFO: [Project 1-461] DRC finished with 0 Errors
INFO: [Project 1-462] Please refer to the DRC report (report_drc) for more information.

Time (s): cpu = 00:00:01 ; elapsed = 00:00:00.548 . Memory (MB): peak = 1200.578 ; gain = 0.000
INFO: [Timing 38-35] Done setting XDC timing constraints.

Starting Logic Optimization Task

Phase 1 Retarget
INFO: [Opt 31-138] Pushed 0 inverter(s) to 0 load pin(s).
INFO: [Opt 31-49] Retargeted 0 cell(s).
Phase 1 Retarget | Checksum: eca4a244

Time (s): cpu = 00:00:00 ; elapsed = 00:00:00.379 . Memory (MB): peak = 1294.801 ; gain = 0.000
INFO: [Opt 31-389] Phase Retarget created 0 cells and removed 0 cells

Phase 2 Constant propagation
INFO: [Opt 31-138] Pushed 0 inverter(s) to 0 load pin(s).
Phase 2 Constant propagation | Checksum: eca4a244

Time (s): cpu = 00:00:00 ; elapsed = 00:00:00.514 . Memory (MB): peak = 1294.801 ; gain = 0.000
INFO: [Opt 31-389] Phase Constant propagation created 0 cells and removed 0 cells

Phase 3 Sweep
Phase 3 Sweep | Checksum: eca4a244

Time (s): cpu = 00:00:01 ; elapsed = 00:00:00.573 . Memory (MB): peak = 1294.801 ; gain = 0.000
INFO: [Opt 31-389] Phase Sweep created 0 cells and removed 0 cells

Phase 4 BUFG optimization
Phase 4 BUFG optimization | Checksum: eca4a244

Time (s): cpu = 00:00:01 ; elapsed = 00:00:00.655 . Memory (MB): peak = 1294.801 ; gain = 0.000
INFO: [Opt 31-389] Phase BUFG optimization created 0 cells and removed 0 cells

Phase 5 Shift Register Optimization
Phase 5 Shift Register Optimization | Checksum: eca4a244

Time (s): cpu = 00:00:01 ; elapsed = 00:00:00.730 . Memory (MB): peak = 1294.801 ; gain = 0.000
INFO: [Opt 31-389] Phase Shift Register Optimization created 0 cells and removed 0 cells

Phase 6 Post Processing Netlist
Phase 6 Post Processing Netlist | Checksum: eca4a244

Time (s): cpu = 00:00:01 ; elapsed = 00:00:00.753 . Memory (MB): peak = 1294.801 ; gain = 0.000
INFO: [Opt 31-389] Phase Post Processing Netlist created 0 cells and removed 0 cells

Starting Connectivity Check Task

Time (s): cpu = 00:00:00 ; elapsed = 00:00:00.014 . Memory (MB): peak = 1294.801 ; gain = 0.000
Ending Logic Optimization Task | Checksum: eca4a244

Time (s): cpu = 00:00:01 ; elapsed = 00:00:00.780 . Memory (MB): peak = 1294.801 ; gain = 0.000

Starting Power Optimization Task
INFO: [Pwropt 34-132] Skipping clock gating for clocks with a period < 2.00 ns.
Ending Power Optimization Task | Checksum: eca4a244

Time (s): cpu = 00:00:00 ; elapsed = 00:00:00.015 . Memory (MB): peak = 1294.801 ; gain = 0.000
INFO: [Common 17-83] Releasing license: Implementation
27 Infos, 0 Warnings, 0 Critical Warnings and 0 Errors encountered.
opt_design completed successfully
INFO: [Timing 38-480] Writing timing data to binary archive.
INFO: [Common 17-1381] The checkpoint 'C:/Users/david/Dropbox/LRPC Code/hardware/sha3-512-low/sha3-512-low.runs/impl_1/keccak_opt.dcp' has been generated.
INFO: [runtcl-4] Executing : report_drc -file keccak_drc_opted.rpt -pb keccak_drc_opted.pb -rpx keccak_drc_opted.rpx
Command: report_drc -file keccak_drc_opted.rpt -pb keccak_drc_opted.pb -rpx keccak_drc_opted.rpx
INFO: [IP_Flow 19-234] Refreshing IP repositories
INFO: [IP_Flow 19-1704] No user IP repositories specified
INFO: [IP_Flow 19-2313] Loaded Vivado IP repository 'D:/Xilinx/Vivado/2018.1/data/ip'.
INFO: [DRC 23-27] Running DRC with 2 threads
INFO: [Coretcl 2-168] The results of DRC are in file C:/Users/david/Dropbox/LRPC Code/hardware/sha3-512-low/sha3-512-low.runs/impl_1/keccak_drc_opted.rpt.
report_drc completed successfully
Command: place_design -directive ExtraTimingOpt
Attempting to get a license for feature 'Implementation' and/or device 'xc7a200t'
INFO: [Common 17-349] Got license for feature 'Implementation' and/or device 'xc7a200t'
INFO: [DRC 23-27] Running DRC with 2 threads
INFO: [Vivado_Tcl 4-198] DRC finished with 0 Errors
INFO: [Vivado_Tcl 4-199] Please refer to the DRC report (report_drc) for more information.
Running DRC as a precondition to command place_design
INFO: [DRC 23-27] Running DRC with 2 threads
INFO: [Vivado_Tcl 4-198] DRC finished with 0 Errors
INFO: [Vivado_Tcl 4-199] Please refer to the DRC report (report_drc) for more information.

Starting Placer Task
INFO: [Place 46-5] The placer was invoked with the 'ExtraTimingOpt' directive.
INFO: [Place 30-611] Multithreading enabled for place_design using a maximum of 2 CPUs

Phase 1 Placer Initialization

Phase 1.1 Placer Initialization Netlist Sorting
Netlist sorting complete. Time (s): cpu = 00:00:00 ; elapsed = 00:00:00.005 . Memory (MB): peak = 1294.801 ; gain = 0.000
Phase 1.1 Placer Initialization Netlist Sorting | Checksum: 566cb7fe

Time (s): cpu = 00:00:00 ; elapsed = 00:00:00.028 . Memory (MB): peak = 1294.801 ; gain = 0.000
Netlist sorting complete. Time (s): cpu = 00:00:00 ; elapsed = 00:00:00.004 . Memory (MB): peak = 1294.801 ; gain = 0.000

Phase 1.2 IO Placement/ Clock Placement/ Build Placer Device
INFO: [Timing 38-35] Done setting XDC timing constraints.
Phase 1.2 IO Placement/ Clock Placement/ Build Placer Device | Checksum: c7d43756

Time (s): cpu = 00:00:05 ; elapsed = 00:00:03 . Memory (MB): peak = 1301.945 ; gain = 7.145

Phase 1.3 Build Placer Netlist Model
Phase 1.3 Build Placer Netlist Model | Checksum: 1886166bc

Time (s): cpu = 00:00:06 ; elapsed = 00:00:05 . Memory (MB): peak = 1318.199 ; gain = 23.398

Phase 1.4 Constrain Clocks/Macros
Phase 1.4 Constrain Clocks/Macros | Checksum: 1886166bc

Time (s): cpu = 00:00:06 ; elapsed = 00:00:05 . Memory (MB): peak = 1318.199 ; gain = 23.398
Phase 1 Placer Initialization | Checksum: 1886166bc

Time (s): cpu = 00:00:06 ; elapsed = 00:00:05 . Memory (MB): peak = 1318.199 ; gain = 23.398

Phase 2 Global Placement
Phase 2 Global Placement | Checksum: 10dada75f

Time (s): cpu = 00:00:17 ; elapsed = 00:00:10 . Memory (MB): peak = 1318.199 ; gain = 23.398

Phase 3 Detail Placement

Phase 3.1 Commit Multi Column Macros
Phase 3.1 Commit Multi Column Macros | Checksum: 10dada75f

Time (s): cpu = 00:00:17 ; elapsed = 00:00:10 . Memory (MB): peak = 1318.199 ; gain = 23.398

Phase 3.2 Commit Most Macros & LUTRAMs
Phase 3.2 Commit Most Macros & LUTRAMs | Checksum: d293a6b7

Time (s): cpu = 00:00:18 ; elapsed = 00:00:11 . Memory (MB): peak = 1318.199 ; gain = 23.398

Phase 3.3 Area Swap Optimization
Phase 3.3 Area Swap Optimization | Checksum: cc9b51d8

Time (s): cpu = 00:00:18 ; elapsed = 00:00:11 . Memory (MB): peak = 1318.199 ; gain = 23.398

Phase 3.4 Pipeline Register Optimization
Phase 3.4 Pipeline Register Optimization | Checksum: f9cda296

Time (s): cpu = 00:00:18 ; elapsed = 00:00:11 . Memory (MB): peak = 1318.199 ; gain = 23.398

Phase 3.5 Small Shape Detail Placement
Phase 3.5 Small Shape Detail Placement | Checksum: 15894db12

Time (s): cpu = 00:00:24 ; elapsed = 00:00:16 . Memory (MB): peak = 1318.199 ; gain = 23.398

Phase 3.6 Re-assign LUT pins
Phase 3.6 Re-assign LUT pins | Checksum: 1da3ee806

Time (s): cpu = 00:00:24 ; elapsed = 00:00:16 . Memory (MB): peak = 1318.199 ; gain = 23.398

Phase 3.7 Pipeline Register Optimization
Phase 3.7 Pipeline Register Optimization | Checksum: 1da3ee806

Time (s): cpu = 00:00:24 ; elapsed = 00:00:16 . Memory (MB): peak = 1318.199 ; gain = 23.398
Phase 3 Detail Placement | Checksum: 1da3ee806

Time (s): cpu = 00:00:24 ; elapsed = 00:00:16 . Memory (MB): peak = 1318.199 ; gain = 23.398

Phase 4 Post Placement Optimization and Clean-Up

Phase 4.1 Post Commit Optimization
INFO: [Timing 38-35] Done setting XDC timing constraints.

Phase 4.1.1 Post Placement Optimization
Post Placement Optimization Initialization | Checksum: 16464e187

Phase 4.1.1.1 BUFG Insertion
INFO: [Physopt 32-721] Multithreading enabled for phys_opt_design using a maximum of 2 CPUs
INFO: [Place 46-33] Processed net reset_IBUF, BUFG insertion was skipped due to placement/routing conflicts.
INFO: [Place 46-33] Processed net f_permutation_/update, BUFG insertion was skipped due to placement/routing conflicts.
INFO: [Place 46-31] BUFG insertion identified 2 candidate nets, 0 success, 2 skipped for placement/routing, 0 skipped for timing, 0 skipped for netlist change reason.
Phase 4.1.1.1 BUFG Insertion | Checksum: 16464e187

Time (s): cpu = 00:00:26 ; elapsed = 00:00:17 . Memory (MB): peak = 1374.277 ; gain = 79.477
INFO: [Place 30-746] Post Placement Timing Summary WNS=0.501. For the most accurate timing information please run report_timing.
Phase 4.1.1 Post Placement Optimization | Checksum: 167a00944

Time (s): cpu = 00:00:50 ; elapsed = 00:00:45 . Memory (MB): peak = 1374.277 ; gain = 79.477
Phase 4.1 Post Commit Optimization | Checksum: 167a00944

Time (s): cpu = 00:00:50 ; elapsed = 00:00:45 . Memory (MB): peak = 1374.277 ; gain = 79.477

Phase 4.2 Post Placement Cleanup
Phase 4.2 Post Placement Cleanup | Checksum: 167a00944

Time (s): cpu = 00:00:51 ; elapsed = 00:00:45 . Memory (MB): peak = 1374.277 ; gain = 79.477

Phase 4.3 Placer Reporting
Phase 4.3 Placer Reporting | Checksum: 167a00944

Time (s): cpu = 00:00:51 ; elapsed = 00:00:45 . Memory (MB): peak = 1374.277 ; gain = 79.477

Phase 4.4 Final Placement Cleanup
Phase 4.4 Final Placement Cleanup | Checksum: 1e91e2256

Time (s): cpu = 00:00:51 ; elapsed = 00:00:45 . Memory (MB): peak = 1374.277 ; gain = 79.477
Phase 4 Post Placement Optimization and Clean-Up | Checksum: 1e91e2256

Time (s): cpu = 00:00:51 ; elapsed = 00:00:45 . Memory (MB): peak = 1374.277 ; gain = 79.477
Ending Placer Task | Checksum: 160b9be4d

Time (s): cpu = 00:00:51 ; elapsed = 00:00:45 . Memory (MB): peak = 1374.277 ; gain = 79.477
INFO: [Common 17-83] Releasing license: Implementation
52 Infos, 0 Warnings, 0 Critical Warnings and 0 Errors encountered.
place_design completed successfully
place_design: Time (s): cpu = 00:00:53 ; elapsed = 00:00:46 . Memory (MB): peak = 1374.277 ; gain = 79.477
INFO: [Timing 38-480] Writing timing data to binary archive.
Writing placer database...
Writing XDEF routing.
Writing XDEF routing logical nets.
Writing XDEF routing special nets.
Write XDEF Complete: Time (s): cpu = 00:00:01 ; elapsed = 00:00:00.566 . Memory (MB): peak = 1375.883 ; gain = 1.605
INFO: [Common 17-1381] The checkpoint 'C:/Users/david/Dropbox/LRPC Code/hardware/sha3-512-low/sha3-512-low.runs/impl_1/keccak_placed.dcp' has been generated.
INFO: [runtcl-4] Executing : report_io -file keccak_io_placed.rpt
report_io: Time (s): cpu = 00:00:00 ; elapsed = 00:00:00.118 . Memory (MB): peak = 1375.883 ; gain = 0.000
INFO: [runtcl-4] Executing : report_utilization -file keccak_utilization_placed.rpt -pb keccak_utilization_placed.pb
report_utilization: Time (s): cpu = 00:00:00 ; elapsed = 00:00:00.145 . Memory (MB): peak = 1375.883 ; gain = 0.000
INFO: [runtcl-4] Executing : report_control_sets -verbose -file keccak_control_sets_placed.rpt
report_control_sets: Time (s): cpu = 00:00:00 ; elapsed = 00:00:00.018 . Memory (MB): peak = 1375.883 ; gain = 0.000
Command: phys_opt_design -directive Explore
Attempting to get a license for feature 'Implementation' and/or device 'xc7a200t'
INFO: [Common 17-349] Got license for feature 'Implementation' and/or device 'xc7a200t'
INFO: [Vivado_Tcl 4-137] Directive used for phys_opt_design is: Explore
INFO: [Vivado_Tcl 4-383] Design worst setup slack (WNS) is greater than or equal to 0.250 ns. Skipping all physical synthesis optimizations.
INFO: [Vivado_Tcl 4-232] No setup violation found. The netlist was not modified.
INFO: [Common 17-83] Releasing license: Implementation
62 Infos, 0 Warnings, 0 Critical Warnings and 0 Errors encountered.
phys_opt_design completed successfully
INFO: [Timing 38-480] Writing timing data to binary archive.
Writing placer database...
Writing XDEF routing.
Writing XDEF routing logical nets.
Writing XDEF routing special nets.
Write XDEF Complete: Time (s): cpu = 00:00:02 ; elapsed = 00:00:00.534 . Memory (MB): peak = 1375.883 ; gain = 0.000
INFO: [Common 17-1381] The checkpoint 'C:/Users/david/Dropbox/LRPC Code/hardware/sha3-512-low/sha3-512-low.runs/impl_1/keccak_physopt.dcp' has been generated.
Command: route_design -directive NoTimingRelaxation
Attempting to get a license for feature 'Implementation' and/or device 'xc7a200t'
INFO: [Common 17-349] Got license for feature 'Implementation' and/or device 'xc7a200t'
Running DRC as a precondition to command route_design
INFO: [DRC 23-27] Running DRC with 2 threads
INFO: [Vivado_Tcl 4-198] DRC finished with 0 Errors
INFO: [Vivado_Tcl 4-199] Please refer to the DRC report (report_drc) for more information.


Starting Routing Task
INFO: [Route 35-270] Using Router directive 'NoTimingRelaxation'.
INFO: [Route 35-254] Multithreading enabled for route_design using a maximum of 2 CPUs
Checksum: PlaceDB: c8e36c00 ConstDB: 0 ShapeSum: 97d6524d RouteDB: 0

Phase 1 Build RT Design
Phase 1 Build RT Design | Checksum: 8b2bb893

Time (s): cpu = 00:01:12 ; elapsed = 00:01:04 . Memory (MB): peak = 1579.094 ; gain = 203.211
Post Restoration Checksum: NetGraph: e704add NumContArr: 7cbb6db6 Constraints: 0 Timing: 0

Phase 2 Router Initialization

Phase 2.1 Create Timer
Phase 2.1 Create Timer | Checksum: 8b2bb893

Time (s): cpu = 00:01:12 ; elapsed = 00:01:04 . Memory (MB): peak = 1579.094 ; gain = 203.211

Phase 2.2 Fix Topology Constraints
Phase 2.2 Fix Topology Constraints | Checksum: 8b2bb893

Time (s): cpu = 00:01:12 ; elapsed = 00:01:04 . Memory (MB): peak = 1585.375 ; gain = 209.492

Phase 2.3 Pre Route Cleanup
Phase 2.3 Pre Route Cleanup | Checksum: 8b2bb893

Time (s): cpu = 00:01:12 ; elapsed = 00:01:04 . Memory (MB): peak = 1585.375 ; gain = 209.492
 Number of Nodes with overlaps = 0

Phase 2.4 Update Timing
Phase 2.4 Update Timing | Checksum: 14c95bd51

Time (s): cpu = 00:01:15 ; elapsed = 00:01:06 . Memory (MB): peak = 1627.016 ; gain = 251.133
INFO: [Route 35-416] Intermediate Timing Summary | WNS=0.597  | TNS=0.000  | WHS=-0.160 | THS=-54.866|

Phase 2 Router Initialization | Checksum: 1cbb2325c

Time (s): cpu = 00:01:15 ; elapsed = 00:01:06 . Memory (MB): peak = 1627.016 ; gain = 251.133

Phase 3 Initial Routing
Phase 3 Initial Routing | Checksum: 2a36ab476

Time (s): cpu = 00:01:20 ; elapsed = 00:01:09 . Memory (MB): peak = 1627.016 ; gain = 251.133

Phase 4 Rip-up And Reroute

Phase 4.1 Global Iteration 0
 Number of Nodes with overlaps = 6331
 Number of Nodes with overlaps = 3971
 Number of Nodes with overlaps = 2106
 Number of Nodes with overlaps = 1434
 Number of Nodes with overlaps = 1085
 Number of Nodes with overlaps = 882
 Number of Nodes with overlaps = 519
INFO: [Route 35-416] Intermediate Timing Summary | WNS=0.070  | TNS=0.000  | WHS=N/A    | THS=N/A    |

WARNING: [Route 35-447] Congestion is preventing the router from routing all nets. The router will prioritize the successful completion of routing all nets over timing optimizations.
Phase 4.1 Global Iteration 0 | Checksum: 2747acd15

Time (s): cpu = 00:08:31 ; elapsed = 00:04:59 . Memory (MB): peak = 1647.293 ; gain = 271.410

Phase 4.2 Global Iteration 1
 Number of Nodes with overlaps = 4655
 Number of Nodes with overlaps = 2178
 Number of Nodes with overlaps = 1226
 Number of Nodes with overlaps = 756
 Number of Nodes with overlaps = 499
 Number of Nodes with overlaps = 312
 Number of Nodes with overlaps = 172
 Number of Nodes with overlaps = 97
 Number of Nodes with overlaps = 65
 Number of Nodes with overlaps = 58
 Number of Nodes with overlaps = 32
 Number of Nodes with overlaps = 24
 Number of Nodes with overlaps = 19
 Number of Nodes with overlaps = 19
 Number of Nodes with overlaps = 11
 Number of Nodes with overlaps = 10
 Number of Nodes with overlaps = 8
 Number of Nodes with overlaps = 6
 Number of Nodes with overlaps = 1
 Number of Nodes with overlaps = 0
INFO: [Route 35-416] Intermediate Timing Summary | WNS=-0.092 | TNS=-0.092 | WHS=N/A    | THS=N/A    |

Phase 4.2 Global Iteration 1 | Checksum: 22d12cc55

Time (s): cpu = 00:11:30 ; elapsed = 00:06:39 . Memory (MB): peak = 1647.293 ; gain = 271.410

Phase 4.3 Global Iteration 2
 Number of Nodes with overlaps = 229
 Number of Nodes with overlaps = 257
 Number of Nodes with overlaps = 325
 Number of Nodes with overlaps = 314
 Number of Nodes with overlaps = 292
 Number of Nodes with overlaps = 301
 Number of Nodes with overlaps = 204
 Number of Nodes with overlaps = 194
 Number of Nodes with overlaps = 169
 Number of Nodes with overlaps = 175
 Number of Nodes with overlaps = 146
 Number of Nodes with overlaps = 128
 Number of Nodes with overlaps = 110
 Number of Nodes with overlaps = 78
 Number of Nodes with overlaps = 75
 Number of Nodes with overlaps = 62
 Number of Nodes with overlaps = 38
 Number of Nodes with overlaps = 29
 Number of Nodes with overlaps = 27
 Number of Nodes with overlaps = 15
 Number of Nodes with overlaps = 29
 Number of Nodes with overlaps = 19
 Number of Nodes with overlaps = 11
 Number of Nodes with overlaps = 9
 Number of Nodes with overlaps = 4
 Number of Nodes with overlaps = 2
 Number of Nodes with overlaps = 1
 Number of Nodes with overlaps = 1
 Number of Nodes with overlaps = 2
Phase 4.3 Global Iteration 2 | Checksum: 1c5367281

Time (s): cpu = 00:15:49 ; elapsed = 00:09:46 . Memory (MB): peak = 1661.516 ; gain = 285.633
Phase 4 Rip-up And Reroute | Checksum: 1c5367281

Time (s): cpu = 00:15:49 ; elapsed = 00:09:46 . Memory (MB): peak = 1661.516 ; gain = 285.633

Phase 5 Delay and Skew Optimization

Phase 5.1 Delay CleanUp

Phase 5.1.1 Update Timing
Phase 5.1.1 Update Timing | Checksum: 16691f7ad

Time (s): cpu = 00:15:50 ; elapsed = 00:09:46 . Memory (MB): peak = 1661.516 ; gain = 285.633
INFO: [Route 35-416] Intermediate Timing Summary | WNS=-0.004 | TNS=-0.004 | WHS=N/A    | THS=N/A    |

 Number of Nodes with overlaps = 0
Phase 5.1 Delay CleanUp | Checksum: 1943d3b1e

Time (s): cpu = 00:15:50 ; elapsed = 00:09:46 . Memory (MB): peak = 1661.516 ; gain = 285.633

Phase 5.2 Clock Skew Optimization
Phase 5.2 Clock Skew Optimization | Checksum: 1943d3b1e

Time (s): cpu = 00:15:50 ; elapsed = 00:09:46 . Memory (MB): peak = 1661.516 ; gain = 285.633
Phase 5 Delay and Skew Optimization | Checksum: 1943d3b1e

Time (s): cpu = 00:15:50 ; elapsed = 00:09:46 . Memory (MB): peak = 1661.516 ; gain = 285.633

Phase 6 Post Hold Fix

Phase 6.1 Hold Fix Iter

Phase 6.1.1 Update Timing
Phase 6.1.1 Update Timing | Checksum: 1cfffe8e0

Time (s): cpu = 00:15:51 ; elapsed = 00:09:47 . Memory (MB): peak = 1661.516 ; gain = 285.633
INFO: [Route 35-416] Intermediate Timing Summary | WNS=-0.004 | TNS=-0.004 | WHS=0.125  | THS=0.000  |

Phase 6.1 Hold Fix Iter | Checksum: 1cfffe8e0

Time (s): cpu = 00:15:51 ; elapsed = 00:09:47 . Memory (MB): peak = 1661.516 ; gain = 285.633
Phase 6 Post Hold Fix | Checksum: 1cfffe8e0

Time (s): cpu = 00:15:51 ; elapsed = 00:09:47 . Memory (MB): peak = 1661.516 ; gain = 285.633

Phase 7 Timing Verification

Phase 7.1 Update Timing
Phase 7.1 Update Timing | Checksum: 1d74f53bd

Time (s): cpu = 00:15:52 ; elapsed = 00:09:47 . Memory (MB): peak = 1661.516 ; gain = 285.633
INFO: [Route 35-416] Intermediate Timing Summary | WNS=-0.004 | TNS=-0.004 | WHS=N/A    | THS=N/A    |

Phase 7 Timing Verification | Checksum: 1d74f53bd

Time (s): cpu = 00:15:52 ; elapsed = 00:09:47 . Memory (MB): peak = 1661.516 ; gain = 285.633

Phase 8 Route finalize

Router Utilization Summary
  Global Vertical Routing Utilization    = 1.78312 %
  Global Horizontal Routing Utilization  = 2.22551 %
  Routable Net Status*
  *Does not include unroutable nets such as driverless and loadless.
  Run report_route_status for detailed report.
  Number of Failed Nets               = 0
  Number of Unrouted Nets             = 0
  Number of Partially Routed Nets     = 0
  Number of Node Overlaps             = 0

Congestion Report
North Dir 2x2 Area, Max Cong = 88.2883%, Congestion bounded by tiles (Lower Left Tile -> Upper Right Tile):
   INT_L_X80Y84 -> INT_R_X81Y85
   INT_L_X78Y82 -> INT_R_X79Y83
   INT_L_X82Y82 -> INT_R_X83Y83
   INT_L_X84Y82 -> INT_R_X85Y83
   INT_L_X82Y76 -> INT_R_X83Y77
South Dir 2x2 Area, Max Cong = 88.0631%, Congestion bounded by tiles (Lower Left Tile -> Upper Right Tile):
   INT_L_X84Y72 -> INT_R_X85Y73
   INT_L_X80Y70 -> INT_R_X81Y71
   INT_L_X84Y66 -> INT_R_X85Y67
   INT_L_X82Y64 -> INT_R_X83Y65
   INT_L_X84Y64 -> INT_R_X85Y65
East Dir 8x8 Area, Max Cong = 87.6379%, Congestion bounded by tiles (Lower Left Tile -> Upper Right Tile):
   INT_L_X72Y74 -> INT_R_X79Y81
   INT_L_X80Y74 -> INT_R_X87Y81
   INT_L_X72Y66 -> INT_R_X79Y73
   INT_L_X80Y66 -> INT_R_X87Y73
West Dir 8x8 Area, Max Cong = 85.0873%, Congestion bounded by tiles (Lower Left Tile -> Upper Right Tile):
   INT_L_X80Y66 -> INT_R_X87Y73

------------------------------
Reporting congestion hotspots
------------------------------
Direction: North
----------------
Congested clusters found at Level 1
Effective congestion level: 2 Aspect Ratio: 0.666667 Sparse Ratio: 1
Direction: South
----------------
Congested clusters found at Level 0
Effective congestion level: 2 Aspect Ratio: 0.545455 Sparse Ratio: 1.75
Direction: East
----------------
Congested clusters found at Level 3
Effective congestion level: 4 Aspect Ratio: 1 Sparse Ratio: 1
Direction: West
----------------
Congested clusters found at Level 3
Effective congestion level: 4 Aspect Ratio: 1 Sparse Ratio: 0.75

Phase 8 Route finalize | Checksum: 1d74f53bd

Time (s): cpu = 00:15:53 ; elapsed = 00:09:48 . Memory (MB): peak = 1661.516 ; gain = 285.633

Phase 9 Verifying routed nets

 Verification completed successfully
Phase 9 Verifying routed nets | Checksum: 1d74f53bd

Time (s): cpu = 00:15:53 ; elapsed = 00:09:48 . Memory (MB): peak = 1661.516 ; gain = 285.633

Phase 10 Depositing Routes
Phase 10 Depositing Routes | Checksum: 1f0d0c5af

Time (s): cpu = 00:15:54 ; elapsed = 00:09:49 . Memory (MB): peak = 1661.516 ; gain = 285.633

Phase 11 Incr Placement Change
Netlist sorting complete. Time (s): cpu = 00:00:00 ; elapsed = 00:00:00.005 . Memory (MB): peak = 1661.516 ; gain = 0.000
INFO: [Place 30-746] Post Placement Timing Summary WNS=0.321. For the most accurate timing information please run report_timing.
Ending IncrPlace Task | Checksum: f95dbc10

Time (s): cpu = 00:00:24 ; elapsed = 00:00:24 . Memory (MB): peak = 1661.516 ; gain = 0.000
Google Cpuprofiler is only supported on Linux.
Phase 11 Incr Placement Change | Checksum: 1f0d0c5af

Time (s): cpu = 00:16:18 ; elapsed = 00:10:13 . Memory (MB): peak = 1661.516 ; gain = 285.633

Phase 12 Build RT Design
Phase 12 Build RT Design | Checksum: 17e3bc32a

Time (s): cpu = 00:16:28 ; elapsed = 00:10:23 . Memory (MB): peak = 1661.516 ; gain = 285.633
Post Restoration Checksum: NetGraph: 3356af7e NumContArr: 8133ba4 Constraints: 0 Timing: 0

Phase 13 Router Initialization

Phase 13.1 Create Timer
Phase 13.1 Create Timer | Checksum: 3b69eb22

Time (s): cpu = 00:16:28 ; elapsed = 00:10:23 . Memory (MB): peak = 1661.516 ; gain = 285.633

Phase 13.2 Fix Topology Constraints
Phase 13.2 Fix Topology Constraints | Checksum: 3b69eb22

Time (s): cpu = 00:16:28 ; elapsed = 00:10:23 . Memory (MB): peak = 1661.516 ; gain = 285.633

Phase 13.3 Pre Route Cleanup
Phase 13.3 Pre Route Cleanup | Checksum: 112491000

Time (s): cpu = 00:16:28 ; elapsed = 00:10:23 . Memory (MB): peak = 1661.516 ; gain = 285.633
 Number of Nodes with overlaps = 0

Phase 13.4 Update Timing
Phase 13.4 Update Timing | Checksum: 11653c9c0

Time (s): cpu = 00:16:32 ; elapsed = 00:10:25 . Memory (MB): peak = 1661.516 ; gain = 285.633
INFO: [Route 35-416] Intermediate Timing Summary | WNS=0.244  | TNS=0.000  | WHS=-0.160 | THS=-54.835|

Phase 13 Router Initialization | Checksum: 15104d5df

Time (s): cpu = 00:16:33 ; elapsed = 00:10:26 . Memory (MB): peak = 1661.516 ; gain = 285.633

Phase 14 Initial Routing
Phase 14 Initial Routing | Checksum: 1ab6a75f6

Time (s): cpu = 00:16:38 ; elapsed = 00:10:30 . Memory (MB): peak = 1661.516 ; gain = 285.633

Phase 15 Rip-up And Reroute

Phase 15.1 Global Iteration 0
 Number of Nodes with overlaps = 3273
 Number of Nodes with overlaps = 2029
 Number of Nodes with overlaps = 1483
 Number of Nodes with overlaps = 1149
 Number of Nodes with overlaps = 1042
 Number of Nodes with overlaps = 540
 Number of Nodes with overlaps = 356
 Number of Nodes with overlaps = 287
 Number of Nodes with overlaps = 266
 Number of Nodes with overlaps = 180
 Number of Nodes with overlaps = 138
 Number of Nodes with overlaps = 135
INFO: [Route 35-416] Intermediate Timing Summary | WNS=0.072  | TNS=0.000  | WHS=N/A    | THS=N/A    |

WARNING: [Route 35-447] Congestion is preventing the router from routing all nets. The router will prioritize the successful completion of routing all nets over timing optimizations.
Phase 15.1 Global Iteration 0 | Checksum: ea97c956

Time (s): cpu = 00:25:53 ; elapsed = 00:16:09 . Memory (MB): peak = 1704.047 ; gain = 328.164

Phase 15.2 Global Iteration 1
 Number of Nodes with overlaps = 4639
 Number of Nodes with overlaps = 2669
 Number of Nodes with overlaps = 1629
 Number of Nodes with overlaps = 1106
 Number of Nodes with overlaps = 825
 Number of Nodes with overlaps = 549
 Number of Nodes with overlaps = 390
 Number of Nodes with overlaps = 308
 Number of Nodes with overlaps = 255
 Number of Nodes with overlaps = 147
 Number of Nodes with overlaps = 115
 Number of Nodes with overlaps = 75
 Number of Nodes with overlaps = 73
 Number of Nodes with overlaps = 56
 Number of Nodes with overlaps = 31
 Number of Nodes with overlaps = 22
 Number of Nodes with overlaps = 25
 Number of Nodes with overlaps = 16
 Number of Nodes with overlaps = 10
 Number of Nodes with overlaps = 8
 Number of Nodes with overlaps = 4
 Number of Nodes with overlaps = 3
 Number of Nodes with overlaps = 1
 Number of Nodes with overlaps = 1
 Number of Nodes with overlaps = 0
INFO: [Route 35-416] Intermediate Timing Summary | WNS=0.191  | TNS=0.000  | WHS=N/A    | THS=N/A    |

Phase 15.2 Global Iteration 1 | Checksum: 10e25f585

Time (s): cpu = 00:31:59 ; elapsed = 00:19:55 . Memory (MB): peak = 1704.047 ; gain = 328.164
Phase 15 Rip-up And Reroute | Checksum: 10e25f585

Time (s): cpu = 00:32:00 ; elapsed = 00:19:55 . Memory (MB): peak = 1704.047 ; gain = 328.164

Phase 16 Delay and Skew Optimization

Phase 16.1 Delay CleanUp
Phase 16.1 Delay CleanUp | Checksum: 10e25f585

Time (s): cpu = 00:32:00 ; elapsed = 00:19:55 . Memory (MB): peak = 1704.047 ; gain = 328.164

Phase 16.2 Clock Skew Optimization
Phase 16.2 Clock Skew Optimization | Checksum: 10e25f585

Time (s): cpu = 00:32:00 ; elapsed = 00:19:55 . Memory (MB): peak = 1704.047 ; gain = 328.164
Phase 16 Delay and Skew Optimization | Checksum: 10e25f585

Time (s): cpu = 00:32:00 ; elapsed = 00:19:55 . Memory (MB): peak = 1704.047 ; gain = 328.164

Phase 17 Post Hold Fix

Phase 17.1 Hold Fix Iter

Phase 17.1.1 Update Timing
Phase 17.1.1 Update Timing | Checksum: 181703016

Time (s): cpu = 00:32:00 ; elapsed = 00:19:55 . Memory (MB): peak = 1704.047 ; gain = 328.164
INFO: [Route 35-416] Intermediate Timing Summary | WNS=0.265  | TNS=0.000  | WHS=0.126  | THS=0.000  |

Phase 17.1 Hold Fix Iter | Checksum: 181703016

Time (s): cpu = 00:32:00 ; elapsed = 00:19:55 . Memory (MB): peak = 1704.047 ; gain = 328.164
Phase 17 Post Hold Fix | Checksum: 181703016

Time (s): cpu = 00:32:00 ; elapsed = 00:19:55 . Memory (MB): peak = 1704.047 ; gain = 328.164

Phase 18 Timing Verification

Phase 18.1 Update Timing
Phase 18.1 Update Timing | Checksum: 163324ad6

Time (s): cpu = 00:32:01 ; elapsed = 00:19:56 . Memory (MB): peak = 1704.047 ; gain = 328.164
INFO: [Route 35-416] Intermediate Timing Summary | WNS=0.265  | TNS=0.000  | WHS=N/A    | THS=N/A    |

Phase 18 Timing Verification | Checksum: 163324ad6

Time (s): cpu = 00:32:01 ; elapsed = 00:19:56 . Memory (MB): peak = 1704.047 ; gain = 328.164

Phase 19 Route finalize

Router Utilization Summary
  Global Vertical Routing Utilization    = 1.89827 %
  Global Horizontal Routing Utilization  = 2.27118 %
  Routable Net Status*
  *Does not include unroutable nets such as driverless and loadless.
  Run report_route_status for detailed report.
  Number of Failed Nets               = 0
  Number of Unrouted Nets             = 0
  Number of Partially Routed Nets     = 0
  Number of Node Overlaps             = 0

Phase 19 Route finalize | Checksum: 163324ad6

Time (s): cpu = 00:32:02 ; elapsed = 00:19:56 . Memory (MB): peak = 1704.047 ; gain = 328.164

Phase 20 Verifying routed nets

 Verification completed successfully
Phase 20 Verifying routed nets | Checksum: 163324ad6

Time (s): cpu = 00:32:02 ; elapsed = 00:19:56 . Memory (MB): peak = 1704.047 ; gain = 328.164

Phase 21 Depositing Routes
Phase 21 Depositing Routes | Checksum: 1c0ad028e

Time (s): cpu = 00:32:02 ; elapsed = 00:19:57 . Memory (MB): peak = 1704.047 ; gain = 328.164

Phase 22 Post Router Timing
INFO: [Route 35-20] Post Routing Timing Summary | WNS=0.267  | TNS=0.000  | WHS=0.142  | THS=0.000  |

INFO: [Route 35-61] The design met the timing requirement.
Phase 22 Post Router Timing | Checksum: 1f2b8610a

Time (s): cpu = 00:32:05 ; elapsed = 00:19:58 . Memory (MB): peak = 1704.047 ; gain = 328.164
INFO: [Route 35-16] Router Completed Successfully

Time (s): cpu = 00:32:05 ; elapsed = 00:19:58 . Memory (MB): peak = 1704.047 ; gain = 328.164

Routing Is Done.
INFO: [Common 17-83] Releasing license: Implementation
86 Infos, 2 Warnings, 0 Critical Warnings and 0 Errors encountered.
route_design completed successfully
route_design: Time (s): cpu = 00:32:08 ; elapsed = 00:20:00 . Memory (MB): peak = 1704.047 ; gain = 328.164
INFO: [Timing 38-480] Writing timing data to binary archive.
Writing placer database...
Writing XDEF routing.
Writing XDEF routing logical nets.
Writing XDEF routing special nets.
Write XDEF Complete: Time (s): cpu = 00:00:02 ; elapsed = 00:00:00.777 . Memory (MB): peak = 1704.047 ; gain = 0.000
INFO: [Common 17-1381] The checkpoint 'C:/Users/david/Dropbox/LRPC Code/hardware/sha3-512-low/sha3-512-low.runs/impl_1/keccak_routed.dcp' has been generated.
INFO: [runtcl-4] Executing : report_drc -file keccak_drc_routed.rpt -pb keccak_drc_routed.pb -rpx keccak_drc_routed.rpx
Command: report_drc -file keccak_drc_routed.rpt -pb keccak_drc_routed.pb -rpx keccak_drc_routed.rpx
INFO: [DRC 23-27] Running DRC with 2 threads
INFO: [Coretcl 2-168] The results of DRC are in file C:/Users/david/Dropbox/LRPC Code/hardware/sha3-512-low/sha3-512-low.runs/impl_1/keccak_drc_routed.rpt.
report_drc completed successfully
INFO: [runtcl-4] Executing : report_methodology -file keccak_methodology_drc_routed.rpt -pb keccak_methodology_drc_routed.pb -rpx keccak_methodology_drc_routed.rpx
Command: report_methodology -file keccak_methodology_drc_routed.rpt -pb keccak_methodology_drc_routed.pb -rpx keccak_methodology_drc_routed.rpx
INFO: [Timing 38-35] Done setting XDC timing constraints.
INFO: [Timing 38-35] Done setting XDC timing constraints.
INFO: [DRC 23-133] Running Methodology with 2 threads
INFO: [Coretcl 2-1520] The results of Report Methodology are in file C:/Users/david/Dropbox/LRPC Code/hardware/sha3-512-low/sha3-512-low.runs/impl_1/keccak_methodology_drc_routed.rpt.
report_methodology completed successfully
INFO: [runtcl-4] Executing : report_power -file keccak_power_routed.rpt -pb keccak_power_summary_routed.pb -rpx keccak_power_routed.rpx
Command: report_power -file keccak_power_routed.rpt -pb keccak_power_summary_routed.pb -rpx keccak_power_routed.rpx
INFO: [Timing 38-35] Done setting XDC timing constraints.
Running Vector-less Activity Propagation...

Finished Running Vector-less Activity Propagation
98 Infos, 2 Warnings, 0 Critical Warnings and 0 Errors encountered.
report_power completed successfully
INFO: [runtcl-4] Executing : report_route_status -file keccak_route_status.rpt -pb keccak_route_status.pb
INFO: [runtcl-4] Executing : report_timing_summary -max_paths 10 -file keccak_timing_summary_routed.rpt -pb keccak_timing_summary_routed.pb -rpx keccak_timing_summary_routed.rpx -warn_on_violation 
INFO: [Timing 38-91] UpdateTimingParams: Speed grade: -2, Delay Type: min_max, Timing Stage: Requireds.
INFO: [Timing 38-191] Multithreading enabled for timing update using a maximum of 2 CPUs
INFO: [runtcl-4] Executing : report_incremental_reuse -file keccak_incremental_reuse_routed.rpt
INFO: [Vivado_Tcl 4-545] No incremental reuse to report, no incremental placement and routing data was found.
INFO: [runtcl-4] Executing : report_clock_utilization -file keccak_clock_utilization_routed.rpt
INFO: [runtcl-4] Executing : report_bus_skew -warn_on_violation -file route_report_bus_skew_0.rpt -rpx route_report_bus_skew_0.rpx
INFO: [Timing 38-91] UpdateTimingParams: Speed grade: -2, Delay Type: min_max, Timing Stage: Requireds.
INFO: [Timing 38-191] Multithreading enabled for timing update using a maximum of 2 CPUs
INFO: [Common 17-206] Exiting Vivado at Fri Dec 20 18:08:55 2019...
