
*** Running vivado
    with args -log gs_elim_top.vdi -applog -m64 -product Vivado -messageDb vivado.pb -mode batch -source gs_elim_top.tcl -notrace


****** Vivado v2018.1 (64-bit)
  **** SW Build 2188600 on Wed Apr  4 18:40:38 MDT 2018
  **** IP Build 2185939 on Wed Apr  4 20:55:05 MDT 2018
    ** Copyright 1986-2018 Xilinx, Inc. All Rights Reserved.

source gs_elim_top.tcl -notrace
Command: link_design -top gs_elim_top -part xc7a200tsbv484-1
Design is defaulting to srcset: sources_1
Design is defaulting to constrset: constrs_1
INFO: [Netlist 29-17] Analyzing 241 Unisim elements for replacement
INFO: [Netlist 29-28] Unisim Transformation completed in 0 CPU seconds
INFO: [Project 1-479] Netlist was created with Vivado 2018.1
INFO: [Device 21-403] Loading part xc7a200tsbv484-1
INFO: [Project 1-570] Preparing netlist for logic optimization
Parsing XDC File [C:/Users/David/Dropbox/ROLLO/hardware/Gaussian_Elimination_for_Decryption/Gaussian_Elimination_for_Decryption.srcs/constrs_1/new/usr_constrain.xdc]
Finished Parsing XDC File [C:/Users/David/Dropbox/ROLLO/hardware/Gaussian_Elimination_for_Decryption/Gaussian_Elimination_for_Decryption.srcs/constrs_1/new/usr_constrain.xdc]
INFO: [Opt 31-138] Pushed 0 inverter(s) to 0 load pin(s).
INFO: [Project 1-111] Unisim Transformation Summary:
No Unisim elements were transformed.

7 Infos, 0 Warnings, 0 Critical Warnings and 0 Errors encountered.
link_design completed successfully
link_design: Time (s): cpu = 00:00:12 ; elapsed = 00:00:26 . Memory (MB): peak = 780.277 ; gain = 475.875
Command: opt_design
Attempting to get a license for feature 'Implementation' and/or device 'xc7a200t'
INFO: [Common 17-349] Got license for feature 'Implementation' and/or device 'xc7a200t'
Running DRC as a precondition to command opt_design

Starting DRC Task
INFO: [DRC 23-27] Running DRC with 2 threads
INFO: [Project 1-461] DRC finished with 0 Errors
INFO: [Project 1-462] Please refer to the DRC report (report_drc) for more information.

Time (s): cpu = 00:00:01 ; elapsed = 00:00:00.630 . Memory (MB): peak = 780.578 ; gain = 0.301
INFO: [Timing 38-35] Done setting XDC timing constraints.

Starting Logic Optimization Task

Phase 1 Retarget
INFO: [Opt 31-138] Pushed 0 inverter(s) to 0 load pin(s).
INFO: [Opt 31-49] Retargeted 0 cell(s).
Phase 1 Retarget | Checksum: 119f02668

Time (s): cpu = 00:00:03 ; elapsed = 00:00:02 . Memory (MB): peak = 1387.637 ; gain = 0.000
INFO: [Opt 31-389] Phase Retarget created 0 cells and removed 0 cells

Phase 2 Constant propagation
INFO: [Opt 31-138] Pushed 0 inverter(s) to 0 load pin(s).
Phase 2 Constant propagation | Checksum: 119f02668

Time (s): cpu = 00:00:03 ; elapsed = 00:00:03 . Memory (MB): peak = 1387.637 ; gain = 0.000
INFO: [Opt 31-389] Phase Constant propagation created 0 cells and removed 0 cells

Phase 3 Sweep
Phase 3 Sweep | Checksum: 9bbb499c

Time (s): cpu = 00:00:04 ; elapsed = 00:00:04 . Memory (MB): peak = 1387.637 ; gain = 0.000
INFO: [Opt 31-389] Phase Sweep created 0 cells and removed 0 cells

Phase 4 BUFG optimization
Phase 4 BUFG optimization | Checksum: 9bbb499c

Time (s): cpu = 00:00:05 ; elapsed = 00:00:05 . Memory (MB): peak = 1387.637 ; gain = 0.000
INFO: [Opt 31-389] Phase BUFG optimization created 0 cells and removed 0 cells

Phase 5 Shift Register Optimization
Phase 5 Shift Register Optimization | Checksum: 1153b65ed

Time (s): cpu = 00:00:05 ; elapsed = 00:00:05 . Memory (MB): peak = 1387.637 ; gain = 0.000
INFO: [Opt 31-389] Phase Shift Register Optimization created 0 cells and removed 0 cells

Phase 6 Post Processing Netlist
Phase 6 Post Processing Netlist | Checksum: 4747c268

Time (s): cpu = 00:00:06 ; elapsed = 00:00:05 . Memory (MB): peak = 1387.637 ; gain = 0.000
INFO: [Opt 31-389] Phase Post Processing Netlist created 0 cells and removed 0 cells

Starting Connectivity Check Task

Time (s): cpu = 00:00:00 ; elapsed = 00:00:00.121 . Memory (MB): peak = 1387.637 ; gain = 0.000
Ending Logic Optimization Task | Checksum: 4747c268

Time (s): cpu = 00:00:06 ; elapsed = 00:00:06 . Memory (MB): peak = 1387.637 ; gain = 0.000

Starting Power Optimization Task
INFO: [Pwropt 34-132] Skipping clock gating for clocks with a period < 2.00 ns.
Ending Power Optimization Task | Checksum: ed7b05cc

Time (s): cpu = 00:00:00 ; elapsed = 00:00:00.071 . Memory (MB): peak = 1387.637 ; gain = 0.000
INFO: [Common 17-83] Releasing license: Implementation
23 Infos, 0 Warnings, 0 Critical Warnings and 0 Errors encountered.
opt_design completed successfully
opt_design: Time (s): cpu = 00:00:20 ; elapsed = 00:00:21 . Memory (MB): peak = 1387.637 ; gain = 607.359
INFO: [Timing 38-480] Writing timing data to binary archive.
INFO: [Common 17-1381] The checkpoint 'C:/Users/David/Dropbox/ROLLO/hardware/Gaussian_Elimination_for_Decryption/Gaussian_Elimination_for_Decryption.runs/impl_2/gs_elim_top_opt.dcp' has been generated.
write_checkpoint: Time (s): cpu = 00:00:08 ; elapsed = 00:00:06 . Memory (MB): peak = 1387.637 ; gain = 0.000
INFO: [runtcl-4] Executing : report_drc -file gs_elim_top_drc_opted.rpt -pb gs_elim_top_drc_opted.pb -rpx gs_elim_top_drc_opted.rpx
Command: report_drc -file gs_elim_top_drc_opted.rpt -pb gs_elim_top_drc_opted.pb -rpx gs_elim_top_drc_opted.rpx
INFO: [IP_Flow 19-234] Refreshing IP repositories
INFO: [IP_Flow 19-1704] No user IP repositories specified
INFO: [IP_Flow 19-2313] Loaded Vivado IP repository 'F:/Xilinx/Vivado/2018.1/data/ip'.
INFO: [DRC 23-27] Running DRC with 2 threads
INFO: [Coretcl 2-168] The results of DRC are in file C:/Users/David/Dropbox/ROLLO/hardware/Gaussian_Elimination_for_Decryption/Gaussian_Elimination_for_Decryption.runs/impl_2/gs_elim_top_drc_opted.rpt.
report_drc completed successfully
Command: place_design -directive ExtraTimingOpt
Attempting to get a license for feature 'Implementation' and/or device 'xc7a200t'
INFO: [Common 17-349] Got license for feature 'Implementation' and/or device 'xc7a200t'
INFO: [DRC 23-27] Running DRC with 2 threads
INFO: [Vivado_Tcl 4-198] DRC finished with 0 Errors
INFO: [Vivado_Tcl 4-199] Please refer to the DRC report (report_drc) for more information.
Running DRC as a precondition to command place_design
INFO: [DRC 23-27] Running DRC with 2 threads
INFO: [Vivado_Tcl 4-198] DRC finished with 0 Errors
INFO: [Vivado_Tcl 4-199] Please refer to the DRC report (report_drc) for more information.

Starting Placer Task
INFO: [Place 46-5] The placer was invoked with the 'ExtraTimingOpt' directive.
INFO: [Place 30-611] Multithreading enabled for place_design using a maximum of 2 CPUs

Phase 1 Placer Initialization

Phase 1.1 Placer Initialization Netlist Sorting
Netlist sorting complete. Time (s): cpu = 00:00:00 ; elapsed = 00:00:00.050 . Memory (MB): peak = 1387.637 ; gain = 0.000
Phase 1.1 Placer Initialization Netlist Sorting | Checksum: 3097a81e

Time (s): cpu = 00:00:00 ; elapsed = 00:00:00.057 . Memory (MB): peak = 1387.637 ; gain = 0.000
INFO: [Timing 38-35] Done setting XDC timing constraints.
INFO: [Opt 31-138] Pushed 0 inverter(s) to 0 load pin(s).
Netlist sorting complete. Time (s): cpu = 00:00:00 ; elapsed = 00:00:00.049 . Memory (MB): peak = 1399.254 ; gain = 0.000

Phase 1.2 IO Placement/ Clock Placement/ Build Placer Device
INFO: [Timing 38-35] Done setting XDC timing constraints.
Phase 1.2 IO Placement/ Clock Placement/ Build Placer Device | Checksum: 7e5fd745

Time (s): cpu = 00:00:12 ; elapsed = 00:00:10 . Memory (MB): peak = 1420.578 ; gain = 32.941

Phase 1.3 Build Placer Netlist Model
Phase 1.3 Build Placer Netlist Model | Checksum: 108311357

Time (s): cpu = 00:00:21 ; elapsed = 00:00:16 . Memory (MB): peak = 1597.281 ; gain = 209.645

Phase 1.4 Constrain Clocks/Macros
Phase 1.4 Constrain Clocks/Macros | Checksum: 108311357

Time (s): cpu = 00:00:21 ; elapsed = 00:00:16 . Memory (MB): peak = 1597.281 ; gain = 209.645
Phase 1 Placer Initialization | Checksum: 108311357

Time (s): cpu = 00:00:21 ; elapsed = 00:00:16 . Memory (MB): peak = 1597.281 ; gain = 209.645

Phase 2 Global Placement
Phase 2 Global Placement | Checksum: 82d3cb11

Time (s): cpu = 00:00:53 ; elapsed = 00:00:34 . Memory (MB): peak = 1597.281 ; gain = 209.645

Phase 3 Detail Placement

Phase 3.1 Commit Multi Column Macros
Phase 3.1 Commit Multi Column Macros | Checksum: 82d3cb11

Time (s): cpu = 00:00:53 ; elapsed = 00:00:34 . Memory (MB): peak = 1597.281 ; gain = 209.645

Phase 3.2 Commit Most Macros & LUTRAMs
Phase 3.2 Commit Most Macros & LUTRAMs | Checksum: 14b71aafb

Time (s): cpu = 00:01:01 ; elapsed = 00:00:40 . Memory (MB): peak = 1597.281 ; gain = 209.645

Phase 3.3 Area Swap Optimization
Phase 3.3 Area Swap Optimization | Checksum: 11e311a4c

Time (s): cpu = 00:01:02 ; elapsed = 00:00:40 . Memory (MB): peak = 1597.281 ; gain = 209.645

Phase 3.4 Pipeline Register Optimization
Phase 3.4 Pipeline Register Optimization | Checksum: 1049db9c5

Time (s): cpu = 00:01:02 ; elapsed = 00:00:40 . Memory (MB): peak = 1597.281 ; gain = 209.645

Phase 3.5 Timing Path Optimizer
Phase 3.5 Timing Path Optimizer | Checksum: 1049db9c5

Time (s): cpu = 00:01:02 ; elapsed = 00:00:40 . Memory (MB): peak = 1597.281 ; gain = 209.645

Phase 3.6 Fast Optimization
Phase 3.6 Fast Optimization | Checksum: d9df7e59

Time (s): cpu = 00:01:03 ; elapsed = 00:00:41 . Memory (MB): peak = 1597.281 ; gain = 209.645

Phase 3.7 Small Shape Detail Placement
Phase 3.7 Small Shape Detail Placement | Checksum: 172643f87

Time (s): cpu = 00:01:17 ; elapsed = 00:00:55 . Memory (MB): peak = 1597.281 ; gain = 209.645

Phase 3.8 Re-assign LUT pins
Phase 3.8 Re-assign LUT pins | Checksum: 1712c11cd

Time (s): cpu = 00:01:19 ; elapsed = 00:00:57 . Memory (MB): peak = 1597.281 ; gain = 209.645

Phase 3.9 Pipeline Register Optimization
Phase 3.9 Pipeline Register Optimization | Checksum: 1712c11cd

Time (s): cpu = 00:01:19 ; elapsed = 00:00:57 . Memory (MB): peak = 1597.281 ; gain = 209.645

Phase 3.10 Fast Optimization
Phase 3.10 Fast Optimization | Checksum: 18685ab2e

Time (s): cpu = 00:01:24 ; elapsed = 00:01:01 . Memory (MB): peak = 1597.281 ; gain = 209.645
Phase 3 Detail Placement | Checksum: 18685ab2e

Time (s): cpu = 00:01:24 ; elapsed = 00:01:01 . Memory (MB): peak = 1597.281 ; gain = 209.645

Phase 4 Post Placement Optimization and Clean-Up

Phase 4.1 Post Commit Optimization
INFO: [Timing 38-35] Done setting XDC timing constraints.

Phase 4.1.1 Post Placement Optimization
Post Placement Optimization Initialization | Checksum: 182a4daec

Phase 4.1.1.1 BUFG Insertion
INFO: [Physopt 32-721] Multithreading enabled for phys_opt_design using a maximum of 2 CPUs
INFO: [Place 46-31] BUFG insertion identified 0 candidate nets, 0 success, 0 skipped for placement/routing, 0 skipped for timing, 0 skipped for netlist change reason.
Phase 4.1.1.1 BUFG Insertion | Checksum: 182a4daec

Time (s): cpu = 00:01:34 ; elapsed = 00:01:08 . Memory (MB): peak = 1662.234 ; gain = 274.598
INFO: [Place 30-746] Post Placement Timing Summary WNS=0.352. For the most accurate timing information please run report_timing.
Phase 4.1.1 Post Placement Optimization | Checksum: 1c0b9ec65

Time (s): cpu = 00:04:25 ; elapsed = 00:04:05 . Memory (MB): peak = 1668.699 ; gain = 281.062
Phase 4.1 Post Commit Optimization | Checksum: 1c0b9ec65

Time (s): cpu = 00:04:25 ; elapsed = 00:04:05 . Memory (MB): peak = 1668.699 ; gain = 281.062

Phase 4.2 Post Placement Cleanup
Phase 4.2 Post Placement Cleanup | Checksum: 1c0b9ec65

Time (s): cpu = 00:04:26 ; elapsed = 00:04:06 . Memory (MB): peak = 1668.699 ; gain = 281.062

Phase 4.3 Placer Reporting
Phase 4.3 Placer Reporting | Checksum: 1c0b9ec65

Time (s): cpu = 00:04:26 ; elapsed = 00:04:06 . Memory (MB): peak = 1668.699 ; gain = 281.062

Phase 4.4 Final Placement Cleanup
Phase 4.4 Final Placement Cleanup | Checksum: 14a688025

Time (s): cpu = 00:04:26 ; elapsed = 00:04:06 . Memory (MB): peak = 1668.699 ; gain = 281.062
Phase 4 Post Placement Optimization and Clean-Up | Checksum: 14a688025

Time (s): cpu = 00:04:26 ; elapsed = 00:04:06 . Memory (MB): peak = 1668.699 ; gain = 281.062
Ending Placer Task | Checksum: f8a9daa1

Time (s): cpu = 00:04:26 ; elapsed = 00:04:06 . Memory (MB): peak = 1668.699 ; gain = 281.062
INFO: [Common 17-83] Releasing license: Implementation
48 Infos, 0 Warnings, 0 Critical Warnings and 0 Errors encountered.
place_design completed successfully
place_design: Time (s): cpu = 00:04:31 ; elapsed = 00:04:09 . Memory (MB): peak = 1668.699 ; gain = 281.062
INFO: [Timing 38-480] Writing timing data to binary archive.
Writing placer database...
Writing XDEF routing.
Writing XDEF routing logical nets.
Writing XDEF routing special nets.
Write XDEF Complete: Time (s): cpu = 00:00:07 ; elapsed = 00:00:03 . Memory (MB): peak = 1668.699 ; gain = 0.000
INFO: [Common 17-1381] The checkpoint 'C:/Users/David/Dropbox/ROLLO/hardware/Gaussian_Elimination_for_Decryption/Gaussian_Elimination_for_Decryption.runs/impl_2/gs_elim_top_placed.dcp' has been generated.
write_checkpoint: Time (s): cpu = 00:00:10 ; elapsed = 00:00:06 . Memory (MB): peak = 1668.699 ; gain = 0.000
INFO: [runtcl-4] Executing : report_io -file gs_elim_top_io_placed.rpt
report_io: Time (s): cpu = 00:00:01 ; elapsed = 00:00:00.119 . Memory (MB): peak = 1668.699 ; gain = 0.000
INFO: [runtcl-4] Executing : report_utilization -file gs_elim_top_utilization_placed.rpt -pb gs_elim_top_utilization_placed.pb
report_utilization: Time (s): cpu = 00:00:00 ; elapsed = 00:00:00.406 . Memory (MB): peak = 1668.699 ; gain = 0.000
INFO: [runtcl-4] Executing : report_control_sets -verbose -file gs_elim_top_control_sets_placed.rpt
report_control_sets: Time (s): cpu = 00:00:00 ; elapsed = 00:00:00.107 . Memory (MB): peak = 1668.699 ; gain = 0.000
Command: phys_opt_design -directive Explore
Attempting to get a license for feature 'Implementation' and/or device 'xc7a200t'
INFO: [Common 17-349] Got license for feature 'Implementation' and/or device 'xc7a200t'
INFO: [Vivado_Tcl 4-137] Directive used for phys_opt_design is: Explore
INFO: [Vivado_Tcl 4-383] Design worst setup slack (WNS) is greater than or equal to 0.250 ns. Skipping all physical synthesis optimizations.
INFO: [Vivado_Tcl 4-232] No setup violation found. The netlist was not modified.
INFO: [Common 17-83] Releasing license: Implementation
58 Infos, 0 Warnings, 0 Critical Warnings and 0 Errors encountered.
phys_opt_design completed successfully
phys_opt_design: Time (s): cpu = 00:00:09 ; elapsed = 00:00:05 . Memory (MB): peak = 1668.699 ; gain = 0.000
INFO: [Timing 38-480] Writing timing data to binary archive.
Writing placer database...
Writing XDEF routing.
Writing XDEF routing logical nets.
Writing XDEF routing special nets.
Write XDEF Complete: Time (s): cpu = 00:00:08 ; elapsed = 00:00:03 . Memory (MB): peak = 1668.699 ; gain = 0.000
INFO: [Common 17-1381] The checkpoint 'C:/Users/David/Dropbox/ROLLO/hardware/Gaussian_Elimination_for_Decryption/Gaussian_Elimination_for_Decryption.runs/impl_2/gs_elim_top_physopt.dcp' has been generated.
write_checkpoint: Time (s): cpu = 00:00:11 ; elapsed = 00:00:07 . Memory (MB): peak = 1668.699 ; gain = 0.000
Command: route_design -directive NoTimingRelaxation
Attempting to get a license for feature 'Implementation' and/or device 'xc7a200t'
INFO: [Common 17-349] Got license for feature 'Implementation' and/or device 'xc7a200t'
Running DRC as a precondition to command route_design
INFO: [DRC 23-27] Running DRC with 2 threads
INFO: [Vivado_Tcl 4-198] DRC finished with 0 Errors
INFO: [Vivado_Tcl 4-199] Please refer to the DRC report (report_drc) for more information.


Starting Routing Task
INFO: [Route 35-270] Using Router directive 'NoTimingRelaxation'.
INFO: [Route 35-254] Multithreading enabled for route_design using a maximum of 2 CPUs
Checksum: PlaceDB: c5129f87 ConstDB: 0 ShapeSum: 33973b1a RouteDB: 0

Phase 1 Build RT Design
Phase 1 Build RT Design | Checksum: 15c48d7e0

Time (s): cpu = 00:01:05 ; elapsed = 00:00:55 . Memory (MB): peak = 1833.758 ; gain = 165.059
Post Restoration Checksum: NetGraph: e7c166f0 NumContArr: 748770f0 Constraints: 0 Timing: 0

Phase 2 Router Initialization

Phase 2.1 Create Timer
Phase 2.1 Create Timer | Checksum: 15c48d7e0

Time (s): cpu = 00:01:06 ; elapsed = 00:00:56 . Memory (MB): peak = 1833.758 ; gain = 165.059

Phase 2.2 Fix Topology Constraints
Phase 2.2 Fix Topology Constraints | Checksum: 15c48d7e0

Time (s): cpu = 00:01:07 ; elapsed = 00:00:57 . Memory (MB): peak = 1840.824 ; gain = 172.125

Phase 2.3 Pre Route Cleanup
Phase 2.3 Pre Route Cleanup | Checksum: 15c48d7e0

Time (s): cpu = 00:01:07 ; elapsed = 00:00:57 . Memory (MB): peak = 1840.824 ; gain = 172.125
 Number of Nodes with overlaps = 0

Phase 2.4 Update Timing
Phase 2.4 Update Timing | Checksum: 106cc7055

Time (s): cpu = 00:01:19 ; elapsed = 00:01:04 . Memory (MB): peak = 1912.266 ; gain = 243.566
INFO: [Route 35-416] Intermediate Timing Summary | WNS=0.303  | TNS=0.000  | WHS=-0.194 | THS=-702.870|

Phase 2 Router Initialization | Checksum: 194961349

Time (s): cpu = 00:01:23 ; elapsed = 00:01:07 . Memory (MB): peak = 1912.266 ; gain = 243.566

Phase 3 Initial Routing
Phase 3 Initial Routing | Checksum: 144819135

Time (s): cpu = 00:01:33 ; elapsed = 00:01:12 . Memory (MB): peak = 1926.902 ; gain = 258.203

Phase 4 Rip-up And Reroute

Phase 4.1 Global Iteration 0
 Number of Nodes with overlaps = 6395
 Number of Nodes with overlaps = 552
 Number of Nodes with overlaps = 139
 Number of Nodes with overlaps = 30
 Number of Nodes with overlaps = 8
 Number of Nodes with overlaps = 3
 Number of Nodes with overlaps = 1
 Number of Nodes with overlaps = 0
INFO: [Route 35-416] Intermediate Timing Summary | WNS=0.046  | TNS=0.000  | WHS=N/A    | THS=N/A    |

Phase 4.1 Global Iteration 0 | Checksum: 2574274c7

Time (s): cpu = 00:02:07 ; elapsed = 00:01:31 . Memory (MB): peak = 1926.902 ; gain = 258.203

Phase 4.2 Global Iteration 1
 Number of Nodes with overlaps = 8
 Number of Nodes with overlaps = 10
 Number of Nodes with overlaps = 8
 Number of Nodes with overlaps = 1
 Number of Nodes with overlaps = 1
 Number of Nodes with overlaps = 0
INFO: [Route 35-416] Intermediate Timing Summary | WNS=0.049  | TNS=0.000  | WHS=N/A    | THS=N/A    |

Phase 4.2 Global Iteration 1 | Checksum: 1f43d8220

Time (s): cpu = 00:02:11 ; elapsed = 00:01:34 . Memory (MB): peak = 1926.902 ; gain = 258.203
Phase 4 Rip-up And Reroute | Checksum: 1f43d8220

Time (s): cpu = 00:02:11 ; elapsed = 00:01:34 . Memory (MB): peak = 1926.902 ; gain = 258.203

Phase 5 Delay and Skew Optimization

Phase 5.1 Delay CleanUp

Phase 5.1.1 Update Timing
Phase 5.1.1 Update Timing | Checksum: 25f34d53d

Time (s): cpu = 00:02:13 ; elapsed = 00:01:35 . Memory (MB): peak = 1926.902 ; gain = 258.203
INFO: [Route 35-416] Intermediate Timing Summary | WNS=0.152  | TNS=0.000  | WHS=N/A    | THS=N/A    |

Phase 5.1 Delay CleanUp | Checksum: 25f34d53d

Time (s): cpu = 00:02:13 ; elapsed = 00:01:35 . Memory (MB): peak = 1926.902 ; gain = 258.203

Phase 5.2 Clock Skew Optimization
Phase 5.2 Clock Skew Optimization | Checksum: 25f34d53d

Time (s): cpu = 00:02:13 ; elapsed = 00:01:35 . Memory (MB): peak = 1926.902 ; gain = 258.203
Phase 5 Delay and Skew Optimization | Checksum: 25f34d53d

Time (s): cpu = 00:02:13 ; elapsed = 00:01:36 . Memory (MB): peak = 1926.902 ; gain = 258.203

Phase 6 Post Hold Fix

Phase 6.1 Hold Fix Iter

Phase 6.1.1 Update Timing
Phase 6.1.1 Update Timing | Checksum: 1f1490d32

Time (s): cpu = 00:02:15 ; elapsed = 00:01:37 . Memory (MB): peak = 1926.902 ; gain = 258.203
INFO: [Route 35-416] Intermediate Timing Summary | WNS=0.152  | TNS=0.000  | WHS=0.042  | THS=0.000  |

Phase 6.1 Hold Fix Iter | Checksum: 26a805961

Time (s): cpu = 00:02:15 ; elapsed = 00:01:37 . Memory (MB): peak = 1926.902 ; gain = 258.203
Phase 6 Post Hold Fix | Checksum: 26a805961

Time (s): cpu = 00:02:15 ; elapsed = 00:01:37 . Memory (MB): peak = 1926.902 ; gain = 258.203

Phase 7 Route finalize

Router Utilization Summary
  Global Vertical Routing Utilization    = 2.46695 %
  Global Horizontal Routing Utilization  = 3.30654 %
  Routable Net Status*
  *Does not include unroutable nets such as driverless and loadless.
  Run report_route_status for detailed report.
  Number of Failed Nets               = 0
  Number of Unrouted Nets             = 0
  Number of Partially Routed Nets     = 0
  Number of Node Overlaps             = 0

Phase 7 Route finalize | Checksum: 293847df6

Time (s): cpu = 00:02:16 ; elapsed = 00:01:37 . Memory (MB): peak = 1926.902 ; gain = 258.203

Phase 8 Verifying routed nets

 Verification completed successfully
Phase 8 Verifying routed nets | Checksum: 293847df6

Time (s): cpu = 00:02:16 ; elapsed = 00:01:37 . Memory (MB): peak = 1926.902 ; gain = 258.203

Phase 9 Depositing Routes
Phase 9 Depositing Routes | Checksum: 25f355b4d

Time (s): cpu = 00:02:19 ; elapsed = 00:01:41 . Memory (MB): peak = 1926.902 ; gain = 258.203

Phase 10 Post Router Timing
INFO: [Route 35-20] Post Routing Timing Summary | WNS=0.157  | TNS=0.000  | WHS=0.044  | THS=0.000  |

INFO: [Route 35-61] The design met the timing requirement.
Phase 10 Post Router Timing | Checksum: 21f888b10

Time (s): cpu = 00:02:30 ; elapsed = 00:01:47 . Memory (MB): peak = 1926.902 ; gain = 258.203
INFO: [Route 35-16] Router Completed Successfully

Time (s): cpu = 00:02:30 ; elapsed = 00:01:47 . Memory (MB): peak = 1926.902 ; gain = 258.203

Routing Is Done.
INFO: [Common 17-83] Releasing license: Implementation
75 Infos, 0 Warnings, 0 Critical Warnings and 0 Errors encountered.
route_design completed successfully
route_design: Time (s): cpu = 00:02:35 ; elapsed = 00:02:08 . Memory (MB): peak = 1926.902 ; gain = 258.203
INFO: [Timing 38-480] Writing timing data to binary archive.
Writing placer database...
Writing XDEF routing.
Writing XDEF routing logical nets.
Writing XDEF routing special nets.
Write XDEF Complete: Time (s): cpu = 00:00:09 ; elapsed = 00:00:03 . Memory (MB): peak = 1926.902 ; gain = 0.000
INFO: [Common 17-1381] The checkpoint 'C:/Users/David/Dropbox/ROLLO/hardware/Gaussian_Elimination_for_Decryption/Gaussian_Elimination_for_Decryption.runs/impl_2/gs_elim_top_routed.dcp' has been generated.
write_checkpoint: Time (s): cpu = 00:00:12 ; elapsed = 00:00:07 . Memory (MB): peak = 1926.902 ; gain = 0.000
INFO: [runtcl-4] Executing : report_drc -file gs_elim_top_drc_routed.rpt -pb gs_elim_top_drc_routed.pb -rpx gs_elim_top_drc_routed.rpx
Command: report_drc -file gs_elim_top_drc_routed.rpt -pb gs_elim_top_drc_routed.pb -rpx gs_elim_top_drc_routed.rpx
INFO: [DRC 23-27] Running DRC with 2 threads
INFO: [Coretcl 2-168] The results of DRC are in file C:/Users/David/Dropbox/ROLLO/hardware/Gaussian_Elimination_for_Decryption/Gaussian_Elimination_for_Decryption.runs/impl_2/gs_elim_top_drc_routed.rpt.
report_drc completed successfully
report_drc: Time (s): cpu = 00:00:10 ; elapsed = 00:00:06 . Memory (MB): peak = 1926.902 ; gain = 0.000
INFO: [runtcl-4] Executing : report_methodology -file gs_elim_top_methodology_drc_routed.rpt -pb gs_elim_top_methodology_drc_routed.pb -rpx gs_elim_top_methodology_drc_routed.rpx
Command: report_methodology -file gs_elim_top_methodology_drc_routed.rpt -pb gs_elim_top_methodology_drc_routed.pb -rpx gs_elim_top_methodology_drc_routed.rpx
INFO: [Timing 38-35] Done setting XDC timing constraints.
INFO: [Timing 38-35] Done setting XDC timing constraints.
INFO: [DRC 23-133] Running Methodology with 2 threads
INFO: [Coretcl 2-1520] The results of Report Methodology are in file C:/Users/David/Dropbox/ROLLO/hardware/Gaussian_Elimination_for_Decryption/Gaussian_Elimination_for_Decryption.runs/impl_2/gs_elim_top_methodology_drc_routed.rpt.
report_methodology completed successfully
report_methodology: Time (s): cpu = 00:00:16 ; elapsed = 00:00:10 . Memory (MB): peak = 1926.902 ; gain = 0.000
INFO: [runtcl-4] Executing : report_power -file gs_elim_top_power_routed.rpt -pb gs_elim_top_power_summary_routed.pb -rpx gs_elim_top_power_routed.rpx
Command: report_power -file gs_elim_top_power_routed.rpt -pb gs_elim_top_power_summary_routed.pb -rpx gs_elim_top_power_routed.rpx
INFO: [Timing 38-35] Done setting XDC timing constraints.
Running Vector-less Activity Propagation...

Finished Running Vector-less Activity Propagation
87 Infos, 0 Warnings, 0 Critical Warnings and 0 Errors encountered.
report_power completed successfully
report_power: Time (s): cpu = 00:00:16 ; elapsed = 00:00:09 . Memory (MB): peak = 1926.902 ; gain = 0.000
INFO: [runtcl-4] Executing : report_route_status -file gs_elim_top_route_status.rpt -pb gs_elim_top_route_status.pb
INFO: [runtcl-4] Executing : report_timing_summary -max_paths 10 -file gs_elim_top_timing_summary_routed.rpt -pb gs_elim_top_timing_summary_routed.pb -rpx gs_elim_top_timing_summary_routed.rpx -warn_on_violation 
INFO: [Timing 38-91] UpdateTimingParams: Speed grade: -1, Delay Type: min_max, Timing Stage: Requireds.
INFO: [Timing 38-191] Multithreading enabled for timing update using a maximum of 2 CPUs
INFO: [runtcl-4] Executing : report_incremental_reuse -file gs_elim_top_incremental_reuse_routed.rpt
INFO: [Vivado_Tcl 4-545] No incremental reuse to report, no incremental placement and routing data was found.
INFO: [runtcl-4] Executing : report_clock_utilization -file gs_elim_top_clock_utilization_routed.rpt
INFO: [runtcl-4] Executing : report_bus_skew -warn_on_violation -file route_report_bus_skew_0.rpt -rpx route_report_bus_skew_0.rpx
INFO: [Timing 38-91] UpdateTimingParams: Speed grade: -1, Delay Type: min_max, Timing Stage: Requireds.
INFO: [Timing 38-191] Multithreading enabled for timing update using a maximum of 2 CPUs
INFO: [Common 17-206] Exiting Vivado at Wed Dec 23 21:02:12 2020...
