# do {gf2mz_top_tb_compile.do}
# ** Warning: (vlib-34) Library already exists at "modelsim_lib/work".
# ** Warning: (vlib-34) Library already exists at "modelsim_lib/msim".
# ** Warning: (vlib-34) Library already exists at "modelsim_lib/msim/xil_defaultlib".
# Model Technology ModelSim SE-64 vmap 10.5 Lib Mapping Utility 2016.02 Feb 13 2016
# vmap xil_defaultlib modelsim_lib/msim/xil_defaultlib 
# Modifying modelsim.ini
# ** Warning: (vlog-159) Mode option -64 is not supported in this context and will be ignored.
# Model Technology ModelSim SE-64 vlog 10.5 Compiler 2016.02 Feb 13 2016
# Start time: 17:21:58 on Nov 10,2019
# vlog -64 -incr -work xil_defaultlib "+incdir+../../../../Improve-I.srcs/sources_1/new" ../../../../Improve-I.srcs/sources_1/new/gf2m_mul.v ../../../../Improve-I.srcs/sources_1/new/gf2mz_top.v ../../../../Improve-I.srcs/sources_1/new/mem_dp.v ../../../../Improve-I.srcs/sources_1/new/mem_sp.v ../../../../Improve-I.srcs/sources_1/new/mul_ctrl.v ../../../../Improve-I.srcs/sources_1/new/gf2mz_top_tb.v 
# -- Skipping module gf2m_mul
# -- Skipping module shift_x_by_i
# -- Compiling module gf2mz_top
# -- Skipping module mem_dp
# -- Skipping module mem_sp
# -- Compiling module mul_ctrl
# -- Compiling module gf2mz_top_tb
# 
# Top level modules:
# 	gf2mz_top_tb
# End time: 17:21:58 on Nov 10,2019, Elapsed time: 0:00:00
# Errors: 0, Warnings: 1
# Model Technology ModelSim SE-64 vlog 10.5 Compiler 2016.02 Feb 13 2016
# Start time: 17:21:58 on Nov 10,2019
# vlog -work xil_defaultlib glbl.v 
# -- Compiling module glbl
# 
# Top level modules:
# 	glbl
# End time: 17:21:58 on Nov 10,2019, Elapsed time: 0:00:00
# Errors: 0, Warnings: 0
