// memory data file (do not edit the following line - required for mem load use)
// instance=/gs_elim_top_tb/MEMORY/mem
// format=bin addressradix=h dataradix=b version=1.0 wordsperline=1 noaddress
0000000000000000000000000000000000000000000000000000000000000000000000000000000000010010001000110010101110111111100010000100011000111000101111010111100001011000010111
0000000000000000000000000000000000000000000000000000000000000000000000000000000000001000000000001100001010111101101000100101011111111010110111010110001100010010110110
0000000000000000000000000000000000000000000000000000000000000000000000000000000000000101001101100001100001100100111110111000001100000111110011101011111111001100111110
0000000000000000000000000000000000000000000000000000000000000000000000000000000000000000101010100100010011110110101100000110110001000011000100110101110000110000110001
0000000000000000000000000000000000000000000000000000000000000000000000000000000000000000010101001101001111010000000010100011111110100000001110110111000101110100000000
1101000100011111010010000001000101010000100011100001001100000000110110100101010000111010001000111110100100000010001010100001000111000010011000000001101101001010100001
0100011111110010101011001101100011000000001000001100111110101010011100101011000011101000111111100101010110011011000110000000010000011001111101010100111001010110000111
0010110011100010111001001001001001011111011110100010011011101111000111111110000111100101100111000101110010010010010010111110111101000100110111011110001111111100001111
0001111100100010100001000111101000010110011100001011000100010011001011011111101100111111101111111011010110010000011000011111111010000110101111011111100010110110101110
0000101111110100111000000110011110111010101110000111111100011110111110101111110100000000000000000000000000000000000000000000000000000000000000000000000000000000000000
1101000100011111010010000001000101010000100011100001001100000000110110100101010000111010001000111110100100000010001010100001000111000010011000000001101101001010100001
0110101100010000010010000100101010011111010110101110100101000101011011010101000100001101011000100000100100001001010100111110101101011101001010001010110110101010001000
0010100110110000110000110010011111011100000110000011111001110101111111100110011111000101001101100001100001100100111110111000001100000111110011101011111111001100111110
0001101001110000101000111100111110010101000100101010100110001001110011000111110100011111000101011111000101100110110100011001001011000101101011101010010010000110011111
0000101111110100111000000110011110111010101110000111111100011110111110101111110100000000000000000000000000000000000000000000000000000000000000000000000000000000000000
1101011011101011111100010010010010000010000100010000101001000001101100000111001000011010110111010111111000100100100100000100001000100001010010000011011000001110010000
0110111001000010011011111111111100011100001110001111000111011111100011001101011100101101110010000100110111111111111000111000011100011110001110111111000110011010111001
0010110011100010111001001001001001011111011110100010011011101111000111111110000111100101100111000101110010010010010010111110111101000100110111011110001111111100001111
0001100011010110001111010100111111000100111011111010100001010010010001111101110100011111010000010010001010110110110110111010110101100101100101011101010111110010011111
0000101111110100111000000110011110111010101110000111111100011110111110101111110100000000000000000000000000000000000000000000000000000000000000000000000000000000000000
1101001110111001110101101001000100000001011100110001001011011011010100011111010000111010011101110011101011010010001000000010111001100010010110110110101000111110100001
0100011111110010101011001101100011000000001000001100111110101010011100101011000011101000111111100101010110011011000110000000010000011001111101010100111001010110000111
0010110011100010111001001001001001011111011110100010011011101111000111111110000111100101100111000101110010010010010010111110111101000100110111011110001111111100001111
0001110110000100000110101111101001000111100011011011000011001000101001100101101100111111111010110110011001000000011010111100000100100110100001101000100111000010101110
0000101111110100111000000110011110111010101110000111111100011110111110101111110100000000000000000000000000000000000000000000000000000000000000000000000000000000000000
1101001110111001110101101001000100000001011100110001001011011011010100011111010000111010011101110011101011010010001000000010111001100010010110110110101000111110100001
0110101100010000010010000100101010011111010110101110100101000101011011010101000100001101011000100000100100001001010100111110101101011101001010001010110110101010001000
0010100110110000110000110010011111011100000110000011111001110101111111100110011111000101001101100001100001100100111110111000001100000111110011101011111111001100111110
0001100011010110001111010100111111000100111011111010100001010010010001111101110100011111010000010010001010110110110110111010110101100101100101011101010111110010011111
0000101111110100111000000110011110111010101110000111111100011110111110101111110100000000000000000000000000000000000000000000000000000000000000000000000000000000000000
1111111101011011001100100000001101011110000010010011010000110100010011100001010111011111111010110110011001000000011010111100000100100110100001101000100111000010101110
0110101100010000010010000100101010011111010110101110100101000101011011010101000100001101011000100000100100001001010100111110101101011101001010001010110110101010001000
0010110011100010111001001001001001011111011110100010011011101111000111111110000111100101100111000101110010010010010010111110111101000100110111011110001111111100001111
0001110110000100000110101111101001000111100011011011000011001000101001100101101100111111111010110110011001000000011010111100000100100110100001101000100111000010101110
0000101111110100111000000110011110111010101110000111111100011110111110101111110100000000000000000000000000000000000000000000000000000000000000000000000000000000000000
1001010001001011011110100100100111000001010100111101110101110001001000110100010011010010100010010110111101001001001110000010101001111011101011100010010001101000100110
0110101100010000010010000100101010011111010110101110100101000101011011010101000100001101011000100000100100001001010100111110101101011101001010001010110110101010001000
0010101100010110010111011010011110001101111001010011111110101110011101011100011111000101011000101100101110110100111100011011110010100111111101011100111010111000111110
0001110110000100000110101111101001000111100011011011000011001000101001100101101100111111111010110110011001000000011010111100000100100110100001101000100111000010101110
0000101111110100111000000110011110111010101110000111111100011110111110101111110100000000000000000000000000000000000000000000000000000000000000000000000000000000000000
1101010001001101011011111010010011010011111011000000101110011010001110111101001000011010100010011010110111110100100110100111110110000001011100110100011101111010010000
0110101100010000010010000100101010011111010110101110100101000101011011010101000100001101011000100000100100001001010100111110101101011101001010001010110110101010001000
0010110011100010111001001001001001011111011110100010011011101111000111111110000111100101100111000101110010010010010010111110111101000100110111011110001111111100001111
0001101001110000101000111100111110010101000100101010100110001001110011000111110100011111000101011111000101100110110100011001001011000101101011101010010010000110011111
0000101111110100111000000110011110111010101110000111111100011110111110101111110100000000000000000000000000000000000000000000000000000000000000000000000000000000000000
1111100010101111100010110011011010001100100101100010110101110101001001000011001111111111000101011111000101100110110100011001001011000101101011101010010010000110011111
0100011111110010101011001101100011000000001000001100111110101010011100101011000011101000111111100101010110011011000110000000010000011001111101010100111001010110000111
0010101100010110010111011010011110001101111001010011111110101110011101011100011111000101011000101100101110110100111100011011110010100111111101011100111010111000111110
0001101001110000101000111100111110010101000100101010100110001001110011000111110100011111000101011111000101100110110100011001001011000101101011101010010010000110011111
0000101111110100111000000110011110111010101110000111111100011110111110101111110100000000000000000000000000000000000000000000000000000000000000000000000000000000000000
1001011011101101111001001100100110010000101011101101110010101010101010001110010011010010110111011011110010011001001100100001010111011011100101010101010100011100100110
0100011111110010101011001101100011000000001000001100111110101010011100101011000011101000111111100101010110011011000110000000010000011001111101010100111001010110000111
0010100110110000110000110010011111011100000110000011111001110101111111100110011111000101001101100001100001100100111110111000001100000111110011101011111111001100111110
0001101001110000101000111100111110010101000100101010100110001001110011000111110100011111000101011111000101100110110100011001001011000101101011101010010010000110011111
0000101111110100111000000110011110111010101110000111111100011110111110101111110100000000000000000000000000000000000000000000000000000000000000000000000000000000000000
1101001110111001110101101001000100000001011100110001001011011011010100011111010000111010011101110011101011010010001000000010111001100010010110110110101000111110100001
0100011111110010101011001101100011000000001000001100111110101010011100101011000011101000111111100101010110011011000110000000010000011001111101010100111001010110000111
0010101100010110010111011010011110001101111001010011111110101110011101011100011111000101011000101100101110110100111100011011110010100111111101011100111010111000111110
0001101001110000101000111100111110010101000100101010100110001001110011000111110100011111000101011111000101100110110100011001001011000101101011101010010010000110011111
0000101111110100111000000110011110111010101110000111111100011110111110101111110100000000000000000000000000000000000000000000000000000000000000000000000000000000000000
1101001110111001110101101001000100000001011100110001001011011011010100011111010000111010011101110011101011010010001000000010111001100010010110110110101000111110100001
0100011111110010101011001101100011000000001000001100111110101010011100101011000011101000111111100101010110011011000110000000010000011001111101010100111001010110000111
0010101100010110010111011010011110001101111001010011111110101110011101011100011111000101011000101100101110110100111100011011110010100111111101011100111010111000111110
0001101001110000101000111100111110010101000100101010100110001001110011000111110100011111000101011111000101100110110100011001001011000101101011101010010010000110011111
0000101111110100111000000110011110111010101110000111111100011110111110101111110100000000000000000000000000000000000000000000000000000000000000000000000000000000000000
1101011011101011111100010010010010000010000100010000101001000001101100000111001000011010110111010111111000100100100100000100001000100001010010000011011000001110010000
0100001010100000100010110110110101000011010000101101011100110000100100110011011011001000010101000001000101101101101010000110100001011010111001100001001001100110110110
0010101100010110010111011010011110001101111001010011111110101110011101011100011111000101011000101100101110110100111100011011110010100111111101011100111010111000111110
0001111100100010100001000111101000010110011100001011000100010011001011011111101100111111101111111011010110010000011000011111111010000110101111011111100010110110101110
0000101111110100111000000110011110111010101110000111111100011110111110101111110100000000000000000000000000000000000000000000000000000000000000000000000000000000000000
1011110111111011101110010110111000011101010010111110001100000100110111010010001100010111101111110111011100101101110000111010100101111100011000001001101110100100011000
0100001010100000100010110110110101000011010000101101011100110000100100110011011011001000010101000001000101101101101010000110100001011010111001100001001001100110110110
0010101100010110010111011010011110001101111001010011111110101110011101011100011111000101011000101100101110110100111100011011110010100111111101011100111010111000111110
0001110110000100000110101111101001000111100011011011000011001000101001100101101100111111111010110110011001000000011010111100000100100110100001101000100111000010101110
0000101111110100111000000110011110111010101110000111111100011110111110101111110100000000000000000000000000000000000000000000000000000000000000000000000000000000000000
1111110111111101101011001000001100001111111101000011010111101111110001011011010111011111101111111011010110010000011000011111111010000110101111011111100010110110101110
0110100110110110110101101100101011001110101001111110100010011110111001101111000100001101001101101101101011011001010110011101010011111101000100111101110011011110001000
0010111001000100011110100001001000001110100001110010011100110100100101000100000111100101110010001000111101000010010000011101000011100100111001101001001010001000001111
0001111100100010100001000111101000010110011100001011000100010011001011011111101100111111101111111011010110010000011000011111111010000110101111011111100010110110101110
0000101111110100111000000110011110111010101110000111111100011110111110101111110100000000000000000000000000000000000000000000000000000000000000000000000000000000000000
1111111101011011001100100000001101011110000010010011010000110100010011100001010111011111111010110110011001000000011010111100000100100110100001101000100111000010101110
0110110011100100111100010111111101001101110001011111000000000100000001110111011100101101100111001001111000101111111010011011100010111110000000001000000011101110111001
0010111001000100011110100001001000001110100001110010011100110100100101000100000111100101110010001000111101000010010000011101000011100100111001101001001010001000001111
0001110110000100000110101111101001000111100011011011000011001000101001100101101100111111111010110110011001000000011010111100000100100110100001101000100111000010101110
0000101111110100111000000110011110111010101110000111111100011110111110101111110100000000000000000000000000000000000000000000000000000000000000000000000000000000000000
1101001110111001110101101001000100000001011100110001001011011011010100011111010000111010011101110011101011010010001000000010111001100010010110110110101000111110100001
0110100110110110110101101100101011001110101001111110100010011110111001101111000100001101001101101101101011011001010110011101010011111101000100111101110011011110001000
0010111001000100011110100001001000001110100001110010011100110100100101000100000111100101110010001000111101000010010000011101000011100100111001101001001010001000001111
0001111100100010100001000111101000010110011100001011000100010011001011011111101100111111101111111011010110010000011000011111111010000110101111011111100010110110101110
0000101111110100111000000110011110111010101110000111111100011110111110101111110100000000000000000000000000000000000000000000000000000000000000000000000000000000000000
1111110111111101101011001000001100001111111101000011010111101111110001011011010111011111101111111011010110010000011000011111111010000110101111011111100010110110101110
0100000000000110000101011110110100010010101111111101011011101011000110001001011011001000000000001100001010111101101000100101011111111010110111010110001100010010110110
0010111001000100011110100001001000001110100001110010011100110100100101000100000111100101110010001000111101000010010000011101000011100100111001101001001010001000001111
0001111100100010100001000111101000010110011100001011000100010011001011011111101100111111101111111011010110010000011000011111111010000110101111011111100010110110101110
0000101111110100111000000110011110111010101110000111111100011110111110101111110100000000000000000000000000000000000000000000000000000000000000000000000000000000000000
1101011011101011111100010010010010000010000100010000101001000001101100000111001000011010110111010111111000100100100100000100001000100001010010000011011000001110010000
0100010101010100001100100101100010010001110111011100111001110001111110010001000011101000101010101000011001001011000100100011101110111001110011100011111100100010000111
0010111001000100011110100001001000001110100001110010011100110100100101000100000111100101110010001000111101000010010000011101000011100100111001101001001010001000001111
0001101001110000101000111100111110010101000100101010100110001001110011000111110100011111000101011111000101100110110100011001001011000101101011101010010010000110011111
0000101111110100111000000110011110111010101110000111111100011110111110101111110100000000000000000000000000000000000000000000000000000000000000000000000000000000000000
1011110111111011101110010110111000011101010010111110001100000100110111010010001100010111101111110111011100101101110000111010100101111100011000001001101110100100011000
0110111001000010011011111111111100011100001110001111000111011111100011001101011100101101110010000100110111111111111000111000011100011110001110111111000110011010111001
0010100110110000110000110010011111011100000110000011111001110101111111100110011111000101001101100001100001100100111110111000001100000111110011101011111111001100111110
0001100011010110001111010100111111000100111011111010100001010010010001111101110100011111010000010010001010110110110110111010110101100101100101011101010111110010011111
0000101111110100111000000110011110111010101110000111111100011110111110101111110100000000000000000000000000000000000000000000000000000000000000000000000000000000000000
1001001110111111110000110111110000010011110011001100010000110000010010010110001011110010011101111111100001101111100000100111100110011000100001100000100100101100010111
0110111001000010011011111111111100011100001110001111000111011111100011001101011100101101110010000100110111111111111000111000011100011110001110111111000110011010111001
0010101100010110010111011010011110001101111001010011111110101110011101011100011111000101011000101100101110110100111100011011110010100111111101011100111010111000111110
0001111100100010100001000111101000010110011100001011000100010011001011011111101100111111101111111011010110010000011000011111111010000110101111011111100010110110101110
0000101111110100111000000110011110111010101110000111111100011110111110101111110100000000000000000000000000000000000000000000000000000000000000000000000000000000000000
1001010001001011011110100100100111000001010100111101110101110001001000110100010011010010100010010110111101001001001110000010101001111011101011100010010001101000100110
0110100110110110110101101100101011001110101001111110100010011110111001101111000100001101001101101101101011011001010110011101010011111101000100111101110011011110001000
0010100110110000110000110010011111011100000110000011111001110101111111100110011111000101001101100001100001100100111110111000001100000111110011101011111111001100111110
0001111100100010100001000111101000010110011100001011000100010011001011011111101100111111101111111011010110010000011000011111111010000110101111011111100010110110101110
0000101111110100111000000110011110111010101110000111111100011110111110101111110100000000000000000000000000000000000000000000000000000000000000000000000000000000000000
1011111101011101001001111110111001001100101101101110001011011111010101101000001100010111111010111010010011111101110010011001011011011100010110111110101011010000011000
0100001010100000100010110110110101000011010000101101011100110000100100110011011011001000010101000001000101101101101010000110100001011010111001100001001001100110110110
0010100110110000110000110010011111011100000110000011111001110101111111100110011111000101001101100001100001100100111110111000001100000111110011101011111111001100111110
0001111100100010100001000111101000010110011100001011000100010011001011011111101100111111101111111011010110010000011000011111111010000110101111011111100010110110101110
0000101111110100111000000110011110111010101110000111111100011110111110101111110100000000000000000000000000000000000000000000000000000000000000000000000000000000000000
1001000100011001010111011111110001000010001100011100010111101011110000101100001011110010001000110010101110111111100010000100011000111000101111010111100001011000010111
0100011111110010101011001101100011000000001000001100111110101010011100101011000011101000111111100101010110011011000110000000010000011001111101010100111001010110000111
0010110011100010111001001001001001011111011110100010011011101111000111111110000111100101100111000101110010010010010010111110111101000100110111011110001111111100001111
0001100011010110001111010100111111000100111011111010100001010010010001111101110100011111010000010010001010110110110110111010110101100101100101011101010111110010011111
0000101111110100111000000110011110111010101110000111111100011110111110101111110100000000000000000000000000000000000000000000000000000000000000000000000000000000000000
1111101000001001000101011011011011011101011010110010110010101110101011111001001111111111010000010010001010110110110110111010110101100101100101011101010111110010011111
0100011111110010101011001101100011000000001000001100111110101010011100101011000011101000111111100101010110011011000110000000010000011001111101010100111001010110000111
0010100110110000110000110010011111011100000110000011111001110101111111100110011111000101001101100001100001100100111110111000001100000111110011101011111111001100111110
0001100011010110001111010100111111000100111011111010100001010010010001111101110100011111010000010010001010110110110110111010110101100101100101011101010111110010011111
0000101111110100111000000110011110111010101110000111111100011110111110101111110100000000000000000000000000000000000000000000000000000000000000000000000000000000000000
0000010101010010001001111011010110000011011000100001100010011010111000011000011000100000101010100100010011110110101100000110110001000011000100110101110000110000110001
0000001010100110100111101000000001010001111111010000000111011011100010111010000000000000010101001101001111010000000010100011111110100000001110110111000101110100000000
0000000111001100000011100110001100110000111010010100100000000010100110111111001001100101001101100001100001100100111110111000001100000111110011101011111111001100111110
0000000010111110100000011111000010100011111010110001010001001110101111011001001111011111101111111011010110010000011000011111111010000110101111011111100010110110101110
0000000000100010101110111001011111100111000110101110111101110001000110100110100000001101001101101101101011011001010110011101010011111101000100111101110011011110001000
0000000000000000000000000000000000000000000000000000000000000000000000000000000000010111101111110111011100101101110000111010100101111100011000001001101110100100011000
0000000000000000000000000000000000000000000000000000000000000000000000000000000000001000111111100101010110011011000110000000010000011001111101010100111001010110000111
0000000000000000000000000000000000000000000000000000000000000000000000000000000000000101100111000101110010010010010010111110111101000100110111011110001111111100001111
0000000000000000000000000000000000000000000000000000000000000000000000000000000000000000101010100100010011110110101100000110110001000011000100110101110000110000110001
0000000000000000000000000000000000000000000000000000000000000000000000000000000000000000010101001101001111010000000010100011111110100000001110110111000101110100000000
0000000000000000000000000000000000000000000000000000000000000000000000000000000000000000000000000000000000000000000000000000000000000000000000000000000000000000000000
0000000000000000000000000000000000000000000000000000000000000000000000000000000000000000000000000000000000000000000000000000000000000000000000000000000000000000000000
0000000000000000000000000000000000000000000000000000000000000000000000000000000000000000000000000000000000000000000000000000000000000000000000000000000000000000000000
0000000000000000000000000000000000000000000000000000000000000000000000000000000000000000000000000000000000000000000000000000000000000000000000000000000000000000000000
0000000000000000000000000000000000000000000000000000000000000000000000000000000000000000000000000000000000000000000000000000000000000000000000000000000000000000000000
0000000000000000000000000000000000000000000000000000000000000000000000000000000000000000000000000000000000000000000000000000000000000000000000000000000000000000000000
0000000000000000000000000000000000000000000000000000000000000000000000000000000000000000000000000000000000000000000000000000000000000000000000000000000000000000000000
0000000000000000000000000000000000000000000000000000000000000000000000000000000000000000000000000000000000000000000000000000000000000000000000000000000000000000000000
0000000000000000000000000000000000000000000000000000000000000000000000000000000000000000000000000000000000000000000000000000000000000000000000000000000000000000000000
0000000000000000000000000000000000000000000000000000000000000000000000000000000000000000000000000000000000000000000000000000000000000000000000000000000000000000000000
0000000000000000000000000000000000000000000000000000000000000000000000000000000000000000000000000000000000000000000000000000000000000000000000000000000000000000000000
0000000000000000000000000000000000000000000000000000000000000000000000000000000000000000000000000000000000000000000000000000000000000000000000000000000000000000000000
0000000000000000000000000000000000000000000000000000000000000000000000000000000000000000000000000000000000000000000000000000000000000000000000000000000000000000000000
0000000000000000000000000000000000000000000000000000000000000000000000000000000000000000000000000000000000000000000000000000000000000000000000000000000000000000000000
0000000000000000000000000000000000000000000000000000000000000000000000000000000000000000000000000000000000000000000000000000000000000000000000000000000000000000000000
0000000000000000000000000000000000000000000000000000000000000000000000000000000000000000000000000000000000000000000000000000000000000000000000000000000000000000000000
0000000000000000000000000000000000000000000000000000000000000000000000000000000000000000000000000000000000000000000000000000000000000000000000000000000000000000000000
0000000000000000000000000000000000000000000000000000000000000000000000000000000000000000000000000000000000000000000000000000000000000000000000000000000000000000000000
0000000000000000000000000000000000000000000000000000000000000000000000000000000000000000000000000000000000000000000000000000000000000000000000000000000000000000000000
0000000000000000000000000000000000000000000000000000000000000000000000000000000000000000000000000000000000000000000000000000000000000000000000000000000000000000000000
0000000000000000000000000000000000000000000000000000000000000000000000000000000000000000000000000000000000000000000000000000000000000000000000000000000000000000000000
0000000000000000000000000000000000000000000000000000000000000000000000000000000000000000000000000000000000000000000000000000000000000000000000000000000000000000000000
0000000000000000000000000000000000000000000000000000000000000000000000000000000000000000000000000000000000000000000000000000000000000000000000000000000000000000000000
0000000000000000000000000000000000000000000000000000000000000000000000000000000000000000000000000000000000000000000000000000000000000000000000000000000000000000000000
0000000000000000000000000000000000000000000000000000000000000000000000000000000000000000000000000000000000000000000000000000000000000000000000000000000000000000000000
0000000000000000000000000000000000000000000000000000000000000000000000000000000000000000000000000000000000000000000000000000000000000000000000000000000000000000000000
0000000000000000000000000000000000000000000000000000000000000000000000000000000000000000000000000000000000000000000000000000000000000000000000000000000000000000000000
0000000000000000000000000000000000000000000000000000000000000000000000000000000000000000000000000000000000000000000000000000000000000000000000000000000000000000000000
0000000000000000000000000000000000000000000000000000000000000000000000000000000000000000000000000000000000000000000000000000000000000000000000000000000000000000000000
0000000000000000000000000000000000000000000000000000000000000000000000000000000000000000000000000000000000000000000000000000000000000000000000000000000000000000000000
0000000000000000000000000000000000000000000000000000000000000000000000000000000000000000000000000000000000000000000000000000000000000000000000000000000000000000000000
0000000000000000000000000000000000000000000000000000000000000000000000000000000000000000000000000000000000000000000000000000000000000000000000000000000000000000000000
0000000000000000000000000000000000000000000000000000000000000000000000000000000000000000000000000000000000000000000000000000000000000000000000000000000000000000000000
0000000000000000000000000000000000000000000000000000000000000000000000000000000000000000000000000000000000000000000000000000000000000000000000000000000000000000000000
0000000000000000000000000000000000000000000000000000000000000000000000000000000000000000000000000000000000000000000000000000000000000000000000000000000000000000000000
0000000000000000000000000000000000000000000000000000000000000000000000000000000000000000000000000000000000000000000000000000000000000000000000000000000000000000000000
0000000000000000000000000000000000000000000000000000000000000000000000000000000000000000000000000000000000000000000000000000000000000000000000000000000000000000000000
0000000000000000000000000000000000000000000000000000000000000000000000000000000000000000000000000000000000000000000000000000000000000000000000000000000000000000000000
0000000000000000000000000000000000000000000000000000000000000000000000000000000000000000000000000000000000000000000000000000000000000000000000000000000000000000000000
0000000000000000000000000000000000000000000000000000000000000000000000000000000000000000000000000000000000000000000000000000000000000000000000000000000000000000000000
0000000000000000000000000000000000000000000000000000000000000000000000000000000000000000000000000000000000000000000000000000000000000000000000000000000000000000000000
0000000000000000000000000000000000000000000000000000000000000000000000000000000000000000000000000000000000000000000000000000000000000000000000000000000000000000000000
0000000000000000000000000000000000000000000000000000000000000000000000000000000000000000000000000000000000000000000000000000000000000000000000000000000000000000000000
0000000000000000000000000000000000000000000000000000000000000000000000000000000000000000000000000000000000000000000000000000000000000000000000000000000000000000000000
0000000000000000000000000000000000000000000000000000000000000000000000000000000000000000000000000000000000000000000000000000000000000000000000000000000000000000000000
0000000000000000000000000000000000000000000000000000000000000000000000000000000000000000000000000000000000000000000000000000000000000000000000000000000000000000000000
0000000000000000000000000000000000000000000000000000000000000000000000000000000000000000000000000000000000000000000000000000000000000000000000000000000000000000000000
0000000000000000000000000000000000000000000000000000000000000000000000000000000000000000000000000000000000000000000000000000000000000000000000000000000000000000000000
0000000000000000000000000000000000000000000000000000000000000000000000000000000000000000000000000000000000000000000000000000000000000000000000000000000000000000000000
0000000000000000000000000000000000000000000000000000000000000000000000000000000000000000000000000000000000000000000000000000000000000000000000000000000000000000000000
0000000000000000000000000000000000000000000000000000000000000000000000000000000000000000000000000000000000000000000000000000000000000000000000000000000000000000000000
0000000000000000000000000000000000000000000000000000000000000000000000000000000000000000000000000000000000000000000000000000000000000000000000000000000000000000000000
0000000000000000000000000000000000000000000000000000000000000000000000000000000000000000000000000000000000000000000000000000000000000000000000000000000000000000000000
0000000000000000000000000000000000000000000000000000000000000000000000000000000000000000000000000000000000000000000000000000000000000000000000000000000000000000000000
0000000000000000000000000000000000000000000000000000000000000000000000000000000000000000000000000000000000000000000000000000000000000000000000000000000000000000000000
0000000000000000000000000000000000000000000000000000000000000000000000000000000000000000000000000000000000000000000000000000000000000000000000000000000000000000000000
0000000000000000000000000000000000000000000000000000000000000000000000000000000000000000000000000000000000000000000000000000000000000000000000000000000000000000000000
0000000000000000000000000000000000000000000000000000000000000000000000000000000000000000000000000000000000000000000000000000000000000000000000000000000000000000000000
0000000000000000000000000000000000000000000000000000000000000000000000000000000000000000000000000000000000000000000000000000000000000000000000000000000000000000000000
0000000000000000000000000000000000000000000000000000000000000000000000000000000000000000000000000000000000000000000000000000000000000000000000000000000000000000000000
0000000000000000000000000000000000000000000000000000000000000000000000000000000000000000000000000000000000000000000000000000000000000000000000000000000000000000000000
0000000000000000000000000000000000000000000000000000000000000000000000000000000000000000000000000000000000000000000000000000000000000000000000000000000000000000000000
0000000000000000000000000000000000000000000000000000000000000000000000000000000000000000000000000000000000000000000000000000000000000000000000000000000000000000000000
0000000000000000000000000000000000000000000000000000000000000000000000000000000000000000000000000000000000000000000000000000000000000000000000000000000000000000000000
0000000000000000000000000000000000000000000000000000000000000000000000000000000000000000000000000000000000000000000000000000000000000000000000000000000000000000000000
0000000000000000000000000000000000000000000000000000000000000000000000000000000000000000000000000000000000000000000000000000000000000000000000000000000000000000000000
0000000000000000000000000000000000000000000000000000000000000000000000000000000000000000000000000000000000000000000000000000000000000000000000000000000000000000000000
0000000000000000000000000000000000000000000000000000000000000000000000000000000000000000000000000000000000000000000000000000000000000000000000000000000000000000000000
0000000000000000000000000000000000000000000000000000000000000000000000000000000000000000000000000000000000000000000000000000000000000000000000000000000000000000000000
0000000000000000000000000000000000000000000000000000000000000000000000000000000000000000000000000000000000000000000000000000000000000000000000000000000000000000000000
0000000000000000000000000000000000000000000000000000000000000000000000000000000000000000000000000000000000000000000000000000000000000000000000000000000000000000000000
0000000000000000000000000000000000000000000000000000000000000000000000000000000000000000000000000000000000000000000000000000000000000000000000000000000000000000000000
0000000000000000000000000000000000000000000000000000000000000000000000000000000000000000000000000000000000000000000000000000000000000000000000000000000000000000000000
0000000000000000000000000000000000000000000000000000000000000000000000000000000000000000000000000000000000000000000000000000000000000000000000000000000000000000000000
0000000000000000000000000000000000000000000000000000000000000000000000000000000000000000000000000000000000000000000000000000000000000000000000000000000000000000000000
0000000000000000000000000000000000000000000000000000000000000000000000000000000000000000000000000000000000000000000000000000000000000000000000000000000000000000000000
0000000000000000000000000000000000000000000000000000000000000000000000000000000000000000000000000000000000000000000000000000000000000000000000000000000000000000000000
0000000000000000000000000000000000000000000000000000000000000000000000000000000000000000000000000000000000000000000000000000000000000000000000000000000000000000000000
0000000000000000000000000000000000000000000000000000000000000000000000000000000000000000000000000000000000000000000000000000000000000000000000000000000000000000000000
0000000000000000000000000000000000000000000000000000000000000000000000000000000000000000000000000000000000000000000000000000000000000000000000000000000000000000000000
0000000000000000000000000000000000000000000000000000000000000000000000000000000000000000000000000000000000000000000000000000000000000000000000000000000000000000000000
0000000000000000000000000000000000000000000000000000000000000000000000000000000000000000000000000000000000000000000000000000000000000000000000000000000000000000000000
0000000000000000000000000000000000000000000000000000000000000000000000000000000000000000000000000000000000000000000000000000000000000000000000000000000000000000000000
0000000000000000000000000000000000000000000000000000000000000000000000000000000000000000000000000000000000000000000000000000000000000000000000000000000000000000000000
0000000000000000000000000000000000000000000000000000000000000000000000000000000000000000000000000000000000000000000000000000000000000000000000000000000000000000000000
0000000000000000000000000000000000000000000000000000000000000000000000000000000000000000000000000000000000000000000000000000000000000000000000000000000000000000000000
0000000000000000000000000000000000000000000000000000000000000000000000000000000000000000000000000000000000000000000000000000000000000000000000000000000000000000000000
0000000000000000000000000000000000000000000000000000000000000000000000000000000000000000000000000000000000000000000000000000000000000000000000000000000000000000000000
0000000000000000000000000000000000000000000000000000000000000000000000000000000000000000000000000000000000000000000000000000000000000000000000000000000000000000000000
0000000000000000000000000000000000000000000000000000000000000000000000000000000000000000000000000000000000000000000000000000000000000000000000000000000000000000000000
0000000000000000000000000000000000000000000000000000000000000000000000000000000000000000000000000000000000000000000000000000000000000000000000000000000000000000000000
0000000000000000000000000000000000000000000000000000000000000000000000000000000000000000000000000000000000000000000000000000000000000000000000000000000000000000000000
0000000000000000000000000000000000000000000000000000000000000000000000000000000000000000000000000000000000000000000000000000000000000000000000000000000000000000000000
0000000000000000000000000000000000000000000000000000000000000000000000000000000000000000000000000000000000000000000000000000000000000000000000000000000000000000000000
0000000000000000000000000000000000000000000000000000000000000000000000000000000000000000000000000000000000000000000000000000000000000000000000000000000000000000000000
0000000000000000000000000000000000000000000000000000000000000000000000000000000000000000000000000000000000000000000000000000000000000000000000000000000000000000000000
0000000000000000000000000000000000000000000000000000000000000000000000000000000000000000000000000000000000000000000000000000000000000000000000000000000000000000000000
0000000000000000000000000000000000000000000000000000000000000000000000000000000000000000000000000000000000000000000000000000000000000000000000000000000000000000000000
0000000000000000000000000000000000000000000000000000000000000000000000000000000000000000000000000000000000000000000000000000000000000000000000000000000000000000000000
0000000000000000000000000000000000000000000000000000000000000000000000000000000000000000000000000000000000000000000000000000000000000000000000000000000000000000000000
0000000000000000000000000000000000000000000000000000000000000000000000000000000000000000000000000000000000000000000000000000000000000000000000000000000000000000000000
0000000000000000000000000000000000000000000000000000000000000000000000000000000000000000000000000000000000000000000000000000000000000000000000000000000000000000000000
0000000000000000000000000000000000000000000000000000000000000000000000000000000000000000000000000000000000000000000000000000000000000000000000000000000000000000000000
0000000000000000000000000000000000000000000000000000000000000000000000000000000000000000000000000000000000000000000000000000000000000000000000000000000000000000000000
0000000000000000000000000000000000000000000000000000000000000000000000000000000000000000000000000000000000000000000000000000000000000000000000000000000000000000000000
0000000000000000000000000000000000000000000000000000000000000000000000000000000000000000000000000000000000000000000000000000000000000000000000000000000000000000000000
0000000000000000000000000000000000000000000000000000000000000000000000000000000000000000000000000000000000000000000000000000000000000000000000000000000000000000000000
0000000000000000000000000000000000000000000000000000000000000000000000000000000000000000000000000000000000000000000000000000000000000000000000000000000000000000000000
0000000000000000000000000000000000000000000000000000000000000000000000000000000000000000000000000000000000000000000000000000000000000000000000000000000000000000000000
0000000000000000000000000000000000000000000000000000000000000000000000000000000000000000000000000000000000000000000000000000000000000000000000000000000000000000000000
0000000000000000000000000000000000000000000000000000000000000000000000000000000000000000000000000000000000000000000000000000000000000000000000000000000000000000000000
0000000000000000000000000000000000000000000000000000000000000000000000000000000000000000000000000000000000000000000000000000000000000000000000000000000000000000000000
0000000000000000000000000000000000000000000000000000000000000000000000000000000000000000000000000000000000000000000000000000000000000000000000000000000000000000000000
0000000000000000000000000000000000000000000000000000000000000000000000000000000000000000000000000000000000000000000000000000000000000000000000000000000000000000000000
0000000000000000000000000000000000000000000000000000000000000000000000000000000000000000000000000000000000000000000000000000000000000000000000000000000000000000000000
0000000000000000000000000000000000000000000000000000000000000000000000000000000000000000000000000000000000000000000000000000000000000000000000000000000000000000000000
0000000000000000000000000000000000000000000000000000000000000000000000000000000000000000000000000000000000000000000000000000000000000000000000000000000000000000000000
0000000000000000000000000000000000000000000000000000000000000000000000000000000000000000000000000000000000000000000000000000000000000000000000000000000000000000000000
0000000000000000000000000000000000000000000000000000000000000000000000000000000000000000000000000000000000000000000000000000000000000000000000000000000000000000000000
0000000000000000000000000000000000000000000000000000000000000000000000000000000000000000000000000000000000000000000000000000000000000000000000000000000000000000000000
0000000000000000000000000000000000000000000000000000000000000000000000000000000000000000000000000000000000000000000000000000000000000000000000000000000000000000000000
0000000000000000000000000000000000000000000000000000000000000000000000000000000000000000000000000000000000000000000000000000000000000000000000000000000000000000000000
0000000000000000000000000000000000000000000000000000000000000000000000000000000000000000000000000000000000000000000000000000000000000000000000000000000000000000000000
0000000000000000000000000000000000000000000000000000000000000000000000000000000000000000000000000000000000000000000000000000000000000000000000000000000000000000000000
0000000000000000000000000000000000000000000000000000000000000000000000000000000000000000000000000000000000000000000000000000000000000000000000000000000000000000000000
0000000000000000000000000000000000000000000000000000000000000000000000000000000000000000000000000000000000000000000000000000000000000000000000000000000000000000000000
0000000000000000000000000000000000000000000000000000000000000000000000000000000000000000000000000000000000000000000000000000000000000000000000000000000000000000000000
0000000000000000000000000000000000000000000000000000000000000000000000000000000000000000000000000000000000000000000000000000000000000000000000000000000000000000000000
0000000000000000000000000000000000000000000000000000000000000000000000000000000000000000000000000000000000000000000000000000000000000000000000000000000000000000000000
0000000000000000000000000000000000000000000000000000000000000000000000000000000000000000000000000000000000000000000000000000000000000000000000000000000000000000000000
0000000000000000000000000000000000000000000000000000000000000000000000000000000000000000000000000000000000000000000000000000000000000000000000000000000000000000000000
0000000000000000000000000000000000000000000000000000000000000000000000000000000000000000000000000000000000000000000000000000000000000000000000000000000000000000000000
0000000000000000000000000000000000000000000000000000000000000000000000000000000000000000000000000000000000000000000000000000000000000000000000000000000000000000000000
0000000000000000000000000000000000000000000000000000000000000000000000000000000000000000000000000000000000000000000000000000000000000000000000000000000000000000000000
0000000000000000000000000000000000000000000000000000000000000000000000000000000000000000000000000000000000000000000000000000000000000000000000000000000000000000000000
0000000000000000000000000000000000000000000000000000000000000000000000000000000000000000000000000000000000000000000000000000000000000000000000000000000000000000000000
0000000000000000000000000000000000000000000000000000000000000000000000000000000000000000000000000000000000000000000000000000000000000000000000000000000000000000000000
0000000000000000000000000000000000000000000000000000000000000000000000000000000000000000000000000000000000000000000000000000000000000000000000000000000000000000000000
0000000000000000000000000000000000000000000000000000000000000000000000000000000000000000000000000000000000000000000000000000000000000000000000000000000000000000000000
0000000000000000000000000000000000000000000000000000000000000000000000000000000000000000000000000000000000000000000000000000000000000000000000000000000000000000000000
0000000000000000000000000000000000000000000000000000000000000000000000000000000000000000000000000000000000000000000000000000000000000000000000000000000000000000000000
0000000000000000000000000000000000000000000000000000000000000000000000000000000000000000000000000000000000000000000000000000000000000000000000000000000000000000000000
0000000000000000000000000000000000000000000000000000000000000000000000000000000000000000000000000000000000000000000000000000000000000000000000000000000000000000000000
0000000000000000000000000000000000000000000000000000000000000000000000000000000000000000000000000000000000000000000000000000000000000000000000000000000000000000000000
0000000000000000000000000000000000000000000000000000000000000000000000000000000000000000000000000000000000000000000000000000000000000000000000000000000000000000000000
0000000000000000000000000000000000000000000000000000000000000000000000000000000000000000000000000000000000000000000000000000000000000000000000000000000000000000000000
0000000000000000000000000000000000000000000000000000000000000000000000000000000000000000000000000000000000000000000000000000000000000000000000000000000000000000000000
0000000000000000000000000000000000000000000000000000000000000000000000000000000000000000000000000000000000000000000000000000000000000000000000000000000000000000000000
0000000000000000000000000000000000000000000000000000000000000000000000000000000000000000000000000000000000000000000000000000000000000000000000000000000000000000000000
0000000000000000000000000000000000000000000000000000000000000000000000000000000000000000000000000000000000000000000000000000000000000000000000000000000000000000000000
0000000000000000000000000000000000000000000000000000000000000000000000000000000000000000000000000000000000000000000000000000000000000000000000000000000000000000000000
0000000000000000000000000000000000000000000000000000000000000000000000000000000000000000000000000000000000000000000000000000000000000000000000000000000000000000000000
0000000000000000000000000000000000000000000000000000000000000000000000000000000000000000000000000000000000000000000000000000000000000000000000000000000000000000000000
0000000000000000000000000000000000000000000000000000000000000000000000000000000000000000000000000000000000000000000000000000000000000000000000000000000000000000000000
0000000000000000000000000000000000000000000000000000000000000000000000000000000000000000000000000000000000000000000000000000000000000000000000000000000000000000000000
0000000000000000000000000000000000000000000000000000000000000000000000000000000000000000000000000000000000000000000000000000000000000000000000000000000000000000000000
0000000000000000000000000000000000000000000000000000000000000000000000000000000000000000000000000000000000000000000000000000000000000000000000000000000000000000000000
0000000000000000000000000000000000000000000000000000000000000000000000000000000000000000000000000000000000000000000000000000000000000000000000000000000000000000000000
0000000000000000000000000000000000000000000000000000000000000000000000000000000000000000000000000000000000000000000000000000000000000000000000000000000000000000000000
0000000000000000000000000000000000000000000000000000000000000000000000000000000000000000000000000000000000000000000000000000000000000000000000000000000000000000000000
