Copyright 1986-2018 Xilinx, Inc. All Rights Reserved.
-------------------------------------------------------------------------------------------------------------------------------------------------------
| Tool Version     : Vivado v.2018.1 (win64) Build 2188600 Wed Apr  4 18:40:38 MDT 2018
| Date             : Tue Sep 22 14:01:26 2020
| Host             : David-NTU-Desktop running 64-bit major release  (build 9200)
| Command          : report_power -file decrypt_top_power_routed.rpt -pb decrypt_top_power_summary_routed.pb -rpx decrypt_top_power_routed.rpx
| Design           : decrypt_top
| Device           : xc7a200tsbg484-1
| Design State     : routed
| Grade            : commercial
| Process          : typical
| Characterization : Production
-------------------------------------------------------------------------------------------------------------------------------------------------------

Power Report

Table of Contents
-----------------
1. Summary
1.1 On-Chip Components
1.2 Power Supply Summary
1.3 Confidence Level
2. Settings
2.1 Environment
2.2 Clock Constraints
3. Detailed Reports
3.1 By Hierarchy

1. Summary
----------

+--------------------------+--------------+
| Total On-Chip Power (W)  | 1.238        |
| Design Power Budget (W)  | Unspecified* |
| Power Budget Margin (W)  | NA           |
| Dynamic (W)              | 1.100        |
| Device Static (W)        | 0.138        |
| Effective TJA (C/W)      | 3.3          |
| Max Ambient (C)          | 80.9         |
| Junction Temperature (C) | 29.1         |
| Confidence Level         | Medium       |
| Setting File             | ---          |
| Simulation Activity File | ---          |
| Design Nets Matched      | NA           |
+--------------------------+--------------+
* Specify Design Power Budget using, set_operating_conditions -design_power_budget <value in Watts>


1.1 On-Chip Components
----------------------

+--------------------------+-----------+----------+-----------+-----------------+
| On-Chip                  | Power (W) | Used     | Available | Utilization (%) |
+--------------------------+-----------+----------+-----------+-----------------+
| Clocks                   |     0.176 |        3 |       --- |             --- |
| Slice Logic              |     0.321 |    50185 |       --- |             --- |
|   LUT as Logic           |     0.304 |    27044 |    133800 |           20.21 |
|   Register               |     0.009 |    14432 |    267600 |            5.39 |
|   LUT as Shift Register  |     0.009 |      920 |     46200 |            1.99 |
|   CARRY4                 |    <0.001 |       15 |     33450 |            0.04 |
|   Others                 |     0.000 |     1427 |       --- |             --- |
|   LUT as Distributed RAM |     0.000 |       79 |     46200 |            0.17 |
| Signals                  |     0.414 |    37887 |       --- |             --- |
| Block RAM                |     0.186 |     24.5 |       365 |            6.71 |
| I/O                      |     0.002 |        5 |       285 |            1.75 |
| Static Power             |     0.138 |          |           |                 |
| Total                    |     1.238 |          |           |                 |
+--------------------------+-----------+----------+-----------+-----------------+


1.2 Power Supply Summary
------------------------

+-----------+-------------+-----------+-------------+------------+
| Source    | Voltage (V) | Total (A) | Dynamic (A) | Static (A) |
+-----------+-------------+-----------+-------------+------------+
| Vccint    |       1.000 |     1.120 |       1.084 |      0.036 |
| Vccaux    |       1.800 |     0.031 |       0.000 |      0.031 |
| Vcco33    |       3.300 |     0.000 |       0.000 |      0.000 |
| Vcco25    |       2.500 |     0.000 |       0.000 |      0.000 |
| Vcco18    |       1.800 |     0.006 |       0.001 |      0.005 |
| Vcco15    |       1.500 |     0.000 |       0.000 |      0.000 |
| Vcco135   |       1.350 |     0.000 |       0.000 |      0.000 |
| Vcco12    |       1.200 |     0.000 |       0.000 |      0.000 |
| Vccaux_io |       1.800 |     0.000 |       0.000 |      0.000 |
| Vccbram   |       1.000 |     0.015 |       0.014 |      0.001 |
| MGTAVcc   |       1.000 |     0.000 |       0.000 |      0.000 |
| MGTAVtt   |       1.200 |     0.000 |       0.000 |      0.000 |
| Vccadc    |       1.800 |     0.020 |       0.000 |      0.020 |
+-----------+-------------+-----------+-------------+------------+


1.3 Confidence Level
--------------------

+-----------------------------+------------+-------------------------------------------------------+------------------------------------------------------------------------------------------------------------+
| User Input Data             | Confidence | Details                                               | Action                                                                                                     |
+-----------------------------+------------+-------------------------------------------------------+------------------------------------------------------------------------------------------------------------+
| Design implementation state | High       | Design is routed                                      |                                                                                                            |
| Clock nodes activity        | High       | User specified more than 95% of clocks                |                                                                                                            |
| I/O nodes activity          | Medium     | More than 5% of inputs are missing user specification | Provide missing input activity with simulation results or by editing the "By Resource Type -> I/Os" view   |
| Internal nodes activity     | Medium     | User specified less than 25% of internal nodes        | Provide missing internal nodes activity with simulation results or by editing the "By Resource Type" views |
| Device models               | High       | Device models are Production                          |                                                                                                            |
|                             |            |                                                       |                                                                                                            |
| Overall confidence level    | Medium     |                                                       |                                                                                                            |
+-----------------------------+------------+-------------------------------------------------------+------------------------------------------------------------------------------------------------------------+


2. Settings
-----------

2.1 Environment
---------------

+-----------------------+--------------------------+
| Ambient Temp (C)      | 25.0                     |
| ThetaJA (C/W)         | 3.3                      |
| Airflow (LFM)         | 250                      |
| Heat Sink             | medium (Medium Profile)  |
| ThetaSA (C/W)         | 4.6                      |
| Board Selection       | medium (10"x10")         |
| # of Board Layers     | 12to15 (12 to 15 Layers) |
| Board Temperature (C) | 25.0                     |
+-----------------------+--------------------------+


2.2 Clock Constraints
---------------------

+-------+--------+-----------------+
| Clock | Domain | Constraint (ns) |
+-------+--------+-----------------+
| clk   | clk    |             5.6 |
+-------+--------+-----------------+


3. Detailed Reports
-------------------

3.1 By Hierarchy
----------------

+-----------------------+-----------+
| Name                  | Power (W) |
+-----------------------+-----------+
| decrypt_top           |     1.100 |
|   RSR                 |     0.192 |
|     CTRL              |     0.006 |
|     SA                |     0.186 |
|       AB_0_0          |    <0.001 |
|       AB_0_1          |    <0.001 |
|       AB_0_10         |    <0.001 |
|       AB_0_100        |    <0.001 |
|       AB_0_101        |    <0.001 |
|       AB_0_102        |    <0.001 |
|       AB_0_103        |    <0.001 |
|       AB_0_104        |    <0.001 |
|       AB_0_105        |    <0.001 |
|       AB_0_106        |    <0.001 |
|       AB_0_107        |    <0.001 |
|       AB_0_108        |    <0.001 |
|       AB_0_109        |    <0.001 |
|       AB_0_11         |    <0.001 |
|       AB_0_110        |    <0.001 |
|       AB_0_111        |    <0.001 |
|       AB_0_112        |    <0.001 |
|       AB_0_113        |    <0.001 |
|       AB_0_114        |    <0.001 |
|       AB_0_115        |    <0.001 |
|       AB_0_116        |    <0.001 |
|       AB_0_117        |    <0.001 |
|       AB_0_118        |    <0.001 |
|       AB_0_119        |    <0.001 |
|       AB_0_12         |    <0.001 |
|       AB_0_120        |    <0.001 |
|       AB_0_121        |    <0.001 |
|       AB_0_122        |    <0.001 |
|       AB_0_123        |    <0.001 |
|       AB_0_124        |    <0.001 |
|       AB_0_125        |    <0.001 |
|       AB_0_126        |    <0.001 |
|       AB_0_127        |    <0.001 |
|       AB_0_128        |    <0.001 |
|       AB_0_129        |    <0.001 |
|       AB_0_13         |    <0.001 |
|       AB_0_130        |    <0.001 |
|       AB_0_131        |    <0.001 |
|       AB_0_132        |    <0.001 |
|       AB_0_133        |    <0.001 |
|       AB_0_134        |    <0.001 |
|       AB_0_135        |    <0.001 |
|       AB_0_136        |    <0.001 |
|       AB_0_137        |    <0.001 |
|       AB_0_138        |    <0.001 |
|       AB_0_139        |    <0.001 |
|       AB_0_14         |    <0.001 |
|       AB_0_140        |    <0.001 |
|       AB_0_141        |    <0.001 |
|       AB_0_142        |    <0.001 |
|       AB_0_143        |    <0.001 |
|       AB_0_144        |    <0.001 |
|       AB_0_145        |    <0.001 |
|       AB_0_146        |    <0.001 |
|       AB_0_147        |    <0.001 |
|       AB_0_148        |    <0.001 |
|       AB_0_149        |    <0.001 |
|       AB_0_15         |    <0.001 |
|       AB_0_150        |    <0.001 |
|       AB_0_151        |    <0.001 |
|       AB_0_152        |    <0.001 |
|       AB_0_153        |    <0.001 |
|       AB_0_154        |    <0.001 |
|       AB_0_155        |    <0.001 |
|       AB_0_156        |    <0.001 |
|       AB_0_157        |    <0.001 |
|       AB_0_16         |    <0.001 |
|       AB_0_17         |    <0.001 |
|       AB_0_18         |    <0.001 |
|       AB_0_19         |    <0.001 |
|       AB_0_2          |    <0.001 |
|       AB_0_20         |    <0.001 |
|       AB_0_21         |    <0.001 |
|       AB_0_22         |    <0.001 |
|       AB_0_23         |    <0.001 |
|       AB_0_24         |    <0.001 |
|       AB_0_25         |    <0.001 |
|       AB_0_26         |    <0.001 |
|       AB_0_27         |    <0.001 |
|       AB_0_28         |    <0.001 |
|       AB_0_29         |    <0.001 |
|       AB_0_3          |    <0.001 |
|       AB_0_30         |    <0.001 |
|       AB_0_31         |    <0.001 |
|       AB_0_32         |    <0.001 |
|       AB_0_33         |    <0.001 |
|       AB_0_34         |    <0.001 |
|       AB_0_35         |    <0.001 |
|       AB_0_36         |    <0.001 |
|       AB_0_37         |    <0.001 |
|       AB_0_38         |    <0.001 |
|       AB_0_39         |    <0.001 |
|       AB_0_4          |    <0.001 |
|       AB_0_40         |    <0.001 |
|       AB_0_41         |    <0.001 |
|       AB_0_42         |    <0.001 |
|       AB_0_43         |    <0.001 |
|       AB_0_44         |    <0.001 |
|       AB_0_45         |    <0.001 |
|       AB_0_46         |    <0.001 |
|       AB_0_47         |    <0.001 |
|       AB_0_48         |    <0.001 |
|       AB_0_49         |    <0.001 |
|       AB_0_5          |    <0.001 |
|       AB_0_50         |    <0.001 |
|       AB_0_51         |    <0.001 |
|       AB_0_52         |    <0.001 |
|       AB_0_53         |    <0.001 |
|       AB_0_54         |    <0.001 |
|       AB_0_55         |    <0.001 |
|       AB_0_56         |    <0.001 |
|       AB_0_57         |    <0.001 |
|       AB_0_58         |    <0.001 |
|       AB_0_59         |    <0.001 |
|       AB_0_6          |    <0.001 |
|       AB_0_60         |    <0.001 |
|       AB_0_61         |    <0.001 |
|       AB_0_62         |    <0.001 |
|       AB_0_63         |    <0.001 |
|       AB_0_64         |    <0.001 |
|       AB_0_65         |    <0.001 |
|       AB_0_66         |    <0.001 |
|       AB_0_67         |    <0.001 |
|       AB_0_68         |    <0.001 |
|       AB_0_69         |    <0.001 |
|       AB_0_7          |    <0.001 |
|       AB_0_70         |    <0.001 |
|       AB_0_71         |    <0.001 |
|       AB_0_72         |    <0.001 |
|       AB_0_73         |    <0.001 |
|       AB_0_74         |    <0.001 |
|       AB_0_75         |    <0.001 |
|       AB_0_76         |    <0.001 |
|       AB_0_77         |    <0.001 |
|       AB_0_78         |    <0.001 |
|       AB_0_79         |    <0.001 |
|       AB_0_8          |    <0.001 |
|       AB_0_80         |    <0.001 |
|       AB_0_81         |    <0.001 |
|       AB_0_82         |    <0.001 |
|       AB_0_83         |    <0.001 |
|       AB_0_84         |    <0.001 |
|       AB_0_85         |    <0.001 |
|       AB_0_86         |    <0.001 |
|       AB_0_87         |    <0.001 |
|       AB_0_88         |    <0.001 |
|       AB_0_89         |    <0.001 |
|       AB_0_9          |    <0.001 |
|       AB_0_90         |    <0.001 |
|       AB_0_91         |    <0.001 |
|       AB_0_92         |    <0.001 |
|       AB_0_93         |    <0.001 |
|       AB_0_94         |    <0.001 |
|       AB_0_95         |    <0.001 |
|       AB_0_96         |    <0.001 |
|       AB_0_97         |    <0.001 |
|       AB_0_98         |    <0.001 |
|       AB_0_99         |    <0.001 |
|       AB_1_0          |    <0.001 |
|       AB_1_1          |    <0.001 |
|       AB_1_10         |    <0.001 |
|       AB_1_100        |    <0.001 |
|       AB_1_101        |    <0.001 |
|       AB_1_102        |    <0.001 |
|       AB_1_103        |    <0.001 |
|       AB_1_104        |    <0.001 |
|       AB_1_105        |    <0.001 |
|       AB_1_106        |    <0.001 |
|       AB_1_107        |    <0.001 |
|       AB_1_108        |    <0.001 |
|       AB_1_109        |    <0.001 |
|       AB_1_11         |    <0.001 |
|       AB_1_110        |    <0.001 |
|       AB_1_111        |    <0.001 |
|       AB_1_112        |    <0.001 |
|       AB_1_113        |    <0.001 |
|       AB_1_114        |    <0.001 |
|       AB_1_115        |    <0.001 |
|       AB_1_116        |    <0.001 |
|       AB_1_117        |    <0.001 |
|       AB_1_118        |    <0.001 |
|       AB_1_119        |    <0.001 |
|       AB_1_12         |    <0.001 |
|       AB_1_120        |    <0.001 |
|       AB_1_121        |    <0.001 |
|       AB_1_122        |    <0.001 |
|       AB_1_123        |    <0.001 |
|       AB_1_124        |    <0.001 |
|       AB_1_125        |    <0.001 |
|       AB_1_126        |    <0.001 |
|       AB_1_127        |    <0.001 |
|       AB_1_128        |    <0.001 |
|       AB_1_129        |    <0.001 |
|       AB_1_13         |    <0.001 |
|       AB_1_130        |    <0.001 |
|       AB_1_131        |    <0.001 |
|       AB_1_132        |    <0.001 |
|       AB_1_133        |    <0.001 |
|       AB_1_134        |    <0.001 |
|       AB_1_135        |    <0.001 |
|       AB_1_136        |    <0.001 |
|       AB_1_137        |    <0.001 |
|       AB_1_138        |    <0.001 |
|       AB_1_139        |    <0.001 |
|       AB_1_14         |    <0.001 |
|       AB_1_140        |    <0.001 |
|       AB_1_141        |    <0.001 |
|       AB_1_142        |    <0.001 |
|       AB_1_143        |    <0.001 |
|       AB_1_144        |    <0.001 |
|       AB_1_145        |    <0.001 |
|       AB_1_146        |    <0.001 |
|       AB_1_147        |    <0.001 |
|       AB_1_148        |    <0.001 |
|       AB_1_149        |    <0.001 |
|       AB_1_15         |    <0.001 |
|       AB_1_150        |    <0.001 |
|       AB_1_151        |    <0.001 |
|       AB_1_152        |    <0.001 |
|       AB_1_153        |    <0.001 |
|       AB_1_154        |    <0.001 |
|       AB_1_155        |    <0.001 |
|       AB_1_156        |    <0.001 |
|       AB_1_157        |    <0.001 |
|       AB_1_16         |    <0.001 |
|       AB_1_17         |    <0.001 |
|       AB_1_18         |    <0.001 |
|       AB_1_19         |    <0.001 |
|       AB_1_2          |    <0.001 |
|       AB_1_20         |    <0.001 |
|       AB_1_21         |    <0.001 |
|       AB_1_22         |    <0.001 |
|       AB_1_23         |    <0.001 |
|       AB_1_24         |    <0.001 |
|       AB_1_25         |    <0.001 |
|       AB_1_26         |    <0.001 |
|       AB_1_27         |    <0.001 |
|       AB_1_28         |    <0.001 |
|       AB_1_29         |    <0.001 |
|       AB_1_3          |    <0.001 |
|       AB_1_30         |    <0.001 |
|       AB_1_31         |    <0.001 |
|       AB_1_32         |    <0.001 |
|       AB_1_33         |    <0.001 |
|       AB_1_34         |    <0.001 |
|       AB_1_35         |    <0.001 |
|       AB_1_36         |    <0.001 |
|       AB_1_37         |    <0.001 |
|       AB_1_38         |    <0.001 |
|       AB_1_39         |    <0.001 |
|       AB_1_4          |    <0.001 |
|       AB_1_40         |    <0.001 |
|       AB_1_41         |    <0.001 |
|       AB_1_42         |    <0.001 |
|       AB_1_43         |    <0.001 |
|       AB_1_44         |    <0.001 |
|       AB_1_45         |    <0.001 |
|       AB_1_46         |    <0.001 |
|       AB_1_47         |    <0.001 |
|       AB_1_48         |    <0.001 |
|       AB_1_49         |    <0.001 |
|       AB_1_5          |    <0.001 |
|       AB_1_50         |    <0.001 |
|       AB_1_51         |    <0.001 |
|       AB_1_52         |    <0.001 |
|       AB_1_53         |    <0.001 |
|       AB_1_54         |    <0.001 |
|       AB_1_55         |    <0.001 |
|       AB_1_56         |    <0.001 |
|       AB_1_57         |    <0.001 |
|       AB_1_58         |    <0.001 |
|       AB_1_59         |    <0.001 |
|       AB_1_6          |    <0.001 |
|       AB_1_60         |    <0.001 |
|       AB_1_61         |    <0.001 |
|       AB_1_62         |    <0.001 |
|       AB_1_63         |    <0.001 |
|       AB_1_64         |    <0.001 |
|       AB_1_65         |    <0.001 |
|       AB_1_66         |    <0.001 |
|       AB_1_67         |    <0.001 |
|       AB_1_68         |    <0.001 |
|       AB_1_69         |    <0.001 |
|       AB_1_7          |    <0.001 |
|       AB_1_70         |    <0.001 |
|       AB_1_71         |    <0.001 |
|       AB_1_72         |    <0.001 |
|       AB_1_73         |    <0.001 |
|       AB_1_74         |    <0.001 |
|       AB_1_75         |    <0.001 |
|       AB_1_76         |    <0.001 |
|       AB_1_77         |    <0.001 |
|       AB_1_78         |    <0.001 |
|       AB_1_79         |    <0.001 |
|       AB_1_8          |    <0.001 |
|       AB_1_80         |    <0.001 |
|       AB_1_81         |    <0.001 |
|       AB_1_82         |    <0.001 |
|       AB_1_83         |    <0.001 |
|       AB_1_84         |    <0.001 |
|       AB_1_85         |    <0.001 |
|       AB_1_86         |    <0.001 |
|       AB_1_87         |    <0.001 |
|       AB_1_88         |    <0.001 |
|       AB_1_89         |    <0.001 |
|       AB_1_9          |    <0.001 |
|       AB_1_90         |    <0.001 |
|       AB_1_91         |    <0.001 |
|       AB_1_92         |    <0.001 |
|       AB_1_93         |    <0.001 |
|       AB_1_94         |    <0.001 |
|       AB_1_95         |    <0.001 |
|       AB_1_96         |    <0.001 |
|       AB_1_97         |    <0.001 |
|       AB_1_98         |    <0.001 |
|       AB_1_99         |    <0.001 |
|       AB_2_0          |    <0.001 |
|       AB_2_1          |    <0.001 |
|       AB_2_10         |    <0.001 |
|       AB_2_100        |    <0.001 |
|       AB_2_101        |    <0.001 |
|       AB_2_102        |    <0.001 |
|       AB_2_103        |    <0.001 |
|       AB_2_104        |    <0.001 |
|       AB_2_105        |    <0.001 |
|       AB_2_106        |    <0.001 |
|       AB_2_107        |    <0.001 |
|       AB_2_108        |    <0.001 |
|       AB_2_109        |    <0.001 |
|       AB_2_11         |    <0.001 |
|       AB_2_110        |    <0.001 |
|       AB_2_111        |    <0.001 |
|       AB_2_112        |    <0.001 |
|       AB_2_113        |    <0.001 |
|       AB_2_114        |    <0.001 |
|       AB_2_115        |    <0.001 |
|       AB_2_116        |    <0.001 |
|       AB_2_117        |    <0.001 |
|       AB_2_118        |    <0.001 |
|       AB_2_119        |    <0.001 |
|       AB_2_12         |    <0.001 |
|       AB_2_120        |    <0.001 |
|       AB_2_121        |    <0.001 |
|       AB_2_122        |    <0.001 |
|       AB_2_123        |    <0.001 |
|       AB_2_124        |    <0.001 |
|       AB_2_125        |    <0.001 |
|       AB_2_126        |    <0.001 |
|       AB_2_127        |    <0.001 |
|       AB_2_128        |    <0.001 |
|       AB_2_129        |    <0.001 |
|       AB_2_13         |    <0.001 |
|       AB_2_130        |    <0.001 |
|       AB_2_131        |    <0.001 |
|       AB_2_132        |    <0.001 |
|       AB_2_133        |    <0.001 |
|       AB_2_134        |    <0.001 |
|       AB_2_135        |    <0.001 |
|       AB_2_136        |    <0.001 |
|       AB_2_137        |    <0.001 |
|       AB_2_138        |    <0.001 |
|       AB_2_139        |    <0.001 |
|       AB_2_14         |    <0.001 |
|       AB_2_140        |    <0.001 |
|       AB_2_141        |    <0.001 |
|       AB_2_142        |    <0.001 |
|       AB_2_143        |    <0.001 |
|       AB_2_144        |    <0.001 |
|       AB_2_145        |    <0.001 |
|       AB_2_146        |    <0.001 |
|       AB_2_147        |    <0.001 |
|       AB_2_148        |    <0.001 |
|       AB_2_149        |    <0.001 |
|       AB_2_15         |    <0.001 |
|       AB_2_150        |    <0.001 |
|       AB_2_151        |    <0.001 |
|       AB_2_152        |    <0.001 |
|       AB_2_153        |    <0.001 |
|       AB_2_154        |    <0.001 |
|       AB_2_155        |    <0.001 |
|       AB_2_156        |    <0.001 |
|       AB_2_157        |    <0.001 |
|       AB_2_16         |    <0.001 |
|       AB_2_17         |    <0.001 |
|       AB_2_18         |    <0.001 |
|       AB_2_19         |    <0.001 |
|       AB_2_2          |    <0.001 |
|       AB_2_20         |    <0.001 |
|       AB_2_21         |    <0.001 |
|       AB_2_22         |    <0.001 |
|       AB_2_23         |    <0.001 |
|       AB_2_24         |    <0.001 |
|       AB_2_25         |    <0.001 |
|       AB_2_26         |    <0.001 |
|       AB_2_27         |    <0.001 |
|       AB_2_28         |    <0.001 |
|       AB_2_29         |    <0.001 |
|       AB_2_3          |    <0.001 |
|       AB_2_30         |    <0.001 |
|       AB_2_31         |    <0.001 |
|       AB_2_32         |    <0.001 |
|       AB_2_33         |    <0.001 |
|       AB_2_34         |    <0.001 |
|       AB_2_35         |    <0.001 |
|       AB_2_36         |    <0.001 |
|       AB_2_37         |    <0.001 |
|       AB_2_38         |    <0.001 |
|       AB_2_39         |    <0.001 |
|       AB_2_4          |    <0.001 |
|       AB_2_40         |    <0.001 |
|       AB_2_41         |    <0.001 |
|       AB_2_42         |    <0.001 |
|       AB_2_43         |    <0.001 |
|       AB_2_44         |    <0.001 |
|       AB_2_45         |    <0.001 |
|       AB_2_46         |    <0.001 |
|       AB_2_47         |    <0.001 |
|       AB_2_48         |    <0.001 |
|       AB_2_49         |    <0.001 |
|       AB_2_5          |    <0.001 |
|       AB_2_50         |    <0.001 |
|       AB_2_51         |    <0.001 |
|       AB_2_52         |    <0.001 |
|       AB_2_53         |    <0.001 |
|       AB_2_54         |    <0.001 |
|       AB_2_55         |    <0.001 |
|       AB_2_56         |    <0.001 |
|       AB_2_57         |    <0.001 |
|       AB_2_58         |    <0.001 |
|       AB_2_59         |    <0.001 |
|       AB_2_6          |    <0.001 |
|       AB_2_60         |    <0.001 |
|       AB_2_61         |    <0.001 |
|       AB_2_62         |    <0.001 |
|       AB_2_63         |    <0.001 |
|       AB_2_64         |    <0.001 |
|       AB_2_65         |    <0.001 |
|       AB_2_66         |    <0.001 |
|       AB_2_67         |    <0.001 |
|       AB_2_68         |    <0.001 |
|       AB_2_69         |    <0.001 |
|       AB_2_7          |    <0.001 |
|       AB_2_70         |    <0.001 |
|       AB_2_71         |    <0.001 |
|       AB_2_72         |    <0.001 |
|       AB_2_73         |    <0.001 |
|       AB_2_74         |    <0.001 |
|       AB_2_75         |    <0.001 |
|       AB_2_76         |    <0.001 |
|       AB_2_77         |    <0.001 |
|       AB_2_78         |    <0.001 |
|       AB_2_79         |    <0.001 |
|       AB_2_8          |    <0.001 |
|       AB_2_80         |    <0.001 |
|       AB_2_81         |    <0.001 |
|       AB_2_82         |    <0.001 |
|       AB_2_83         |    <0.001 |
|       AB_2_84         |    <0.001 |
|       AB_2_85         |    <0.001 |
|       AB_2_86         |    <0.001 |
|       AB_2_87         |    <0.001 |
|       AB_2_88         |    <0.001 |
|       AB_2_89         |    <0.001 |
|       AB_2_9          |    <0.001 |
|       AB_2_90         |    <0.001 |
|       AB_2_91         |    <0.001 |
|       AB_2_92         |    <0.001 |
|       AB_2_93         |    <0.001 |
|       AB_2_94         |    <0.001 |
|       AB_2_95         |    <0.001 |
|       AB_2_96         |    <0.001 |
|       AB_2_97         |    <0.001 |
|       AB_2_98         |    <0.001 |
|       AB_2_99         |    <0.001 |
|       AB_3_0          |    <0.001 |
|       AB_3_1          |    <0.001 |
|       AB_3_10         |    <0.001 |
|       AB_3_100        |    <0.001 |
|       AB_3_101        |    <0.001 |
|       AB_3_102        |    <0.001 |
|       AB_3_103        |    <0.001 |
|       AB_3_104        |    <0.001 |
|       AB_3_105        |    <0.001 |
|       AB_3_106        |    <0.001 |
|       AB_3_107        |    <0.001 |
|       AB_3_108        |    <0.001 |
|       AB_3_109        |    <0.001 |
|       AB_3_11         |    <0.001 |
|       AB_3_110        |    <0.001 |
|       AB_3_111        |    <0.001 |
|       AB_3_112        |    <0.001 |
|       AB_3_113        |    <0.001 |
|       AB_3_114        |    <0.001 |
|       AB_3_115        |    <0.001 |
|       AB_3_116        |    <0.001 |
|       AB_3_117        |    <0.001 |
|       AB_3_118        |    <0.001 |
|       AB_3_119        |    <0.001 |
|       AB_3_12         |    <0.001 |
|       AB_3_120        |    <0.001 |
|       AB_3_121        |    <0.001 |
|       AB_3_122        |    <0.001 |
|       AB_3_123        |    <0.001 |
|       AB_3_124        |    <0.001 |
|       AB_3_125        |    <0.001 |
|       AB_3_126        |    <0.001 |
|       AB_3_127        |    <0.001 |
|       AB_3_128        |    <0.001 |
|       AB_3_129        |    <0.001 |
|       AB_3_13         |    <0.001 |
|       AB_3_130        |    <0.001 |
|       AB_3_131        |    <0.001 |
|       AB_3_132        |    <0.001 |
|       AB_3_133        |    <0.001 |
|       AB_3_134        |    <0.001 |
|       AB_3_135        |    <0.001 |
|       AB_3_136        |    <0.001 |
|       AB_3_137        |    <0.001 |
|       AB_3_138        |    <0.001 |
|       AB_3_139        |    <0.001 |
|       AB_3_14         |    <0.001 |
|       AB_3_140        |    <0.001 |
|       AB_3_141        |    <0.001 |
|       AB_3_142        |    <0.001 |
|       AB_3_143        |    <0.001 |
|       AB_3_144        |    <0.001 |
|       AB_3_145        |    <0.001 |
|       AB_3_146        |    <0.001 |
|       AB_3_147        |    <0.001 |
|       AB_3_148        |    <0.001 |
|       AB_3_149        |    <0.001 |
|       AB_3_15         |    <0.001 |
|       AB_3_150        |    <0.001 |
|       AB_3_151        |    <0.001 |
|       AB_3_152        |    <0.001 |
|       AB_3_153        |    <0.001 |
|       AB_3_154        |    <0.001 |
|       AB_3_155        |    <0.001 |
|       AB_3_156        |    <0.001 |
|       AB_3_157        |    <0.001 |
|       AB_3_16         |    <0.001 |
|       AB_3_17         |    <0.001 |
|       AB_3_18         |    <0.001 |
|       AB_3_19         |    <0.001 |
|       AB_3_2          |    <0.001 |
|       AB_3_20         |    <0.001 |
|       AB_3_21         |    <0.001 |
|       AB_3_22         |    <0.001 |
|       AB_3_23         |    <0.001 |
|       AB_3_24         |    <0.001 |
|       AB_3_25         |    <0.001 |
|       AB_3_26         |    <0.001 |
|       AB_3_27         |    <0.001 |
|       AB_3_28         |    <0.001 |
|       AB_3_29         |    <0.001 |
|       AB_3_3          |    <0.001 |
|       AB_3_30         |    <0.001 |
|       AB_3_31         |    <0.001 |
|       AB_3_32         |    <0.001 |
|       AB_3_33         |    <0.001 |
|       AB_3_34         |    <0.001 |
|       AB_3_35         |    <0.001 |
|       AB_3_36         |    <0.001 |
|       AB_3_37         |    <0.001 |
|       AB_3_38         |    <0.001 |
|       AB_3_39         |    <0.001 |
|       AB_3_4          |    <0.001 |
|       AB_3_40         |    <0.001 |
|       AB_3_41         |    <0.001 |
|       AB_3_42         |    <0.001 |
|       AB_3_43         |    <0.001 |
|       AB_3_44         |    <0.001 |
|       AB_3_45         |    <0.001 |
|       AB_3_46         |    <0.001 |
|       AB_3_47         |    <0.001 |
|       AB_3_48         |    <0.001 |
|       AB_3_49         |    <0.001 |
|       AB_3_5          |    <0.001 |
|       AB_3_50         |    <0.001 |
|       AB_3_51         |    <0.001 |
|       AB_3_52         |    <0.001 |
|       AB_3_53         |    <0.001 |
|       AB_3_54         |    <0.001 |
|       AB_3_55         |    <0.001 |
|       AB_3_56         |    <0.001 |
|       AB_3_57         |    <0.001 |
|       AB_3_58         |    <0.001 |
|       AB_3_59         |    <0.001 |
|       AB_3_6          |    <0.001 |
|       AB_3_60         |    <0.001 |
|       AB_3_61         |    <0.001 |
|       AB_3_62         |    <0.001 |
|       AB_3_63         |    <0.001 |
|       AB_3_64         |    <0.001 |
|       AB_3_65         |    <0.001 |
|       AB_3_66         |    <0.001 |
|       AB_3_67         |    <0.001 |
|       AB_3_68         |    <0.001 |
|       AB_3_69         |    <0.001 |
|       AB_3_7          |    <0.001 |
|       AB_3_70         |    <0.001 |
|       AB_3_71         |    <0.001 |
|       AB_3_72         |    <0.001 |
|       AB_3_73         |    <0.001 |
|       AB_3_74         |    <0.001 |
|       AB_3_75         |    <0.001 |
|       AB_3_76         |    <0.001 |
|       AB_3_77         |    <0.001 |
|       AB_3_78         |    <0.001 |
|       AB_3_79         |    <0.001 |
|       AB_3_8          |    <0.001 |
|       AB_3_80         |    <0.001 |
|       AB_3_81         |    <0.001 |
|       AB_3_82         |    <0.001 |
|       AB_3_83         |    <0.001 |
|       AB_3_84         |    <0.001 |
|       AB_3_85         |    <0.001 |
|       AB_3_86         |    <0.001 |
|       AB_3_87         |    <0.001 |
|       AB_3_88         |    <0.001 |
|       AB_3_89         |    <0.001 |
|       AB_3_9          |    <0.001 |
|       AB_3_90         |    <0.001 |
|       AB_3_91         |    <0.001 |
|       AB_3_92         |    <0.001 |
|       AB_3_93         |    <0.001 |
|       AB_3_94         |    <0.001 |
|       AB_3_95         |    <0.001 |
|       AB_3_96         |    <0.001 |
|       AB_3_97         |    <0.001 |
|       AB_3_98         |    <0.001 |
|       AB_3_99         |    <0.001 |
|       AB_4_0          |    <0.001 |
|       AB_4_1          |    <0.001 |
|       AB_4_10         |    <0.001 |
|       AB_4_100        |    <0.001 |
|       AB_4_101        |    <0.001 |
|       AB_4_102        |    <0.001 |
|       AB_4_103        |    <0.001 |
|       AB_4_104        |    <0.001 |
|       AB_4_105        |    <0.001 |
|       AB_4_106        |    <0.001 |
|       AB_4_107        |    <0.001 |
|       AB_4_108        |    <0.001 |
|       AB_4_109        |    <0.001 |
|       AB_4_11         |    <0.001 |
|       AB_4_110        |    <0.001 |
|       AB_4_111        |    <0.001 |
|       AB_4_112        |    <0.001 |
|       AB_4_113        |    <0.001 |
|       AB_4_114        |    <0.001 |
|       AB_4_115        |    <0.001 |
|       AB_4_116        |    <0.001 |
|       AB_4_117        |    <0.001 |
|       AB_4_118        |    <0.001 |
|       AB_4_119        |    <0.001 |
|       AB_4_12         |    <0.001 |
|       AB_4_120        |    <0.001 |
|       AB_4_121        |    <0.001 |
|       AB_4_122        |    <0.001 |
|       AB_4_123        |    <0.001 |
|       AB_4_124        |    <0.001 |
|       AB_4_125        |    <0.001 |
|       AB_4_126        |    <0.001 |
|       AB_4_127        |    <0.001 |
|       AB_4_128        |    <0.001 |
|       AB_4_129        |    <0.001 |
|       AB_4_13         |    <0.001 |
|       AB_4_130        |    <0.001 |
|       AB_4_131        |    <0.001 |
|       AB_4_132        |    <0.001 |
|       AB_4_133        |    <0.001 |
|       AB_4_134        |    <0.001 |
|       AB_4_135        |    <0.001 |
|       AB_4_136        |    <0.001 |
|       AB_4_137        |    <0.001 |
|       AB_4_138        |    <0.001 |
|       AB_4_139        |    <0.001 |
|       AB_4_14         |    <0.001 |
|       AB_4_140        |    <0.001 |
|       AB_4_141        |    <0.001 |
|       AB_4_142        |    <0.001 |
|       AB_4_143        |    <0.001 |
|       AB_4_144        |    <0.001 |
|       AB_4_145        |    <0.001 |
|       AB_4_146        |    <0.001 |
|       AB_4_147        |    <0.001 |
|       AB_4_148        |    <0.001 |
|       AB_4_149        |    <0.001 |
|       AB_4_15         |    <0.001 |
|       AB_4_150        |    <0.001 |
|       AB_4_151        |    <0.001 |
|       AB_4_152        |    <0.001 |
|       AB_4_153        |    <0.001 |
|       AB_4_154        |    <0.001 |
|       AB_4_155        |    <0.001 |
|       AB_4_156        |    <0.001 |
|       AB_4_157        |    <0.001 |
|       AB_4_16         |    <0.001 |
|       AB_4_17         |    <0.001 |
|       AB_4_18         |    <0.001 |
|       AB_4_19         |    <0.001 |
|       AB_4_2          |    <0.001 |
|       AB_4_20         |    <0.001 |
|       AB_4_21         |    <0.001 |
|       AB_4_22         |    <0.001 |
|       AB_4_23         |    <0.001 |
|       AB_4_24         |    <0.001 |
|       AB_4_25         |    <0.001 |
|       AB_4_26         |    <0.001 |
|       AB_4_27         |    <0.001 |
|       AB_4_28         |    <0.001 |
|       AB_4_29         |    <0.001 |
|       AB_4_3          |    <0.001 |
|       AB_4_30         |    <0.001 |
|       AB_4_31         |    <0.001 |
|       AB_4_32         |    <0.001 |
|       AB_4_33         |    <0.001 |
|       AB_4_34         |    <0.001 |
|       AB_4_35         |    <0.001 |
|       AB_4_36         |    <0.001 |
|       AB_4_37         |    <0.001 |
|       AB_4_38         |    <0.001 |
|       AB_4_39         |    <0.001 |
|       AB_4_4          |    <0.001 |
|       AB_4_40         |    <0.001 |
|       AB_4_41         |    <0.001 |
|       AB_4_42         |    <0.001 |
|       AB_4_43         |    <0.001 |
|       AB_4_44         |    <0.001 |
|       AB_4_45         |    <0.001 |
|       AB_4_46         |    <0.001 |
|       AB_4_47         |    <0.001 |
|       AB_4_48         |    <0.001 |
|       AB_4_49         |    <0.001 |
|       AB_4_5          |    <0.001 |
|       AB_4_50         |    <0.001 |
|       AB_4_51         |    <0.001 |
|       AB_4_52         |    <0.001 |
|       AB_4_53         |    <0.001 |
|       AB_4_54         |    <0.001 |
|       AB_4_55         |    <0.001 |
|       AB_4_56         |    <0.001 |
|       AB_4_57         |    <0.001 |
|       AB_4_58         |    <0.001 |
|       AB_4_59         |    <0.001 |
|       AB_4_6          |    <0.001 |
|       AB_4_60         |    <0.001 |
|       AB_4_61         |    <0.001 |
|       AB_4_62         |    <0.001 |
|       AB_4_63         |    <0.001 |
|       AB_4_64         |    <0.001 |
|       AB_4_65         |    <0.001 |
|       AB_4_66         |    <0.001 |
|       AB_4_67         |    <0.001 |
|       AB_4_68         |    <0.001 |
|       AB_4_69         |    <0.001 |
|       AB_4_7          |    <0.001 |
|       AB_4_70         |    <0.001 |
|       AB_4_71         |    <0.001 |
|       AB_4_72         |    <0.001 |
|       AB_4_73         |    <0.001 |
|       AB_4_74         |    <0.001 |
|       AB_4_75         |    <0.001 |
|       AB_4_76         |    <0.001 |
|       AB_4_77         |    <0.001 |
|       AB_4_78         |    <0.001 |
|       AB_4_79         |    <0.001 |
|       AB_4_8          |    <0.001 |
|       AB_4_80         |    <0.001 |
|       AB_4_81         |    <0.001 |
|       AB_4_82         |    <0.001 |
|       AB_4_83         |    <0.001 |
|       AB_4_84         |    <0.001 |
|       AB_4_85         |    <0.001 |
|       AB_4_86         |    <0.001 |
|       AB_4_87         |    <0.001 |
|       AB_4_88         |    <0.001 |
|       AB_4_89         |    <0.001 |
|       AB_4_9          |    <0.001 |
|       AB_4_90         |    <0.001 |
|       AB_4_91         |    <0.001 |
|       AB_4_92         |    <0.001 |
|       AB_4_93         |    <0.001 |
|       AB_4_94         |    <0.001 |
|       AB_4_95         |    <0.001 |
|       AB_4_96         |    <0.001 |
|       AB_4_97         |    <0.001 |
|       AB_4_98         |    <0.001 |
|       AB_4_99         |    <0.001 |
|   S1S2gen             |     0.016 |
|     mul               |     0.006 |
|   SHA3                |     0.305 |
|     f_permutation_    |     0.301 |
|     padder_           |     0.003 |
|   ctrl_top            |    <0.001 |
|   gf2mz               |     0.382 |
|     ctrl              |     0.050 |
|     mul00             |     0.018 |
|     mul01             |     0.013 |
|     mul02             |     0.024 |
|     mul03             |     0.016 |
|     mul04             |     0.012 |
|     mul10             |     0.017 |
|     mul11             |     0.006 |
|     mul12             |     0.024 |
|     mul13             |     0.006 |
|     mul14             |     0.006 |
|     mul20             |     0.017 |
|     mul21             |     0.015 |
|     mul22             |     0.023 |
|     mul23             |     0.005 |
|     mul24             |     0.006 |
|     mul30             |     0.014 |
|     mul31             |     0.011 |
|     mul32             |     0.021 |
|     mul33             |     0.007 |
|     mul34             |     0.008 |
|     mul40             |     0.013 |
|     mul41             |     0.012 |
|     mul42             |     0.014 |
|     mul43             |     0.006 |
|     mul44             |     0.006 |
|   mem_S               |     0.040 |
|   mem_S1S2            |     0.019 |
|   mem_c               |     0.046 |
|   mem_finv            |     0.002 |
|     mem_reg_0_1_0_0   |    <0.001 |
|     mem_reg_0_1_10_10 |    <0.001 |
|     mem_reg_0_1_11_11 |    <0.001 |
|     mem_reg_0_1_12_12 |    <0.001 |
|     mem_reg_0_1_13_13 |    <0.001 |
|     mem_reg_0_1_14_14 |    <0.001 |
|     mem_reg_0_1_15_15 |    <0.001 |
|     mem_reg_0_1_16_16 |    <0.001 |
|     mem_reg_0_1_17_17 |    <0.001 |
|     mem_reg_0_1_18_18 |    <0.001 |
|     mem_reg_0_1_19_19 |    <0.001 |
|     mem_reg_0_1_1_1   |    <0.001 |
|     mem_reg_0_1_20_20 |    <0.001 |
|     mem_reg_0_1_21_21 |    <0.001 |
|     mem_reg_0_1_22_22 |    <0.001 |
|     mem_reg_0_1_23_23 |    <0.001 |
|     mem_reg_0_1_24_24 |    <0.001 |
|     mem_reg_0_1_25_25 |    <0.001 |
|     mem_reg_0_1_26_26 |    <0.001 |
|     mem_reg_0_1_27_27 |    <0.001 |
|     mem_reg_0_1_28_28 |    <0.001 |
|     mem_reg_0_1_29_29 |    <0.001 |
|     mem_reg_0_1_2_2   |    <0.001 |
|     mem_reg_0_1_30_30 |    <0.001 |
|     mem_reg_0_1_31_31 |    <0.001 |
|     mem_reg_0_1_32_32 |    <0.001 |
|     mem_reg_0_1_33_33 |    <0.001 |
|     mem_reg_0_1_34_34 |    <0.001 |
|     mem_reg_0_1_35_35 |    <0.001 |
|     mem_reg_0_1_36_36 |    <0.001 |
|     mem_reg_0_1_37_37 |    <0.001 |
|     mem_reg_0_1_38_38 |    <0.001 |
|     mem_reg_0_1_39_39 |    <0.001 |
|     mem_reg_0_1_3_3   |    <0.001 |
|     mem_reg_0_1_40_40 |    <0.001 |
|     mem_reg_0_1_41_41 |    <0.001 |
|     mem_reg_0_1_42_42 |    <0.001 |
|     mem_reg_0_1_43_43 |    <0.001 |
|     mem_reg_0_1_44_44 |    <0.001 |
|     mem_reg_0_1_45_45 |    <0.001 |
|     mem_reg_0_1_46_46 |    <0.001 |
|     mem_reg_0_1_47_47 |    <0.001 |
|     mem_reg_0_1_48_48 |    <0.001 |
|     mem_reg_0_1_49_49 |    <0.001 |
|     mem_reg_0_1_4_4   |    <0.001 |
|     mem_reg_0_1_50_50 |    <0.001 |
|     mem_reg_0_1_51_51 |    <0.001 |
|     mem_reg_0_1_52_52 |    <0.001 |
|     mem_reg_0_1_53_53 |    <0.001 |
|     mem_reg_0_1_54_54 |    <0.001 |
|     mem_reg_0_1_55_55 |    <0.001 |
|     mem_reg_0_1_56_56 |    <0.001 |
|     mem_reg_0_1_57_57 |    <0.001 |
|     mem_reg_0_1_58_58 |    <0.001 |
|     mem_reg_0_1_59_59 |    <0.001 |
|     mem_reg_0_1_5_5   |    <0.001 |
|     mem_reg_0_1_60_60 |    <0.001 |
|     mem_reg_0_1_61_61 |    <0.001 |
|     mem_reg_0_1_62_62 |    <0.001 |
|     mem_reg_0_1_63_63 |    <0.001 |
|     mem_reg_0_1_64_64 |    <0.001 |
|     mem_reg_0_1_65_65 |    <0.001 |
|     mem_reg_0_1_66_66 |    <0.001 |
|     mem_reg_0_1_67_67 |    <0.001 |
|     mem_reg_0_1_68_68 |    <0.001 |
|     mem_reg_0_1_69_69 |    <0.001 |
|     mem_reg_0_1_6_6   |    <0.001 |
|     mem_reg_0_1_70_70 |    <0.001 |
|     mem_reg_0_1_71_71 |    <0.001 |
|     mem_reg_0_1_72_72 |    <0.001 |
|     mem_reg_0_1_73_73 |    <0.001 |
|     mem_reg_0_1_74_74 |    <0.001 |
|     mem_reg_0_1_75_75 |    <0.001 |
|     mem_reg_0_1_76_76 |    <0.001 |
|     mem_reg_0_1_77_77 |    <0.001 |
|     mem_reg_0_1_78_78 |    <0.001 |
|     mem_reg_0_1_7_7   |    <0.001 |
|     mem_reg_0_1_8_8   |    <0.001 |
|     mem_reg_0_1_9_9   |    <0.001 |
|   mem_x               |     0.094 |
+-----------------------+-----------+


