
*** Running vivado
    with args -log decrypt_top.vdi -applog -m64 -product Vivado -messageDb vivado.pb -mode batch -source decrypt_top.tcl -notrace


****** Vivado v2018.1 (64-bit)
  **** SW Build 2188600 on Wed Apr  4 18:40:38 MDT 2018
  **** IP Build 2185939 on Wed Apr  4 20:55:05 MDT 2018
    ** Copyright 1986-2018 Xilinx, Inc. All Rights Reserved.

source decrypt_top.tcl -notrace
Command: link_design -top decrypt_top -part xc7a200tsbg484-1
Design is defaulting to srcset: sources_1
Design is defaulting to constrset: constrs_1
INFO: [Netlist 29-17] Analyzing 135 Unisim elements for replacement
INFO: [Netlist 29-28] Unisim Transformation completed in 0 CPU seconds
INFO: [Project 1-479] Netlist was created with Vivado 2018.1
INFO: [Device 21-403] Loading part xc7a200tsbg484-1
INFO: [Project 1-570] Preparing netlist for logic optimization
Parsing XDC File [C:/Users/David/Dropbox/LRPC Code/hardware/ROLLO Decrypt/ROLLO-I-Decrypt/ROLLO-I-Decrypt.srcs/constrs_1/new/usr_constrain.xdc]
Finished Parsing XDC File [C:/Users/David/Dropbox/LRPC Code/hardware/ROLLO Decrypt/ROLLO-I-Decrypt/ROLLO-I-Decrypt.srcs/constrs_1/new/usr_constrain.xdc]
INFO: [Opt 31-138] Pushed 0 inverter(s) to 0 load pin(s).
INFO: [Project 1-111] Unisim Transformation Summary:
  A total of 79 instances were transformed.
  RAM16X1S => RAM32X1S (RAMS32): 79 instances

7 Infos, 0 Warnings, 0 Critical Warnings and 0 Errors encountered.
link_design completed successfully
link_design: Time (s): cpu = 00:00:12 ; elapsed = 00:00:26 . Memory (MB): peak = 774.727 ; gain = 469.348
Command: opt_design
Attempting to get a license for feature 'Implementation' and/or device 'xc7a200t'
INFO: [Common 17-349] Got license for feature 'Implementation' and/or device 'xc7a200t'
Running DRC as a precondition to command opt_design

Starting DRC Task
INFO: [DRC 23-27] Running DRC with 2 threads
INFO: [Project 1-461] DRC finished with 0 Errors
INFO: [Project 1-462] Please refer to the DRC report (report_drc) for more information.

Time (s): cpu = 00:00:01 ; elapsed = 00:00:00.729 . Memory (MB): peak = 776.102 ; gain = 1.375
INFO: [Timing 38-35] Done setting XDC timing constraints.

Starting Logic Optimization Task

Phase 1 Retarget
INFO: [Opt 31-138] Pushed 0 inverter(s) to 0 load pin(s).
INFO: [Opt 31-49] Retargeted 0 cell(s).
Phase 1 Retarget | Checksum: 1bb066f12

Time (s): cpu = 00:00:03 ; elapsed = 00:00:02 . Memory (MB): peak = 1389.195 ; gain = 0.000
INFO: [Opt 31-389] Phase Retarget created 0 cells and removed 0 cells

Phase 2 Constant propagation
INFO: [Opt 31-138] Pushed 0 inverter(s) to 0 load pin(s).
Phase 2 Constant propagation | Checksum: 1bb066f12

Time (s): cpu = 00:00:04 ; elapsed = 00:00:03 . Memory (MB): peak = 1389.195 ; gain = 0.000
INFO: [Opt 31-389] Phase Constant propagation created 0 cells and removed 0 cells

Phase 3 Sweep
Phase 3 Sweep | Checksum: 1c1047394

Time (s): cpu = 00:00:04 ; elapsed = 00:00:04 . Memory (MB): peak = 1389.195 ; gain = 0.000
INFO: [Opt 31-389] Phase Sweep created 0 cells and removed 0 cells

Phase 4 BUFG optimization
Phase 4 BUFG optimization | Checksum: 1c1047394

Time (s): cpu = 00:00:05 ; elapsed = 00:00:04 . Memory (MB): peak = 1389.195 ; gain = 0.000
INFO: [Opt 31-389] Phase BUFG optimization created 0 cells and removed 0 cells

Phase 5 Shift Register Optimization
Phase 5 Shift Register Optimization | Checksum: 1a2be20c5

Time (s): cpu = 00:00:05 ; elapsed = 00:00:05 . Memory (MB): peak = 1389.195 ; gain = 0.000
INFO: [Opt 31-389] Phase Shift Register Optimization created 0 cells and removed 0 cells

Phase 6 Post Processing Netlist
Phase 6 Post Processing Netlist | Checksum: 19e44195d

Time (s): cpu = 00:00:06 ; elapsed = 00:00:05 . Memory (MB): peak = 1389.195 ; gain = 0.000
INFO: [Opt 31-389] Phase Post Processing Netlist created 0 cells and removed 0 cells

Starting Connectivity Check Task

Time (s): cpu = 00:00:00 ; elapsed = 00:00:00.117 . Memory (MB): peak = 1389.195 ; gain = 0.000
Ending Logic Optimization Task | Checksum: 19e44195d

Time (s): cpu = 00:00:06 ; elapsed = 00:00:05 . Memory (MB): peak = 1389.195 ; gain = 0.000

Starting Power Optimization Task
INFO: [Pwropt 34-132] Skipping clock gating for clocks with a period < 2.00 ns.
INFO: [Timing 38-35] Done setting XDC timing constraints.
INFO: [Pwropt 34-9] Applying IDT optimizations ...
INFO: [Pwropt 34-10] Applying ODC optimizations ...
INFO: [Physopt 32-619] Estimated Timing Summary | WNS=0.146 | TNS=0.000 |
Running Vector-less Activity Propagation...

Finished Running Vector-less Activity Propagation


Starting PowerOpt Patch Enables Task
INFO: [Pwropt 34-162] WRITE_MODE attribute of 0 BRAM(s) out of a total of 38 has been updated to save power. Run report_power_opt to get a complete listing of the BRAMs updated.
INFO: [Pwropt 34-201] Structural ODC has moved 0 WE to EN ports
Number of BRAM Ports augmented: 0 newly gated: 0 Total Ports: 76
Ending PowerOpt Patch Enables Task | Checksum: 6729cefc

Time (s): cpu = 00:00:00 ; elapsed = 00:00:00.202 . Memory (MB): peak = 1787.848 ; gain = 0.000
Ending Power Optimization Task | Checksum: 6729cefc

Time (s): cpu = 00:00:22 ; elapsed = 00:00:11 . Memory (MB): peak = 1787.848 ; gain = 398.652
INFO: [Common 17-83] Releasing license: Implementation
29 Infos, 0 Warnings, 0 Critical Warnings and 0 Errors encountered.
opt_design completed successfully
opt_design: Time (s): cpu = 00:00:42 ; elapsed = 00:00:32 . Memory (MB): peak = 1787.848 ; gain = 1013.121
INFO: [Timing 38-480] Writing timing data to binary archive.
INFO: [Common 17-1381] The checkpoint 'C:/Users/David/Dropbox/LRPC Code/hardware/ROLLO Decrypt/ROLLO-I-Decrypt/ROLLO-I-Decrypt.runs/impl_1/decrypt_top_opt.dcp' has been generated.
write_checkpoint: Time (s): cpu = 00:00:07 ; elapsed = 00:00:06 . Memory (MB): peak = 1787.848 ; gain = 0.000
INFO: [runtcl-4] Executing : report_drc -file decrypt_top_drc_opted.rpt -pb decrypt_top_drc_opted.pb -rpx decrypt_top_drc_opted.rpx
Command: report_drc -file decrypt_top_drc_opted.rpt -pb decrypt_top_drc_opted.pb -rpx decrypt_top_drc_opted.rpx
INFO: [IP_Flow 19-234] Refreshing IP repositories
INFO: [IP_Flow 19-1704] No user IP repositories specified
INFO: [IP_Flow 19-2313] Loaded Vivado IP repository 'F:/Xilinx/Vivado/2018.1/data/ip'.
INFO: [DRC 23-27] Running DRC with 2 threads
INFO: [Coretcl 2-168] The results of DRC are in file C:/Users/David/Dropbox/LRPC Code/hardware/ROLLO Decrypt/ROLLO-I-Decrypt/ROLLO-I-Decrypt.runs/impl_1/decrypt_top_drc_opted.rpt.
report_drc completed successfully
report_drc: Time (s): cpu = 00:00:06 ; elapsed = 00:00:05 . Memory (MB): peak = 1787.848 ; gain = 0.000
Command: place_design
Attempting to get a license for feature 'Implementation' and/or device 'xc7a200t'
INFO: [Common 17-349] Got license for feature 'Implementation' and/or device 'xc7a200t'
INFO: [DRC 23-27] Running DRC with 2 threads
INFO: [Vivado_Tcl 4-198] DRC finished with 0 Errors
INFO: [Vivado_Tcl 4-199] Please refer to the DRC report (report_drc) for more information.
Running DRC as a precondition to command place_design
INFO: [DRC 23-27] Running DRC with 2 threads
INFO: [Vivado_Tcl 4-198] DRC finished with 0 Errors
INFO: [Vivado_Tcl 4-199] Please refer to the DRC report (report_drc) for more information.

Starting Placer Task
INFO: [Place 30-611] Multithreading enabled for place_design using a maximum of 2 CPUs

Phase 1 Placer Initialization

Phase 1.1 Placer Initialization Netlist Sorting
Netlist sorting complete. Time (s): cpu = 00:00:00 ; elapsed = 00:00:00.034 . Memory (MB): peak = 1787.848 ; gain = 0.000
Phase 1.1 Placer Initialization Netlist Sorting | Checksum: 39fbbed5

Time (s): cpu = 00:00:00 ; elapsed = 00:00:00.046 . Memory (MB): peak = 1787.848 ; gain = 0.000
INFO: [Timing 38-35] Done setting XDC timing constraints.
INFO: [Opt 31-138] Pushed 0 inverter(s) to 0 load pin(s).
Netlist sorting complete. Time (s): cpu = 00:00:00 ; elapsed = 00:00:00.034 . Memory (MB): peak = 1787.848 ; gain = 0.000

Phase 1.2 IO Placement/ Clock Placement/ Build Placer Device
INFO: [Timing 38-35] Done setting XDC timing constraints.
Phase 1.2 IO Placement/ Clock Placement/ Build Placer Device | Checksum: 10bba7719

Time (s): cpu = 00:00:10 ; elapsed = 00:00:08 . Memory (MB): peak = 1787.848 ; gain = 0.000

Phase 1.3 Build Placer Netlist Model
Phase 1.3 Build Placer Netlist Model | Checksum: 17e29e272

Time (s): cpu = 00:00:20 ; elapsed = 00:00:15 . Memory (MB): peak = 1787.848 ; gain = 0.000

Phase 1.4 Constrain Clocks/Macros
Phase 1.4 Constrain Clocks/Macros | Checksum: 17e29e272

Time (s): cpu = 00:00:20 ; elapsed = 00:00:15 . Memory (MB): peak = 1787.848 ; gain = 0.000
Phase 1 Placer Initialization | Checksum: 17e29e272

Time (s): cpu = 00:00:20 ; elapsed = 00:00:15 . Memory (MB): peak = 1787.848 ; gain = 0.000

Phase 2 Global Placement
Phase 2 Global Placement | Checksum: 211ddab1c

Time (s): cpu = 00:01:15 ; elapsed = 00:00:46 . Memory (MB): peak = 1787.848 ; gain = 0.000

Phase 3 Detail Placement

Phase 3.1 Commit Multi Column Macros
Phase 3.1 Commit Multi Column Macros | Checksum: 211ddab1c

Time (s): cpu = 00:01:16 ; elapsed = 00:00:46 . Memory (MB): peak = 1787.848 ; gain = 0.000

Phase 3.2 Commit Most Macros & LUTRAMs
Phase 3.2 Commit Most Macros & LUTRAMs | Checksum: 232f8cab7

Time (s): cpu = 00:01:25 ; elapsed = 00:00:52 . Memory (MB): peak = 1787.848 ; gain = 0.000

Phase 3.3 Area Swap Optimization
Phase 3.3 Area Swap Optimization | Checksum: 1c77cd002

Time (s): cpu = 00:01:26 ; elapsed = 00:00:52 . Memory (MB): peak = 1787.848 ; gain = 0.000

Phase 3.4 Pipeline Register Optimization
Phase 3.4 Pipeline Register Optimization | Checksum: 1bb6ab9e4

Time (s): cpu = 00:01:26 ; elapsed = 00:00:52 . Memory (MB): peak = 1787.848 ; gain = 0.000

Phase 3.5 Timing Path Optimizer
Phase 3.5 Timing Path Optimizer | Checksum: 1bb6ab9e4

Time (s): cpu = 00:01:26 ; elapsed = 00:00:53 . Memory (MB): peak = 1787.848 ; gain = 0.000

Phase 3.6 Fast Optimization
Phase 3.6 Fast Optimization | Checksum: 16b6a9a61

Time (s): cpu = 00:01:26 ; elapsed = 00:00:53 . Memory (MB): peak = 1787.848 ; gain = 0.000

Phase 3.7 Small Shape Detail Placement
Phase 3.7 Small Shape Detail Placement | Checksum: 22c5d1c8f

Time (s): cpu = 00:01:45 ; elapsed = 00:01:11 . Memory (MB): peak = 1787.848 ; gain = 0.000

Phase 3.8 Re-assign LUT pins
Phase 3.8 Re-assign LUT pins | Checksum: 16cef1873

Time (s): cpu = 00:01:47 ; elapsed = 00:01:14 . Memory (MB): peak = 1787.848 ; gain = 0.000

Phase 3.9 Pipeline Register Optimization
Phase 3.9 Pipeline Register Optimization | Checksum: 16cef1873

Time (s): cpu = 00:01:48 ; elapsed = 00:01:14 . Memory (MB): peak = 1787.848 ; gain = 0.000
Phase 3 Detail Placement | Checksum: 16cef1873

Time (s): cpu = 00:01:48 ; elapsed = 00:01:14 . Memory (MB): peak = 1787.848 ; gain = 0.000

Phase 4 Post Placement Optimization and Clean-Up

Phase 4.1 Post Commit Optimization
INFO: [Timing 38-35] Done setting XDC timing constraints.

Phase 4.1.1 Post Placement Optimization
Post Placement Optimization Initialization | Checksum: 15b6e46ed

Phase 4.1.1.1 BUFG Insertion
INFO: [Physopt 32-721] Multithreading enabled for phys_opt_design using a maximum of 2 CPUs
INFO: [Place 46-33] Processed net RSR/CTRL/SR[0], BUFG insertion was skipped due to placement/routing conflicts.
INFO: [Place 46-33] Processed net gf2mz/ctrl/E[0], BUFG insertion was skipped due to placement/routing conflicts.
INFO: [Place 46-33] Processed net gf2mz/ctrl/SR[0], BUFG insertion was skipped due to placement/routing conflicts.
INFO: [Place 46-33] Processed net SHA3/f_permutation_/update, BUFG insertion was skipped due to placement/routing conflicts.
INFO: [Place 46-31] BUFG insertion identified 4 candidate nets, 0 success, 4 skipped for placement/routing, 0 skipped for timing, 0 skipped for netlist change reason.
Phase 4.1.1.1 BUFG Insertion | Checksum: 15b6e46ed

Time (s): cpu = 00:02:00 ; elapsed = 00:01:22 . Memory (MB): peak = 1787.848 ; gain = 0.000
INFO: [Place 30-746] Post Placement Timing Summary WNS=0.500. For the most accurate timing information please run report_timing.
Phase 4.1.1 Post Placement Optimization | Checksum: 24c63fae6

Time (s): cpu = 00:02:27 ; elapsed = 00:01:52 . Memory (MB): peak = 1787.848 ; gain = 0.000
Phase 4.1 Post Commit Optimization | Checksum: 24c63fae6

Time (s): cpu = 00:02:28 ; elapsed = 00:01:52 . Memory (MB): peak = 1787.848 ; gain = 0.000

Phase 4.2 Post Placement Cleanup
Phase 4.2 Post Placement Cleanup | Checksum: 24c63fae6

Time (s): cpu = 00:02:28 ; elapsed = 00:01:52 . Memory (MB): peak = 1787.848 ; gain = 0.000

Phase 4.3 Placer Reporting
Phase 4.3 Placer Reporting | Checksum: 24c63fae6

Time (s): cpu = 00:02:29 ; elapsed = 00:01:53 . Memory (MB): peak = 1787.848 ; gain = 0.000

Phase 4.4 Final Placement Cleanup
Phase 4.4 Final Placement Cleanup | Checksum: 254e0a6f8

Time (s): cpu = 00:02:29 ; elapsed = 00:01:53 . Memory (MB): peak = 1787.848 ; gain = 0.000
Phase 4 Post Placement Optimization and Clean-Up | Checksum: 254e0a6f8

Time (s): cpu = 00:02:29 ; elapsed = 00:01:53 . Memory (MB): peak = 1787.848 ; gain = 0.000
Ending Placer Task | Checksum: 171bb7256

Time (s): cpu = 00:02:29 ; elapsed = 00:01:53 . Memory (MB): peak = 1787.848 ; gain = 0.000
INFO: [Common 17-83] Releasing license: Implementation
57 Infos, 0 Warnings, 0 Critical Warnings and 0 Errors encountered.
place_design completed successfully
place_design: Time (s): cpu = 00:02:32 ; elapsed = 00:01:55 . Memory (MB): peak = 1787.848 ; gain = 0.000
INFO: [Timing 38-480] Writing timing data to binary archive.
Writing placer database...
Writing XDEF routing.
Writing XDEF routing logical nets.
Writing XDEF routing special nets.
Write XDEF Complete: Time (s): cpu = 00:00:08 ; elapsed = 00:00:03 . Memory (MB): peak = 1787.848 ; gain = 0.000
INFO: [Common 17-1381] The checkpoint 'C:/Users/David/Dropbox/LRPC Code/hardware/ROLLO Decrypt/ROLLO-I-Decrypt/ROLLO-I-Decrypt.runs/impl_1/decrypt_top_placed.dcp' has been generated.
write_checkpoint: Time (s): cpu = 00:00:11 ; elapsed = 00:00:06 . Memory (MB): peak = 1787.848 ; gain = 0.000
INFO: [runtcl-4] Executing : report_io -file decrypt_top_io_placed.rpt
report_io: Time (s): cpu = 00:00:00 ; elapsed = 00:00:00.058 . Memory (MB): peak = 1787.848 ; gain = 0.000
INFO: [runtcl-4] Executing : report_utilization -file decrypt_top_utilization_placed.rpt -pb decrypt_top_utilization_placed.pb
report_utilization: Time (s): cpu = 00:00:00 ; elapsed = 00:00:00.383 . Memory (MB): peak = 1787.848 ; gain = 0.000
INFO: [runtcl-4] Executing : report_control_sets -verbose -file decrypt_top_control_sets_placed.rpt
report_control_sets: Time (s): cpu = 00:00:00 ; elapsed = 00:00:00.091 . Memory (MB): peak = 1787.848 ; gain = 0.000
Command: route_design
Attempting to get a license for feature 'Implementation' and/or device 'xc7a200t'
INFO: [Common 17-349] Got license for feature 'Implementation' and/or device 'xc7a200t'
Running DRC as a precondition to command route_design
INFO: [DRC 23-27] Running DRC with 2 threads
INFO: [Vivado_Tcl 4-198] DRC finished with 0 Errors
INFO: [Vivado_Tcl 4-199] Please refer to the DRC report (report_drc) for more information.


Starting Routing Task
INFO: [Route 35-254] Multithreading enabled for route_design using a maximum of 2 CPUs
Checksum: PlaceDB: 8afb87a5 ConstDB: 0 ShapeSum: e6bfeab1 RouteDB: 0

Phase 1 Build RT Design
Phase 1 Build RT Design | Checksum: 602d54d5

Time (s): cpu = 00:01:06 ; elapsed = 00:00:56 . Memory (MB): peak = 1856.363 ; gain = 68.516
Post Restoration Checksum: NetGraph: 3e5639e7 NumContArr: 21d71aee Constraints: 0 Timing: 0

Phase 2 Router Initialization

Phase 2.1 Create Timer
Phase 2.1 Create Timer | Checksum: 602d54d5

Time (s): cpu = 00:01:07 ; elapsed = 00:00:56 . Memory (MB): peak = 1856.363 ; gain = 68.516

Phase 2.2 Fix Topology Constraints
Phase 2.2 Fix Topology Constraints | Checksum: 602d54d5

Time (s): cpu = 00:01:07 ; elapsed = 00:00:57 . Memory (MB): peak = 1863.121 ; gain = 75.273

Phase 2.3 Pre Route Cleanup
Phase 2.3 Pre Route Cleanup | Checksum: 602d54d5

Time (s): cpu = 00:01:07 ; elapsed = 00:00:57 . Memory (MB): peak = 1863.121 ; gain = 75.273
 Number of Nodes with overlaps = 0

Phase 2.4 Update Timing
Phase 2.4 Update Timing | Checksum: d9b3aea5

Time (s): cpu = 00:01:21 ; elapsed = 00:01:05 . Memory (MB): peak = 1938.191 ; gain = 150.344
INFO: [Route 35-416] Intermediate Timing Summary | WNS=0.430  | TNS=0.000  | WHS=-0.226 | THS=-385.924|

Phase 2 Router Initialization | Checksum: a232e83f

Time (s): cpu = 00:01:27 ; elapsed = 00:01:09 . Memory (MB): peak = 1938.191 ; gain = 150.344

Phase 3 Initial Routing
Phase 3 Initial Routing | Checksum: 106b24c84

Time (s): cpu = 00:01:40 ; elapsed = 00:01:17 . Memory (MB): peak = 1962.926 ; gain = 175.078

Phase 4 Rip-up And Reroute

Phase 4.1 Global Iteration 0
 Number of Nodes with overlaps = 18110
 Number of Nodes with overlaps = 4842
 Number of Nodes with overlaps = 1643
 Number of Nodes with overlaps = 544
 Number of Nodes with overlaps = 172
 Number of Nodes with overlaps = 51
 Number of Nodes with overlaps = 21
 Number of Nodes with overlaps = 5
 Number of Nodes with overlaps = 2
 Number of Nodes with overlaps = 2
 Number of Nodes with overlaps = 1
 Number of Nodes with overlaps = 1
 Number of Nodes with overlaps = 1
 Number of Nodes with overlaps = 1
 Number of Nodes with overlaps = 0
INFO: [Route 35-416] Intermediate Timing Summary | WNS=0.106  | TNS=0.000  | WHS=N/A    | THS=N/A    |

Phase 4.1 Global Iteration 0 | Checksum: 1280b714e

Time (s): cpu = 00:03:52 ; elapsed = 00:02:30 . Memory (MB): peak = 1962.926 ; gain = 175.078

Phase 4.2 Global Iteration 1
 Number of Nodes with overlaps = 9
 Number of Nodes with overlaps = 7
 Number of Nodes with overlaps = 3
 Number of Nodes with overlaps = 1
 Number of Nodes with overlaps = 2
 Number of Nodes with overlaps = 1
 Number of Nodes with overlaps = 1
 Number of Nodes with overlaps = 4
 Number of Nodes with overlaps = 1
 Number of Nodes with overlaps = 0
INFO: [Route 35-416] Intermediate Timing Summary | WNS=0.106  | TNS=0.000  | WHS=N/A    | THS=N/A    |

Phase 4.2 Global Iteration 1 | Checksum: 2c54b5813

Time (s): cpu = 00:04:03 ; elapsed = 00:02:39 . Memory (MB): peak = 1962.926 ; gain = 175.078
Phase 4 Rip-up And Reroute | Checksum: 2c54b5813

Time (s): cpu = 00:04:03 ; elapsed = 00:02:39 . Memory (MB): peak = 1962.926 ; gain = 175.078

Phase 5 Delay and Skew Optimization

Phase 5.1 Delay CleanUp

Phase 5.1.1 Update Timing
Phase 5.1.1 Update Timing | Checksum: 26a401c95

Time (s): cpu = 00:04:05 ; elapsed = 00:02:40 . Memory (MB): peak = 1962.926 ; gain = 175.078
INFO: [Route 35-416] Intermediate Timing Summary | WNS=0.122  | TNS=0.000  | WHS=N/A    | THS=N/A    |

Phase 5.1 Delay CleanUp | Checksum: 26a401c95

Time (s): cpu = 00:04:05 ; elapsed = 00:02:40 . Memory (MB): peak = 1962.926 ; gain = 175.078

Phase 5.2 Clock Skew Optimization
Phase 5.2 Clock Skew Optimization | Checksum: 26a401c95

Time (s): cpu = 00:04:05 ; elapsed = 00:02:40 . Memory (MB): peak = 1962.926 ; gain = 175.078
Phase 5 Delay and Skew Optimization | Checksum: 26a401c95

Time (s): cpu = 00:04:05 ; elapsed = 00:02:40 . Memory (MB): peak = 1962.926 ; gain = 175.078

Phase 6 Post Hold Fix

Phase 6.1 Hold Fix Iter

Phase 6.1.1 Update Timing
Phase 6.1.1 Update Timing | Checksum: 2d7478b35

Time (s): cpu = 00:04:07 ; elapsed = 00:02:42 . Memory (MB): peak = 1962.926 ; gain = 175.078
INFO: [Route 35-416] Intermediate Timing Summary | WNS=0.122  | TNS=0.000  | WHS=0.018  | THS=0.000  |

Phase 6.1 Hold Fix Iter | Checksum: 246f742d9

Time (s): cpu = 00:04:08 ; elapsed = 00:02:42 . Memory (MB): peak = 1962.926 ; gain = 175.078
Phase 6 Post Hold Fix | Checksum: 246f742d9

Time (s): cpu = 00:04:08 ; elapsed = 00:02:42 . Memory (MB): peak = 1962.926 ; gain = 175.078

Phase 7 Route finalize

Router Utilization Summary
  Global Vertical Routing Utilization    = 5.60449 %
  Global Horizontal Routing Utilization  = 7.65129 %
  Routable Net Status*
  *Does not include unroutable nets such as driverless and loadless.
  Run report_route_status for detailed report.
  Number of Failed Nets               = 0
  Number of Unrouted Nets             = 0
  Number of Partially Routed Nets     = 0
  Number of Node Overlaps             = 0

Phase 7 Route finalize | Checksum: 20012a2bf

Time (s): cpu = 00:04:10 ; elapsed = 00:02:43 . Memory (MB): peak = 1962.926 ; gain = 175.078

Phase 8 Verifying routed nets

 Verification completed successfully
Phase 8 Verifying routed nets | Checksum: 20012a2bf

Time (s): cpu = 00:04:10 ; elapsed = 00:02:43 . Memory (MB): peak = 1962.926 ; gain = 175.078

Phase 9 Depositing Routes
Phase 9 Depositing Routes | Checksum: 16f65906f

Time (s): cpu = 00:04:14 ; elapsed = 00:02:48 . Memory (MB): peak = 1962.926 ; gain = 175.078

Phase 10 Post Router Timing
INFO: [Route 35-57] Estimated Timing Summary | WNS=0.122  | TNS=0.000  | WHS=0.018  | THS=0.000  |

INFO: [Route 35-327] The final timing numbers are based on the router estimated timing analysis. For a complete and accurate timing signoff, please run report_timing_summary.
Phase 10 Post Router Timing | Checksum: 16f65906f

Time (s): cpu = 00:04:14 ; elapsed = 00:02:48 . Memory (MB): peak = 1962.926 ; gain = 175.078
INFO: [Route 35-16] Router Completed Successfully

Time (s): cpu = 00:04:14 ; elapsed = 00:02:48 . Memory (MB): peak = 1962.926 ; gain = 175.078

Routing Is Done.
INFO: [Common 17-83] Releasing license: Implementation
76 Infos, 0 Warnings, 0 Critical Warnings and 0 Errors encountered.
route_design completed successfully
route_design: Time (s): cpu = 00:04:19 ; elapsed = 00:03:09 . Memory (MB): peak = 1962.926 ; gain = 175.078
INFO: [Timing 38-480] Writing timing data to binary archive.
Writing placer database...
Writing XDEF routing.
Writing XDEF routing logical nets.
Writing XDEF routing special nets.
Write XDEF Complete: Time (s): cpu = 00:00:09 ; elapsed = 00:00:04 . Memory (MB): peak = 1962.926 ; gain = 0.000
INFO: [Common 17-1381] The checkpoint 'C:/Users/David/Dropbox/LRPC Code/hardware/ROLLO Decrypt/ROLLO-I-Decrypt/ROLLO-I-Decrypt.runs/impl_1/decrypt_top_routed.dcp' has been generated.
write_checkpoint: Time (s): cpu = 00:00:12 ; elapsed = 00:00:07 . Memory (MB): peak = 1962.926 ; gain = 0.000
INFO: [runtcl-4] Executing : report_drc -file decrypt_top_drc_routed.rpt -pb decrypt_top_drc_routed.pb -rpx decrypt_top_drc_routed.rpx
Command: report_drc -file decrypt_top_drc_routed.rpt -pb decrypt_top_drc_routed.pb -rpx decrypt_top_drc_routed.rpx
INFO: [DRC 23-27] Running DRC with 2 threads
INFO: [Coretcl 2-168] The results of DRC are in file C:/Users/David/Dropbox/LRPC Code/hardware/ROLLO Decrypt/ROLLO-I-Decrypt/ROLLO-I-Decrypt.runs/impl_1/decrypt_top_drc_routed.rpt.
report_drc completed successfully
INFO: [runtcl-4] Executing : report_methodology -file decrypt_top_methodology_drc_routed.rpt -pb decrypt_top_methodology_drc_routed.pb -rpx decrypt_top_methodology_drc_routed.rpx
Command: report_methodology -file decrypt_top_methodology_drc_routed.rpt -pb decrypt_top_methodology_drc_routed.pb -rpx decrypt_top_methodology_drc_routed.rpx
INFO: [Timing 38-35] Done setting XDC timing constraints.
INFO: [Timing 38-35] Done setting XDC timing constraints.
INFO: [DRC 23-133] Running Methodology with 2 threads
INFO: [Coretcl 2-1520] The results of Report Methodology are in file C:/Users/David/Dropbox/LRPC Code/hardware/ROLLO Decrypt/ROLLO-I-Decrypt/ROLLO-I-Decrypt.runs/impl_1/decrypt_top_methodology_drc_routed.rpt.
report_methodology completed successfully
report_methodology: Time (s): cpu = 00:00:18 ; elapsed = 00:00:10 . Memory (MB): peak = 1980.086 ; gain = 17.160
INFO: [runtcl-4] Executing : report_power -file decrypt_top_power_routed.rpt -pb decrypt_top_power_summary_routed.pb -rpx decrypt_top_power_routed.rpx
Command: report_power -file decrypt_top_power_routed.rpt -pb decrypt_top_power_summary_routed.pb -rpx decrypt_top_power_routed.rpx
INFO: [Timing 38-35] Done setting XDC timing constraints.
Running Vector-less Activity Propagation...

Finished Running Vector-less Activity Propagation
WARNING: [Power 33-332] Found switching activity that implies high-fanout reset nets being asserted for excessive periods of time which may result in inaccurate power analysis.
Resolution: To review and fix problems, please run Power Constraints Advisor in the GUI from Tools > Power Constraints Advisor or run report_power with the -advisory option to generate a text report.
88 Infos, 1 Warnings, 0 Critical Warnings and 0 Errors encountered.
report_power completed successfully
report_power: Time (s): cpu = 00:00:18 ; elapsed = 00:00:11 . Memory (MB): peak = 2063.227 ; gain = 83.141
INFO: [runtcl-4] Executing : report_route_status -file decrypt_top_route_status.rpt -pb decrypt_top_route_status.pb
INFO: [runtcl-4] Executing : report_timing_summary -max_paths 10 -file decrypt_top_timing_summary_routed.rpt -pb decrypt_top_timing_summary_routed.pb -rpx decrypt_top_timing_summary_routed.rpx -warn_on_violation 
INFO: [Timing 38-91] UpdateTimingParams: Speed grade: -1, Delay Type: min_max, Timing Stage: Requireds.
INFO: [Timing 38-191] Multithreading enabled for timing update using a maximum of 2 CPUs
INFO: [runtcl-4] Executing : report_incremental_reuse -file decrypt_top_incremental_reuse_routed.rpt
INFO: [Vivado_Tcl 4-545] No incremental reuse to report, no incremental placement and routing data was found.
INFO: [runtcl-4] Executing : report_clock_utilization -file decrypt_top_clock_utilization_routed.rpt
INFO: [runtcl-4] Executing : report_bus_skew -warn_on_violation -file route_report_bus_skew_0.rpt -rpx route_report_bus_skew_0.rpx
INFO: [Timing 38-91] UpdateTimingParams: Speed grade: -1, Delay Type: min_max, Timing Stage: Requireds.
INFO: [Timing 38-191] Multithreading enabled for timing update using a maximum of 2 CPUs
INFO: [Common 17-206] Exiting Vivado at Tue Sep 22 14:01:30 2020...
