
*** Running vivado
    with args -log GF2m_mul_digit_penta.vds -m64 -product Vivado -mode batch -messageDb vivado.pb -notrace -source GF2m_mul_digit_penta.tcl


****** Vivado v2018.1 (64-bit)
  **** SW Build 2188600 on Wed Apr  4 18:40:38 MDT 2018
  **** IP Build 2185939 on Wed Apr  4 20:55:05 MDT 2018
    ** Copyright 1986-2018 Xilinx, Inc. All Rights Reserved.

source GF2m_mul_digit_penta.tcl -notrace
Command: synth_design -top GF2m_mul_digit_penta -part xc7a200tfbg676-1
Starting synth_design
Attempting to get a license for feature 'Synthesis' and/or device 'xc7a200t'
INFO: [Common 17-349] Got license for feature 'Synthesis' and/or device 'xc7a200t'
INFO: Launching helper process for spawning children vivado processes
INFO: Helper process launched with PID 22200 
WARNING: [Synth 8-2507] parameter declaration becomes local in GF2m_mul_digit_penta with formal parameter declaration list [C:/Users/David/Dropbox/ROLLO/hardware/GF2m Arithmetic/GF2m_multiplier/GF2m_multiplier.srcs/sources_1/new/GF2m_mul_digit_penta.v:15]
WARNING: [Synth 8-2507] parameter declaration becomes local in GF2m_mul_digit_penta with formal parameter declaration list [C:/Users/David/Dropbox/ROLLO/hardware/GF2m Arithmetic/GF2m_multiplier/GF2m_multiplier.srcs/sources_1/new/GF2m_mul_digit_penta.v:16]
---------------------------------------------------------------------------------
Starting RTL Elaboration : Time (s): cpu = 00:00:05 ; elapsed = 00:00:05 . Memory (MB): peak = 422.516 ; gain = 109.918
---------------------------------------------------------------------------------
INFO: [Synth 8-6157] synthesizing module 'GF2m_mul_digit_penta' [C:/Users/David/Dropbox/ROLLO/hardware/GF2m Arithmetic/GF2m_multiplier/GF2m_multiplier.srcs/sources_1/new/GF2m_mul_digit_penta.v:5]
	Parameter WIDTH bound to: 67 - type: integer 
	Parameter k3 bound to: 5 - type: integer 
	Parameter k2 bound to: 2 - type: integer 
	Parameter k1 bound to: 1 - type: integer 
	Parameter d bound to: 64 - type: integer 
	Parameter DIGIT_N bound to: 2 - type: integer 
	Parameter WIDTH_A bound to: 128 - type: integer 
INFO: [Synth 8-6157] synthesizing module 'shift_x_by_i' [C:/Users/David/Dropbox/ROLLO/hardware/GF2m Arithmetic/GF2m_multiplier/GF2m_multiplier.srcs/sources_1/new/GF2m_mul_digit_penta.v:891]
	Parameter WIDTH bound to: 67 - type: integer 
	Parameter k3 bound to: 5 - type: integer 
	Parameter k2 bound to: 2 - type: integer 
	Parameter k1 bound to: 1 - type: integer 
	Parameter i bound to: 1 - type: integer 
ERROR: [Synth 8-523] part-select [3:5] does not match declaration [C:/Users/David/Dropbox/ROLLO/hardware/GF2m Arithmetic/GF2m_multiplier/GF2m_multiplier.srcs/sources_1/new/GF2m_mul_digit_penta.v:902]
ERROR: [Synth 8-6156] failed synthesizing module 'shift_x_by_i' [C:/Users/David/Dropbox/ROLLO/hardware/GF2m Arithmetic/GF2m_multiplier/GF2m_multiplier.srcs/sources_1/new/GF2m_mul_digit_penta.v:891]
ERROR: [Synth 8-476] no matching instance 'shift_64' for defparam [C:/Users/David/Dropbox/ROLLO/hardware/GF2m Arithmetic/GF2m_multiplier/GF2m_multiplier.srcs/sources_1/new/GF2m_mul_digit_penta.v:881]
ERROR: [Synth 8-476] no matching instance 'shift_63' for defparam [C:/Users/David/Dropbox/ROLLO/hardware/GF2m Arithmetic/GF2m_multiplier/GF2m_multiplier.srcs/sources_1/new/GF2m_mul_digit_penta.v:866]
ERROR: [Synth 8-476] no matching instance 'shift_62' for defparam [C:/Users/David/Dropbox/ROLLO/hardware/GF2m Arithmetic/GF2m_multiplier/GF2m_multiplier.srcs/sources_1/new/GF2m_mul_digit_penta.v:854]
ERROR: [Synth 8-476] no matching instance 'shift_61' for defparam [C:/Users/David/Dropbox/ROLLO/hardware/GF2m Arithmetic/GF2m_multiplier/GF2m_multiplier.srcs/sources_1/new/GF2m_mul_digit_penta.v:842]
ERROR: [Synth 8-476] no matching instance 'shift_60' for defparam [C:/Users/David/Dropbox/ROLLO/hardware/GF2m Arithmetic/GF2m_multiplier/GF2m_multiplier.srcs/sources_1/new/GF2m_mul_digit_penta.v:830]
ERROR: [Synth 8-476] no matching instance 'shift_59' for defparam [C:/Users/David/Dropbox/ROLLO/hardware/GF2m Arithmetic/GF2m_multiplier/GF2m_multiplier.srcs/sources_1/new/GF2m_mul_digit_penta.v:818]
ERROR: [Synth 8-476] no matching instance 'shift_58' for defparam [C:/Users/David/Dropbox/ROLLO/hardware/GF2m Arithmetic/GF2m_multiplier/GF2m_multiplier.srcs/sources_1/new/GF2m_mul_digit_penta.v:806]
ERROR: [Synth 8-476] no matching instance 'shift_57' for defparam [C:/Users/David/Dropbox/ROLLO/hardware/GF2m Arithmetic/GF2m_multiplier/GF2m_multiplier.srcs/sources_1/new/GF2m_mul_digit_penta.v:794]
ERROR: [Synth 8-476] no matching instance 'shift_56' for defparam [C:/Users/David/Dropbox/ROLLO/hardware/GF2m Arithmetic/GF2m_multiplier/GF2m_multiplier.srcs/sources_1/new/GF2m_mul_digit_penta.v:782]
ERROR: [Synth 8-476] no matching instance 'shift_55' for defparam [C:/Users/David/Dropbox/ROLLO/hardware/GF2m Arithmetic/GF2m_multiplier/GF2m_multiplier.srcs/sources_1/new/GF2m_mul_digit_penta.v:770]
ERROR: [Synth 8-476] no matching instance 'shift_54' for defparam [C:/Users/David/Dropbox/ROLLO/hardware/GF2m Arithmetic/GF2m_multiplier/GF2m_multiplier.srcs/sources_1/new/GF2m_mul_digit_penta.v:758]
ERROR: [Synth 8-476] no matching instance 'shift_53' for defparam [C:/Users/David/Dropbox/ROLLO/hardware/GF2m Arithmetic/GF2m_multiplier/GF2m_multiplier.srcs/sources_1/new/GF2m_mul_digit_penta.v:746]
ERROR: [Synth 8-476] no matching instance 'shift_52' for defparam [C:/Users/David/Dropbox/ROLLO/hardware/GF2m Arithmetic/GF2m_multiplier/GF2m_multiplier.srcs/sources_1/new/GF2m_mul_digit_penta.v:734]
ERROR: [Synth 8-476] no matching instance 'shift_51' for defparam [C:/Users/David/Dropbox/ROLLO/hardware/GF2m Arithmetic/GF2m_multiplier/GF2m_multiplier.srcs/sources_1/new/GF2m_mul_digit_penta.v:722]
ERROR: [Synth 8-476] no matching instance 'shift_50' for defparam [C:/Users/David/Dropbox/ROLLO/hardware/GF2m Arithmetic/GF2m_multiplier/GF2m_multiplier.srcs/sources_1/new/GF2m_mul_digit_penta.v:710]
ERROR: [Synth 8-476] no matching instance 'shift_49' for defparam [C:/Users/David/Dropbox/ROLLO/hardware/GF2m Arithmetic/GF2m_multiplier/GF2m_multiplier.srcs/sources_1/new/GF2m_mul_digit_penta.v:698]
ERROR: [Synth 8-476] no matching instance 'shift_48' for defparam [C:/Users/David/Dropbox/ROLLO/hardware/GF2m Arithmetic/GF2m_multiplier/GF2m_multiplier.srcs/sources_1/new/GF2m_mul_digit_penta.v:686]
ERROR: [Synth 8-476] no matching instance 'shift_47' for defparam [C:/Users/David/Dropbox/ROLLO/hardware/GF2m Arithmetic/GF2m_multiplier/GF2m_multiplier.srcs/sources_1/new/GF2m_mul_digit_penta.v:674]
ERROR: [Synth 8-476] no matching instance 'shift_46' for defparam [C:/Users/David/Dropbox/ROLLO/hardware/GF2m Arithmetic/GF2m_multiplier/GF2m_multiplier.srcs/sources_1/new/GF2m_mul_digit_penta.v:662]
ERROR: [Synth 8-476] no matching instance 'shift_45' for defparam [C:/Users/David/Dropbox/ROLLO/hardware/GF2m Arithmetic/GF2m_multiplier/GF2m_multiplier.srcs/sources_1/new/GF2m_mul_digit_penta.v:650]
ERROR: [Synth 8-476] no matching instance 'shift_44' for defparam [C:/Users/David/Dropbox/ROLLO/hardware/GF2m Arithmetic/GF2m_multiplier/GF2m_multiplier.srcs/sources_1/new/GF2m_mul_digit_penta.v:638]
ERROR: [Synth 8-476] no matching instance 'shift_43' for defparam [C:/Users/David/Dropbox/ROLLO/hardware/GF2m Arithmetic/GF2m_multiplier/GF2m_multiplier.srcs/sources_1/new/GF2m_mul_digit_penta.v:626]
ERROR: [Synth 8-476] no matching instance 'shift_42' for defparam [C:/Users/David/Dropbox/ROLLO/hardware/GF2m Arithmetic/GF2m_multiplier/GF2m_multiplier.srcs/sources_1/new/GF2m_mul_digit_penta.v:614]
ERROR: [Synth 8-476] no matching instance 'shift_41' for defparam [C:/Users/David/Dropbox/ROLLO/hardware/GF2m Arithmetic/GF2m_multiplier/GF2m_multiplier.srcs/sources_1/new/GF2m_mul_digit_penta.v:602]
ERROR: [Synth 8-476] no matching instance 'shift_40' for defparam [C:/Users/David/Dropbox/ROLLO/hardware/GF2m Arithmetic/GF2m_multiplier/GF2m_multiplier.srcs/sources_1/new/GF2m_mul_digit_penta.v:590]
ERROR: [Synth 8-476] no matching instance 'shift_39' for defparam [C:/Users/David/Dropbox/ROLLO/hardware/GF2m Arithmetic/GF2m_multiplier/GF2m_multiplier.srcs/sources_1/new/GF2m_mul_digit_penta.v:578]
ERROR: [Synth 8-476] no matching instance 'shift_38' for defparam [C:/Users/David/Dropbox/ROLLO/hardware/GF2m Arithmetic/GF2m_multiplier/GF2m_multiplier.srcs/sources_1/new/GF2m_mul_digit_penta.v:566]
ERROR: [Synth 8-476] no matching instance 'shift_37' for defparam [C:/Users/David/Dropbox/ROLLO/hardware/GF2m Arithmetic/GF2m_multiplier/GF2m_multiplier.srcs/sources_1/new/GF2m_mul_digit_penta.v:554]
ERROR: [Synth 8-476] no matching instance 'shift_36' for defparam [C:/Users/David/Dropbox/ROLLO/hardware/GF2m Arithmetic/GF2m_multiplier/GF2m_multiplier.srcs/sources_1/new/GF2m_mul_digit_penta.v:542]
ERROR: [Synth 8-476] no matching instance 'shift_35' for defparam [C:/Users/David/Dropbox/ROLLO/hardware/GF2m Arithmetic/GF2m_multiplier/GF2m_multiplier.srcs/sources_1/new/GF2m_mul_digit_penta.v:530]
ERROR: [Synth 8-476] no matching instance 'shift_34' for defparam [C:/Users/David/Dropbox/ROLLO/hardware/GF2m Arithmetic/GF2m_multiplier/GF2m_multiplier.srcs/sources_1/new/GF2m_mul_digit_penta.v:518]
ERROR: [Synth 8-476] no matching instance 'shift_33' for defparam [C:/Users/David/Dropbox/ROLLO/hardware/GF2m Arithmetic/GF2m_multiplier/GF2m_multiplier.srcs/sources_1/new/GF2m_mul_digit_penta.v:506]
ERROR: [Synth 8-476] no matching instance 'shift_32' for defparam [C:/Users/David/Dropbox/ROLLO/hardware/GF2m Arithmetic/GF2m_multiplier/GF2m_multiplier.srcs/sources_1/new/GF2m_mul_digit_penta.v:494]
ERROR: [Synth 8-476] no matching instance 'shift_31' for defparam [C:/Users/David/Dropbox/ROLLO/hardware/GF2m Arithmetic/GF2m_multiplier/GF2m_multiplier.srcs/sources_1/new/GF2m_mul_digit_penta.v:482]
ERROR: [Synth 8-476] no matching instance 'shift_30' for defparam [C:/Users/David/Dropbox/ROLLO/hardware/GF2m Arithmetic/GF2m_multiplier/GF2m_multiplier.srcs/sources_1/new/GF2m_mul_digit_penta.v:470]
ERROR: [Synth 8-476] no matching instance 'shift_29' for defparam [C:/Users/David/Dropbox/ROLLO/hardware/GF2m Arithmetic/GF2m_multiplier/GF2m_multiplier.srcs/sources_1/new/GF2m_mul_digit_penta.v:458]
ERROR: [Synth 8-476] no matching instance 'shift_28' for defparam [C:/Users/David/Dropbox/ROLLO/hardware/GF2m Arithmetic/GF2m_multiplier/GF2m_multiplier.srcs/sources_1/new/GF2m_mul_digit_penta.v:446]
ERROR: [Synth 8-476] no matching instance 'shift_27' for defparam [C:/Users/David/Dropbox/ROLLO/hardware/GF2m Arithmetic/GF2m_multiplier/GF2m_multiplier.srcs/sources_1/new/GF2m_mul_digit_penta.v:434]
ERROR: [Synth 8-476] no matching instance 'shift_26' for defparam [C:/Users/David/Dropbox/ROLLO/hardware/GF2m Arithmetic/GF2m_multiplier/GF2m_multiplier.srcs/sources_1/new/GF2m_mul_digit_penta.v:422]
ERROR: [Synth 8-476] no matching instance 'shift_25' for defparam [C:/Users/David/Dropbox/ROLLO/hardware/GF2m Arithmetic/GF2m_multiplier/GF2m_multiplier.srcs/sources_1/new/GF2m_mul_digit_penta.v:410]
ERROR: [Synth 8-476] no matching instance 'shift_24' for defparam [C:/Users/David/Dropbox/ROLLO/hardware/GF2m Arithmetic/GF2m_multiplier/GF2m_multiplier.srcs/sources_1/new/GF2m_mul_digit_penta.v:398]
ERROR: [Synth 8-476] no matching instance 'shift_23' for defparam [C:/Users/David/Dropbox/ROLLO/hardware/GF2m Arithmetic/GF2m_multiplier/GF2m_multiplier.srcs/sources_1/new/GF2m_mul_digit_penta.v:386]
ERROR: [Synth 8-476] no matching instance 'shift_22' for defparam [C:/Users/David/Dropbox/ROLLO/hardware/GF2m Arithmetic/GF2m_multiplier/GF2m_multiplier.srcs/sources_1/new/GF2m_mul_digit_penta.v:374]
ERROR: [Synth 8-476] no matching instance 'shift_21' for defparam [C:/Users/David/Dropbox/ROLLO/hardware/GF2m Arithmetic/GF2m_multiplier/GF2m_multiplier.srcs/sources_1/new/GF2m_mul_digit_penta.v:362]
ERROR: [Synth 8-476] no matching instance 'shift_20' for defparam [C:/Users/David/Dropbox/ROLLO/hardware/GF2m Arithmetic/GF2m_multiplier/GF2m_multiplier.srcs/sources_1/new/GF2m_mul_digit_penta.v:350]
ERROR: [Synth 8-476] no matching instance 'shift_19' for defparam [C:/Users/David/Dropbox/ROLLO/hardware/GF2m Arithmetic/GF2m_multiplier/GF2m_multiplier.srcs/sources_1/new/GF2m_mul_digit_penta.v:338]
ERROR: [Synth 8-476] no matching instance 'shift_18' for defparam [C:/Users/David/Dropbox/ROLLO/hardware/GF2m Arithmetic/GF2m_multiplier/GF2m_multiplier.srcs/sources_1/new/GF2m_mul_digit_penta.v:326]
ERROR: [Synth 8-476] no matching instance 'shift_17' for defparam [C:/Users/David/Dropbox/ROLLO/hardware/GF2m Arithmetic/GF2m_multiplier/GF2m_multiplier.srcs/sources_1/new/GF2m_mul_digit_penta.v:314]
ERROR: [Synth 8-476] no matching instance 'shift_16' for defparam [C:/Users/David/Dropbox/ROLLO/hardware/GF2m Arithmetic/GF2m_multiplier/GF2m_multiplier.srcs/sources_1/new/GF2m_mul_digit_penta.v:302]
ERROR: [Synth 8-476] no matching instance 'shift_15' for defparam [C:/Users/David/Dropbox/ROLLO/hardware/GF2m Arithmetic/GF2m_multiplier/GF2m_multiplier.srcs/sources_1/new/GF2m_mul_digit_penta.v:290]
ERROR: [Synth 8-476] no matching instance 'shift_14' for defparam [C:/Users/David/Dropbox/ROLLO/hardware/GF2m Arithmetic/GF2m_multiplier/GF2m_multiplier.srcs/sources_1/new/GF2m_mul_digit_penta.v:278]
ERROR: [Synth 8-476] no matching instance 'shift_13' for defparam [C:/Users/David/Dropbox/ROLLO/hardware/GF2m Arithmetic/GF2m_multiplier/GF2m_multiplier.srcs/sources_1/new/GF2m_mul_digit_penta.v:266]
ERROR: [Synth 8-476] no matching instance 'shift_12' for defparam [C:/Users/David/Dropbox/ROLLO/hardware/GF2m Arithmetic/GF2m_multiplier/GF2m_multiplier.srcs/sources_1/new/GF2m_mul_digit_penta.v:254]
ERROR: [Synth 8-476] no matching instance 'shift_11' for defparam [C:/Users/David/Dropbox/ROLLO/hardware/GF2m Arithmetic/GF2m_multiplier/GF2m_multiplier.srcs/sources_1/new/GF2m_mul_digit_penta.v:242]
ERROR: [Synth 8-476] no matching instance 'shift_10' for defparam [C:/Users/David/Dropbox/ROLLO/hardware/GF2m Arithmetic/GF2m_multiplier/GF2m_multiplier.srcs/sources_1/new/GF2m_mul_digit_penta.v:230]
ERROR: [Synth 8-476] no matching instance 'shift_9' for defparam [C:/Users/David/Dropbox/ROLLO/hardware/GF2m Arithmetic/GF2m_multiplier/GF2m_multiplier.srcs/sources_1/new/GF2m_mul_digit_penta.v:218]
ERROR: [Synth 8-476] no matching instance 'shift_8' for defparam [C:/Users/David/Dropbox/ROLLO/hardware/GF2m Arithmetic/GF2m_multiplier/GF2m_multiplier.srcs/sources_1/new/GF2m_mul_digit_penta.v:206]
ERROR: [Synth 8-476] no matching instance 'shift_7' for defparam [C:/Users/David/Dropbox/ROLLO/hardware/GF2m Arithmetic/GF2m_multiplier/GF2m_multiplier.srcs/sources_1/new/GF2m_mul_digit_penta.v:194]
ERROR: [Synth 8-476] no matching instance 'shift_6' for defparam [C:/Users/David/Dropbox/ROLLO/hardware/GF2m Arithmetic/GF2m_multiplier/GF2m_multiplier.srcs/sources_1/new/GF2m_mul_digit_penta.v:182]
ERROR: [Synth 8-476] no matching instance 'shift_5' for defparam [C:/Users/David/Dropbox/ROLLO/hardware/GF2m Arithmetic/GF2m_multiplier/GF2m_multiplier.srcs/sources_1/new/GF2m_mul_digit_penta.v:170]
ERROR: [Synth 8-476] no matching instance 'shift_4' for defparam [C:/Users/David/Dropbox/ROLLO/hardware/GF2m Arithmetic/GF2m_multiplier/GF2m_multiplier.srcs/sources_1/new/GF2m_mul_digit_penta.v:158]
ERROR: [Synth 8-476] no matching instance 'shift_3' for defparam [C:/Users/David/Dropbox/ROLLO/hardware/GF2m Arithmetic/GF2m_multiplier/GF2m_multiplier.srcs/sources_1/new/GF2m_mul_digit_penta.v:146]
ERROR: [Synth 8-476] no matching instance 'shift_2' for defparam [C:/Users/David/Dropbox/ROLLO/hardware/GF2m Arithmetic/GF2m_multiplier/GF2m_multiplier.srcs/sources_1/new/GF2m_mul_digit_penta.v:134]
ERROR: [Synth 8-6156] failed synthesizing module 'GF2m_mul_digit_penta' [C:/Users/David/Dropbox/ROLLO/hardware/GF2m Arithmetic/GF2m_multiplier/GF2m_multiplier.srcs/sources_1/new/GF2m_mul_digit_penta.v:5]
---------------------------------------------------------------------------------
Finished RTL Elaboration : Time (s): cpu = 00:00:06 ; elapsed = 00:00:06 . Memory (MB): peak = 455.508 ; gain = 142.910
---------------------------------------------------------------------------------
RTL Elaboration failed
INFO: [Common 17-83] Releasing license: Synthesis
4 Infos, 2 Warnings, 0 Critical Warnings and 67 Errors encountered.
synth_design failed
ERROR: [Common 17-69] Command failed: Synthesis failed - please see the console or run log file for details
INFO: [Common 17-206] Exiting Vivado at Thu Nov 26 14:02:36 2020...
