#-----------------------------------------------------------
# Vivado v2018.1 (64-bit)
# SW Build 2188600 on Wed Apr  4 18:40:38 MDT 2018
# IP Build 2185939 on Wed Apr  4 20:55:05 MDT 2018
# Start of session at: Sun May  3 11:35:10 2020
# Process ID: 3228
# Current directory: C:/Users/David/Dropbox/LRPC Code/hardware/ROLLO Encrypt/ROLLO-I-Encrypt
# Command line: vivado.exe -gui_launcher_event rodinguilauncherevent29220 C:\Users\David\Dropbox\LRPC Code\hardware\ROLLO Encrypt\ROLLO-I-Encrypt\ROLLO-I-Encrypt.xpr
# Log file: C:/Users/David/Dropbox/LRPC Code/hardware/ROLLO Encrypt/ROLLO-I-Encrypt/vivado.log
# Journal file: C:/Users/David/Dropbox/LRPC Code/hardware/ROLLO Encrypt/ROLLO-I-Encrypt\vivado.jou
#-----------------------------------------------------------
start_gui
open_project {C:/Users/David/Dropbox/LRPC Code/hardware/ROLLO Encrypt/ROLLO-I-Encrypt/ROLLO-I-Encrypt.xpr}
Scanning sources...
Finished scanning sources
INFO: [IP_Flow 19-234] Refreshing IP repositories
INFO: [IP_Flow 19-1704] No user IP repositories specified
INFO: [IP_Flow 19-2313] Loaded Vivado IP repository 'F:/Xilinx/Vivado/2018.1/data/ip'.
open_project: Time (s): cpu = 00:00:10 ; elapsed = 00:00:10 . Memory (MB): peak = 842.516 ; gain = 131.281
update_compile_order -fileset sources_1
launch_simulation -install_path F:/modelsim64_10.1c/win64
INFO: [Vivado 12-5682] Launching behavioral simulation in 'C:/Users/David/Dropbox/LRPC Code/hardware/ROLLO Encrypt/ROLLO-I-Encrypt/ROLLO-I-Encrypt.sim/sim_1/behav/modelsim'
INFO: [USF-ModelSim-47] Finding simulator installation...
INFO: [USF-ModelSim-50] Using simulator executables from 'F:/modelsim64_10.1c/win64/vsim.exe'
INFO: [SIM-utils-51] Simulation object is 'sim_1'
INFO: [USF-modelsim-7] Finding pre-compiled libraries...
INFO: [SIM-utils-54] Inspecting design source files for 'encrypt_top_tb' in fileset 'sim_1'...
INFO: [USF-ModelSim-107] Finding global include files...
INFO: [USF-ModelSim-108] Finding include directories and verilog header directory paths...
INFO: [USF-ModelSim-109] Fetching design files from 'sim_1'...
INFO: [USF-ModelSim-2] ModelSim::Compile design
INFO: [USF-ModelSim-15] Creating automatic 'do' files...
INFO: [USF-ModelSim-69] Executing 'COMPILE and ANALYZE' step in 'C:/Users/David/Dropbox/LRPC Code/hardware/ROLLO Encrypt/ROLLO-I-Encrypt/ROLLO-I-Encrypt.sim/sim_1/behav/modelsim'
Reading F:/modelsim64_10.1c/tcl/vsim/pref.tcl 

# 10.1c

# do {encrypt_top_tb_compile.do} 
# ** Warning: (vlib-34) Library already exists at "modelsim_lib/work".
# 
# ** Warning: (vlib-34) Library already exists at "modelsim_lib/msim".
# 
# ** Warning: (vlib-34) Library already exists at "modelsim_lib/msim/xil_defaultlib".
# 
# Modifying modelsim.ini
# Model Technology ModelSim SE-64 vlog 10.1c Compiler 2012.07 Jul 27 2012
# -- Skipping module K_Gen_Ctrl
# -- Skipping module RegFiles
# -- Skipping module c_Gen_Ctrl
# -- Skipping module comb_SA
# -- Skipping module ROLLO_I_Encrypt
# -- Skipping module f_permutation
# -- Skipping module f_permutation_200
# -- Compiling module gf2m_mul
# -- Compiling module shift_x_by_i
# -- Skipping module gf2mz_top
# -- Skipping module keccak
# -- Skipping module mem_dp
# -- Skipping module mem_sp
# -- Skipping module mul_ctrl
# -- Skipping module processor_AB
# -- Skipping module padder
# -- Skipping module prng
# -- Skipping module rconst
# -- Skipping module rconst_200
# -- Skipping module round
# -- Skipping module round_200
# -- Skipping module encrypt_top_tb
# 
# Top level modules:
# 	encrypt_top_tb
# Model Technology ModelSim SE-64 vlog 10.1c Compiler 2012.07 Jul 27 2012
# -- Compiling module glbl
# 
# Top level modules:
# 	glbl
INFO: [USF-ModelSim-69] 'compile' step finished in '5' seconds
INFO: [USF-ModelSim-4] ModelSim::Simulate design
INFO: [USF-ModelSim-69] Executing 'SIMULATE' step in 'C:/Users/David/Dropbox/LRPC Code/hardware/ROLLO Encrypt/ROLLO-I-Encrypt/ROLLO-I-Encrypt.sim/sim_1/behav/modelsim'
Program launched (PID=26532)
launch_simulation: Time (s): cpu = 00:00:00 ; elapsed = 00:00:06 . Memory (MB): peak = 866.691 ; gain = 0.000
launch_simulation -install_path F:/modelsim64_10.1c/win64
INFO: [Vivado 12-5682] Launching behavioral simulation in 'C:/Users/David/Dropbox/LRPC Code/hardware/ROLLO Encrypt/ROLLO-I-Encrypt/ROLLO-I-Encrypt.sim/sim_1/behav/modelsim'
INFO: [USF-ModelSim-47] Finding simulator installation...
INFO: [USF-ModelSim-50] Using simulator executables from 'F:/modelsim64_10.1c/win64/vsim.exe'
INFO: [SIM-utils-51] Simulation object is 'sim_1'
INFO: [USF-modelsim-7] Finding pre-compiled libraries...
INFO: [SIM-utils-54] Inspecting design source files for 'encrypt_top_tb' in fileset 'sim_1'...
INFO: [USF-ModelSim-107] Finding global include files...
INFO: [USF-ModelSim-108] Finding include directories and verilog header directory paths...
INFO: [USF-ModelSim-109] Fetching design files from 'sim_1'...
INFO: [USF-ModelSim-2] ModelSim::Compile design
INFO: [USF-ModelSim-15] Creating automatic 'do' files...
INFO: [USF-ModelSim-69] Executing 'COMPILE and ANALYZE' step in 'C:/Users/David/Dropbox/LRPC Code/hardware/ROLLO Encrypt/ROLLO-I-Encrypt/ROLLO-I-Encrypt.sim/sim_1/behav/modelsim'
Reading F:/modelsim64_10.1c/tcl/vsim/pref.tcl 

# 10.1c

# do {encrypt_top_tb_compile.do} 
# ** Warning: (vlib-34) Library already exists at "modelsim_lib/work".
# 
# ** Warning: (vlib-34) Library already exists at "modelsim_lib/msim".
# 
# ** Warning: (vlib-34) Library already exists at "modelsim_lib/msim/xil_defaultlib".
# 
# Modifying modelsim.ini
# Model Technology ModelSim SE-64 vlog 10.1c Compiler 2012.07 Jul 27 2012
# -- Skipping module K_Gen_Ctrl
# -- Skipping module RegFiles
# -- Skipping module c_Gen_Ctrl
# -- Skipping module comb_SA
# -- Compiling module ROLLO_I_Encrypt
# -- Skipping module f_permutation
# -- Skipping module f_permutation_200
# -- Skipping module gf2m_mul
# -- Skipping module shift_x_by_i
# -- Skipping module gf2mz_top
# -- Skipping module keccak
# -- Skipping module mem_dp
# -- Skipping module mem_sp
# -- Skipping module mul_ctrl
# -- Skipping module processor_AB
# -- Skipping module padder
# -- Skipping module prng
# -- Skipping module rconst
# -- Skipping module rconst_200
# -- Skipping module round
# -- Skipping module round_200
# -- Skipping module encrypt_top_tb
# 
# Top level modules:
# 	encrypt_top_tb
# Model Technology ModelSim SE-64 vlog 10.1c Compiler 2012.07 Jul 27 2012
# -- Compiling module glbl
# 
# Top level modules:
# 	glbl
INFO: [USF-ModelSim-69] 'compile' step finished in '3' seconds
INFO: [USF-ModelSim-4] ModelSim::Simulate design
INFO: [USF-ModelSim-69] Executing 'SIMULATE' step in 'C:/Users/David/Dropbox/LRPC Code/hardware/ROLLO Encrypt/ROLLO-I-Encrypt/ROLLO-I-Encrypt.sim/sim_1/behav/modelsim'
Program launched (PID=25440)
close_project
open_project {C:/Users/David/Dropbox/LRPC Code/hardware/GF2mZ Arithmetic/Improve-I/Improve-I.xpr}
Scanning sources...
Finished scanning sources
INFO: [IP_Flow 19-234] Refreshing IP repositories
INFO: [IP_Flow 19-1704] No user IP repositories specified
INFO: [IP_Flow 19-2313] Loaded Vivado IP repository 'F:/Xilinx/Vivado/2018.1/data/ip'.
update_compile_order -fileset sources_1
launch_simulation -install_path F:/modelsim64_10.1c/win64
INFO: [Vivado 12-5682] Launching behavioral simulation in 'C:/Users/David/Dropbox/LRPC Code/hardware/GF2mZ Arithmetic/Improve-I/Improve-I.sim/sim_1/behav/modelsim'
INFO: [USF-ModelSim-47] Finding simulator installation...
INFO: [USF-ModelSim-50] Using simulator executables from 'F:/modelsim64_10.1c/win64/vsim.exe'
INFO: [SIM-utils-51] Simulation object is 'sim_1'
INFO: [USF-modelsim-7] Finding pre-compiled libraries...
INFO: [USF-modelsim-11] File 'F:/modelsim64_10.1c/Xilinx_lib/64bit_vivado_lib/modelsim.ini' copied to run dir:'C:/Users/David/Dropbox/LRPC Code/hardware/GF2mZ Arithmetic/Improve-I/Improve-I.sim/sim_1/behav/modelsim'
INFO: [SIM-utils-54] Inspecting design source files for 'gf2mz_top_tb' in fileset 'sim_1'...
INFO: [USF-ModelSim-107] Finding global include files...
INFO: [USF-ModelSim-108] Finding include directories and verilog header directory paths...
INFO: [USF-ModelSim-109] Fetching design files from 'sim_1'...
INFO: [USF-ModelSim-2] ModelSim::Compile design
INFO: [USF-ModelSim-15] Creating automatic 'do' files...
INFO: [USF-ModelSim-69] Executing 'COMPILE and ANALYZE' step in 'C:/Users/David/Dropbox/LRPC Code/hardware/GF2mZ Arithmetic/Improve-I/Improve-I.sim/sim_1/behav/modelsim'
Reading F:/modelsim64_10.1c/tcl/vsim/pref.tcl 

# 10.1c

# do {gf2mz_top_tb_compile.do} 
# ** Warning: (vlib-34) Library already exists at "modelsim_lib/work".
# 
# ** Warning: (vlib-34) Library already exists at "modelsim_lib/msim".
# 
# ** Warning: (vlib-34) Library already exists at "modelsim_lib/msim/xil_defaultlib".
# 
# Modifying modelsim.ini
# Model Technology ModelSim SE-64 vlog 10.1c Compiler 2012.07 Jul 27 2012
# -- Skipping module gf2m_mul
# -- Skipping module shift_x_by_i
# -- Skipping module gf2mz_top
# -- Skipping module mem_dp
# -- Skipping module mem_sp
# -- Skipping module mul_ctrl
# -- Skipping module gf2mz_top_tb
# 
# Top level modules:
# 	gf2mz_top_tb
# Model Technology ModelSim SE-64 vlog 10.1c Compiler 2012.07 Jul 27 2012
# -- Compiling module glbl
# 
# Top level modules:
# 	glbl
INFO: [USF-ModelSim-69] 'compile' step finished in '3' seconds
INFO: [USF-ModelSim-4] ModelSim::Simulate design
INFO: [USF-ModelSim-69] Executing 'SIMULATE' step in 'C:/Users/David/Dropbox/LRPC Code/hardware/GF2mZ Arithmetic/Improve-I/Improve-I.sim/sim_1/behav/modelsim'
Program launched (PID=20596)
launch_simulation -install_path F:/modelsim64_10.1c/win64
INFO: [Vivado 12-5682] Launching behavioral simulation in 'C:/Users/David/Dropbox/LRPC Code/hardware/GF2mZ Arithmetic/Improve-I/Improve-I.sim/sim_1/behav/modelsim'
INFO: [USF-ModelSim-47] Finding simulator installation...
INFO: [USF-ModelSim-50] Using simulator executables from 'F:/modelsim64_10.1c/win64/vsim.exe'
INFO: [SIM-utils-51] Simulation object is 'sim_1'
INFO: [USF-modelsim-7] Finding pre-compiled libraries...
INFO: [USF-modelsim-11] File 'F:/modelsim64_10.1c/Xilinx_lib/64bit_vivado_lib/modelsim.ini' copied to run dir:'C:/Users/David/Dropbox/LRPC Code/hardware/GF2mZ Arithmetic/Improve-I/Improve-I.sim/sim_1/behav/modelsim'
INFO: [SIM-utils-54] Inspecting design source files for 'gf2mz_top_tb' in fileset 'sim_1'...
INFO: [USF-ModelSim-107] Finding global include files...
INFO: [USF-ModelSim-108] Finding include directories and verilog header directory paths...
INFO: [USF-ModelSim-109] Fetching design files from 'sim_1'...
INFO: [USF-ModelSim-2] ModelSim::Compile design
INFO: [USF-ModelSim-15] Creating automatic 'do' files...
INFO: [USF-ModelSim-69] Executing 'COMPILE and ANALYZE' step in 'C:/Users/David/Dropbox/LRPC Code/hardware/GF2mZ Arithmetic/Improve-I/Improve-I.sim/sim_1/behav/modelsim'
Reading F:/modelsim64_10.1c/tcl/vsim/pref.tcl 

# 10.1c

# do {gf2mz_top_tb_compile.do} 
# ** Warning: (vlib-34) Library already exists at "modelsim_lib/work".
# 
# ** Warning: (vlib-34) Library already exists at "modelsim_lib/msim".
# 
# ** Warning: (vlib-34) Library already exists at "modelsim_lib/msim/xil_defaultlib".
# 
# Modifying modelsim.ini
# Model Technology ModelSim SE-64 vlog 10.1c Compiler 2012.07 Jul 27 2012
# -- Skipping module gf2m_mul
# -- Skipping module shift_x_by_i
# -- Skipping module gf2mz_top
# -- Skipping module mem_dp
# -- Skipping module mem_sp
# -- Skipping module mul_ctrl
# -- Skipping module gf2mz_top_tb
# 
# Top level modules:
# 	gf2mz_top_tb
# Model Technology ModelSim SE-64 vlog 10.1c Compiler 2012.07 Jul 27 2012
# -- Compiling module glbl
# 
# Top level modules:
# 	glbl
INFO: [USF-ModelSim-69] 'compile' step finished in '2' seconds
INFO: [USF-ModelSim-4] ModelSim::Simulate design
INFO: [USF-ModelSim-69] Executing 'SIMULATE' step in 'C:/Users/David/Dropbox/LRPC Code/hardware/GF2mZ Arithmetic/Improve-I/Improve-I.sim/sim_1/behav/modelsim'
Program launched (PID=8936)
exit
INFO: [Common 17-206] Exiting Vivado at Sun May  3 12:47:56 2020...
