# do {GF2m_mul_digit_penta_tb_compile.do}
# ** Warning: (vlib-34) Library already exists at "modelsim_lib/work".
# ** Warning: (vlib-34) Library already exists at "modelsim_lib/msim".
# ** Warning: (vlib-34) Library already exists at "modelsim_lib/msim/xil_defaultlib".
# Model Technology ModelSim SE-64 vmap 10.5 Lib Mapping Utility 2016.02 Feb 13 2016
# vmap xil_defaultlib modelsim_lib/msim/xil_defaultlib 
# Modifying modelsim.ini
# ** Warning: (vlog-159) Mode option -64 is not supported in this context and will be ignored.
# Model Technology ModelSim SE-64 vlog 10.5 Compiler 2016.02 Feb 13 2016
# Start time: 00:11:28 on Sep 19,2019
# vlog -64 -incr -work xil_defaultlib ../../../../GF2m_multiplier.srcs/sources_1/new/GF2m_mul_digit_penta.v ../../../../GF2m_multiplier.srcs/sources_1/new/GF2m_mul_digit_penta_tb.v 
# -- Skipping module GF2m_mul_digit_penta
# -- Skipping module shift_x_by_i
# -- Skipping module GF2m_mul_digit_penta_tb
# 
# Top level modules:
# 	GF2m_mul_digit_penta_tb
# End time: 00:11:28 on Sep 19,2019, Elapsed time: 0:00:00
# Errors: 0, Warnings: 1
# Model Technology ModelSim SE-64 vlog 10.5 Compiler 2016.02 Feb 13 2016
# Start time: 00:11:28 on Sep 19,2019
# vlog -work xil_defaultlib glbl.v 
# -- Compiling module glbl
# 
# Top level modules:
# 	glbl
# End time: 00:11:28 on Sep 19,2019, Elapsed time: 0:00:00
# Errors: 0, Warnings: 0
